<?xml version="1.0" encoding="UTF-8"?>
<testsuite name="Cucumber" time="1,660.842" tests="72" skipped="0" failures="16" errors="0">
<testcase classname="User Registration" name="Successfully register a new user" time="12.361">
<system-out><![CDATA[
Given User is on the signup page............................................passed
When User fills the registration form with details from signup properties...passed
And User accepts the terms and clicks Create Account........................passed
Then User should see a success message or be redirected to the dashboard....passed
]]></system-out>
</testcase>
<testcase classname="Password Recovery" name="Successfully request a password reset link" time="10.231">
<system-out><![CDATA[
Given User is on the forgot password page...................................passed
When User enters email from "signup" properties and clicks Send Reset Link..passed
Then User should see a confirmation for the reset link......................passed
]]></system-out>
</testcase>
<testcase classname="Login Feature" name="Valid user logs in successfully" time="2.903">
<system-out><![CDATA[
Given User is on login page.................................................passed
When User enters username and password from config file.....................passed
And User clicks on login button.............................................passed
Then User should land on dashboard..........................................passed
]]></system-out>
</testcase>
<testcase classname="Client Creation" name="Valid user logs in and creates a new client" time="58.833">
<system-out><![CDATA[
Given User is on login page.................................................passed
When User enters username and password from config file.....................passed
And User clicks on login button.............................................passed
Then User should land on dashboard..........................................passed
And User navigates to client creation page and adds new client..............passed
]]></system-out>
</testcase>
<testcase classname="clientInDetailView" name="Add a new note" time="12.693">
<system-out><![CDATA[
Given User is on login page.................................................passed
When User enters username and password from config file.....................passed
And User clicks on login button.............................................passed
Then User should land on dashboard..........................................passed
When user navigates to clientInDetailView...................................passed
When user navigates to engagement for client................................passed
And user adds a note for client.............................................passed
]]></system-out>
</testcase>
<testcase classname="clientInDetailView" name="Edit the existing note" time="13.141">
<system-out><![CDATA[
Given User is on login page.................................................passed
When User enters username and password from config file.....................passed
And User clicks on login button.............................................passed
Then User should land on dashboard..........................................passed
When user navigates to clientInDetailView...................................passed
When user navigates to engagement for client................................passed
And user edits the note for client..........................................passed
]]></system-out>
</testcase>
<testcase classname="clientInDetailView" name="Delete the note" time="10.603">
<system-out><![CDATA[
Given User is on login page.................................................passed
When User enters username and password from config file.....................passed
And User clicks on login button.............................................passed
Then User should land on dashboard..........................................passed
When user navigates to clientInDetailView...................................passed
When user navigates to engagement for client................................passed
And user deletes the note for client........................................passed
]]></system-out>
</testcase>
<testcase classname="clientInDetailView" name="Upload a new document" time="10.15">
<system-out><![CDATA[
Given User is on login page.................................................passed
When User enters username and password from config file.....................passed
And User clicks on login button.............................................passed
Then User should land on dashboard..........................................passed
When user navigates to clientInDetailView...................................passed
When user navigates to engagement for client................................passed
And user uploads a document for client......................................passed
]]></system-out>
</testcase>
<testcase classname="clientInDetailView" name="Delete the uploaded document" time="9.893">
<system-out><![CDATA[
Given User is on login page.................................................passed
When User enters username and password from config file.....................passed
And User clicks on login button.............................................passed
Then User should land on dashboard..........................................passed
When user navigates to clientInDetailView...................................passed
When user navigates to engagement for client................................passed
And user deletes the document for client....................................passed
]]></system-out>
</testcase>
<testcase classname="Client Edit" name="Navigate to client and edit two fields" time="17.584">
<system-out><![CDATA[
Given User is on login page.................................................passed
When User enters username and password from config file.....................passed
And User clicks on login button.............................................passed
Then User should land on dashboard..........................................passed
When user navigates to first client.........................................passed
And user clicks edit button on client.......................................passed
And user edits two fields of client.........................................passed
And user scrolls and saves client changes...................................passed
]]></system-out>
</testcase>
<testcase classname="Client Search and Filter Functionality" name="Search clients with valid keyword" time="8.905">
<system-out><![CDATA[
Given User is on login page.................................................passed
When User enters username and password from config file.....................passed
And User clicks on login button.............................................passed
Then User should land on dashboard..........................................passed
When User navigates to clients tab..........................................passed
And User searches for a client by valid keyword.............................passed
Then Client search results should be visible................................passed
]]></system-out>
</testcase>
<testcase classname="Client Search and Filter Functionality" name="Search clients with invalid keyword" time="15.751">
<system-out><![CDATA[
Given User is on login page.................................................passed
When User enters username and password from config file.....................passed
And User clicks on login button.............................................passed
Then User should land on dashboard..........................................passed
When User navigates to clients tab..........................................passed
And User searches for a client by invalid keyword...........................passed
Then No client results should be displayed..................................passed
]]></system-out>
</testcase>
<testcase classname="Client Search and Filter Functionality" name="Clear client search to restore list" time="10.224">
<system-out><![CDATA[
Given User is on login page.................................................passed
When User enters username and password from config file.....................passed
And User clicks on login button.............................................passed
Then User should land on dashboard..........................................passed
When User navigates to clients tab..........................................passed
And User searches for a client by valid keyword.............................passed
And User clears the client search...........................................passed
Then Client search results should be visible................................passed
]]></system-out>
</testcase>
<testcase classname="Client Search and Filter Functionality" name="Filter clients by Status" time="7.794">
<system-out><![CDATA[
Given User is on login page.................................................passed
When User enters username and password from config file.....................passed
And User clicks on login button.............................................passed
Then User should land on dashboard..........................................passed
When User navigates to clients tab..........................................passed
And User filters clients by status..........................................passed
Then Filtered client results should match the status filter.................passed
]]></system-out>
</testcase>
<testcase classname="Job Creation" name="Create a new Job" time="33.894">
<system-out><![CDATA[
Given User is on login page.................................................passed
When User enters username and password from config file.....................passed
And User clicks on login button.............................................passed
Then User should land on dashboard..........................................passed
When User navigates to job section and adds a new job.......................passed
]]></system-out>
</testcase>
<testcase classname="Job In Detail View Actions" name="Navigate to job detail view" time="5.957">
<system-out><![CDATA[
Given User is on login page.................................................passed
When User enters username and password from config file.....................passed
And User clicks on login button.............................................passed
When user navigates to job detail view......................................passed
]]></system-out>
</testcase>
<testcase classname="Job In Detail View Actions" name="Create a task in Task Manager" time="13.746">
<system-out><![CDATA[
Given User is on login page.................................................passed
When User enters username and password from config file.....................passed
And User clicks on login button.............................................passed
When user navigates to job detail view......................................passed
When user navigates to engagement tab.......................................passed
And user create a task......................................................passed
]]></system-out>
</testcase>
<testcase classname="Job In Detail View Actions" name="Edit a task in Task Manager" time="13.14">
<system-out><![CDATA[
Given User is on login page.................................................passed
When User enters username and password from config file.....................passed
And User clicks on login button.............................................passed
When user navigates to job detail view......................................passed
When user navigates to engagement tab.......................................passed
And user edits the task.....................................................passed
]]></system-out>
</testcase>
<testcase classname="Job In Detail View Actions" name="Delete a task in Task Manager" time="6.212">
<system-out><![CDATA[
Given User is on login page.................................................passed
When User enters username and password from config file.....................passed
And User clicks on login button.............................................passed
When user navigates to job detail view......................................passed
When user navigates to engagement tab.......................................passed
And user deletes the task...................................................passed
]]></system-out>
</testcase>
<testcase classname="Job In Detail View Actions" name="Create notes" time="7.657">
<system-out><![CDATA[
Given User is on login page.................................................passed
When User enters username and password from config file.....................passed
And User clicks on login button.............................................passed
When user navigates to job detail view......................................passed
When user navigates to engagement tab.......................................passed
And user adds a note........................................................passed
]]></system-out>
</testcase>
<testcase classname="Job In Detail View Actions" name="Note edit" time="6.843">
<system-out><![CDATA[
Given User is on login page.................................................passed
When User enters username and password from config file.....................passed
And User clicks on login button.............................................passed
When user navigates to job detail view......................................passed
When user navigates to engagement tab.......................................passed
And user edits the note.....................................................passed
]]></system-out>
</testcase>
<testcase classname="Job In Detail View Actions" name="User delete the note" time="7.077">
<system-out><![CDATA[
Given User is on login page.................................................passed
When User enters username and password from config file.....................passed
And User clicks on login button.............................................passed
When user navigates to job detail view......................................passed
When user navigates to engagement tab.......................................passed
And user deletes the note...................................................passed
]]></system-out>
</testcase>
<testcase classname="Job In Detail View Actions" name="Upload documents" time="5.593">
<system-out><![CDATA[
Given User is on login page.................................................passed
When User enters username and password from config file.....................passed
And User clicks on login button.............................................passed
When user navigates to job detail view......................................passed
When user navigates to engagement tab.......................................passed
And user uploads a document.................................................passed
]]></system-out>
</testcase>
<testcase classname="Job In Detail View Actions" name="Delete document" time="5.517">
<system-out><![CDATA[
Given User is on login page.................................................passed
When User enters username and password from config file.....................passed
And User clicks on login button.............................................passed
When user navigates to job detail view......................................passed
When user navigates to engagement tab.......................................passed
And user deletes the document...............................................passed
]]></system-out>
</testcase>
<testcase classname="Job Bulk Upload" name="Upload a CSV file with 2 jobs and verify they are created" time="19.671">
<failure type="java.lang.AssertionError" message="❌ Expected 2 created, but got: 0. Banner: [Upload complete: 0 created, 2 skipped, 0 failed.]">
<![CDATA[java.lang.AssertionError: ? Expected 2 created, but got: 0. Banner: [Upload complete: 0 created, 2 skipped, 0 failed.]
	at com.xats.automation.tests.pages.job.JobBulkUploadPage.waitForUploadAndVerifyCreated(JobBulkUploadPage.java:316)
	at com.xats.automation.tests.stepdefinitions.job.JobBulkUploadSteps.upload_should_complete_with_jobs_created(JobBulkUploadSteps.java:34)
	at ?.Upload should complete with 2 jobs created(file:///runner/_work/automation/automation/src/test/resources/features/3.job/22_JobBulkUpload.feature:13)
]]>
</failure>
<system-out><![CDATA[
Given User is on login page.................................................passed
When User enters username and password from config file.....................passed
And User clicks on login button.............................................passed
Then User should land on dashboard..........................................passed
When User navigates to Settings and opens Job Bulk Upload page..............passed
And User uploads a job CSV file.............................................passed
And User clicks the Upload button for bulk jobs.............................passed
Then Upload should complete with 2 jobs created.............................failed
]]></system-out>
</testcase>
<testcase classname="Job Bulk Upload" name="Navigate to jobs and delete multiple jobs" time="11.906">
<system-out><![CDATA[
Given User is on login page.................................................passed
When User enters username and password from config file.....................passed
And User clicks on login button.............................................passed
Then User should land on dashboard..........................................passed
When User navigates to Jobs page............................................passed
And User selects the first two jobs from the list...........................passed
And User clicks the Delete Job button.......................................passed
And User confirms the deletion of selected jobs.............................passed
Then A toast message confirming job deletion should be displayed............passed
]]></system-out>
</testcase>
<testcase classname="Job Search and Filter Functionality" name="Search jobs with valid keyword" time="6.692">
<system-out><![CDATA[
Given User is on login page.................................................passed
When User enters username and password from config file.....................passed
And User clicks on login button.............................................passed
Then User should land on dashboard..........................................passed
When User navigates to jobs tab.............................................passed
And User searches for a job by valid keyword................................passed
Then Job search results should be visible...................................passed
]]></system-out>
</testcase>
<testcase classname="Job Search and Filter Functionality" name="Search jobs with invalid keyword" time="16.436">
<system-out><![CDATA[
Given User is on login page.................................................passed
When User enters username and password from config file.....................passed
And User clicks on login button.............................................passed
Then User should land on dashboard..........................................passed
When User navigates to jobs tab.............................................passed
And User searches for a job by invalid keyword..............................passed
Then No job results should be displayed.....................................passed
]]></system-out>
</testcase>
<testcase classname="Job Search and Filter Functionality" name="Clear job search to restore list" time="8.691">
<system-out><![CDATA[
Given User is on login page.................................................passed
When User enters username and password from config file.....................passed
And User clicks on login button.............................................passed
Then User should land on dashboard..........................................passed
When User navigates to jobs tab.............................................passed
And User searches for a job by valid keyword................................passed
And User clears the job search..............................................passed
Then Job search results should be visible...................................passed
]]></system-out>
</testcase>
<testcase classname="Job Search and Filter Functionality" name="Filter jobs by Status" time="8.05">
<system-out><![CDATA[
Given User is on login page.................................................passed
When User enters username and password from config file.....................passed
And User clicks on login button.............................................passed
Then User should land on dashboard..........................................passed
When User navigates to jobs tab.............................................passed
And User filters jobs by status.............................................passed
Then Filtered job results should match the status filter....................passed
]]></system-out>
</testcase>
<testcase classname="Job Search and Filter Functionality" name="Filter jobs by Priority" time="19.214">
<system-out><![CDATA[
Given User is on login page.................................................passed
When User enters username and password from config file.....................passed
And User clicks on login button.............................................passed
Then User should land on dashboard..........................................passed
When User navigates to jobs tab.............................................passed
And User filters jobs by priority...........................................passed
Then Filtered job results should match the priority filter..................passed
]]></system-out>
</testcase>
<testcase classname="Candidate Creation" name="Create a new candidate using the quick modal" time="13.569">
<failure type="java.lang.RuntimeException" message="❌ Failed to click button: By.id: sidebar-candidates">
<![CDATA[java.lang.RuntimeException: ? Failed to click button: By.id: sidebar-candidates
	at com.xats.automation.tests.pages.candidate.CandidateCreationPage.clickButton(CandidateCreationPage.java:179)
	at com.xats.automation.tests.pages.candidate.CandidateCreationPage.createCandidateViaQuickModal(CandidateCreationPage.java:61)
	at com.xats.automation.tests.stepdefinitions.candidate.CandidateSteps.user_creates_candidate_via_quick_modal(CandidateSteps.java:25)
	at ?.User creates a new candidate via quick modal(file:///runner/_work/automation/automation/src/test/resources/features/4.candidate/11_CandidateCreation.feature:9)
Caused by: org.openqa.selenium.TimeoutException: Expected condition failed: waiting for presence of element located by: By.id: sidebar-candidates (tried for 12 second(s) with 500 milliseconds interval)
	at org.openqa.selenium.support.ui.WebDriverWait.timeoutException(WebDriverWait.java:84)
	at org.openqa.selenium.support.ui.FluentWait.until(FluentWait.java:228)
	at com.xats.automation.tests.pages.candidate.CandidateCreationPage.clickButton(CandidateCreationPage.java:166)
	at com.xats.automation.tests.pages.candidate.CandidateCreationPage.createCandidateViaQuickModal(CandidateCreationPage.java:61)
	at com.xats.automation.tests.stepdefinitions.candidate.CandidateSteps.user_creates_candidate_via_quick_modal(CandidateSteps.java:25)
	at java.base/jdk.internal.reflect.NativeMethodAccessorImpl.invoke0(Native Method)
	at java.base/jdk.internal.reflect.NativeMethodAccessorImpl.invoke(NativeMethodAccessorImpl.java:77)
	at java.base/jdk.internal.reflect.DelegatingMethodAccessorImpl.invoke(DelegatingMethodAccessorImpl.java:43)
	at java.base/java.lang.reflect.Method.invoke(Method.java:569)
	at io.cucumber.java.Invoker.doInvoke(Invoker.java:66)
	at io.cucumber.java.Invoker.invoke(Invoker.java:24)
	at io.cucumber.java.AbstractGlueDefinition.invokeMethod(AbstractGlueDefinition.java:47)
	at io.cucumber.java.JavaStepDefinition.execute(JavaStepDefinition.java:29)
	at io.cucumber.core.runner.CoreStepDefinition.execute(CoreStepDefinition.java:66)
	at io.cucumber.core.runner.PickleStepDefinitionMatch.runStep(PickleStepDefinitionMatch.java:63)
	at io.cucumber.core.runner.ExecutionMode$1.execute(ExecutionMode.java:10)
	at io.cucumber.core.runner.TestStep.executeStep(TestStep.java:84)
	at io.cucumber.core.runner.TestStep.run(TestStep.java:56)
	at io.cucumber.core.runner.PickleStepTestStep.run(PickleStepTestStep.java:51)
	at io.cucumber.core.runner.TestCase.run(TestCase.java:84)
	at io.cucumber.core.runner.Runner.runPickle(Runner.java:75)
	at io.cucumber.junit.PickleRunners$NoStepDescriptions.lambda$run$0(PickleRunners.java:151)
	at io.cucumber.core.runtime.CucumberExecutionContext.lambda$runTestCase$5(CucumberExecutionContext.java:137)
	at io.cucumber.core.runtime.RethrowingThrowableCollector.executeAndThrow(RethrowingThrowableCollector.java:23)
	at io.cucumber.core.runtime.CucumberExecutionContext.runTestCase(CucumberExecutionContext.java:137)
	at io.cucumber.junit.PickleRunners$NoStepDescriptions.run(PickleRunners.java:148)
	at io.cucumber.junit.FeatureRunner.runChild(FeatureRunner.java:144)
	at io.cucumber.junit.FeatureRunner.runChild(FeatureRunner.java:28)
	at org.junit.runners.ParentRunner$4.run(ParentRunner.java:331)
	at org.junit.runners.ParentRunner$1.schedule(ParentRunner.java:79)
	at org.junit.runners.ParentRunner.runChildren(ParentRunner.java:329)
	at org.junit.runners.ParentRunner.access$100(ParentRunner.java:66)
	at org.junit.runners.ParentRunner$2.evaluate(ParentRunner.java:293)
	at org.junit.runners.ParentRunner$3.evaluate(ParentRunner.java:306)
	at org.junit.runners.ParentRunner.run(ParentRunner.java:413)
	at io.cucumber.junit.FeatureRunner.run(FeatureRunner.java:137)
	at io.cucumber.junit.Cucumber.runChild(Cucumber.java:196)
	at io.cucumber.junit.Cucumber.runChild(Cucumber.java:89)
	at org.junit.runners.ParentRunner$4.run(ParentRunner.java:331)
	at org.junit.runners.ParentRunner$1.schedule(ParentRunner.java:79)
	at org.junit.runners.ParentRunner.runChildren(ParentRunner.java:329)
	at org.junit.runners.ParentRunner.access$100(ParentRunner.java:66)
	at org.junit.runners.ParentRunner$2.evaluate(ParentRunner.java:293)
	at io.cucumber.core.runtime.CucumberExecutionContext.lambda$runFeatures$6(CucumberExecutionContext.java:148)
	at io.cucumber.core.runtime.CucumberExecutionContext.execute(CucumberExecutionContext.java:163)
	at io.cucumber.core.runtime.CucumberExecutionContext.runFeatures(CucumberExecutionContext.java:146)
	at io.cucumber.junit.Cucumber$StartAndFinishTestRun.evaluate(Cucumber.java:226)
	at org.junit.runners.ParentRunner$3.evaluate(ParentRunner.java:306)
	at org.junit.runners.ParentRunner.run(ParentRunner.java:413)
	at org.apache.maven.surefire.junit4.JUnit4Provider.execute(JUnit4Provider.java:316)
	at org.apache.maven.surefire.junit4.JUnit4Provider.executeWithRerun(JUnit4Provider.java:240)
	at org.apache.maven.surefire.junit4.JUnit4Provider.executeTestSet(JUnit4Provider.java:214)
	at org.apache.maven.surefire.junit4.JUnit4Provider.invoke(JUnit4Provider.java:155)
	at org.apache.maven.surefire.booter.ForkedBooter.runSuitesInProcess(ForkedBooter.java:385)
	at org.apache.maven.surefire.booter.ForkedBooter.execute(ForkedBooter.java:162)
	at org.apache.maven.surefire.booter.ForkedBooter.run(ForkedBooter.java:507)
	at org.apache.maven.surefire.booter.ForkedBooter.main(ForkedBooter.java:495)
Caused by: org.openqa.selenium.NoSuchElementException: no such element: Unable to locate element: {"method":"css selector","selector":"#sidebar\-candidates"}
  (Session info: chrome=143.0.7499.40)
For documentation on this error, please visit: https://www.selenium.dev/documentation/webdriver/troubleshooting/errors#no-such-element-exception
Build info: version: '4.25.0', revision: '8a8aea2337'
System info: os.name: 'Linux', os.arch: 'amd64', os.version: '6.8.0-124-generic', java.version: '17.0.20'
Driver info: org.openqa.selenium.chrome.ChromeDriver
Command: [11ca7e0d8d29e02d3c9259d8c773d93f, findElement {value=sidebar-candidates, using=id}]
Capabilities {acceptInsecureCerts: false, browserName: chrome, browserVersion: 143.0.7499.40, chrome: {chromedriverVersion: 143.0.7499.192 (be2c1f4fd45..., userDataDir: /tmp/.org.chromium.Chromium...}, fedcm:accounts: true, goog:chromeOptions: {debuggerAddress: localhost:45543}, goog:processID: 8020, networkConnectionEnabled: false, pageLoadStrategy: normal, platformName: linux, proxy: Proxy(), se:cdp: ws://localhost:45543/devtoo..., se:cdpVersion: 143.0.7499.40, setWindowRect: true, strictFileInteractability: false, timeouts: {implicit: 0, pageLoad: 300000, script: 30000}, unhandledPromptBehavior: dismiss and notify, webauthn:extension:credBlob: true, webauthn:extension:largeBlob: true, webauthn:extension:minPinLength: true, webauthn:extension:prf: true, webauthn:virtualAuthenticators: true}
Session ID: 11ca7e0d8d29e02d3c9259d8c773d93f
	at jdk.internal.reflect.GeneratedConstructorAccessor13.newInstance(Unknown Source)
	at java.base/jdk.internal.reflect.DelegatingConstructorAccessorImpl.newInstance(DelegatingConstructorAccessorImpl.java:45)
	at java.base/java.lang.reflect.Constructor.newInstanceWithCaller(Constructor.java:500)
	at java.base/java.lang.reflect.Constructor.newInstance(Constructor.java:481)
	at org.openqa.selenium.remote.ErrorCodec.decode(ErrorCodec.java:167)
	at org.openqa.selenium.remote.codec.w3c.W3CHttpResponseCodec.decode(W3CHttpResponseCodec.java:138)
	at org.openqa.selenium.remote.codec.w3c.W3CHttpResponseCodec.decode(W3CHttpResponseCodec.java:50)
	at org.openqa.selenium.remote.HttpCommandExecutor.execute(HttpCommandExecutor.java:190)
	at org.openqa.selenium.remote.service.DriverCommandExecutor.invokeExecute(DriverCommandExecutor.java:216)
	at org.openqa.selenium.remote.service.DriverCommandExecutor.execute(DriverCommandExecutor.java:174)
	at org.openqa.selenium.remote.RemoteWebDriver.execute(RemoteWebDriver.java:545)
	at org.openqa.selenium.remote.ElementLocation$ElementFinder$2.findElement(ElementLocation.java:165)
	at org.openqa.selenium.remote.ElementLocation.findElement(ElementLocation.java:59)
	at org.openqa.selenium.remote.RemoteWebDriver.findElement(RemoteWebDriver.java:368)
	at org.openqa.selenium.remote.RemoteWebDriver.findElement(RemoteWebDriver.java:362)
	at org.openqa.selenium.support.ui.ExpectedConditions$6.apply(ExpectedConditions.java:171)
	at org.openqa.selenium.support.ui.ExpectedConditions$6.apply(ExpectedConditions.java:168)
	at org.openqa.selenium.support.ui.FluentWait.until(FluentWait.java:203)
	... 55 more
]]>
</failure>
<system-out><![CDATA[
Given User is on login page.................................................passed
When User enters username and password from config file.....................passed
And User clicks on login button.............................................passed
Then User creates a new candidate via quick modal...........................failed
Then New candidate should be created successfully...........................skipped
]]></system-out>
</testcase>
<testcase classname="candidateInDetailView" name="Create a Task" time="46.909">
<failure type="java.lang.RuntimeException" message="❌ Failed to reach Dashboard URL">
<![CDATA[java.lang.RuntimeException: ? Failed to reach Dashboard URL
	at com.xats.automation.tests.stepdefinitions.auth.AuthSteps.user_should_land_on_dashboard(AuthSteps.java:57)
	at ?.User should land on dashboard(file:///runner/_work/automation/automation/src/test/resources/features/4.candidate/12_CandidateEngagement.feature:8)
]]>
</failure>
<system-out><![CDATA[
Given User is on login page.................................................passed
When User enters username and password from config file.....................passed
And User clicks on login button.............................................passed
Then User should land on dashboard..........................................failed
When user navigates to candidateInDetailView................................skipped
When user navigates to engagement...........................................skipped
When user create a task for can.............................................skipped
]]></system-out>
</testcase>
<testcase classname="candidateInDetailView" name="Edit a Task" time="46.781">
<failure type="java.lang.RuntimeException" message="❌ Failed to reach Dashboard URL">
<![CDATA[java.lang.RuntimeException: ? Failed to reach Dashboard URL
	at com.xats.automation.tests.stepdefinitions.auth.AuthSteps.user_should_land_on_dashboard(AuthSteps.java:57)
	at ?.User should land on dashboard(file:///runner/_work/automation/automation/src/test/resources/features/4.candidate/12_CandidateEngagement.feature:8)
]]>
</failure>
<system-out><![CDATA[
Given User is on login page.................................................passed
When User enters username and password from config file.....................passed
And User clicks on login button.............................................passed
Then User should land on dashboard..........................................failed
When user navigates to candidateInDetailView................................skipped
When user navigates to engagement...........................................skipped
And user edits the task for can.............................................skipped
]]></system-out>
</testcase>
<testcase classname="candidateInDetailView" name="Delete the task" time="47.094">
<failure type="java.lang.RuntimeException" message="❌ Failed to reach Dashboard URL">
<![CDATA[java.lang.RuntimeException: ? Failed to reach Dashboard URL
	at com.xats.automation.tests.stepdefinitions.auth.AuthSteps.user_should_land_on_dashboard(AuthSteps.java:57)
	at ?.User should land on dashboard(file:///runner/_work/automation/automation/src/test/resources/features/4.candidate/12_CandidateEngagement.feature:8)
]]>
</failure>
<system-out><![CDATA[
Given User is on login page.................................................passed
When User enters username and password from config file.....................passed
And User clicks on login button.............................................passed
Then User should land on dashboard..........................................failed
When user navigates to candidateInDetailView................................skipped
When user navigates to engagement...........................................skipped
And user deletes the task for can...........................................skipped
]]></system-out>
</testcase>
<testcase classname="candidateInDetailView" name="Add a new note" time="46.92">
<failure type="java.lang.RuntimeException" message="❌ Failed to reach Dashboard URL">
<![CDATA[java.lang.RuntimeException: ? Failed to reach Dashboard URL
	at com.xats.automation.tests.stepdefinitions.auth.AuthSteps.user_should_land_on_dashboard(AuthSteps.java:57)
	at ?.User should land on dashboard(file:///runner/_work/automation/automation/src/test/resources/features/4.candidate/12_CandidateEngagement.feature:8)
]]>
</failure>
<system-out><![CDATA[
Given User is on login page.................................................passed
When User enters username and password from config file.....................passed
And User clicks on login button.............................................passed
Then User should land on dashboard..........................................failed
When user navigates to candidateInDetailView................................skipped
When user navigates to engagement...........................................skipped
And user adds a note for can................................................skipped
]]></system-out>
</testcase>
<testcase classname="candidateInDetailView" name="Edit the existing note" time="46.942">
<failure type="java.lang.RuntimeException" message="❌ Failed to reach Dashboard URL">
<![CDATA[java.lang.RuntimeException: ? Failed to reach Dashboard URL
	at com.xats.automation.tests.stepdefinitions.auth.AuthSteps.user_should_land_on_dashboard(AuthSteps.java:57)
	at ?.User should land on dashboard(file:///runner/_work/automation/automation/src/test/resources/features/4.candidate/12_CandidateEngagement.feature:8)
]]>
</failure>
<system-out><![CDATA[
Given User is on login page.................................................passed
When User enters username and password from config file.....................passed
And User clicks on login button.............................................passed
Then User should land on dashboard..........................................failed
When user navigates to candidateInDetailView................................skipped
When user navigates to engagement...........................................skipped
And user edits the note for can.............................................skipped
]]></system-out>
</testcase>
<testcase classname="candidateInDetailView" name="Delete the note" time="16.909">
<failure type="org.openqa.selenium.TimeoutException" message="Expected condition failed: waiting for presence of element located by: By.id: note-delete-btn (tried for 10 second(s) with 500 milliseconds interval)">
<![CDATA[org.openqa.selenium.TimeoutException: Expected condition failed: waiting for presence of element located by: By.id: note-delete-btn (tried for 10 second(s) with 500 milliseconds interval)
	at org.openqa.selenium.support.ui.WebDriverWait.timeoutException(WebDriverWait.java:84)
	at org.openqa.selenium.support.ui.FluentWait.until(FluentWait.java:228)
	at com.xats.automation.tests.pages.candidate.CandidateInDetailViewPage.canDeleteNotes(CandidateInDetailViewPage.java:172)
	at com.xats.automation.tests.stepdefinitions.candidate.CandidateSteps.user_deletes_the_note(CandidateSteps.java:89)
	at ?.user deletes the note for can(file:///runner/_work/automation/automation/src/test/resources/features/4.candidate/12_CandidateEngagement.feature:41)
Caused by: org.openqa.selenium.NoSuchElementException: no such element: Unable to locate element: {"method":"css selector","selector":"#note\-delete\-btn"}
  (Session info: chrome=143.0.7499.40)
For documentation on this error, please visit: https://www.selenium.dev/documentation/webdriver/troubleshooting/errors#no-such-element-exception
Build info: version: '4.25.0', revision: '8a8aea2337'
System info: os.name: 'Linux', os.arch: 'amd64', os.version: '6.8.0-124-generic', java.version: '17.0.20'
Driver info: org.openqa.selenium.chrome.ChromeDriver
Command: [891b7cd4683c64b6e77519a7f26b3a4f, findElement {value=note-delete-btn, using=id}]
Capabilities {acceptInsecureCerts: false, browserName: chrome, browserVersion: 143.0.7499.40, chrome: {chromedriverVersion: 143.0.7499.192 (be2c1f4fd45..., userDataDir: /tmp/.org.chromium.Chromium...}, fedcm:accounts: true, goog:chromeOptions: {debuggerAddress: localhost:33753}, goog:processID: 9581, networkConnectionEnabled: false, pageLoadStrategy: normal, platformName: linux, proxy: Proxy(), se:cdp: ws://localhost:33753/devtoo..., se:cdpVersion: 143.0.7499.40, setWindowRect: true, strictFileInteractability: false, timeouts: {implicit: 0, pageLoad: 300000, script: 30000}, unhandledPromptBehavior: dismiss and notify, webauthn:extension:credBlob: true, webauthn:extension:largeBlob: true, webauthn:extension:minPinLength: true, webauthn:extension:prf: true, webauthn:virtualAuthenticators: true}
Session ID: 891b7cd4683c64b6e77519a7f26b3a4f
	at jdk.internal.reflect.GeneratedConstructorAccessor13.newInstance(Unknown Source)
	at java.base/jdk.internal.reflect.DelegatingConstructorAccessorImpl.newInstance(DelegatingConstructorAccessorImpl.java:45)
	at java.base/java.lang.reflect.Constructor.newInstanceWithCaller(Constructor.java:500)
	at java.base/java.lang.reflect.Constructor.newInstance(Constructor.java:481)
	at org.openqa.selenium.remote.ErrorCodec.decode(ErrorCodec.java:167)
	at org.openqa.selenium.remote.codec.w3c.W3CHttpResponseCodec.decode(W3CHttpResponseCodec.java:138)
	at org.openqa.selenium.remote.codec.w3c.W3CHttpResponseCodec.decode(W3CHttpResponseCodec.java:50)
	at org.openqa.selenium.remote.HttpCommandExecutor.execute(HttpCommandExecutor.java:190)
	at org.openqa.selenium.remote.service.DriverCommandExecutor.invokeExecute(DriverCommandExecutor.java:216)
	at org.openqa.selenium.remote.service.DriverCommandExecutor.execute(DriverCommandExecutor.java:174)
	at org.openqa.selenium.remote.RemoteWebDriver.execute(RemoteWebDriver.java:545)
	at org.openqa.selenium.remote.ElementLocation$ElementFinder$2.findElement(ElementLocation.java:165)
	at org.openqa.selenium.remote.ElementLocation.findElement(ElementLocation.java:59)
	at org.openqa.selenium.remote.RemoteWebDriver.findElement(RemoteWebDriver.java:368)
	at org.openqa.selenium.remote.RemoteWebDriver.findElement(RemoteWebDriver.java:362)
	at org.openqa.selenium.support.ui.ExpectedConditions$6.apply(ExpectedConditions.java:171)
	at org.openqa.selenium.support.ui.ExpectedConditions$6.apply(ExpectedConditions.java:168)
	at org.openqa.selenium.support.ui.FluentWait.until(FluentWait.java:203)
	at com.xats.automation.tests.pages.candidate.CandidateInDetailViewPage.canDeleteNotes(CandidateInDetailViewPage.java:172)
	at com.xats.automation.tests.stepdefinitions.candidate.CandidateSteps.user_deletes_the_note(CandidateSteps.java:89)
	at java.base/jdk.internal.reflect.NativeMethodAccessorImpl.invoke0(Native Method)
	at java.base/jdk.internal.reflect.NativeMethodAccessorImpl.invoke(NativeMethodAccessorImpl.java:77)
	at java.base/jdk.internal.reflect.DelegatingMethodAccessorImpl.invoke(DelegatingMethodAccessorImpl.java:43)
	at java.base/java.lang.reflect.Method.invoke(Method.java:569)
	at io.cucumber.java.Invoker.doInvoke(Invoker.java:66)
	at io.cucumber.java.Invoker.invoke(Invoker.java:24)
	at io.cucumber.java.AbstractGlueDefinition.invokeMethod(AbstractGlueDefinition.java:47)
	at io.cucumber.java.JavaStepDefinition.execute(JavaStepDefinition.java:29)
	at io.cucumber.core.runner.CoreStepDefinition.execute(CoreStepDefinition.java:66)
	at io.cucumber.core.runner.PickleStepDefinitionMatch.runStep(PickleStepDefinitionMatch.java:63)
	at io.cucumber.core.runner.ExecutionMode$1.execute(ExecutionMode.java:10)
	at io.cucumber.core.runner.TestStep.executeStep(TestStep.java:84)
	at io.cucumber.core.runner.TestStep.run(TestStep.java:56)
	at io.cucumber.core.runner.PickleStepTestStep.run(PickleStepTestStep.java:51)
	at io.cucumber.core.runner.TestCase.run(TestCase.java:84)
	at io.cucumber.core.runner.Runner.runPickle(Runner.java:75)
	at io.cucumber.junit.PickleRunners$NoStepDescriptions.lambda$run$0(PickleRunners.java:151)
	at io.cucumber.core.runtime.CucumberExecutionContext.lambda$runTestCase$5(CucumberExecutionContext.java:137)
	at io.cucumber.core.runtime.RethrowingThrowableCollector.executeAndThrow(RethrowingThrowableCollector.java:23)
	at io.cucumber.core.runtime.CucumberExecutionContext.runTestCase(CucumberExecutionContext.java:137)
	at io.cucumber.junit.PickleRunners$NoStepDescriptions.run(PickleRunners.java:148)
	at io.cucumber.junit.FeatureRunner.runChild(FeatureRunner.java:144)
	at io.cucumber.junit.FeatureRunner.runChild(FeatureRunner.java:28)
	at org.junit.runners.ParentRunner$4.run(ParentRunner.java:331)
	at org.junit.runners.ParentRunner$1.schedule(ParentRunner.java:79)
	at org.junit.runners.ParentRunner.runChildren(ParentRunner.java:329)
	at org.junit.runners.ParentRunner.access$100(ParentRunner.java:66)
	at org.junit.runners.ParentRunner$2.evaluate(ParentRunner.java:293)
	at org.junit.runners.ParentRunner$3.evaluate(ParentRunner.java:306)
	at org.junit.runners.ParentRunner.run(ParentRunner.java:413)
	at io.cucumber.junit.FeatureRunner.run(FeatureRunner.java:137)
	at io.cucumber.junit.Cucumber.runChild(Cucumber.java:196)
	at io.cucumber.junit.Cucumber.runChild(Cucumber.java:89)
	at org.junit.runners.ParentRunner$4.run(ParentRunner.java:331)
	at org.junit.runners.ParentRunner$1.schedule(ParentRunner.java:79)
	at org.junit.runners.ParentRunner.runChildren(ParentRunner.java:329)
	at org.junit.runners.ParentRunner.access$100(ParentRunner.java:66)
	at org.junit.runners.ParentRunner$2.evaluate(ParentRunner.java:293)
	at io.cucumber.core.runtime.CucumberExecutionContext.lambda$runFeatures$6(CucumberExecutionContext.java:148)
	at io.cucumber.core.runtime.CucumberExecutionContext.execute(CucumberExecutionContext.java:163)
	at io.cucumber.core.runtime.CucumberExecutionContext.runFeatures(CucumberExecutionContext.java:146)
	at io.cucumber.junit.Cucumber$StartAndFinishTestRun.evaluate(Cucumber.java:226)
	at org.junit.runners.ParentRunner$3.evaluate(ParentRunner.java:306)
	at org.junit.runners.ParentRunner.run(ParentRunner.java:413)
	at org.apache.maven.surefire.junit4.JUnit4Provider.execute(JUnit4Provider.java:316)
	at org.apache.maven.surefire.junit4.JUnit4Provider.executeWithRerun(JUnit4Provider.java:240)
	at org.apache.maven.surefire.junit4.JUnit4Provider.executeTestSet(JUnit4Provider.java:214)
	at org.apache.maven.surefire.junit4.JUnit4Provider.invoke(JUnit4Provider.java:155)
	at org.apache.maven.surefire.booter.ForkedBooter.runSuitesInProcess(ForkedBooter.java:385)
	at org.apache.maven.surefire.booter.ForkedBooter.execute(ForkedBooter.java:162)
	at org.apache.maven.surefire.booter.ForkedBooter.run(ForkedBooter.java:507)
	at org.apache.maven.surefire.booter.ForkedBooter.main(ForkedBooter.java:495)
]]>
</failure>
<system-out><![CDATA[
Given User is on login page.................................................passed
When User enters username and password from config file.....................passed
And User clicks on login button.............................................passed
Then User should land on dashboard..........................................passed
When user navigates to candidateInDetailView................................passed
When user navigates to engagement...........................................passed
And user deletes the note for can...........................................failed
]]></system-out>
</testcase>
<testcase classname="candidateInDetailView" name="Upload a new document" time="11.979">
<system-out><![CDATA[
Given User is on login page.................................................passed
When User enters username and password from config file.....................passed
And User clicks on login button.............................................passed
Then User should land on dashboard..........................................passed
When user navigates to candidateInDetailView................................passed
When user navigates to engagement...........................................passed
And user uploads a document for can.........................................passed
]]></system-out>
</testcase>
<testcase classname="candidateInDetailView" name="Delete the uploaded document" time="12.05">
<system-out><![CDATA[
Given User is on login page.................................................passed
When User enters username and password from config file.....................passed
And User clicks on login button.............................................passed
Then User should land on dashboard..........................................passed
When user navigates to candidateInDetailView................................passed
When user navigates to engagement...........................................passed
And user deletes the document for can.......................................passed
]]></system-out>
</testcase>
<testcase classname="candidateInDetailView" name="Create a Call Log" time="20.437">
<system-out><![CDATA[
Given User is on login page.................................................passed
When User enters username and password from config file.....................passed
And User clicks on login button.............................................passed
Then User should land on dashboard..........................................passed
When user navigates to candidateInDetailView................................passed
When User adds a call logs..................................................passed
]]></system-out>
</testcase>
<testcase classname="Candidate Edit" name="Navigate to candidate and edit two fields" time="23.234">
<system-out><![CDATA[
Given User is on login page.................................................passed
When User enters username and password from config file.....................passed
And User clicks on login button.............................................passed
Then User should land on dashboard..........................................passed
When user navigates to first candidate......................................passed
And user clicks edit button on candidate....................................passed
And user edits two fields of candidate......................................passed
And user scrolls and saves candidate changes................................passed
]]></system-out>
</testcase>
<testcase classname="Candidate Submission Flow" name="Submit a candidate to a job from the three-dot menu" time="27.612">
<failure type="java.lang.AssertionError" message="❌ Unexpected toast message: Error
All candidates have already applied to this job">
<![CDATA[java.lang.AssertionError: ? Unexpected toast message: Error
All candidates have already applied to this job
	at com.xats.automation.tests.pages.candidate.SubmitCandidatePage.validateSuccessToast(SubmitCandidatePage.java:509)
	at com.xats.automation.tests.pages.candidate.SubmitCandidatePage.completeFinalSubmission(SubmitCandidatePage.java:161)
	at com.xats.automation.tests.stepdefinitions.candidate.CandidateSteps.completeSubmission(CandidateSteps.java:166)
	at ?.user completes the final submission(file:///runner/_work/automation/automation/src/test/resources/features/4.candidate/14_SubmitCandidate.feature:15)
]]>
</failure>
<system-out><![CDATA[
Given User is on login page.................................................passed
When User enters username and password from config file.....................passed
And User clicks on login button.............................................passed
When user navigates to submit candidate from job three dots.................passed
And user selects a candidate and clicks next................................passed
And user fills the candidate submission form................................passed
Then user completes the final submission....................................failed
]]></system-out>
</testcase>
<testcase classname="Candidate Submission Flow" name="Edit Submission Metadata" time="23.683">
<system-out><![CDATA[
Given User is on login page.................................................passed
When User enters username and password from config file.....................passed
And User clicks on login button.............................................passed
When user navigates to job detail view......................................passed
When user navigates to submissionPage.......................................passed
And user edits the submission metadata expected ctc.........................passed
]]></system-out>
</testcase>
<testcase classname="Submission page" name="Navigate to submission page" time="16.585">
<system-out><![CDATA[
Given User is on login page.................................................passed
When User enters username and password from config file.....................passed
And User clicks on login button.............................................passed
When user navigates to job detail view......................................passed
When user navigates to submissionPage.......................................passed
]]></system-out>
</testcase>
<testcase classname="Submission page" name="Create a Task" time="40.27">
<system-out><![CDATA[
Given User is on login page.................................................passed
When User enters username and password from config file.....................passed
And User clicks on login button.............................................passed
When user navigates to job detail view......................................passed
When user navigates submission page.........................................passed
And user navigates to submission engagement tab.............................passed
When user create a task in submission.......................................passed
]]></system-out>
</testcase>
<testcase classname="Submission page" name="Edit a Task in submission" time="40.665">
<failure type="org.openqa.selenium.TimeoutException" message="Expected condition failed: waiting for element to be clickable: By.xpath: //div[contains(., 'Task Manager(')]//button[contains(@class, 'hover:text-gray-900')] (tried for 10 second(s) with 500 milliseconds interval)
Build info: version: '4.25.0', revision: '8a8aea2337'
System info: os.name: 'Linux', os.arch: 'amd64', os.version: '6.8.0-124-generic', java.version: '17.0.20'
Driver info: org.openqa.selenium.chrome.ChromeDriver
Capabilities {acceptInsecureCerts: false, browserName: chrome, browserVersion: 143.0.7499.40, chrome: {chromedriverVersion: 143.0.7499.192 (be2c1f4fd45..., userDataDir: /tmp/.org.chromium.Chromium...}, fedcm:accounts: true, goog:chromeOptions: {debuggerAddress: localhost:42445}, goog:processID: 11789, networkConnectionEnabled: false, pageLoadStrategy: normal, platformName: linux, proxy: Proxy(), se:cdp: ws://localhost:42445/devtoo..., se:cdpVersion: 143.0.7499.40, setWindowRect: true, strictFileInteractability: false, timeouts: {implicit: 0, pageLoad: 300000, script: 30000}, unhandledPromptBehavior: dismiss and notify, webauthn:extension:credBlob: true, webauthn:extension:largeBlob: true, webauthn:extension:minPinLength: true, webauthn:extension:prf: true, webauthn:virtualAuthenticators: true}
Session ID: a3b18c61975bcc1dc34804b592e5292b">
<![CDATA[org.openqa.selenium.TimeoutException: Expected condition failed: waiting for element to be clickable: By.xpath: //div[contains(., 'Task Manager(')]//button[contains(@class, 'hover:text-gray-900')] (tried for 10 second(s) with 500 milliseconds interval)
Build info: version: '4.25.0', revision: '8a8aea2337'
System info: os.name: 'Linux', os.arch: 'amd64', os.version: '6.8.0-124-generic', java.version: '17.0.20'
Driver info: org.openqa.selenium.chrome.ChromeDriver
Capabilities {acceptInsecureCerts: false, browserName: chrome, browserVersion: 143.0.7499.40, chrome: {chromedriverVersion: 143.0.7499.192 (be2c1f4fd45..., userDataDir: /tmp/.org.chromium.Chromium...}, fedcm:accounts: true, goog:chromeOptions: {debuggerAddress: localhost:42445}, goog:processID: 11789, networkConnectionEnabled: false, pageLoadStrategy: normal, platformName: linux, proxy: Proxy(), se:cdp: ws://localhost:42445/devtoo..., se:cdpVersion: 143.0.7499.40, setWindowRect: true, strictFileInteractability: false, timeouts: {implicit: 0, pageLoad: 300000, script: 30000}, unhandledPromptBehavior: dismiss and notify, webauthn:extension:credBlob: true, webauthn:extension:largeBlob: true, webauthn:extension:minPinLength: true, webauthn:extension:prf: true, webauthn:virtualAuthenticators: true}
Session ID: a3b18c61975bcc1dc34804b592e5292b
	at org.openqa.selenium.support.ui.WebDriverWait.timeoutException(WebDriverWait.java:84)
	at org.openqa.selenium.support.ui.FluentWait.until(FluentWait.java:228)
	at com.xats.automation.tests.pages.candidate.SubmissionEngagementPage.editTask(SubmissionEngagementPage.java:276)
	at com.xats.automation.tests.stepdefinitions.candidate.SubmissionEngagementSteps.userEditsTaskInSubmission(SubmissionEngagementSteps.java:92)
	at ?.user edits the task in submission(file:///runner/_work/automation/automation/src/test/resources/features/4.candidate/15_CandidateSubmission.feature:27)
]]>
</failure>
<system-out><![CDATA[
Given User is on login page.................................................passed
When User enters username and password from config file.....................passed
And User clicks on login button.............................................passed
When user navigates to job detail view......................................passed
When user navigates submission page.........................................passed
And user navigates to submission engagement tab.............................passed
And user edits the task in submission.......................................failed
]]></system-out>
</testcase>
<testcase classname="Submission page" name="Delete the task in submission" time="42.731">
<failure type="java.lang.RuntimeException" message="❌ Toast message not displayed">
<![CDATA[java.lang.RuntimeException: ? Toast message not displayed
	at com.xats.automation.tests.pages.candidate.SubmissionEngagementPage.validateSuccessToast(SubmissionEngagementPage.java:527)
	at com.xats.automation.tests.pages.candidate.SubmissionEngagementPage.deleteTask(SubmissionEngagementPage.java:323)
	at com.xats.automation.tests.stepdefinitions.candidate.SubmissionEngagementSteps.userDeletesTaskInSubmission(SubmissionEngagementSteps.java:99)
	at ?.user deletes the task in submission(file:///runner/_work/automation/automation/src/test/resources/features/4.candidate/15_CandidateSubmission.feature:34)
Caused by: org.openqa.selenium.TimeoutException: Expected condition failed: waiting for visibility of element located by By.xpath: //li | //*[contains(@role, 'status') or contains(@role, 'alert') or contains(@class, 'toast') or contains(@class, 'notification')] (tried for 10 second(s) with 500 milliseconds interval)
Build info: version: '4.25.0', revision: '8a8aea2337'
System info: os.name: 'Linux', os.arch: 'amd64', os.version: '6.8.0-124-generic', java.version: '17.0.20'
Driver info: org.openqa.selenium.chrome.ChromeDriver
Capabilities {acceptInsecureCerts: false, browserName: chrome, browserVersion: 143.0.7499.40, chrome: {chromedriverVersion: 143.0.7499.192 (be2c1f4fd45..., userDataDir: /tmp/.org.chromium.Chromium...}, fedcm:accounts: true, goog:chromeOptions: {debuggerAddress: localhost:44173}, goog:processID: 12049, networkConnectionEnabled: false, pageLoadStrategy: normal, platformName: linux, proxy: Proxy(), se:cdp: ws://localhost:44173/devtoo..., se:cdpVersion: 143.0.7499.40, setWindowRect: true, strictFileInteractability: false, timeouts: {implicit: 0, pageLoad: 300000, script: 30000}, unhandledPromptBehavior: dismiss and notify, webauthn:extension:credBlob: true, webauthn:extension:largeBlob: true, webauthn:extension:minPinLength: true, webauthn:extension:prf: true, webauthn:virtualAuthenticators: true}
Session ID: 28c5b9d0c54f14f3c4d4df7623b0fc8b
	at org.openqa.selenium.support.ui.WebDriverWait.timeoutException(WebDriverWait.java:84)
	at org.openqa.selenium.support.ui.FluentWait.until(FluentWait.java:228)
	at com.xats.automation.tests.pages.candidate.SubmissionEngagementPage.validateSuccessToast(SubmissionEngagementPage.java:516)
	at com.xats.automation.tests.pages.candidate.SubmissionEngagementPage.deleteTask(SubmissionEngagementPage.java:323)
	at com.xats.automation.tests.stepdefinitions.candidate.SubmissionEngagementSteps.userDeletesTaskInSubmission(SubmissionEngagementSteps.java:99)
	at java.base/jdk.internal.reflect.NativeMethodAccessorImpl.invoke0(Native Method)
	at java.base/jdk.internal.reflect.NativeMethodAccessorImpl.invoke(NativeMethodAccessorImpl.java:77)
	at java.base/jdk.internal.reflect.DelegatingMethodAccessorImpl.invoke(DelegatingMethodAccessorImpl.java:43)
	at java.base/java.lang.reflect.Method.invoke(Method.java:569)
	at io.cucumber.java.Invoker.doInvoke(Invoker.java:66)
	at io.cucumber.java.Invoker.invoke(Invoker.java:24)
	at io.cucumber.java.AbstractGlueDefinition.invokeMethod(AbstractGlueDefinition.java:47)
	at io.cucumber.java.JavaStepDefinition.execute(JavaStepDefinition.java:29)
	at io.cucumber.core.runner.CoreStepDefinition.execute(CoreStepDefinition.java:66)
	at io.cucumber.core.runner.PickleStepDefinitionMatch.runStep(PickleStepDefinitionMatch.java:63)
	at io.cucumber.core.runner.ExecutionMode$1.execute(ExecutionMode.java:10)
	at io.cucumber.core.runner.TestStep.executeStep(TestStep.java:84)
	at io.cucumber.core.runner.TestStep.run(TestStep.java:56)
	at io.cucumber.core.runner.PickleStepTestStep.run(PickleStepTestStep.java:51)
	at io.cucumber.core.runner.TestCase.run(TestCase.java:84)
	at io.cucumber.core.runner.Runner.runPickle(Runner.java:75)
	at io.cucumber.junit.PickleRunners$NoStepDescriptions.lambda$run$0(PickleRunners.java:151)
	at io.cucumber.core.runtime.CucumberExecutionContext.lambda$runTestCase$5(CucumberExecutionContext.java:137)
	at io.cucumber.core.runtime.RethrowingThrowableCollector.executeAndThrow(RethrowingThrowableCollector.java:23)
	at io.cucumber.core.runtime.CucumberExecutionContext.runTestCase(CucumberExecutionContext.java:137)
	at io.cucumber.junit.PickleRunners$NoStepDescriptions.run(PickleRunners.java:148)
	at io.cucumber.junit.FeatureRunner.runChild(FeatureRunner.java:144)
	at io.cucumber.junit.FeatureRunner.runChild(FeatureRunner.java:28)
	at org.junit.runners.ParentRunner$4.run(ParentRunner.java:331)
	at org.junit.runners.ParentRunner$1.schedule(ParentRunner.java:79)
	at org.junit.runners.ParentRunner.runChildren(ParentRunner.java:329)
	at org.junit.runners.ParentRunner.access$100(ParentRunner.java:66)
	at org.junit.runners.ParentRunner$2.evaluate(ParentRunner.java:293)
	at org.junit.runners.ParentRunner$3.evaluate(ParentRunner.java:306)
	at org.junit.runners.ParentRunner.run(ParentRunner.java:413)
	at io.cucumber.junit.FeatureRunner.run(FeatureRunner.java:137)
	at io.cucumber.junit.Cucumber.runChild(Cucumber.java:196)
	at io.cucumber.junit.Cucumber.runChild(Cucumber.java:89)
	at org.junit.runners.ParentRunner$4.run(ParentRunner.java:331)
	at org.junit.runners.ParentRunner$1.schedule(ParentRunner.java:79)
	at org.junit.runners.ParentRunner.runChildren(ParentRunner.java:329)
	at org.junit.runners.ParentRunner.access$100(ParentRunner.java:66)
	at org.junit.runners.ParentRunner$2.evaluate(ParentRunner.java:293)
	at io.cucumber.core.runtime.CucumberExecutionContext.lambda$runFeatures$6(CucumberExecutionContext.java:148)
	at io.cucumber.core.runtime.CucumberExecutionContext.execute(CucumberExecutionContext.java:163)
	at io.cucumber.core.runtime.CucumberExecutionContext.runFeatures(CucumberExecutionContext.java:146)
	at io.cucumber.junit.Cucumber$StartAndFinishTestRun.evaluate(Cucumber.java:226)
	at org.junit.runners.ParentRunner$3.evaluate(ParentRunner.java:306)
	at org.junit.runners.ParentRunner.run(ParentRunner.java:413)
	at org.apache.maven.surefire.junit4.JUnit4Provider.execute(JUnit4Provider.java:316)
	at org.apache.maven.surefire.junit4.JUnit4Provider.executeWithRerun(JUnit4Provider.java:240)
	at org.apache.maven.surefire.junit4.JUnit4Provider.executeTestSet(JUnit4Provider.java:214)
	at org.apache.maven.surefire.junit4.JUnit4Provider.invoke(JUnit4Provider.java:155)
	at org.apache.maven.surefire.booter.ForkedBooter.runSuitesInProcess(ForkedBooter.java:385)
	at org.apache.maven.surefire.booter.ForkedBooter.execute(ForkedBooter.java:162)
	at org.apache.maven.surefire.booter.ForkedBooter.run(ForkedBooter.java:507)
	at org.apache.maven.surefire.booter.ForkedBooter.main(ForkedBooter.java:495)
]]>
</failure>
<system-out><![CDATA[
Given User is on login page.................................................passed
When User enters username and password from config file.....................passed
And User clicks on login button.............................................passed
When user navigates to job detail view......................................passed
When user navigates submission page.........................................passed
And user navigates to submission engagement tab.............................passed
And user deletes the task in submission.....................................failed
]]></system-out>
</testcase>
<testcase classname="Submission page" name="Add a new note" time="39.205">
<system-out><![CDATA[
Given User is on login page.................................................passed
When User enters username and password from config file.....................passed
And User clicks on login button.............................................passed
When user navigates to job detail view......................................passed
When user navigates submission page.........................................passed
And user navigates to submission engagement tab.............................passed
And user adds a note in submission..........................................passed
]]></system-out>
</testcase>
<testcase classname="Submission page" name="Edit the existing note" time="28.561">
<system-out><![CDATA[
Given User is on login page.................................................passed
When User enters username and password from config file.....................passed
And User clicks on login button.............................................passed
When user navigates to job detail view......................................passed
When user navigates submission page.........................................passed
And user navigates to submission engagement tab.............................passed
And user edits the note in submission.......................................passed
]]></system-out>
</testcase>
<testcase classname="Submission page" name="Delete the note" time="21.294">
<system-out><![CDATA[
Given User is on login page.................................................passed
When User enters username and password from config file.....................passed
And User clicks on login button.............................................passed
When user navigates to job detail view......................................passed
When user navigates submission page.........................................passed
And user navigates to submission engagement tab.............................passed
And user deletes the note in the submission.................................passed
]]></system-out>
</testcase>
<testcase classname="Submission page" name="Upload a new document" time="20.179">
<system-out><![CDATA[
Given User is on login page.................................................passed
When User enters username and password from config file.....................passed
And User clicks on login button.............................................passed
When user navigates to job detail view......................................passed
When user navigates submission page.........................................passed
And user navigates to submission engagement tab.............................passed
And user uploads a document in submission...................................passed
]]></system-out>
</testcase>
<testcase classname="Submission page" name="Delete the uploaded document" time="21.552">
<system-out><![CDATA[
Given User is on login page.................................................passed
When User enters username and password from config file.....................passed
And User clicks on login button.............................................passed
When user navigates to job detail view......................................passed
When user navigates submission page.........................................passed
And user navigates to submission engagement tab.............................passed
And user deletes the document in submission.................................passed
]]></system-out>
</testcase>
<testcase classname="Candidate Search and Filter Functionality" name="Search candidates with valid keyword" time="10.222">
<system-out><![CDATA[
Given User is on login page.................................................passed
When User enters username and password from config file.....................passed
And User clicks on login button.............................................passed
Then User should land on dashboard..........................................passed
When User navigates to candidates tab.......................................passed
And User searches for a candidate by valid keyword..........................passed
Then Candidate search results should be visible.............................passed
]]></system-out>
</testcase>
<testcase classname="Candidate Search and Filter Functionality" name="Search candidates with invalid keyword" time="21.239">
<system-out><![CDATA[
Given User is on login page.................................................passed
When User enters username and password from config file.....................passed
And User clicks on login button.............................................passed
Then User should land on dashboard..........................................passed
When User navigates to candidates tab.......................................passed
And User searches for a candidate by invalid keyword........................passed
Then No candidate results should be displayed...............................passed
]]></system-out>
</testcase>
<testcase classname="Candidate Search and Filter Functionality" name="Filter candidates by Status" time="9.573">
<system-out><![CDATA[
Given User is on login page.................................................passed
When User enters username and password from config file.....................passed
And User clicks on login button.............................................passed
Then User should land on dashboard..........................................passed
When User navigates to candidates tab.......................................passed
And User filters candidates by status.......................................passed
Then Filtered candidate results should match the status filter..............passed
]]></system-out>
</testcase>
<testcase classname="Candidate Search and Filter Functionality" name="Filter candidates by Experience" time="10.583">
<system-out><![CDATA[
Given User is on login page.................................................passed
When User enters username and password from config file.....................passed
And User clicks on login button.............................................passed
Then User should land on dashboard..........................................passed
When User navigates to candidates tab.......................................passed
And User filters candidates by experience...................................passed
Then Filtered candidate results should match the experience filter..........passed
]]></system-out>
</testcase>
<testcase classname="Interview Pipeline Management" name="Initialize candidate interview pipeline successfully" time="61.404">
<failure type="org.openqa.selenium.TimeoutException" message="Expected condition failed: waiting for element to be clickable: By.id: pipeline-initialize-btn (tried for 25 second(s) with 500 milliseconds interval)
Build info: version: '4.25.0', revision: '8a8aea2337'
System info: os.name: 'Linux', os.arch: 'amd64', os.version: '6.8.0-124-generic', java.version: '17.0.20'
Driver info: org.openqa.selenium.chrome.ChromeDriver
Capabilities {acceptInsecureCerts: false, browserName: chrome, browserVersion: 143.0.7499.40, chrome: {chromedriverVersion: 143.0.7499.192 (be2c1f4fd45..., userDataDir: /tmp/.org.chromium.Chromium...}, fedcm:accounts: true, goog:chromeOptions: {debuggerAddress: localhost:37561}, goog:processID: 14451, networkConnectionEnabled: false, pageLoadStrategy: normal, platformName: linux, proxy: Proxy(), se:cdp: ws://localhost:37561/devtoo..., se:cdpVersion: 143.0.7499.40, setWindowRect: true, strictFileInteractability: false, timeouts: {implicit: 0, pageLoad: 300000, script: 30000}, unhandledPromptBehavior: dismiss and notify, webauthn:extension:credBlob: true, webauthn:extension:largeBlob: true, webauthn:extension:minPinLength: true, webauthn:extension:prf: true, webauthn:virtualAuthenticators: true}
Session ID: ee845c1d9f657174d447535459b24789">
<![CDATA[org.openqa.selenium.TimeoutException: Expected condition failed: waiting for element to be clickable: By.id: pipeline-initialize-btn (tried for 25 second(s) with 500 milliseconds interval)
Build info: version: '4.25.0', revision: '8a8aea2337'
System info: os.name: 'Linux', os.arch: 'amd64', os.version: '6.8.0-124-generic', java.version: '17.0.20'
Driver info: org.openqa.selenium.chrome.ChromeDriver
Capabilities {acceptInsecureCerts: false, browserName: chrome, browserVersion: 143.0.7499.40, chrome: {chromedriverVersion: 143.0.7499.192 (be2c1f4fd45..., userDataDir: /tmp/.org.chromium.Chromium...}, fedcm:accounts: true, goog:chromeOptions: {debuggerAddress: localhost:37561}, goog:processID: 14451, networkConnectionEnabled: false, pageLoadStrategy: normal, platformName: linux, proxy: Proxy(), se:cdp: ws://localhost:37561/devtoo..., se:cdpVersion: 143.0.7499.40, setWindowRect: true, strictFileInteractability: false, timeouts: {implicit: 0, pageLoad: 300000, script: 30000}, unhandledPromptBehavior: dismiss and notify, webauthn:extension:credBlob: true, webauthn:extension:largeBlob: true, webauthn:extension:minPinLength: true, webauthn:extension:prf: true, webauthn:virtualAuthenticators: true}
Session ID: ee845c1d9f657174d447535459b24789
	at org.openqa.selenium.support.ui.WebDriverWait.timeoutException(WebDriverWait.java:84)
	at org.openqa.selenium.support.ui.FluentWait.until(FluentWait.java:228)
	at com.xats.automation.tests.pages.job.JobInDetailViewPage.clickInitializePipeline(JobInDetailViewPage.java:196)
	at com.xats.automation.tests.stepdefinitions.job.InterviewPipelineSteps.user_clicks_on_initialize_pipeline_button(InterviewPipelineSteps.java:33)
	at ?.User clicks on Initialize Pipeline button(file:///runner/_work/automation/automation/src/test/resources/features/5.pipeline/19_InterviewPipeline.feature:11)
]]>
</failure>
<system-out><![CDATA[
Given User is on login page.................................................passed
When User enters username and password from config file.....................passed
And User clicks on login button.............................................passed
Then User should land on dashboard..........................................passed
When User navigates to the first job in Jobs list...........................passed
And User expands the candidate row with Submitted status....................passed
And User clicks on Initialize Pipeline button...............................failed
Then User should see success toast message "Pipeline Initialized"...........skipped
]]></system-out>
</testcase>
<testcase classname="Interview Pipeline Management" name="Mark candidate as passed successfully" time="61.69">
<failure type="org.openqa.selenium.TimeoutException" message="Expected condition failed: waiting for element to be clickable: By.id: pipeline-pass-btn (tried for 25 second(s) with 500 milliseconds interval)
Build info: version: '4.25.0', revision: '8a8aea2337'
System info: os.name: 'Linux', os.arch: 'amd64', os.version: '6.8.0-124-generic', java.version: '17.0.20'
Driver info: org.openqa.selenium.chrome.ChromeDriver
Capabilities {acceptInsecureCerts: false, browserName: chrome, browserVersion: 143.0.7499.40, chrome: {chromedriverVersion: 143.0.7499.192 (be2c1f4fd45..., userDataDir: /tmp/.org.chromium.Chromium...}, fedcm:accounts: true, goog:chromeOptions: {debuggerAddress: localhost:43871}, goog:processID: 14732, networkConnectionEnabled: false, pageLoadStrategy: normal, platformName: linux, proxy: Proxy(), se:cdp: ws://localhost:43871/devtoo..., se:cdpVersion: 143.0.7499.40, setWindowRect: true, strictFileInteractability: false, timeouts: {implicit: 0, pageLoad: 300000, script: 30000}, unhandledPromptBehavior: dismiss and notify, webauthn:extension:credBlob: true, webauthn:extension:largeBlob: true, webauthn:extension:minPinLength: true, webauthn:extension:prf: true, webauthn:virtualAuthenticators: true}
Session ID: 39e80d0055401c7a1643e25267be705d">
<![CDATA[org.openqa.selenium.TimeoutException: Expected condition failed: waiting for element to be clickable: By.id: pipeline-pass-btn (tried for 25 second(s) with 500 milliseconds interval)
Build info: version: '4.25.0', revision: '8a8aea2337'
System info: os.name: 'Linux', os.arch: 'amd64', os.version: '6.8.0-124-generic', java.version: '17.0.20'
Driver info: org.openqa.selenium.chrome.ChromeDriver
Capabilities {acceptInsecureCerts: false, browserName: chrome, browserVersion: 143.0.7499.40, chrome: {chromedriverVersion: 143.0.7499.192 (be2c1f4fd45..., userDataDir: /tmp/.org.chromium.Chromium...}, fedcm:accounts: true, goog:chromeOptions: {debuggerAddress: localhost:43871}, goog:processID: 14732, networkConnectionEnabled: false, pageLoadStrategy: normal, platformName: linux, proxy: Proxy(), se:cdp: ws://localhost:43871/devtoo..., se:cdpVersion: 143.0.7499.40, setWindowRect: true, strictFileInteractability: false, timeouts: {implicit: 0, pageLoad: 300000, script: 30000}, unhandledPromptBehavior: dismiss and notify, webauthn:extension:credBlob: true, webauthn:extension:largeBlob: true, webauthn:extension:minPinLength: true, webauthn:extension:prf: true, webauthn:virtualAuthenticators: true}
Session ID: 39e80d0055401c7a1643e25267be705d
	at org.openqa.selenium.support.ui.WebDriverWait.timeoutException(WebDriverWait.java:84)
	at org.openqa.selenium.support.ui.FluentWait.until(FluentWait.java:228)
	at com.xats.automation.tests.pages.job.JobInDetailViewPage.clickMarkAsPassed(JobInDetailViewPage.java:208)
	at com.xats.automation.tests.stepdefinitions.job.InterviewPipelineSteps.user_clicks_on_mark_as_passed_button_and_waits(InterviewPipelineSteps.java:39)
	at ?.User clicks on Mark as Passed button and waits(file:///runner/_work/automation/automation/src/test/resources/features/5.pipeline/19_InterviewPipeline.feature:21)
]]>
</failure>
<system-out><![CDATA[
Given User is on login page.................................................passed
When User enters username and password from config file.....................passed
And User clicks on login button.............................................passed
Then User should land on dashboard..........................................passed
When User navigates to the first job in Jobs list...........................passed
And User expands an initialized candidate row...............................passed
And User clicks on Mark as Passed button and waits..........................failed
]]></system-out>
</testcase>
<testcase classname="Interview Pipeline Management" name="Revert candidate stage successfully" time="62.266">
<failure type="org.openqa.selenium.TimeoutException" message="Expected condition failed: waiting for element to be clickable: By.id: pipeline-revert-btn (tried for 25 second(s) with 500 milliseconds interval)
Build info: version: '4.25.0', revision: '8a8aea2337'
System info: os.name: 'Linux', os.arch: 'amd64', os.version: '6.8.0-124-generic', java.version: '17.0.20'
Driver info: org.openqa.selenium.chrome.ChromeDriver
Capabilities {acceptInsecureCerts: false, browserName: chrome, browserVersion: 143.0.7499.40, chrome: {chromedriverVersion: 143.0.7499.192 (be2c1f4fd45..., userDataDir: /tmp/.org.chromium.Chromium...}, fedcm:accounts: true, goog:chromeOptions: {debuggerAddress: localhost:42009}, goog:processID: 15024, networkConnectionEnabled: false, pageLoadStrategy: normal, platformName: linux, proxy: Proxy(), se:cdp: ws://localhost:42009/devtoo..., se:cdpVersion: 143.0.7499.40, setWindowRect: true, strictFileInteractability: false, timeouts: {implicit: 0, pageLoad: 300000, script: 30000}, unhandledPromptBehavior: dismiss and notify, webauthn:extension:credBlob: true, webauthn:extension:largeBlob: true, webauthn:extension:minPinLength: true, webauthn:extension:prf: true, webauthn:virtualAuthenticators: true}
Session ID: 17b2e7dedb2ed0bcd7f834f2074e1ea0">
<![CDATA[org.openqa.selenium.TimeoutException: Expected condition failed: waiting for element to be clickable: By.id: pipeline-revert-btn (tried for 25 second(s) with 500 milliseconds interval)
Build info: version: '4.25.0', revision: '8a8aea2337'
System info: os.name: 'Linux', os.arch: 'amd64', os.version: '6.8.0-124-generic', java.version: '17.0.20'
Driver info: org.openqa.selenium.chrome.ChromeDriver
Capabilities {acceptInsecureCerts: false, browserName: chrome, browserVersion: 143.0.7499.40, chrome: {chromedriverVersion: 143.0.7499.192 (be2c1f4fd45..., userDataDir: /tmp/.org.chromium.Chromium...}, fedcm:accounts: true, goog:chromeOptions: {debuggerAddress: localhost:42009}, goog:processID: 15024, networkConnectionEnabled: false, pageLoadStrategy: normal, platformName: linux, proxy: Proxy(), se:cdp: ws://localhost:42009/devtoo..., se:cdpVersion: 143.0.7499.40, setWindowRect: true, strictFileInteractability: false, timeouts: {implicit: 0, pageLoad: 300000, script: 30000}, unhandledPromptBehavior: dismiss and notify, webauthn:extension:credBlob: true, webauthn:extension:largeBlob: true, webauthn:extension:minPinLength: true, webauthn:extension:prf: true, webauthn:virtualAuthenticators: true}
Session ID: 17b2e7dedb2ed0bcd7f834f2074e1ea0
	at org.openqa.selenium.support.ui.WebDriverWait.timeoutException(WebDriverWait.java:84)
	at org.openqa.selenium.support.ui.FluentWait.until(FluentWait.java:228)
	at com.xats.automation.tests.pages.job.JobInDetailViewPage.clickRevertStage(JobInDetailViewPage.java:220)
	at com.xats.automation.tests.stepdefinitions.job.InterviewPipelineSteps.user_clicks_on_revert_stage_button(InterviewPipelineSteps.java:45)
	at ?.User clicks on Revert Stage button(file:///runner/_work/automation/automation/src/test/resources/features/5.pipeline/19_InterviewPipeline.feature:30)
]]>
</failure>
<system-out><![CDATA[
Given User is on login page.................................................passed
When User enters username and password from config file.....................passed
And User clicks on login button.............................................passed
Then User should land on dashboard..........................................passed
When User navigates to the first job in Jobs list...........................passed
And User expands an initialized candidate row...............................passed
And User clicks on Revert Stage button......................................failed
Then User should see success toast message "Stage Reverted".................skipped
]]></system-out>
</testcase>
<testcase classname="Interview Pipeline Management" name="Skip candidate stage successfully with feedback" time="61.265">
<failure type="org.openqa.selenium.TimeoutException" message="Expected condition failed: waiting for element to be clickable: By.id: pipeline-skip-btn (tried for 25 second(s) with 500 milliseconds interval)
Build info: version: '4.25.0', revision: '8a8aea2337'
System info: os.name: 'Linux', os.arch: 'amd64', os.version: '6.8.0-124-generic', java.version: '17.0.20'
Driver info: org.openqa.selenium.chrome.ChromeDriver
Capabilities {acceptInsecureCerts: false, browserName: chrome, browserVersion: 143.0.7499.40, chrome: {chromedriverVersion: 143.0.7499.192 (be2c1f4fd45..., userDataDir: /tmp/.org.chromium.Chromium...}, fedcm:accounts: true, goog:chromeOptions: {debuggerAddress: localhost:43277}, goog:processID: 15310, networkConnectionEnabled: false, pageLoadStrategy: normal, platformName: linux, proxy: Proxy(), se:cdp: ws://localhost:43277/devtoo..., se:cdpVersion: 143.0.7499.40, setWindowRect: true, strictFileInteractability: false, timeouts: {implicit: 0, pageLoad: 300000, script: 30000}, unhandledPromptBehavior: dismiss and notify, webauthn:extension:credBlob: true, webauthn:extension:largeBlob: true, webauthn:extension:minPinLength: true, webauthn:extension:prf: true, webauthn:virtualAuthenticators: true}
Session ID: db015425d8e61811b45a31659260fc67">
<![CDATA[org.openqa.selenium.TimeoutException: Expected condition failed: waiting for element to be clickable: By.id: pipeline-skip-btn (tried for 25 second(s) with 500 milliseconds interval)
Build info: version: '4.25.0', revision: '8a8aea2337'
System info: os.name: 'Linux', os.arch: 'amd64', os.version: '6.8.0-124-generic', java.version: '17.0.20'
Driver info: org.openqa.selenium.chrome.ChromeDriver
Capabilities {acceptInsecureCerts: false, browserName: chrome, browserVersion: 143.0.7499.40, chrome: {chromedriverVersion: 143.0.7499.192 (be2c1f4fd45..., userDataDir: /tmp/.org.chromium.Chromium...}, fedcm:accounts: true, goog:chromeOptions: {debuggerAddress: localhost:43277}, goog:processID: 15310, networkConnectionEnabled: false, pageLoadStrategy: normal, platformName: linux, proxy: Proxy(), se:cdp: ws://localhost:43277/devtoo..., se:cdpVersion: 143.0.7499.40, setWindowRect: true, strictFileInteractability: false, timeouts: {implicit: 0, pageLoad: 300000, script: 30000}, unhandledPromptBehavior: dismiss and notify, webauthn:extension:credBlob: true, webauthn:extension:largeBlob: true, webauthn:extension:minPinLength: true, webauthn:extension:prf: true, webauthn:virtualAuthenticators: true}
Session ID: db015425d8e61811b45a31659260fc67
	at org.openqa.selenium.support.ui.WebDriverWait.timeoutException(WebDriverWait.java:84)
	at org.openqa.selenium.support.ui.FluentWait.until(FluentWait.java:228)
	at com.xats.automation.tests.pages.job.JobInDetailViewPage.clickSkipStage(JobInDetailViewPage.java:232)
	at com.xats.automation.tests.stepdefinitions.job.InterviewPipelineSteps.user_clicks_on_skip_stage_button(InterviewPipelineSteps.java:51)
	at ?.User clicks on Skip Stage button(file:///runner/_work/automation/automation/src/test/resources/features/5.pipeline/19_InterviewPipeline.feature:40)
]]>
</failure>
<system-out><![CDATA[
Given User is on login page.................................................passed
When User enters username and password from config file.....................passed
And User clicks on login button.............................................passed
Then User should land on dashboard..........................................passed
When User navigates to the first job in Jobs list...........................passed
And User expands an initialized candidate row...............................passed
And User clicks on Skip Stage button........................................failed
And User clicks Add Feedback Now, enters feedback "Candidate is ready to skip this stage", and saves.skipped
]]></system-out>
</testcase>
<testcase classname="Interview Pipeline Management" name="Interview creation" time="21.994">
<failure type="java.lang.AssertionError" message="❌ Unexpected toast message: Error
Invalid input: Meeting time conflicts with existing scheduled meeting.">
<![CDATA[java.lang.AssertionError: ? Unexpected toast message: Error
Invalid input: Meeting time conflicts with existing scheduled meeting.
	at com.xats.automation.tests.pages.candidate.SubmissionEngagementPage.validateSuccessToast(SubmissionEngagementPage.java:523)
	at com.xats.automation.tests.pages.candidate.SubmissionEngagementPage.scheduleInterview(SubmissionEngagementPage.java:378)
	at com.xats.automation.tests.stepdefinitions.candidate.SubmissionEngagementSteps.userCreatesInterview(SubmissionEngagementSteps.java:78)
	at ?.User creates a interview(file:///runner/_work/automation/automation/src/test/resources/features/5.pipeline/19_InterviewPipeline.feature:50)
]]>
</failure>
<system-out><![CDATA[
Given User is on login page.................................................passed
When User enters username and password from config file.....................passed
And User clicks on login button.............................................passed
When user navigates to job detail view......................................passed
When user navigates submission page.........................................passed
And User creates a interview................................................failed
]]></system-out>
</testcase>
<testcase classname="Role Based Access Control" name="Create Permission Groups successfully" time="21.944">
<system-out><![CDATA[
Given User is on login page.................................................passed
When User enters username and password from config file.....................passed
And User clicks on login button.............................................passed
Then User should land on dashboard..........................................passed
When User navigates to Permission Groups in Settings........................passed
And User clicks on New Group button.........................................passed
And User enters permission group details from properties....................passed
And User selects two checkboxes from properties.............................passed
And User scrolls down and saves the permission group........................passed
]]></system-out>
</testcase>
<testcase classname="Role Based Access Control" name="Edit Permission Groups successfully" time="17.073">
<system-out><![CDATA[
Given User is on login page.................................................passed
When User enters username and password from config file.....................passed
And User clicks on login button.............................................passed
Then User should land on dashboard..........................................passed
When User navigates to Permission Groups in Settings........................passed
And User clicks edit for the created permission group.......................passed
And User changes the permission group name from properties..................passed
And User saves the edited permission group..................................passed
]]></system-out>
</testcase>
<testcase classname="Role Based Access Control" name="Delete Permission Groups successfully" time="12.066">
<system-out><![CDATA[
Given User is on login page.................................................passed
When User enters username and password from config file.....................passed
And User clicks on login button.............................................passed
Then User should land on dashboard..........................................passed
When User navigates to Permission Groups in Settings........................passed
And User deletes the created permission group...............................passed
]]></system-out>
</testcase>
<testcase classname="Roles Management" name="Create Role successfully" time="19.043">
<system-out><![CDATA[
Given User is on login page.................................................passed
When User enters username and password from config file.....................passed
And User clicks on login button.............................................passed
Then User should land on dashboard..........................................passed
When User navigates to Roles in Settings....................................passed
And User clicks on Create Role button.......................................passed
And User enters role details from properties................................passed
And User selects permission group from properties...........................passed
And User saves the role.....................................................passed
]]></system-out>
</testcase>
<testcase classname="Roles Management" name="Delete Role successfully" time="12.559">
<system-out><![CDATA[
Given User is on login page.................................................passed
When User enters username and password from config file.....................passed
And User clicks on login button.............................................passed
Then User should land on dashboard..........................................passed
When User navigates to Roles in Settings....................................passed
And user deletes a role.....................................................passed
]]></system-out>
</testcase>
<testcase classname="User Assignment Management" name="Invite User successfully" time="17.576">
<system-out><![CDATA[
Given User is on login page.................................................passed
When User enters username and password from config file.....................passed
And User clicks on login button.............................................passed
Then User should land on dashboard..........................................passed
When User navigates to User Assignment in Settings..........................passed
And User clicks on Invite User button.......................................passed
And User enters user invitation details.....................................passed
And User sends the invitation...............................................passed
]]></system-out>
</testcase>
<testcase classname="User Assignment Management" name="Edit User Profile successfully" time="15.679">
<system-out><![CDATA[
Given User is on login page.................................................passed
When User enters username and password from config file.....................passed
And User clicks on login button.............................................passed
Then User should land on dashboard..........................................passed
When User navigates to User Assignment in Settings..........................passed
And User clicks actions for the first user..................................passed
And User clicks on Edit Profile option......................................passed
And User enters updated profile details.....................................passed
And User saves the profile changes..........................................passed
]]></system-out>
</testcase>
<testcase classname="User Assignment Management" name="Delete User Account successfully" time="14.227">
<system-out><![CDATA[
Given User is on login page.................................................passed
When User enters username and password from config file.....................passed
And User clicks on login button.............................................passed
Then User should land on dashboard..........................................passed
When User navigates to User Assignment in Settings..........................passed
And User clicks actions for the first user..................................passed
And User clicks on Delete Account option....................................passed
And User confirms delete user action........................................passed
]]></system-out>
</testcase>
<testcase classname="Resume Parsing" name="Create candidate by uploading and parsing a resume" time="147.821">
<system-out><![CDATA[
Given User is on login page.................................................passed
When User enters username and password from config file.....................passed
And User clicks on login button.............................................passed
Then User navigates to candidates and uploads a resume......................passed
Then Resume should be parsed successfully...................................passed
]]></system-out>
</testcase>
<testcase classname="Resume Parsing" name="Delete a candidate from the candidates list" time="9.459">
<system-out><![CDATA[
Given User is on login page.................................................passed
When User enters username and password from config file.....................passed
And User clicks on login button.............................................passed
When User selects a candidate and clicks delete.............................passed
And User confirms the deletion..............................................passed
Then Candidates should be deleted successfully..............................passed
]]></system-out>
</testcase>
</testsuite>
