<?xml version="1.0" encoding="UTF-8"?>
<testsuite name="Cucumber" time="593.364" tests="30" skipped="0" failures="14" errors="0">
<testcase classname="Login Feature" name="Valid user logs in successfully" time="12.085">
<system-out><![CDATA[
Given User is on login page.................................................passed
When User enters username and password from config file.....................passed
And User clicks on login button.............................................passed
Then User should land on dashboard..........................................passed
]]></system-out>
</testcase>
<testcase classname="Client Creation" name="Valid user logs in and creates a new client" time="70.892">
<system-out><![CDATA[
Given User is on login page.................................................passed
When User enters username and password from config file.....................passed
And User clicks on login button.............................................passed
Then User should land on dashboard..........................................passed
And User navigates to client creation page and adds new client..............passed
]]></system-out>
</testcase>
<testcase classname="Contact Creation" name="Create a new contact under an existing client" time="32.452">
<failure type="org.openqa.selenium.TimeoutException" message="Expected condition failed: waiting for visibility of element located by By.id: work_phone_number (tried for 10 second(s) with 500 milliseconds interval)
Build info: version: '4.25.0', revision: '8a8aea2337'
System info: os.name: 'Linux', os.arch: 'amd64', os.version: '6.8.0-60-generic', java.version: '21.0.9'
Driver info: org.openqa.selenium.chrome.ChromeDriver
Capabilities {acceptInsecureCerts: false, browserName: chrome, browserVersion: 143.0.7499.40, chrome: {chromedriverVersion: 143.0.7499.192 (be2c1f4fd45..., userDataDir: /tmp/.org.chromium.Chromium...}, fedcm:accounts: true, goog:chromeOptions: {debuggerAddress: localhost:43925}, goog:processID: 2340, networkConnectionEnabled: false, pageLoadStrategy: normal, platformName: linux, proxy: Proxy(), se:cdp: ws://localhost:43925/devtoo..., se:cdpVersion: 143.0.7499.40, setWindowRect: true, strictFileInteractability: false, timeouts: {implicit: 0, pageLoad: 300000, script: 30000}, unhandledPromptBehavior: dismiss and notify, webauthn:extension:credBlob: true, webauthn:extension:largeBlob: true, webauthn:extension:minPinLength: true, webauthn:extension:prf: true, webauthn:virtualAuthenticators: true}
Session ID: fc5d1fbf8acb6c123fbf864d33daca20">
<![CDATA[org.openqa.selenium.TimeoutException: Expected condition failed: waiting for visibility of element located by By.id: work_phone_number (tried for 10 second(s) with 500 milliseconds interval)
Build info: version: '4.25.0', revision: '8a8aea2337'
System info: os.name: 'Linux', os.arch: 'amd64', os.version: '6.8.0-60-generic', java.version: '21.0.9'
Driver info: org.openqa.selenium.chrome.ChromeDriver
Capabilities {acceptInsecureCerts: false, browserName: chrome, browserVersion: 143.0.7499.40, chrome: {chromedriverVersion: 143.0.7499.192 (be2c1f4fd45..., userDataDir: /tmp/.org.chromium.Chromium...}, fedcm:accounts: true, goog:chromeOptions: {debuggerAddress: localhost:43925}, goog:processID: 2340, networkConnectionEnabled: false, pageLoadStrategy: normal, platformName: linux, proxy: Proxy(), se:cdp: ws://localhost:43925/devtoo..., se:cdpVersion: 143.0.7499.40, setWindowRect: true, strictFileInteractability: false, timeouts: {implicit: 0, pageLoad: 300000, script: 30000}, unhandledPromptBehavior: dismiss and notify, webauthn:extension:credBlob: true, webauthn:extension:largeBlob: true, webauthn:extension:minPinLength: true, webauthn:extension:prf: true, webauthn:virtualAuthenticators: true}
Session ID: fc5d1fbf8acb6c123fbf864d33daca20
	at org.openqa.selenium.support.ui.WebDriverWait.timeoutException(WebDriverWait.java:84)
	at org.openqa.selenium.support.ui.FluentWait.until(FluentWait.java:228)
	at com.xats.automation.tests.pages.ContactPage.type(ContactPage.java:93)
	at com.xats.automation.tests.pages.ContactPage.createNewContact(ContactPage.java:75)
	at com.xats.automation.tests.stepdefinitions.ContactSteps.user_navigates_to_client_and_adds_contact(ContactSteps.java:13)
	at ✽.User navigates to client section and adds a new contact(file:///runner/_work/automation/automation/src/test/resources/features/03_ContactCreation.feature:10)
]]>
</failure>
<system-out><![CDATA[
Given User is on login page.................................................passed
When User enters username and password from config file.....................passed
And User clicks on login button.............................................passed
Then User should land on dashboard..........................................passed
When User navigates to client section and adds a new contact................failed
Then New contact should be created successfully.............................skipped
]]></system-out>
</testcase>
<testcase classname="Job Creation" name="Create a new Job" time="40.097">
<failure type="org.openqa.selenium.TimeoutException" message="Expected condition failed: waiting for element to be clickable: By.id: country_id (tried for 12 second(s) with 500 milliseconds interval)
Build info: version: '4.25.0', revision: '8a8aea2337'
System info: os.name: 'Linux', os.arch: 'amd64', os.version: '6.8.0-60-generic', java.version: '21.0.9'
Driver info: org.openqa.selenium.chrome.ChromeDriver
Capabilities {acceptInsecureCerts: false, browserName: chrome, browserVersion: 143.0.7499.40, chrome: {chromedriverVersion: 143.0.7499.192 (be2c1f4fd45..., userDataDir: /tmp/.org.chromium.Chromium...}, fedcm:accounts: true, goog:chromeOptions: {debuggerAddress: localhost:33601}, goog:processID: 2553, networkConnectionEnabled: false, pageLoadStrategy: normal, platformName: linux, proxy: Proxy(), se:cdp: ws://localhost:33601/devtoo..., se:cdpVersion: 143.0.7499.40, setWindowRect: true, strictFileInteractability: false, timeouts: {implicit: 0, pageLoad: 300000, script: 30000}, unhandledPromptBehavior: dismiss and notify, webauthn:extension:credBlob: true, webauthn:extension:largeBlob: true, webauthn:extension:minPinLength: true, webauthn:extension:prf: true, webauthn:virtualAuthenticators: true}
Session ID: 1ead47ae1783dd17d0edffc81bd6c4fe">
<![CDATA[org.openqa.selenium.TimeoutException: Expected condition failed: waiting for element to be clickable: By.id: country_id (tried for 12 second(s) with 500 milliseconds interval)
Build info: version: '4.25.0', revision: '8a8aea2337'
System info: os.name: 'Linux', os.arch: 'amd64', os.version: '6.8.0-60-generic', java.version: '21.0.9'
Driver info: org.openqa.selenium.chrome.ChromeDriver
Capabilities {acceptInsecureCerts: false, browserName: chrome, browserVersion: 143.0.7499.40, chrome: {chromedriverVersion: 143.0.7499.192 (be2c1f4fd45..., userDataDir: /tmp/.org.chromium.Chromium...}, fedcm:accounts: true, goog:chromeOptions: {debuggerAddress: localhost:33601}, goog:processID: 2553, networkConnectionEnabled: false, pageLoadStrategy: normal, platformName: linux, proxy: Proxy(), se:cdp: ws://localhost:33601/devtoo..., se:cdpVersion: 143.0.7499.40, setWindowRect: true, strictFileInteractability: false, timeouts: {implicit: 0, pageLoad: 300000, script: 30000}, unhandledPromptBehavior: dismiss and notify, webauthn:extension:credBlob: true, webauthn:extension:largeBlob: true, webauthn:extension:minPinLength: true, webauthn:extension:prf: true, webauthn:virtualAuthenticators: true}
Session ID: 1ead47ae1783dd17d0edffc81bd6c4fe
	at org.openqa.selenium.support.ui.WebDriverWait.timeoutException(WebDriverWait.java:84)
	at org.openqa.selenium.support.ui.FluentWait.until(FluentWait.java:228)
	at com.xats.automation.tests.pages.JobCreationPage.selectDropdown(JobCreationPage.java:107)
	at com.xats.automation.tests.pages.JobCreationPage.createNewJob(JobCreationPage.java:165)
	at com.xats.automation.tests.stepdefinitions.JobCreationSteps.user_navigates_to_Job_and_adds_job(JobCreationSteps.java:13)
	at ✽.User navigates to job section and adds a new job(file:///runner/_work/automation/automation/src/test/resources/features/04_JobCreation.feature:10)
]]>
</failure>
<system-out><![CDATA[
Given User is on login page.................................................passed
When User enters username and password from config file.....................passed
And User clicks on login button.............................................passed
Then User should land on dashboard..........................................passed
When User navigates to job section and adds a new job.......................failed
Then New job should be created successfully.................................skipped
]]></system-out>
</testcase>
<testcase classname="Candidate Creation" name="Create adds a new candidate" time="21.788">
<system-out><![CDATA[
Given User is on login page.................................................passed
When User enters username and password from config file.....................passed
And User clicks on login button.............................................passed
Then User adds a new candidate..............................................passed
Then New candidate should be created successfully...........................passed
]]></system-out>
</testcase>
<testcase classname="Job In Detail View Actions" name="Navigate to job detail view" time="10.18">
<system-out><![CDATA[
Given User is on login page.................................................passed
When User enters username and password from config file.....................passed
And User clicks on login button.............................................passed
When user navigates to job detail view......................................passed
]]></system-out>
</testcase>
<testcase classname="Job In Detail View Actions" name="Add a new note" time="20.292">
<system-out><![CDATA[
Given User is on login page.................................................passed
When User enters username and password from config file.....................passed
And User clicks on login button.............................................passed
When user navigates to job detail view......................................passed
And user adds a note........................................................passed
]]></system-out>
</testcase>
<testcase classname="Job In Detail View Actions" name="Edit the existing note" time="28.408">
<system-out><![CDATA[
Given User is on login page.................................................passed
When User enters username and password from config file.....................passed
And User clicks on login button.............................................passed
When user navigates to job detail view......................................passed
And user edits the note.....................................................passed
]]></system-out>
</testcase>
<testcase classname="Job In Detail View Actions" name="Pin the note" time="16.927">
<system-out><![CDATA[
Given User is on login page.................................................passed
When User enters username and password from config file.....................passed
And User clicks on login button.............................................passed
When user navigates to job detail view......................................passed
And user pins the note......................................................passed
]]></system-out>
</testcase>
<testcase classname="Job In Detail View Actions" name="Delete the note" time="17.106">
<system-out><![CDATA[
Given User is on login page.................................................passed
When User enters username and password from config file.....................passed
And User clicks on login button.............................................passed
When user navigates to job detail view......................................passed
And user deletes the note...................................................passed
]]></system-out>
</testcase>
<testcase classname="Job In Detail View Actions" name="Upload a new document" time="19.104">
<system-out><![CDATA[
Given User is on login page.................................................passed
When User enters username and password from config file.....................passed
And User clicks on login button.............................................passed
When user navigates to job detail view......................................passed
And user uploads a document.................................................passed
]]></system-out>
</testcase>
<testcase classname="Job In Detail View Actions" name="Delete the uploaded document" time="18.4">
<system-out><![CDATA[
Given User is on login page.................................................passed
When User enters username and password from config file.....................passed
And User clicks on login button.............................................passed
When user navigates to job detail view......................................passed
And user deletes the document...............................................passed
]]></system-out>
</testcase>
<testcase classname="Job In Detail View Actions" name="Submit a candidate" time="26.141">
<system-out><![CDATA[
Given User is on login page.................................................passed
When User enters username and password from config file.....................passed
And User clicks on login button.............................................passed
When user navigates to job detail view......................................passed
When user submit candidate..................................................passed
]]></system-out>
</testcase>
<testcase classname="Job In Detail View Actions" name="Create a Task" time="27.379">
<system-out><![CDATA[
Given User is on login page.................................................passed
When User enters username and password from config file.....................passed
And User clicks on login button.............................................passed
When user navigates to job detail view......................................passed
When user create a task.....................................................passed
]]></system-out>
</testcase>
<testcase classname="candidateInDetailView" name="user adds a cal logs" time="20.699">
<system-out><![CDATA[
Given User is on login page.................................................passed
When User enters username and password from config file.....................passed
And User clicks on login button.............................................passed
Then User should land on dashboard..........................................passed
When user navigates to candidateInDetailView................................passed
When User adds a call logs..................................................passed
]]></system-out>
</testcase>
<testcase classname="candidateInDetailView" name="Add a new note" time="22.128">
<system-out><![CDATA[
Given User is on login page.................................................passed
When User enters username and password from config file.....................passed
And User clicks on login button.............................................passed
Then User should land on dashboard..........................................passed
When user navigates to candidateInDetailView................................passed
And user adds a note for can................................................passed
]]></system-out>
</testcase>
<testcase classname="candidateInDetailView" name="Edit the existing note" time="23.616">
<system-out><![CDATA[
Given User is on login page.................................................passed
When User enters username and password from config file.....................passed
And User clicks on login button.............................................passed
Then User should land on dashboard..........................................passed
When user navigates to candidateInDetailView................................passed
And user edits the note for can.............................................passed
]]></system-out>
</testcase>
<testcase classname="candidateInDetailView" name="Delete the note" time="17.32">
<system-out><![CDATA[
Given User is on login page.................................................passed
When User enters username and password from config file.....................passed
And User clicks on login button.............................................passed
Then User should land on dashboard..........................................passed
When user navigates to candidateInDetailView................................passed
And user deletes the note for can...........................................passed
]]></system-out>
</testcase>
<testcase classname="candidateInDetailView" name="Upload a new document" time="14.847">
<failure type="org.openqa.selenium.ElementClickInterceptedException" message="element click intercepted: Element &lt;button class=&quot;inline-flex items-center justify-center gap-2 whitespace-nowrap text-sm font-medium focus-visible:outline-none focus-visible:ring-1 focus-visible:ring-ring disabled:pointer-events-none disabled:opacity-50 [&amp;amp;_svg]:pointer-events-none [&amp;amp;_svg]:size-4 [&amp;amp;_svg]:shrink-0 bg-gradient-purple-blue-sky shadow hover:opacity-90 p-1 rounded-full text-white w-6 h-6 transition-all duration-200&quot; id=&quot;toggle-upload-btn&quot;&gt;...&lt;/button&gt; is not clickable at point (1620, 12). Other element would receive the click: &lt;nav class=&quot;flex items-center justify-between mb-4 w-[88%] pl-10 pr-8 bg-hard-gray-gradient fixed top-0 right-0 z-50 shadow-md rounded-l-3xl&quot;&gt;...&lt;/nav&gt;
  (Session info: chrome=143.0.7499.40)
Build info: version: '4.25.0', revision: '8a8aea2337'
System info: os.name: 'Linux', os.arch: 'amd64', os.version: '6.8.0-60-generic', java.version: '21.0.9'
Driver info: org.openqa.selenium.chrome.ChromeDriver
Command: [661669fd434e95a1ad48489a07e0e12c, clickElement {id=f.367F07B62BEEB83293DD95D64876198A.d.38C262B60B7F76FB025E1B1E667B4CE1.e.43}]
Capabilities {acceptInsecureCerts: false, browserName: chrome, browserVersion: 143.0.7499.40, chrome: {chromedriverVersion: 143.0.7499.192 (be2c1f4fd45..., userDataDir: /tmp/.org.chromium.Chromium...}, fedcm:accounts: true, goog:chromeOptions: {debuggerAddress: localhost:45589}, goog:processID: 5630, networkConnectionEnabled: false, pageLoadStrategy: normal, platformName: linux, proxy: Proxy(), se:cdp: ws://localhost:45589/devtoo..., se:cdpVersion: 143.0.7499.40, setWindowRect: true, strictFileInteractability: false, timeouts: {implicit: 0, pageLoad: 300000, script: 30000}, unhandledPromptBehavior: dismiss and notify, webauthn:extension:credBlob: true, webauthn:extension:largeBlob: true, webauthn:extension:minPinLength: true, webauthn:extension:prf: true, webauthn:virtualAuthenticators: true}
Element: [[ChromeDriver: chrome on linux (661669fd434e95a1ad48489a07e0e12c)] -&gt; id: toggle-upload-btn]
Session ID: 661669fd434e95a1ad48489a07e0e12c">
<![CDATA[org.openqa.selenium.ElementClickInterceptedException: element click intercepted: Element <button class="inline-flex items-center justify-center gap-2 whitespace-nowrap text-sm font-medium focus-visible:outline-none focus-visible:ring-1 focus-visible:ring-ring disabled:pointer-events-none disabled:opacity-50 [&amp;_svg]:pointer-events-none [&amp;_svg]:size-4 [&amp;_svg]:shrink-0 bg-gradient-purple-blue-sky shadow hover:opacity-90 p-1 rounded-full text-white w-6 h-6 transition-all duration-200" id="toggle-upload-btn">...</button> is not clickable at point (1620, 12). Other element would receive the click: <nav class="flex items-center justify-between mb-4 w-[88%] pl-10 pr-8 bg-hard-gray-gradient fixed top-0 right-0 z-50 shadow-md rounded-l-3xl">...</nav>
  (Session info: chrome=143.0.7499.40)
Build info: version: '4.25.0', revision: '8a8aea2337'
System info: os.name: 'Linux', os.arch: 'amd64', os.version: '6.8.0-60-generic', java.version: '21.0.9'
Driver info: org.openqa.selenium.chrome.ChromeDriver
Command: [661669fd434e95a1ad48489a07e0e12c, clickElement {id=f.367F07B62BEEB83293DD95D64876198A.d.38C262B60B7F76FB025E1B1E667B4CE1.e.43}]
Capabilities {acceptInsecureCerts: false, browserName: chrome, browserVersion: 143.0.7499.40, chrome: {chromedriverVersion: 143.0.7499.192 (be2c1f4fd45..., userDataDir: /tmp/.org.chromium.Chromium...}, fedcm:accounts: true, goog:chromeOptions: {debuggerAddress: localhost:45589}, goog:processID: 5630, networkConnectionEnabled: false, pageLoadStrategy: normal, platformName: linux, proxy: Proxy(), se:cdp: ws://localhost:45589/devtoo..., se:cdpVersion: 143.0.7499.40, setWindowRect: true, strictFileInteractability: false, timeouts: {implicit: 0, pageLoad: 300000, script: 30000}, unhandledPromptBehavior: dismiss and notify, webauthn:extension:credBlob: true, webauthn:extension:largeBlob: true, webauthn:extension:minPinLength: true, webauthn:extension:prf: true, webauthn:virtualAuthenticators: true}
Element: [[ChromeDriver: chrome on linux (661669fd434e95a1ad48489a07e0e12c)] -> id: toggle-upload-btn]
Session ID: 661669fd434e95a1ad48489a07e0e12c
	at java.base/jdk.internal.reflect.DirectConstructorHandleAccessor.newInstance(DirectConstructorHandleAccessor.java:62)
	at java.base/java.lang.reflect.Constructor.newInstanceWithCaller(Constructor.java:502)
	at java.base/java.lang.reflect.Constructor.newInstance(Constructor.java:486)
	at org.openqa.selenium.remote.ErrorCodec.decode(ErrorCodec.java:167)
	at org.openqa.selenium.remote.codec.w3c.W3CHttpResponseCodec.decode(W3CHttpResponseCodec.java:138)
	at org.openqa.selenium.remote.codec.w3c.W3CHttpResponseCodec.decode(W3CHttpResponseCodec.java:50)
	at org.openqa.selenium.remote.HttpCommandExecutor.execute(HttpCommandExecutor.java:190)
	at org.openqa.selenium.remote.service.DriverCommandExecutor.invokeExecute(DriverCommandExecutor.java:216)
	at org.openqa.selenium.remote.service.DriverCommandExecutor.execute(DriverCommandExecutor.java:174)
	at org.openqa.selenium.remote.RemoteWebDriver.execute(RemoteWebDriver.java:545)
	at org.openqa.selenium.remote.RemoteWebElement.execute(RemoteWebElement.java:223)
	at org.openqa.selenium.remote.RemoteWebElement.click(RemoteWebElement.java:76)
	at com.xats.automation.tests.pages.CandidateInDetailViewPage.click(CandidateInDetailViewPage.java:226)
	at com.xats.automation.tests.pages.CandidateInDetailViewPage.canUploadDocument(CandidateInDetailViewPage.java:168)
	at com.xats.automation.tests.stepdefinitions.CandidateInDetailViewSteps.user_uploads_a_document(CandidateInDetailViewSteps.java:41)
	at ✽.user uploads a document for can(file:///runner/_work/automation/automation/src/test/resources/features/07_CandidateInDetailView.feature:28)
]]>
</failure>
<system-out><![CDATA[
Given User is on login page.................................................passed
When User enters username and password from config file.....................passed
And User clicks on login button.............................................passed
Then User should land on dashboard..........................................passed
When user navigates to candidateInDetailView................................passed
And user uploads a document for can.........................................failed
]]></system-out>
</testcase>
<testcase classname="candidateInDetailView" name="Delete the uploaded document" time="24.004">
<failure type="org.openqa.selenium.TimeoutException" message="Expected condition failed: waiting for element to be clickable: By.xpath: /html/body/div[2]/main/div/div[2]/div[5]/div[2]/div/div/div[1]/div[1]/div[2]/button[2] (tried for 10 second(s) with 500 milliseconds interval)
Build info: version: '4.25.0', revision: '8a8aea2337'
System info: os.name: 'Linux', os.arch: 'amd64', os.version: '6.8.0-60-generic', java.version: '21.0.9'
Driver info: org.openqa.selenium.chrome.ChromeDriver
Capabilities {acceptInsecureCerts: false, browserName: chrome, browserVersion: 143.0.7499.40, chrome: {chromedriverVersion: 143.0.7499.192 (be2c1f4fd45..., userDataDir: /tmp/.org.chromium.Chromium...}, fedcm:accounts: true, goog:chromeOptions: {debuggerAddress: localhost:37667}, goog:processID: 5831, networkConnectionEnabled: false, pageLoadStrategy: normal, platformName: linux, proxy: Proxy(), se:cdp: ws://localhost:37667/devtoo..., se:cdpVersion: 143.0.7499.40, setWindowRect: true, strictFileInteractability: false, timeouts: {implicit: 0, pageLoad: 300000, script: 30000}, unhandledPromptBehavior: dismiss and notify, webauthn:extension:credBlob: true, webauthn:extension:largeBlob: true, webauthn:extension:minPinLength: true, webauthn:extension:prf: true, webauthn:virtualAuthenticators: true}
Session ID: 767a47dfa037ba3f6f1b5542d5759440">
<![CDATA[org.openqa.selenium.TimeoutException: Expected condition failed: waiting for element to be clickable: By.xpath: /html/body/div[2]/main/div/div[2]/div[5]/div[2]/div/div/div[1]/div[1]/div[2]/button[2] (tried for 10 second(s) with 500 milliseconds interval)
Build info: version: '4.25.0', revision: '8a8aea2337'
System info: os.name: 'Linux', os.arch: 'amd64', os.version: '6.8.0-60-generic', java.version: '21.0.9'
Driver info: org.openqa.selenium.chrome.ChromeDriver
Capabilities {acceptInsecureCerts: false, browserName: chrome, browserVersion: 143.0.7499.40, chrome: {chromedriverVersion: 143.0.7499.192 (be2c1f4fd45..., userDataDir: /tmp/.org.chromium.Chromium...}, fedcm:accounts: true, goog:chromeOptions: {debuggerAddress: localhost:37667}, goog:processID: 5831, networkConnectionEnabled: false, pageLoadStrategy: normal, platformName: linux, proxy: Proxy(), se:cdp: ws://localhost:37667/devtoo..., se:cdpVersion: 143.0.7499.40, setWindowRect: true, strictFileInteractability: false, timeouts: {implicit: 0, pageLoad: 300000, script: 30000}, unhandledPromptBehavior: dismiss and notify, webauthn:extension:credBlob: true, webauthn:extension:largeBlob: true, webauthn:extension:minPinLength: true, webauthn:extension:prf: true, webauthn:virtualAuthenticators: true}
Session ID: 767a47dfa037ba3f6f1b5542d5759440
	at org.openqa.selenium.support.ui.WebDriverWait.timeoutException(WebDriverWait.java:84)
	at org.openqa.selenium.support.ui.FluentWait.until(FluentWait.java:228)
	at com.xats.automation.tests.pages.CandidateInDetailViewPage.canDeleteDocument(CandidateInDetailViewPage.java:189)
	at com.xats.automation.tests.stepdefinitions.CandidateInDetailViewSteps.user_deletes_the_document(CandidateInDetailViewSteps.java:47)
	at ✽.user deletes the document for can(file:///runner/_work/automation/automation/src/test/resources/features/07_CandidateInDetailView.feature:32)
]]>
</failure>
<system-out><![CDATA[
Given User is on login page.................................................passed
When User enters username and password from config file.....................passed
And User clicks on login button.............................................passed
Then User should land on dashboard..........................................passed
When user navigates to candidateInDetailView................................passed
And user deletes the document for can.......................................failed
]]></system-out>
</testcase>
<testcase classname="candidateInDetailView" name="Create a Task" time="13.781">
<failure type="org.openqa.selenium.ElementClickInterceptedException" message="element click intercepted: Element &lt;button class=&quot;inline-flex items-center justify-center gap-2 whitespace-nowrap text-sm font-medium transition-colors focus-visible:outline-none focus-visible:ring-1 focus-visible:ring-ring disabled:pointer-events-none disabled:opacity-50 [&amp;amp;_svg]:pointer-events-none [&amp;amp;_svg]:size-4 [&amp;amp;_svg]:shrink-0 hover:bg-accent hover:text-accent-foreground p-1 rounded-full bg-gradient-purple-blue-sky text-white w-6 h-6&quot; type=&quot;button&quot; aria-haspopup=&quot;dialog&quot; aria-expanded=&quot;false&quot; aria-controls=&quot;radix-:rk:&quot; data-state=&quot;closed&quot;&gt;...&lt;/button&gt; is not clickable at point (1620, 19). Other element would receive the click: &lt;nav class=&quot;flex items-center justify-between mb-4 w-[88%] pl-10 pr-8 bg-hard-gray-gradient fixed top-0 right-0 z-50 shadow-md rounded-l-3xl&quot;&gt;...&lt;/nav&gt;
  (Session info: chrome=143.0.7499.40)
Build info: version: '4.25.0', revision: '8a8aea2337'
System info: os.name: 'Linux', os.arch: 'amd64', os.version: '6.8.0-60-generic', java.version: '21.0.9'
Driver info: org.openqa.selenium.chrome.ChromeDriver
Command: [38610f0656c4fbacc29973963c17d29b, clickElement {id=f.16C9EC12894DCFA844B20B281AD6F2A2.d.74A83B91C1F639A2DD081122F15B2D33.e.43}]
Capabilities {acceptInsecureCerts: false, browserName: chrome, browserVersion: 143.0.7499.40, chrome: {chromedriverVersion: 143.0.7499.192 (be2c1f4fd45..., userDataDir: /tmp/.org.chromium.Chromium...}, fedcm:accounts: true, goog:chromeOptions: {debuggerAddress: localhost:32949}, goog:processID: 6038, networkConnectionEnabled: false, pageLoadStrategy: normal, platformName: linux, proxy: Proxy(), se:cdp: ws://localhost:32949/devtoo..., se:cdpVersion: 143.0.7499.40, setWindowRect: true, strictFileInteractability: false, timeouts: {implicit: 0, pageLoad: 300000, script: 30000}, unhandledPromptBehavior: dismiss and notify, webauthn:extension:credBlob: true, webauthn:extension:largeBlob: true, webauthn:extension:minPinLength: true, webauthn:extension:prf: true, webauthn:virtualAuthenticators: true}
Element: [[ChromeDriver: chrome on linux (38610f0656c4fbacc29973963c17d29b)] -&gt; xpath: /html/body/div[2]/main/div/div[2]/div[6]/div[1]/div[2]/button[2]]
Session ID: 38610f0656c4fbacc29973963c17d29b">
<![CDATA[org.openqa.selenium.ElementClickInterceptedException: element click intercepted: Element <button class="inline-flex items-center justify-center gap-2 whitespace-nowrap text-sm font-medium transition-colors focus-visible:outline-none focus-visible:ring-1 focus-visible:ring-ring disabled:pointer-events-none disabled:opacity-50 [&amp;_svg]:pointer-events-none [&amp;_svg]:size-4 [&amp;_svg]:shrink-0 hover:bg-accent hover:text-accent-foreground p-1 rounded-full bg-gradient-purple-blue-sky text-white w-6 h-6" type="button" aria-haspopup="dialog" aria-expanded="false" aria-controls="radix-:rk:" data-state="closed">...</button> is not clickable at point (1620, 19). Other element would receive the click: <nav class="flex items-center justify-between mb-4 w-[88%] pl-10 pr-8 bg-hard-gray-gradient fixed top-0 right-0 z-50 shadow-md rounded-l-3xl">...</nav>
  (Session info: chrome=143.0.7499.40)
Build info: version: '4.25.0', revision: '8a8aea2337'
System info: os.name: 'Linux', os.arch: 'amd64', os.version: '6.8.0-60-generic', java.version: '21.0.9'
Driver info: org.openqa.selenium.chrome.ChromeDriver
Command: [38610f0656c4fbacc29973963c17d29b, clickElement {id=f.16C9EC12894DCFA844B20B281AD6F2A2.d.74A83B91C1F639A2DD081122F15B2D33.e.43}]
Capabilities {acceptInsecureCerts: false, browserName: chrome, browserVersion: 143.0.7499.40, chrome: {chromedriverVersion: 143.0.7499.192 (be2c1f4fd45..., userDataDir: /tmp/.org.chromium.Chromium...}, fedcm:accounts: true, goog:chromeOptions: {debuggerAddress: localhost:32949}, goog:processID: 6038, networkConnectionEnabled: false, pageLoadStrategy: normal, platformName: linux, proxy: Proxy(), se:cdp: ws://localhost:32949/devtoo..., se:cdpVersion: 143.0.7499.40, setWindowRect: true, strictFileInteractability: false, timeouts: {implicit: 0, pageLoad: 300000, script: 30000}, unhandledPromptBehavior: dismiss and notify, webauthn:extension:credBlob: true, webauthn:extension:largeBlob: true, webauthn:extension:minPinLength: true, webauthn:extension:prf: true, webauthn:virtualAuthenticators: true}
Element: [[ChromeDriver: chrome on linux (38610f0656c4fbacc29973963c17d29b)] -> xpath: /html/body/div[2]/main/div/div[2]/div[6]/div[1]/div[2]/button[2]]
Session ID: 38610f0656c4fbacc29973963c17d29b
	at java.base/jdk.internal.reflect.DirectConstructorHandleAccessor.newInstance(DirectConstructorHandleAccessor.java:62)
	at java.base/java.lang.reflect.Constructor.newInstanceWithCaller(Constructor.java:502)
	at java.base/java.lang.reflect.Constructor.newInstance(Constructor.java:486)
	at org.openqa.selenium.remote.ErrorCodec.decode(ErrorCodec.java:167)
	at org.openqa.selenium.remote.codec.w3c.W3CHttpResponseCodec.decode(W3CHttpResponseCodec.java:138)
	at org.openqa.selenium.remote.codec.w3c.W3CHttpResponseCodec.decode(W3CHttpResponseCodec.java:50)
	at org.openqa.selenium.remote.HttpCommandExecutor.execute(HttpCommandExecutor.java:190)
	at org.openqa.selenium.remote.service.DriverCommandExecutor.invokeExecute(DriverCommandExecutor.java:216)
	at org.openqa.selenium.remote.service.DriverCommandExecutor.execute(DriverCommandExecutor.java:174)
	at org.openqa.selenium.remote.RemoteWebDriver.execute(RemoteWebDriver.java:545)
	at org.openqa.selenium.remote.RemoteWebElement.execute(RemoteWebElement.java:223)
	at org.openqa.selenium.remote.RemoteWebElement.click(RemoteWebElement.java:76)
	at com.xats.automation.tests.pages.CandidateInDetailViewPage.canTaskCreation(CandidateInDetailViewPage.java:207)
	at com.xats.automation.tests.stepdefinitions.CandidateInDetailViewSteps.user_create_a_task(CandidateInDetailViewSteps.java:52)
	at ✽.user create a task for can(file:///runner/_work/automation/automation/src/test/resources/features/07_CandidateInDetailView.feature:36)
]]>
</failure>
<system-out><![CDATA[
Given User is on login page.................................................passed
When User enters username and password from config file.....................passed
And User clicks on login button.............................................passed
Then User should land on dashboard..........................................passed
When user navigates to candidateInDetailView................................passed
When user create a task for can.............................................failed
]]></system-out>
</testcase>
<testcase classname="Submission page" name="Navigate to submission page" time="10.838">
<failure type="org.openqa.selenium.StaleElementReferenceException" message="stale element reference: stale element not found in the current frame
  (Session info: chrome=143.0.7499.40)
For documentation on this error, please visit: https://www.selenium.dev/documentation/webdriver/troubleshooting/errors#stale-element-reference-exception
Build info: version: '4.25.0', revision: '8a8aea2337'
System info: os.name: 'Linux', os.arch: 'amd64', os.version: '6.8.0-60-generic', java.version: '21.0.9'
Driver info: org.openqa.selenium.chrome.ChromeDriver
Command: [413bd5bec6dd0f3e6d23ae82afa66327, clickElement {id=f.981F2F9B7CA521D42C059C7F6A681FF0.d.8046FD0530B2795A855AFB1DB9A7368A.e.47}]
Capabilities {acceptInsecureCerts: false, browserName: chrome, browserVersion: 143.0.7499.40, chrome: {chromedriverVersion: 143.0.7499.192 (be2c1f4fd45..., userDataDir: /tmp/.org.chromium.Chromium...}, fedcm:accounts: true, goog:chromeOptions: {debuggerAddress: localhost:41865}, goog:processID: 6246, networkConnectionEnabled: false, pageLoadStrategy: normal, platformName: linux, proxy: Proxy(), se:cdp: ws://localhost:41865/devtoo..., se:cdpVersion: 143.0.7499.40, setWindowRect: true, strictFileInteractability: false, timeouts: {implicit: 0, pageLoad: 300000, script: 30000}, unhandledPromptBehavior: dismiss and notify, webauthn:extension:credBlob: true, webauthn:extension:largeBlob: true, webauthn:extension:minPinLength: true, webauthn:extension:prf: true, webauthn:virtualAuthenticators: true}
Element: [[ChromeDriver: chrome on linux (413bd5bec6dd0f3e6d23ae82afa66327)] -&gt; xpath: /html/body/div[2]/main/div/div/div[4]/div[2]/div[2]/div[1]/a/span]
Session ID: 413bd5bec6dd0f3e6d23ae82afa66327">
<![CDATA[org.openqa.selenium.StaleElementReferenceException: stale element reference: stale element not found in the current frame
  (Session info: chrome=143.0.7499.40)
For documentation on this error, please visit: https://www.selenium.dev/documentation/webdriver/troubleshooting/errors#stale-element-reference-exception
Build info: version: '4.25.0', revision: '8a8aea2337'
System info: os.name: 'Linux', os.arch: 'amd64', os.version: '6.8.0-60-generic', java.version: '21.0.9'
Driver info: org.openqa.selenium.chrome.ChromeDriver
Command: [413bd5bec6dd0f3e6d23ae82afa66327, clickElement {id=f.981F2F9B7CA521D42C059C7F6A681FF0.d.8046FD0530B2795A855AFB1DB9A7368A.e.47}]
Capabilities {acceptInsecureCerts: false, browserName: chrome, browserVersion: 143.0.7499.40, chrome: {chromedriverVersion: 143.0.7499.192 (be2c1f4fd45..., userDataDir: /tmp/.org.chromium.Chromium...}, fedcm:accounts: true, goog:chromeOptions: {debuggerAddress: localhost:41865}, goog:processID: 6246, networkConnectionEnabled: false, pageLoadStrategy: normal, platformName: linux, proxy: Proxy(), se:cdp: ws://localhost:41865/devtoo..., se:cdpVersion: 143.0.7499.40, setWindowRect: true, strictFileInteractability: false, timeouts: {implicit: 0, pageLoad: 300000, script: 30000}, unhandledPromptBehavior: dismiss and notify, webauthn:extension:credBlob: true, webauthn:extension:largeBlob: true, webauthn:extension:minPinLength: true, webauthn:extension:prf: true, webauthn:virtualAuthenticators: true}
Element: [[ChromeDriver: chrome on linux (413bd5bec6dd0f3e6d23ae82afa66327)] -> xpath: /html/body/div[2]/main/div/div/div[4]/div[2]/div[2]/div[1]/a/span]
Session ID: 413bd5bec6dd0f3e6d23ae82afa66327
	at java.base/jdk.internal.reflect.DirectConstructorHandleAccessor.newInstance(DirectConstructorHandleAccessor.java:62)
	at java.base/java.lang.reflect.Constructor.newInstanceWithCaller(Constructor.java:502)
	at java.base/java.lang.reflect.Constructor.newInstance(Constructor.java:486)
	at org.openqa.selenium.remote.ErrorCodec.decode(ErrorCodec.java:167)
	at org.openqa.selenium.remote.codec.w3c.W3CHttpResponseCodec.decode(W3CHttpResponseCodec.java:138)
	at org.openqa.selenium.remote.codec.w3c.W3CHttpResponseCodec.decode(W3CHttpResponseCodec.java:50)
	at org.openqa.selenium.remote.HttpCommandExecutor.execute(HttpCommandExecutor.java:190)
	at org.openqa.selenium.remote.service.DriverCommandExecutor.invokeExecute(DriverCommandExecutor.java:216)
	at org.openqa.selenium.remote.service.DriverCommandExecutor.execute(DriverCommandExecutor.java:174)
	at org.openqa.selenium.remote.RemoteWebDriver.execute(RemoteWebDriver.java:545)
	at org.openqa.selenium.remote.RemoteWebElement.execute(RemoteWebElement.java:223)
	at org.openqa.selenium.remote.RemoteWebElement.click(RemoteWebElement.java:76)
	at com.xats.automation.tests.pages.CandidateSubmissionPage.submissionId(CandidateSubmissionPage.java:67)
	at com.xats.automation.tests.stepdefinitions.CandidateSubmissionSteps.user_navigates_to_submission_page(CandidateSubmissionSteps.java:17)
	at ✽.user navigates submission page(file:///runner/_work/automation/automation/src/test/resources/features/08_CandidateSubmission.feature:12)
]]>
</failure>
<system-out><![CDATA[
Given User is on login page.................................................passed
When User enters username and password from config file.....................passed
And User clicks on login button.............................................passed
When user navigates to job detail view......................................passed
When user navigates submission page.........................................failed
]]></system-out>
</testcase>
<testcase classname="Submission page" name="Add a new note" time="10.853">
<failure type="org.openqa.selenium.StaleElementReferenceException" message="stale element reference: stale element not found in the current frame
  (Session info: chrome=143.0.7499.40)
For documentation on this error, please visit: https://www.selenium.dev/documentation/webdriver/troubleshooting/errors#stale-element-reference-exception
Build info: version: '4.25.0', revision: '8a8aea2337'
System info: os.name: 'Linux', os.arch: 'amd64', os.version: '6.8.0-60-generic', java.version: '21.0.9'
Driver info: org.openqa.selenium.chrome.ChromeDriver
Command: [eec28ec2208b2e470228d672f48ca781, clickElement {id=f.9C7E84031A60E90A8B5CDB250BB0F6D0.d.2877D3C7C9B82DD0F94091D020F81C5F.e.49}]
Capabilities {acceptInsecureCerts: false, browserName: chrome, browserVersion: 143.0.7499.40, chrome: {chromedriverVersion: 143.0.7499.192 (be2c1f4fd45..., userDataDir: /tmp/.org.chromium.Chromium...}, fedcm:accounts: true, goog:chromeOptions: {debuggerAddress: localhost:33563}, goog:processID: 6388, networkConnectionEnabled: false, pageLoadStrategy: normal, platformName: linux, proxy: Proxy(), se:cdp: ws://localhost:33563/devtoo..., se:cdpVersion: 143.0.7499.40, setWindowRect: true, strictFileInteractability: false, timeouts: {implicit: 0, pageLoad: 300000, script: 30000}, unhandledPromptBehavior: dismiss and notify, webauthn:extension:credBlob: true, webauthn:extension:largeBlob: true, webauthn:extension:minPinLength: true, webauthn:extension:prf: true, webauthn:virtualAuthenticators: true}
Element: [[ChromeDriver: chrome on linux (eec28ec2208b2e470228d672f48ca781)] -&gt; xpath: /html/body/div[2]/main/div/div/div[4]/div[2]/div[2]/div[1]/a/span]
Session ID: eec28ec2208b2e470228d672f48ca781">
<![CDATA[org.openqa.selenium.StaleElementReferenceException: stale element reference: stale element not found in the current frame
  (Session info: chrome=143.0.7499.40)
For documentation on this error, please visit: https://www.selenium.dev/documentation/webdriver/troubleshooting/errors#stale-element-reference-exception
Build info: version: '4.25.0', revision: '8a8aea2337'
System info: os.name: 'Linux', os.arch: 'amd64', os.version: '6.8.0-60-generic', java.version: '21.0.9'
Driver info: org.openqa.selenium.chrome.ChromeDriver
Command: [eec28ec2208b2e470228d672f48ca781, clickElement {id=f.9C7E84031A60E90A8B5CDB250BB0F6D0.d.2877D3C7C9B82DD0F94091D020F81C5F.e.49}]
Capabilities {acceptInsecureCerts: false, browserName: chrome, browserVersion: 143.0.7499.40, chrome: {chromedriverVersion: 143.0.7499.192 (be2c1f4fd45..., userDataDir: /tmp/.org.chromium.Chromium...}, fedcm:accounts: true, goog:chromeOptions: {debuggerAddress: localhost:33563}, goog:processID: 6388, networkConnectionEnabled: false, pageLoadStrategy: normal, platformName: linux, proxy: Proxy(), se:cdp: ws://localhost:33563/devtoo..., se:cdpVersion: 143.0.7499.40, setWindowRect: true, strictFileInteractability: false, timeouts: {implicit: 0, pageLoad: 300000, script: 30000}, unhandledPromptBehavior: dismiss and notify, webauthn:extension:credBlob: true, webauthn:extension:largeBlob: true, webauthn:extension:minPinLength: true, webauthn:extension:prf: true, webauthn:virtualAuthenticators: true}
Element: [[ChromeDriver: chrome on linux (eec28ec2208b2e470228d672f48ca781)] -> xpath: /html/body/div[2]/main/div/div/div[4]/div[2]/div[2]/div[1]/a/span]
Session ID: eec28ec2208b2e470228d672f48ca781
	at java.base/jdk.internal.reflect.DirectConstructorHandleAccessor.newInstance(DirectConstructorHandleAccessor.java:62)
	at java.base/java.lang.reflect.Constructor.newInstanceWithCaller(Constructor.java:502)
	at java.base/java.lang.reflect.Constructor.newInstance(Constructor.java:486)
	at org.openqa.selenium.remote.ErrorCodec.decode(ErrorCodec.java:167)
	at org.openqa.selenium.remote.codec.w3c.W3CHttpResponseCodec.decode(W3CHttpResponseCodec.java:138)
	at org.openqa.selenium.remote.codec.w3c.W3CHttpResponseCodec.decode(W3CHttpResponseCodec.java:50)
	at org.openqa.selenium.remote.HttpCommandExecutor.execute(HttpCommandExecutor.java:190)
	at org.openqa.selenium.remote.service.DriverCommandExecutor.invokeExecute(DriverCommandExecutor.java:216)
	at org.openqa.selenium.remote.service.DriverCommandExecutor.execute(DriverCommandExecutor.java:174)
	at org.openqa.selenium.remote.RemoteWebDriver.execute(RemoteWebDriver.java:545)
	at org.openqa.selenium.remote.RemoteWebElement.execute(RemoteWebElement.java:223)
	at org.openqa.selenium.remote.RemoteWebElement.click(RemoteWebElement.java:76)
	at com.xats.automation.tests.pages.CandidateSubmissionPage.submissionId(CandidateSubmissionPage.java:67)
	at com.xats.automation.tests.stepdefinitions.CandidateSubmissionSteps.user_navigates_to_submission_page(CandidateSubmissionSteps.java:17)
	at ✽.user navigates submission page(file:///runner/_work/automation/automation/src/test/resources/features/08_CandidateSubmission.feature:17)
]]>
</failure>
<system-out><![CDATA[
Given User is on login page.................................................passed
When User enters username and password from config file.....................passed
And User clicks on login button.............................................passed
When user navigates to job detail view......................................passed
When user navigates submission page.........................................failed
And user adds a note in submission..........................................skipped
]]></system-out>
</testcase>
<testcase classname="Submission page" name="Edit the existing note" time="10.789">
<failure type="org.openqa.selenium.StaleElementReferenceException" message="stale element reference: stale element not found in the current frame
  (Session info: chrome=143.0.7499.40)
For documentation on this error, please visit: https://www.selenium.dev/documentation/webdriver/troubleshooting/errors#stale-element-reference-exception
Build info: version: '4.25.0', revision: '8a8aea2337'
System info: os.name: 'Linux', os.arch: 'amd64', os.version: '6.8.0-60-generic', java.version: '21.0.9'
Driver info: org.openqa.selenium.chrome.ChromeDriver
Command: [27114ee7d802c9eaac54dc5c45d7b3b9, clickElement {id=f.E0D71142BD318A1DB6896F6EA294B3D5.d.AE6B22117191732A173AAD447BE5EF9E.e.47}]
Capabilities {acceptInsecureCerts: false, browserName: chrome, browserVersion: 143.0.7499.40, chrome: {chromedriverVersion: 143.0.7499.192 (be2c1f4fd45..., userDataDir: /tmp/.org.chromium.Chromium...}, fedcm:accounts: true, goog:chromeOptions: {debuggerAddress: localhost:39315}, goog:processID: 6531, networkConnectionEnabled: false, pageLoadStrategy: normal, platformName: linux, proxy: Proxy(), se:cdp: ws://localhost:39315/devtoo..., se:cdpVersion: 143.0.7499.40, setWindowRect: true, strictFileInteractability: false, timeouts: {implicit: 0, pageLoad: 300000, script: 30000}, unhandledPromptBehavior: dismiss and notify, webauthn:extension:credBlob: true, webauthn:extension:largeBlob: true, webauthn:extension:minPinLength: true, webauthn:extension:prf: true, webauthn:virtualAuthenticators: true}
Element: [[ChromeDriver: chrome on linux (27114ee7d802c9eaac54dc5c45d7b3b9)] -&gt; xpath: /html/body/div[2]/main/div/div/div[4]/div[2]/div[2]/div[1]/a/span]
Session ID: 27114ee7d802c9eaac54dc5c45d7b3b9">
<![CDATA[org.openqa.selenium.StaleElementReferenceException: stale element reference: stale element not found in the current frame
  (Session info: chrome=143.0.7499.40)
For documentation on this error, please visit: https://www.selenium.dev/documentation/webdriver/troubleshooting/errors#stale-element-reference-exception
Build info: version: '4.25.0', revision: '8a8aea2337'
System info: os.name: 'Linux', os.arch: 'amd64', os.version: '6.8.0-60-generic', java.version: '21.0.9'
Driver info: org.openqa.selenium.chrome.ChromeDriver
Command: [27114ee7d802c9eaac54dc5c45d7b3b9, clickElement {id=f.E0D71142BD318A1DB6896F6EA294B3D5.d.AE6B22117191732A173AAD447BE5EF9E.e.47}]
Capabilities {acceptInsecureCerts: false, browserName: chrome, browserVersion: 143.0.7499.40, chrome: {chromedriverVersion: 143.0.7499.192 (be2c1f4fd45..., userDataDir: /tmp/.org.chromium.Chromium...}, fedcm:accounts: true, goog:chromeOptions: {debuggerAddress: localhost:39315}, goog:processID: 6531, networkConnectionEnabled: false, pageLoadStrategy: normal, platformName: linux, proxy: Proxy(), se:cdp: ws://localhost:39315/devtoo..., se:cdpVersion: 143.0.7499.40, setWindowRect: true, strictFileInteractability: false, timeouts: {implicit: 0, pageLoad: 300000, script: 30000}, unhandledPromptBehavior: dismiss and notify, webauthn:extension:credBlob: true, webauthn:extension:largeBlob: true, webauthn:extension:minPinLength: true, webauthn:extension:prf: true, webauthn:virtualAuthenticators: true}
Element: [[ChromeDriver: chrome on linux (27114ee7d802c9eaac54dc5c45d7b3b9)] -> xpath: /html/body/div[2]/main/div/div/div[4]/div[2]/div[2]/div[1]/a/span]
Session ID: 27114ee7d802c9eaac54dc5c45d7b3b9
	at java.base/jdk.internal.reflect.DirectConstructorHandleAccessor.newInstance(DirectConstructorHandleAccessor.java:62)
	at java.base/java.lang.reflect.Constructor.newInstanceWithCaller(Constructor.java:502)
	at java.base/java.lang.reflect.Constructor.newInstance(Constructor.java:486)
	at org.openqa.selenium.remote.ErrorCodec.decode(ErrorCodec.java:167)
	at org.openqa.selenium.remote.codec.w3c.W3CHttpResponseCodec.decode(W3CHttpResponseCodec.java:138)
	at org.openqa.selenium.remote.codec.w3c.W3CHttpResponseCodec.decode(W3CHttpResponseCodec.java:50)
	at org.openqa.selenium.remote.HttpCommandExecutor.execute(HttpCommandExecutor.java:190)
	at org.openqa.selenium.remote.service.DriverCommandExecutor.invokeExecute(DriverCommandExecutor.java:216)
	at org.openqa.selenium.remote.service.DriverCommandExecutor.execute(DriverCommandExecutor.java:174)
	at org.openqa.selenium.remote.RemoteWebDriver.execute(RemoteWebDriver.java:545)
	at org.openqa.selenium.remote.RemoteWebElement.execute(RemoteWebElement.java:223)
	at org.openqa.selenium.remote.RemoteWebElement.click(RemoteWebElement.java:76)
	at com.xats.automation.tests.pages.CandidateSubmissionPage.submissionId(CandidateSubmissionPage.java:67)
	at com.xats.automation.tests.stepdefinitions.CandidateSubmissionSteps.user_navigates_to_submission_page(CandidateSubmissionSteps.java:17)
	at ✽.user navigates submission page(file:///runner/_work/automation/automation/src/test/resources/features/08_CandidateSubmission.feature:23)
]]>
</failure>
<system-out><![CDATA[
Given User is on login page.................................................passed
When User enters username and password from config file.....................passed
And User clicks on login button.............................................passed
When user navigates to job detail view......................................passed
When user navigates submission page.........................................failed
And user edits the note in submission.......................................skipped
]]></system-out>
</testcase>
<testcase classname="Submission page" name="Pin the note" time="10.82">
<failure type="org.openqa.selenium.StaleElementReferenceException" message="stale element reference: stale element not found in the current frame
  (Session info: chrome=143.0.7499.40)
For documentation on this error, please visit: https://www.selenium.dev/documentation/webdriver/troubleshooting/errors#stale-element-reference-exception
Build info: version: '4.25.0', revision: '8a8aea2337'
System info: os.name: 'Linux', os.arch: 'amd64', os.version: '6.8.0-60-generic', java.version: '21.0.9'
Driver info: org.openqa.selenium.chrome.ChromeDriver
Command: [09e593814874e81205dd28b41753d43e, clickElement {id=f.79E40E2F04D04711C285240660D17363.d.8A4C7FAC2C5A39DCE5B612F5FF284FF6.e.49}]
Capabilities {acceptInsecureCerts: false, browserName: chrome, browserVersion: 143.0.7499.40, chrome: {chromedriverVersion: 143.0.7499.192 (be2c1f4fd45..., userDataDir: /tmp/.org.chromium.Chromium...}, fedcm:accounts: true, goog:chromeOptions: {debuggerAddress: localhost:34255}, goog:processID: 6675, networkConnectionEnabled: false, pageLoadStrategy: normal, platformName: linux, proxy: Proxy(), se:cdp: ws://localhost:34255/devtoo..., se:cdpVersion: 143.0.7499.40, setWindowRect: true, strictFileInteractability: false, timeouts: {implicit: 0, pageLoad: 300000, script: 30000}, unhandledPromptBehavior: dismiss and notify, webauthn:extension:credBlob: true, webauthn:extension:largeBlob: true, webauthn:extension:minPinLength: true, webauthn:extension:prf: true, webauthn:virtualAuthenticators: true}
Element: [[ChromeDriver: chrome on linux (09e593814874e81205dd28b41753d43e)] -&gt; xpath: /html/body/div[2]/main/div/div/div[4]/div[2]/div[2]/div[1]/a/span]
Session ID: 09e593814874e81205dd28b41753d43e">
<![CDATA[org.openqa.selenium.StaleElementReferenceException: stale element reference: stale element not found in the current frame
  (Session info: chrome=143.0.7499.40)
For documentation on this error, please visit: https://www.selenium.dev/documentation/webdriver/troubleshooting/errors#stale-element-reference-exception
Build info: version: '4.25.0', revision: '8a8aea2337'
System info: os.name: 'Linux', os.arch: 'amd64', os.version: '6.8.0-60-generic', java.version: '21.0.9'
Driver info: org.openqa.selenium.chrome.ChromeDriver
Command: [09e593814874e81205dd28b41753d43e, clickElement {id=f.79E40E2F04D04711C285240660D17363.d.8A4C7FAC2C5A39DCE5B612F5FF284FF6.e.49}]
Capabilities {acceptInsecureCerts: false, browserName: chrome, browserVersion: 143.0.7499.40, chrome: {chromedriverVersion: 143.0.7499.192 (be2c1f4fd45..., userDataDir: /tmp/.org.chromium.Chromium...}, fedcm:accounts: true, goog:chromeOptions: {debuggerAddress: localhost:34255}, goog:processID: 6675, networkConnectionEnabled: false, pageLoadStrategy: normal, platformName: linux, proxy: Proxy(), se:cdp: ws://localhost:34255/devtoo..., se:cdpVersion: 143.0.7499.40, setWindowRect: true, strictFileInteractability: false, timeouts: {implicit: 0, pageLoad: 300000, script: 30000}, unhandledPromptBehavior: dismiss and notify, webauthn:extension:credBlob: true, webauthn:extension:largeBlob: true, webauthn:extension:minPinLength: true, webauthn:extension:prf: true, webauthn:virtualAuthenticators: true}
Element: [[ChromeDriver: chrome on linux (09e593814874e81205dd28b41753d43e)] -> xpath: /html/body/div[2]/main/div/div/div[4]/div[2]/div[2]/div[1]/a/span]
Session ID: 09e593814874e81205dd28b41753d43e
	at java.base/jdk.internal.reflect.DirectConstructorHandleAccessor.newInstance(DirectConstructorHandleAccessor.java:62)
	at java.base/java.lang.reflect.Constructor.newInstanceWithCaller(Constructor.java:502)
	at java.base/java.lang.reflect.Constructor.newInstance(Constructor.java:486)
	at org.openqa.selenium.remote.ErrorCodec.decode(ErrorCodec.java:167)
	at org.openqa.selenium.remote.codec.w3c.W3CHttpResponseCodec.decode(W3CHttpResponseCodec.java:138)
	at org.openqa.selenium.remote.codec.w3c.W3CHttpResponseCodec.decode(W3CHttpResponseCodec.java:50)
	at org.openqa.selenium.remote.HttpCommandExecutor.execute(HttpCommandExecutor.java:190)
	at org.openqa.selenium.remote.service.DriverCommandExecutor.invokeExecute(DriverCommandExecutor.java:216)
	at org.openqa.selenium.remote.service.DriverCommandExecutor.execute(DriverCommandExecutor.java:174)
	at org.openqa.selenium.remote.RemoteWebDriver.execute(RemoteWebDriver.java:545)
	at org.openqa.selenium.remote.RemoteWebElement.execute(RemoteWebElement.java:223)
	at org.openqa.selenium.remote.RemoteWebElement.click(RemoteWebElement.java:76)
	at com.xats.automation.tests.pages.CandidateSubmissionPage.submissionId(CandidateSubmissionPage.java:67)
	at com.xats.automation.tests.stepdefinitions.CandidateSubmissionSteps.user_navigates_to_submission_page(CandidateSubmissionSteps.java:17)
	at ✽.user navigates submission page(file:///runner/_work/automation/automation/src/test/resources/features/08_CandidateSubmission.feature:29)
]]>
</failure>
<system-out><![CDATA[
Given User is on login page.................................................passed
When User enters username and password from config file.....................passed
And User clicks on login button.............................................passed
When user navigates to job detail view......................................passed
When user navigates submission page.........................................failed
And user pins the note in submission........................................skipped
]]></system-out>
</testcase>
<testcase classname="Submission page" name="Delete the note" time="10.362">
<failure type="org.openqa.selenium.StaleElementReferenceException" message="stale element reference: stale element not found in the current frame
  (Session info: chrome=143.0.7499.40)
For documentation on this error, please visit: https://www.selenium.dev/documentation/webdriver/troubleshooting/errors#stale-element-reference-exception
Build info: version: '4.25.0', revision: '8a8aea2337'
System info: os.name: 'Linux', os.arch: 'amd64', os.version: '6.8.0-60-generic', java.version: '21.0.9'
Driver info: org.openqa.selenium.chrome.ChromeDriver
Command: [6f2c441bf25cb000c10ebbde3bc2e00e, clickElement {id=f.FFA1C879C85EDB04FED0D772D06B4283.d.13E2D82DD78F1372163F165A94B948CB.e.46}]
Capabilities {acceptInsecureCerts: false, browserName: chrome, browserVersion: 143.0.7499.40, chrome: {chromedriverVersion: 143.0.7499.192 (be2c1f4fd45..., userDataDir: /tmp/.org.chromium.Chromium...}, fedcm:accounts: true, goog:chromeOptions: {debuggerAddress: localhost:33447}, goog:processID: 6818, networkConnectionEnabled: false, pageLoadStrategy: normal, platformName: linux, proxy: Proxy(), se:cdp: ws://localhost:33447/devtoo..., se:cdpVersion: 143.0.7499.40, setWindowRect: true, strictFileInteractability: false, timeouts: {implicit: 0, pageLoad: 300000, script: 30000}, unhandledPromptBehavior: dismiss and notify, webauthn:extension:credBlob: true, webauthn:extension:largeBlob: true, webauthn:extension:minPinLength: true, webauthn:extension:prf: true, webauthn:virtualAuthenticators: true}
Element: [[ChromeDriver: chrome on linux (6f2c441bf25cb000c10ebbde3bc2e00e)] -&gt; xpath: /html/body/div[2]/main/div/div/div[4]/div[2]/div[2]/div[1]/a/span]
Session ID: 6f2c441bf25cb000c10ebbde3bc2e00e">
<![CDATA[org.openqa.selenium.StaleElementReferenceException: stale element reference: stale element not found in the current frame
  (Session info: chrome=143.0.7499.40)
For documentation on this error, please visit: https://www.selenium.dev/documentation/webdriver/troubleshooting/errors#stale-element-reference-exception
Build info: version: '4.25.0', revision: '8a8aea2337'
System info: os.name: 'Linux', os.arch: 'amd64', os.version: '6.8.0-60-generic', java.version: '21.0.9'
Driver info: org.openqa.selenium.chrome.ChromeDriver
Command: [6f2c441bf25cb000c10ebbde3bc2e00e, clickElement {id=f.FFA1C879C85EDB04FED0D772D06B4283.d.13E2D82DD78F1372163F165A94B948CB.e.46}]
Capabilities {acceptInsecureCerts: false, browserName: chrome, browserVersion: 143.0.7499.40, chrome: {chromedriverVersion: 143.0.7499.192 (be2c1f4fd45..., userDataDir: /tmp/.org.chromium.Chromium...}, fedcm:accounts: true, goog:chromeOptions: {debuggerAddress: localhost:33447}, goog:processID: 6818, networkConnectionEnabled: false, pageLoadStrategy: normal, platformName: linux, proxy: Proxy(), se:cdp: ws://localhost:33447/devtoo..., se:cdpVersion: 143.0.7499.40, setWindowRect: true, strictFileInteractability: false, timeouts: {implicit: 0, pageLoad: 300000, script: 30000}, unhandledPromptBehavior: dismiss and notify, webauthn:extension:credBlob: true, webauthn:extension:largeBlob: true, webauthn:extension:minPinLength: true, webauthn:extension:prf: true, webauthn:virtualAuthenticators: true}
Element: [[ChromeDriver: chrome on linux (6f2c441bf25cb000c10ebbde3bc2e00e)] -> xpath: /html/body/div[2]/main/div/div/div[4]/div[2]/div[2]/div[1]/a/span]
Session ID: 6f2c441bf25cb000c10ebbde3bc2e00e
	at java.base/jdk.internal.reflect.DirectConstructorHandleAccessor.newInstance(DirectConstructorHandleAccessor.java:62)
	at java.base/java.lang.reflect.Constructor.newInstanceWithCaller(Constructor.java:502)
	at java.base/java.lang.reflect.Constructor.newInstance(Constructor.java:486)
	at org.openqa.selenium.remote.ErrorCodec.decode(ErrorCodec.java:167)
	at org.openqa.selenium.remote.codec.w3c.W3CHttpResponseCodec.decode(W3CHttpResponseCodec.java:138)
	at org.openqa.selenium.remote.codec.w3c.W3CHttpResponseCodec.decode(W3CHttpResponseCodec.java:50)
	at org.openqa.selenium.remote.HttpCommandExecutor.execute(HttpCommandExecutor.java:190)
	at org.openqa.selenium.remote.service.DriverCommandExecutor.invokeExecute(DriverCommandExecutor.java:216)
	at org.openqa.selenium.remote.service.DriverCommandExecutor.execute(DriverCommandExecutor.java:174)
	at org.openqa.selenium.remote.RemoteWebDriver.execute(RemoteWebDriver.java:545)
	at org.openqa.selenium.remote.RemoteWebElement.execute(RemoteWebElement.java:223)
	at org.openqa.selenium.remote.RemoteWebElement.click(RemoteWebElement.java:76)
	at com.xats.automation.tests.pages.CandidateSubmissionPage.submissionId(CandidateSubmissionPage.java:67)
	at com.xats.automation.tests.stepdefinitions.CandidateSubmissionSteps.user_navigates_to_submission_page(CandidateSubmissionSteps.java:17)
	at ✽.user navigates submission page(file:///runner/_work/automation/automation/src/test/resources/features/08_CandidateSubmission.feature:35)
]]>
</failure>
<system-out><![CDATA[
Given User is on login page.................................................passed
When User enters username and password from config file.....................passed
And User clicks on login button.............................................passed
When user navigates to job detail view......................................passed
When user navigates submission page.........................................failed
And user deletes the note in the submission.................................skipped
]]></system-out>
</testcase>
<testcase classname="Submission page" name="Upload a new document" time="10.377">
<failure type="org.openqa.selenium.StaleElementReferenceException" message="stale element reference: stale element not found in the current frame
  (Session info: chrome=143.0.7499.40)
For documentation on this error, please visit: https://www.selenium.dev/documentation/webdriver/troubleshooting/errors#stale-element-reference-exception
Build info: version: '4.25.0', revision: '8a8aea2337'
System info: os.name: 'Linux', os.arch: 'amd64', os.version: '6.8.0-60-generic', java.version: '21.0.9'
Driver info: org.openqa.selenium.chrome.ChromeDriver
Command: [a187f482ff191390a942b87917942a20, clickElement {id=f.C7987B1A7263772D75FCFA06343BA4F8.d.34CA0DACEF2D82098D1F44FDFD97C582.e.46}]
Capabilities {acceptInsecureCerts: false, browserName: chrome, browserVersion: 143.0.7499.40, chrome: {chromedriverVersion: 143.0.7499.192 (be2c1f4fd45..., userDataDir: /tmp/.org.chromium.Chromium...}, fedcm:accounts: true, goog:chromeOptions: {debuggerAddress: localhost:35359}, goog:processID: 6962, networkConnectionEnabled: false, pageLoadStrategy: normal, platformName: linux, proxy: Proxy(), se:cdp: ws://localhost:35359/devtoo..., se:cdpVersion: 143.0.7499.40, setWindowRect: true, strictFileInteractability: false, timeouts: {implicit: 0, pageLoad: 300000, script: 30000}, unhandledPromptBehavior: dismiss and notify, webauthn:extension:credBlob: true, webauthn:extension:largeBlob: true, webauthn:extension:minPinLength: true, webauthn:extension:prf: true, webauthn:virtualAuthenticators: true}
Element: [[ChromeDriver: chrome on linux (a187f482ff191390a942b87917942a20)] -&gt; xpath: /html/body/div[2]/main/div/div/div[4]/div[2]/div[2]/div[1]/a/span]
Session ID: a187f482ff191390a942b87917942a20">
<![CDATA[org.openqa.selenium.StaleElementReferenceException: stale element reference: stale element not found in the current frame
  (Session info: chrome=143.0.7499.40)
For documentation on this error, please visit: https://www.selenium.dev/documentation/webdriver/troubleshooting/errors#stale-element-reference-exception
Build info: version: '4.25.0', revision: '8a8aea2337'
System info: os.name: 'Linux', os.arch: 'amd64', os.version: '6.8.0-60-generic', java.version: '21.0.9'
Driver info: org.openqa.selenium.chrome.ChromeDriver
Command: [a187f482ff191390a942b87917942a20, clickElement {id=f.C7987B1A7263772D75FCFA06343BA4F8.d.34CA0DACEF2D82098D1F44FDFD97C582.e.46}]
Capabilities {acceptInsecureCerts: false, browserName: chrome, browserVersion: 143.0.7499.40, chrome: {chromedriverVersion: 143.0.7499.192 (be2c1f4fd45..., userDataDir: /tmp/.org.chromium.Chromium...}, fedcm:accounts: true, goog:chromeOptions: {debuggerAddress: localhost:35359}, goog:processID: 6962, networkConnectionEnabled: false, pageLoadStrategy: normal, platformName: linux, proxy: Proxy(), se:cdp: ws://localhost:35359/devtoo..., se:cdpVersion: 143.0.7499.40, setWindowRect: true, strictFileInteractability: false, timeouts: {implicit: 0, pageLoad: 300000, script: 30000}, unhandledPromptBehavior: dismiss and notify, webauthn:extension:credBlob: true, webauthn:extension:largeBlob: true, webauthn:extension:minPinLength: true, webauthn:extension:prf: true, webauthn:virtualAuthenticators: true}
Element: [[ChromeDriver: chrome on linux (a187f482ff191390a942b87917942a20)] -> xpath: /html/body/div[2]/main/div/div/div[4]/div[2]/div[2]/div[1]/a/span]
Session ID: a187f482ff191390a942b87917942a20
	at java.base/jdk.internal.reflect.DirectConstructorHandleAccessor.newInstance(DirectConstructorHandleAccessor.java:62)
	at java.base/java.lang.reflect.Constructor.newInstanceWithCaller(Constructor.java:502)
	at java.base/java.lang.reflect.Constructor.newInstance(Constructor.java:486)
	at org.openqa.selenium.remote.ErrorCodec.decode(ErrorCodec.java:167)
	at org.openqa.selenium.remote.codec.w3c.W3CHttpResponseCodec.decode(W3CHttpResponseCodec.java:138)
	at org.openqa.selenium.remote.codec.w3c.W3CHttpResponseCodec.decode(W3CHttpResponseCodec.java:50)
	at org.openqa.selenium.remote.HttpCommandExecutor.execute(HttpCommandExecutor.java:190)
	at org.openqa.selenium.remote.service.DriverCommandExecutor.invokeExecute(DriverCommandExecutor.java:216)
	at org.openqa.selenium.remote.service.DriverCommandExecutor.execute(DriverCommandExecutor.java:174)
	at org.openqa.selenium.remote.RemoteWebDriver.execute(RemoteWebDriver.java:545)
	at org.openqa.selenium.remote.RemoteWebElement.execute(RemoteWebElement.java:223)
	at org.openqa.selenium.remote.RemoteWebElement.click(RemoteWebElement.java:76)
	at com.xats.automation.tests.pages.CandidateSubmissionPage.submissionId(CandidateSubmissionPage.java:67)
	at com.xats.automation.tests.stepdefinitions.CandidateSubmissionSteps.user_navigates_to_submission_page(CandidateSubmissionSteps.java:17)
	at ✽.user navigates submission page(file:///runner/_work/automation/automation/src/test/resources/features/08_CandidateSubmission.feature:41)
]]>
</failure>
<system-out><![CDATA[
Given User is on login page.................................................passed
When User enters username and password from config file.....................passed
And User clicks on login button.............................................passed
When user navigates to job detail view......................................passed
When user navigates submission page.........................................failed
And user uploads a document in submission...................................skipped
]]></system-out>
</testcase>
<testcase classname="Submission page" name="Delete the uploaded document" time="10.814">
<failure type="org.openqa.selenium.StaleElementReferenceException" message="stale element reference: stale element not found in the current frame
  (Session info: chrome=143.0.7499.40)
For documentation on this error, please visit: https://www.selenium.dev/documentation/webdriver/troubleshooting/errors#stale-element-reference-exception
Build info: version: '4.25.0', revision: '8a8aea2337'
System info: os.name: 'Linux', os.arch: 'amd64', os.version: '6.8.0-60-generic', java.version: '21.0.9'
Driver info: org.openqa.selenium.chrome.ChromeDriver
Command: [3b6f46d0276423231ae4e1ab7f071887, clickElement {id=f.B550B8017554F2FD66253E9D70D07A6C.d.050CE6E99BE60DBFF26FBB6B66BCA232.e.50}]
Capabilities {acceptInsecureCerts: false, browserName: chrome, browserVersion: 143.0.7499.40, chrome: {chromedriverVersion: 143.0.7499.192 (be2c1f4fd45..., userDataDir: /tmp/.org.chromium.Chromium...}, fedcm:accounts: true, goog:chromeOptions: {debuggerAddress: localhost:46819}, goog:processID: 7109, networkConnectionEnabled: false, pageLoadStrategy: normal, platformName: linux, proxy: Proxy(), se:cdp: ws://localhost:46819/devtoo..., se:cdpVersion: 143.0.7499.40, setWindowRect: true, strictFileInteractability: false, timeouts: {implicit: 0, pageLoad: 300000, script: 30000}, unhandledPromptBehavior: dismiss and notify, webauthn:extension:credBlob: true, webauthn:extension:largeBlob: true, webauthn:extension:minPinLength: true, webauthn:extension:prf: true, webauthn:virtualAuthenticators: true}
Element: [[ChromeDriver: chrome on linux (3b6f46d0276423231ae4e1ab7f071887)] -&gt; xpath: /html/body/div[2]/main/div/div/div[4]/div[2]/div[2]/div[1]/a/span]
Session ID: 3b6f46d0276423231ae4e1ab7f071887">
<![CDATA[org.openqa.selenium.StaleElementReferenceException: stale element reference: stale element not found in the current frame
  (Session info: chrome=143.0.7499.40)
For documentation on this error, please visit: https://www.selenium.dev/documentation/webdriver/troubleshooting/errors#stale-element-reference-exception
Build info: version: '4.25.0', revision: '8a8aea2337'
System info: os.name: 'Linux', os.arch: 'amd64', os.version: '6.8.0-60-generic', java.version: '21.0.9'
Driver info: org.openqa.selenium.chrome.ChromeDriver
Command: [3b6f46d0276423231ae4e1ab7f071887, clickElement {id=f.B550B8017554F2FD66253E9D70D07A6C.d.050CE6E99BE60DBFF26FBB6B66BCA232.e.50}]
Capabilities {acceptInsecureCerts: false, browserName: chrome, browserVersion: 143.0.7499.40, chrome: {chromedriverVersion: 143.0.7499.192 (be2c1f4fd45..., userDataDir: /tmp/.org.chromium.Chromium...}, fedcm:accounts: true, goog:chromeOptions: {debuggerAddress: localhost:46819}, goog:processID: 7109, networkConnectionEnabled: false, pageLoadStrategy: normal, platformName: linux, proxy: Proxy(), se:cdp: ws://localhost:46819/devtoo..., se:cdpVersion: 143.0.7499.40, setWindowRect: true, strictFileInteractability: false, timeouts: {implicit: 0, pageLoad: 300000, script: 30000}, unhandledPromptBehavior: dismiss and notify, webauthn:extension:credBlob: true, webauthn:extension:largeBlob: true, webauthn:extension:minPinLength: true, webauthn:extension:prf: true, webauthn:virtualAuthenticators: true}
Element: [[ChromeDriver: chrome on linux (3b6f46d0276423231ae4e1ab7f071887)] -> xpath: /html/body/div[2]/main/div/div/div[4]/div[2]/div[2]/div[1]/a/span]
Session ID: 3b6f46d0276423231ae4e1ab7f071887
	at java.base/jdk.internal.reflect.DirectConstructorHandleAccessor.newInstance(DirectConstructorHandleAccessor.java:62)
	at java.base/java.lang.reflect.Constructor.newInstanceWithCaller(Constructor.java:502)
	at java.base/java.lang.reflect.Constructor.newInstance(Constructor.java:486)
	at org.openqa.selenium.remote.ErrorCodec.decode(ErrorCodec.java:167)
	at org.openqa.selenium.remote.codec.w3c.W3CHttpResponseCodec.decode(W3CHttpResponseCodec.java:138)
	at org.openqa.selenium.remote.codec.w3c.W3CHttpResponseCodec.decode(W3CHttpResponseCodec.java:50)
	at org.openqa.selenium.remote.HttpCommandExecutor.execute(HttpCommandExecutor.java:190)
	at org.openqa.selenium.remote.service.DriverCommandExecutor.invokeExecute(DriverCommandExecutor.java:216)
	at org.openqa.selenium.remote.service.DriverCommandExecutor.execute(DriverCommandExecutor.java:174)
	at org.openqa.selenium.remote.RemoteWebDriver.execute(RemoteWebDriver.java:545)
	at org.openqa.selenium.remote.RemoteWebElement.execute(RemoteWebElement.java:223)
	at org.openqa.selenium.remote.RemoteWebElement.click(RemoteWebElement.java:76)
	at com.xats.automation.tests.pages.CandidateSubmissionPage.submissionId(CandidateSubmissionPage.java:67)
	at com.xats.automation.tests.stepdefinitions.CandidateSubmissionSteps.user_navigates_to_submission_page(CandidateSubmissionSteps.java:17)
	at ✽.user navigates submission page(file:///runner/_work/automation/automation/src/test/resources/features/08_CandidateSubmission.feature:47)
]]>
</failure>
<system-out><![CDATA[
Given User is on login page.................................................passed
When User enters username and password from config file.....................passed
And User clicks on login button.............................................passed
When user navigates to job detail view......................................passed
When user navigates submission page.........................................failed
And user deletes the document in submission.................................skipped
]]></system-out>
</testcase>
<testcase classname="Submission page" name="Interview creation" time="10.264">
<failure type="org.openqa.selenium.StaleElementReferenceException" message="stale element reference: stale element not found in the current frame
  (Session info: chrome=143.0.7499.40)
For documentation on this error, please visit: https://www.selenium.dev/documentation/webdriver/troubleshooting/errors#stale-element-reference-exception
Build info: version: '4.25.0', revision: '8a8aea2337'
System info: os.name: 'Linux', os.arch: 'amd64', os.version: '6.8.0-60-generic', java.version: '21.0.9'
Driver info: org.openqa.selenium.chrome.ChromeDriver
Command: [cbbcc2f8f4a27e555ec196fa695f0a98, clickElement {id=f.608C672D87B9426E13512C7CF54D6268.d.E89E5E75EEC83662E91CCDAF6B5DAD4B.e.46}]
Capabilities {acceptInsecureCerts: false, browserName: chrome, browserVersion: 143.0.7499.40, chrome: {chromedriverVersion: 143.0.7499.192 (be2c1f4fd45..., userDataDir: /tmp/.org.chromium.Chromium...}, fedcm:accounts: true, goog:chromeOptions: {debuggerAddress: localhost:38933}, goog:processID: 7256, networkConnectionEnabled: false, pageLoadStrategy: normal, platformName: linux, proxy: Proxy(), se:cdp: ws://localhost:38933/devtoo..., se:cdpVersion: 143.0.7499.40, setWindowRect: true, strictFileInteractability: false, timeouts: {implicit: 0, pageLoad: 300000, script: 30000}, unhandledPromptBehavior: dismiss and notify, webauthn:extension:credBlob: true, webauthn:extension:largeBlob: true, webauthn:extension:minPinLength: true, webauthn:extension:prf: true, webauthn:virtualAuthenticators: true}
Element: [[ChromeDriver: chrome on linux (cbbcc2f8f4a27e555ec196fa695f0a98)] -&gt; xpath: /html/body/div[2]/main/div/div/div[4]/div[2]/div[2]/div[1]/a/span]
Session ID: cbbcc2f8f4a27e555ec196fa695f0a98">
<![CDATA[org.openqa.selenium.StaleElementReferenceException: stale element reference: stale element not found in the current frame
  (Session info: chrome=143.0.7499.40)
For documentation on this error, please visit: https://www.selenium.dev/documentation/webdriver/troubleshooting/errors#stale-element-reference-exception
Build info: version: '4.25.0', revision: '8a8aea2337'
System info: os.name: 'Linux', os.arch: 'amd64', os.version: '6.8.0-60-generic', java.version: '21.0.9'
Driver info: org.openqa.selenium.chrome.ChromeDriver
Command: [cbbcc2f8f4a27e555ec196fa695f0a98, clickElement {id=f.608C672D87B9426E13512C7CF54D6268.d.E89E5E75EEC83662E91CCDAF6B5DAD4B.e.46}]
Capabilities {acceptInsecureCerts: false, browserName: chrome, browserVersion: 143.0.7499.40, chrome: {chromedriverVersion: 143.0.7499.192 (be2c1f4fd45..., userDataDir: /tmp/.org.chromium.Chromium...}, fedcm:accounts: true, goog:chromeOptions: {debuggerAddress: localhost:38933}, goog:processID: 7256, networkConnectionEnabled: false, pageLoadStrategy: normal, platformName: linux, proxy: Proxy(), se:cdp: ws://localhost:38933/devtoo..., se:cdpVersion: 143.0.7499.40, setWindowRect: true, strictFileInteractability: false, timeouts: {implicit: 0, pageLoad: 300000, script: 30000}, unhandledPromptBehavior: dismiss and notify, webauthn:extension:credBlob: true, webauthn:extension:largeBlob: true, webauthn:extension:minPinLength: true, webauthn:extension:prf: true, webauthn:virtualAuthenticators: true}
Element: [[ChromeDriver: chrome on linux (cbbcc2f8f4a27e555ec196fa695f0a98)] -> xpath: /html/body/div[2]/main/div/div/div[4]/div[2]/div[2]/div[1]/a/span]
Session ID: cbbcc2f8f4a27e555ec196fa695f0a98
	at java.base/jdk.internal.reflect.DirectConstructorHandleAccessor.newInstance(DirectConstructorHandleAccessor.java:62)
	at java.base/java.lang.reflect.Constructor.newInstanceWithCaller(Constructor.java:502)
	at java.base/java.lang.reflect.Constructor.newInstance(Constructor.java:486)
	at org.openqa.selenium.remote.ErrorCodec.decode(ErrorCodec.java:167)
	at org.openqa.selenium.remote.codec.w3c.W3CHttpResponseCodec.decode(W3CHttpResponseCodec.java:138)
	at org.openqa.selenium.remote.codec.w3c.W3CHttpResponseCodec.decode(W3CHttpResponseCodec.java:50)
	at org.openqa.selenium.remote.HttpCommandExecutor.execute(HttpCommandExecutor.java:190)
	at org.openqa.selenium.remote.service.DriverCommandExecutor.invokeExecute(DriverCommandExecutor.java:216)
	at org.openqa.selenium.remote.service.DriverCommandExecutor.execute(DriverCommandExecutor.java:174)
	at org.openqa.selenium.remote.RemoteWebDriver.execute(RemoteWebDriver.java:545)
	at org.openqa.selenium.remote.RemoteWebElement.execute(RemoteWebElement.java:223)
	at org.openqa.selenium.remote.RemoteWebElement.click(RemoteWebElement.java:76)
	at com.xats.automation.tests.pages.CandidateSubmissionPage.submissionId(CandidateSubmissionPage.java:67)
	at com.xats.automation.tests.stepdefinitions.CandidateSubmissionSteps.user_navigates_to_submission_page(CandidateSubmissionSteps.java:17)
	at ✽.user navigates submission page(file:///runner/_work/automation/automation/src/test/resources/features/08_CandidateSubmission.feature:53)
]]>
</failure>
<system-out><![CDATA[
Given User is on login page.................................................passed
When User enters username and password from config file.....................passed
And User clicks on login button.............................................passed
When user navigates to job detail view......................................passed
When user navigates submission page.........................................failed
And User creates a interview................................................skipped
]]></system-out>
</testcase>
<testcase classname="Submission page" name="Create a Task" time="10.363">
<failure type="org.openqa.selenium.StaleElementReferenceException" message="stale element reference: stale element not found in the current frame
  (Session info: chrome=143.0.7499.40)
For documentation on this error, please visit: https://www.selenium.dev/documentation/webdriver/troubleshooting/errors#stale-element-reference-exception
Build info: version: '4.25.0', revision: '8a8aea2337'
System info: os.name: 'Linux', os.arch: 'amd64', os.version: '6.8.0-60-generic', java.version: '21.0.9'
Driver info: org.openqa.selenium.chrome.ChromeDriver
Command: [19a5d9ae5b82ea7c5cddaa997ef29a6c, clickElement {id=f.B85AA6BFB8594F458F57CEAF6345F8C1.d.AD06C2DA831DC50402F4C5C432C8E566.e.46}]
Capabilities {acceptInsecureCerts: false, browserName: chrome, browserVersion: 143.0.7499.40, chrome: {chromedriverVersion: 143.0.7499.192 (be2c1f4fd45..., userDataDir: /tmp/.org.chromium.Chromium...}, fedcm:accounts: true, goog:chromeOptions: {debuggerAddress: localhost:41757}, goog:processID: 7398, networkConnectionEnabled: false, pageLoadStrategy: normal, platformName: linux, proxy: Proxy(), se:cdp: ws://localhost:41757/devtoo..., se:cdpVersion: 143.0.7499.40, setWindowRect: true, strictFileInteractability: false, timeouts: {implicit: 0, pageLoad: 300000, script: 30000}, unhandledPromptBehavior: dismiss and notify, webauthn:extension:credBlob: true, webauthn:extension:largeBlob: true, webauthn:extension:minPinLength: true, webauthn:extension:prf: true, webauthn:virtualAuthenticators: true}
Element: [[ChromeDriver: chrome on linux (19a5d9ae5b82ea7c5cddaa997ef29a6c)] -&gt; xpath: /html/body/div[2]/main/div/div/div[4]/div[2]/div[2]/div[1]/a/span]
Session ID: 19a5d9ae5b82ea7c5cddaa997ef29a6c">
<![CDATA[org.openqa.selenium.StaleElementReferenceException: stale element reference: stale element not found in the current frame
  (Session info: chrome=143.0.7499.40)
For documentation on this error, please visit: https://www.selenium.dev/documentation/webdriver/troubleshooting/errors#stale-element-reference-exception
Build info: version: '4.25.0', revision: '8a8aea2337'
System info: os.name: 'Linux', os.arch: 'amd64', os.version: '6.8.0-60-generic', java.version: '21.0.9'
Driver info: org.openqa.selenium.chrome.ChromeDriver
Command: [19a5d9ae5b82ea7c5cddaa997ef29a6c, clickElement {id=f.B85AA6BFB8594F458F57CEAF6345F8C1.d.AD06C2DA831DC50402F4C5C432C8E566.e.46}]
Capabilities {acceptInsecureCerts: false, browserName: chrome, browserVersion: 143.0.7499.40, chrome: {chromedriverVersion: 143.0.7499.192 (be2c1f4fd45..., userDataDir: /tmp/.org.chromium.Chromium...}, fedcm:accounts: true, goog:chromeOptions: {debuggerAddress: localhost:41757}, goog:processID: 7398, networkConnectionEnabled: false, pageLoadStrategy: normal, platformName: linux, proxy: Proxy(), se:cdp: ws://localhost:41757/devtoo..., se:cdpVersion: 143.0.7499.40, setWindowRect: true, strictFileInteractability: false, timeouts: {implicit: 0, pageLoad: 300000, script: 30000}, unhandledPromptBehavior: dismiss and notify, webauthn:extension:credBlob: true, webauthn:extension:largeBlob: true, webauthn:extension:minPinLength: true, webauthn:extension:prf: true, webauthn:virtualAuthenticators: true}
Element: [[ChromeDriver: chrome on linux (19a5d9ae5b82ea7c5cddaa997ef29a6c)] -> xpath: /html/body/div[2]/main/div/div/div[4]/div[2]/div[2]/div[1]/a/span]
Session ID: 19a5d9ae5b82ea7c5cddaa997ef29a6c
	at java.base/jdk.internal.reflect.DirectConstructorHandleAccessor.newInstance(DirectConstructorHandleAccessor.java:62)
	at java.base/java.lang.reflect.Constructor.newInstanceWithCaller(Constructor.java:502)
	at java.base/java.lang.reflect.Constructor.newInstance(Constructor.java:486)
	at org.openqa.selenium.remote.ErrorCodec.decode(ErrorCodec.java:167)
	at org.openqa.selenium.remote.codec.w3c.W3CHttpResponseCodec.decode(W3CHttpResponseCodec.java:138)
	at org.openqa.selenium.remote.codec.w3c.W3CHttpResponseCodec.decode(W3CHttpResponseCodec.java:50)
	at org.openqa.selenium.remote.HttpCommandExecutor.execute(HttpCommandExecutor.java:190)
	at org.openqa.selenium.remote.service.DriverCommandExecutor.invokeExecute(DriverCommandExecutor.java:216)
	at org.openqa.selenium.remote.service.DriverCommandExecutor.execute(DriverCommandExecutor.java:174)
	at org.openqa.selenium.remote.RemoteWebDriver.execute(RemoteWebDriver.java:545)
	at org.openqa.selenium.remote.RemoteWebElement.execute(RemoteWebElement.java:223)
	at org.openqa.selenium.remote.RemoteWebElement.click(RemoteWebElement.java:76)
	at com.xats.automation.tests.pages.CandidateSubmissionPage.submissionId(CandidateSubmissionPage.java:67)
	at com.xats.automation.tests.stepdefinitions.CandidateSubmissionSteps.user_navigates_to_submission_page(CandidateSubmissionSteps.java:17)
	at ✽.user navigates submission page(file:///runner/_work/automation/automation/src/test/resources/features/08_CandidateSubmission.feature:60)
]]>
</failure>
<system-out><![CDATA[
Given User is on login page.................................................passed
When User enters username and password from config file.....................passed
And User clicks on login button.............................................passed
When user navigates to job detail view......................................passed
When user navigates submission page.........................................failed
When user create a task in submission.......................................skipped
]]></system-out>
</testcase>
</testsuite>
