<?xml version="1.0" encoding="UTF-8"?>
<testsuite name="Cucumber" time="1,182.945" tests="30" skipped="0" failures="29" errors="0">
<testcase classname="Login Feature" name="Valid user logs in successfully" time="19.539">
<system-out><![CDATA[
Given User is on login page.................................................passed
When User enters username and password from config file.....................passed
And User clicks on login button.............................................passed
Then User should land on dashboard..........................................passed
]]></system-out>
</testcase>
<testcase classname="Client Creation" name="Valid user logs in and creates a new client" time="26.777">
<failure type="org.openqa.selenium.TimeoutException" message="Expected condition failed: waiting for element to be clickable: By.xpath: //aside//li[2]/a (tried for 10 second(s) with 500 milliseconds interval)
Build info: version: '4.25.0', revision: '8a8aea2337'
System info: os.name: 'Linux', os.arch: 'amd64', os.version: '6.8.0-60-generic', java.version: '21.0.11'
Driver info: org.openqa.selenium.chrome.ChromeDriver
Capabilities {acceptInsecureCerts: false, browserName: chrome, browserVersion: 143.0.7499.40, chrome: {chromedriverVersion: 143.0.7499.192 (be2c1f4fd45..., userDataDir: /tmp/.org.chromium.Chromium...}, fedcm:accounts: true, goog:chromeOptions: {debuggerAddress: localhost:40473}, goog:processID: 1097, networkConnectionEnabled: false, pageLoadStrategy: normal, platformName: linux, proxy: Proxy(), se:cdp: ws://localhost:40473/devtoo..., se:cdpVersion: 143.0.7499.40, setWindowRect: true, strictFileInteractability: false, timeouts: {implicit: 0, pageLoad: 300000, script: 30000}, unhandledPromptBehavior: dismiss and notify, webauthn:extension:credBlob: true, webauthn:extension:largeBlob: true, webauthn:extension:minPinLength: true, webauthn:extension:prf: true, webauthn:virtualAuthenticators: true}
Session ID: e2e2ff8eb00a42280d7c64485a9a2c61">
<![CDATA[org.openqa.selenium.TimeoutException: Expected condition failed: waiting for element to be clickable: By.xpath: //aside//li[2]/a (tried for 10 second(s) with 500 milliseconds interval)
Build info: version: '4.25.0', revision: '8a8aea2337'
System info: os.name: 'Linux', os.arch: 'amd64', os.version: '6.8.0-60-generic', java.version: '21.0.11'
Driver info: org.openqa.selenium.chrome.ChromeDriver
Capabilities {acceptInsecureCerts: false, browserName: chrome, browserVersion: 143.0.7499.40, chrome: {chromedriverVersion: 143.0.7499.192 (be2c1f4fd45..., userDataDir: /tmp/.org.chromium.Chromium...}, fedcm:accounts: true, goog:chromeOptions: {debuggerAddress: localhost:40473}, goog:processID: 1097, networkConnectionEnabled: false, pageLoadStrategy: normal, platformName: linux, proxy: Proxy(), se:cdp: ws://localhost:40473/devtoo..., se:cdpVersion: 143.0.7499.40, setWindowRect: true, strictFileInteractability: false, timeouts: {implicit: 0, pageLoad: 300000, script: 30000}, unhandledPromptBehavior: dismiss and notify, webauthn:extension:credBlob: true, webauthn:extension:largeBlob: true, webauthn:extension:minPinLength: true, webauthn:extension:prf: true, webauthn:virtualAuthenticators: true}
Session ID: e2e2ff8eb00a42280d7c64485a9a2c61
	at org.openqa.selenium.support.ui.WebDriverWait.timeoutException(WebDriverWait.java:84)
	at org.openqa.selenium.support.ui.FluentWait.until(FluentWait.java:228)
	at com.xats.automation.tests.pages.ClientPage.navigateToClientPage(ClientPage.java:45)
	at com.xats.automation.tests.stepdefinitions.ClientSteps.user_navigates_to_client_creation_page_and_adds_new_client(ClientSteps.java:16)
	at ✽.User navigates to client creation page and adds new client(file:///runner/_work/automation/automation/src/test/resources/features/02_ClientCreation.feature:10)
]]>
</failure>
<system-out><![CDATA[
Given User is on login page.................................................passed
When User enters username and password from config file.....................passed
And User clicks on login button.............................................passed
Then User should land on dashboard..........................................passed
And User navigates to client creation page and adds new client..............failed
]]></system-out>
</testcase>
<testcase classname="Contact Creation" name="Create a new contact under an existing client" time="22.364">
<failure type="org.openqa.selenium.TimeoutException" message="Expected condition failed: waiting for element to be clickable: By.xpath: /html/body/div[2]/aside/nav/ul/li[2]/a (tried for 10 second(s) with 500 milliseconds interval)
Build info: version: '4.25.0', revision: '8a8aea2337'
System info: os.name: 'Linux', os.arch: 'amd64', os.version: '6.8.0-60-generic', java.version: '21.0.11'
Driver info: org.openqa.selenium.chrome.ChromeDriver
Capabilities {acceptInsecureCerts: false, browserName: chrome, browserVersion: 143.0.7499.40, chrome: {chromedriverVersion: 143.0.7499.192 (be2c1f4fd45..., userDataDir: /tmp/.org.chromium.Chromium...}, fedcm:accounts: true, goog:chromeOptions: {debuggerAddress: localhost:33955}, goog:processID: 1301, networkConnectionEnabled: false, pageLoadStrategy: normal, platformName: linux, proxy: Proxy(), se:cdp: ws://localhost:33955/devtoo..., se:cdpVersion: 143.0.7499.40, setWindowRect: true, strictFileInteractability: false, timeouts: {implicit: 0, pageLoad: 300000, script: 30000}, unhandledPromptBehavior: dismiss and notify, webauthn:extension:credBlob: true, webauthn:extension:largeBlob: true, webauthn:extension:minPinLength: true, webauthn:extension:prf: true, webauthn:virtualAuthenticators: true}
Session ID: d6eba309881354443f1742a2b29b366e">
<![CDATA[org.openqa.selenium.TimeoutException: Expected condition failed: waiting for element to be clickable: By.xpath: /html/body/div[2]/aside/nav/ul/li[2]/a (tried for 10 second(s) with 500 milliseconds interval)
Build info: version: '4.25.0', revision: '8a8aea2337'
System info: os.name: 'Linux', os.arch: 'amd64', os.version: '6.8.0-60-generic', java.version: '21.0.11'
Driver info: org.openqa.selenium.chrome.ChromeDriver
Capabilities {acceptInsecureCerts: false, browserName: chrome, browserVersion: 143.0.7499.40, chrome: {chromedriverVersion: 143.0.7499.192 (be2c1f4fd45..., userDataDir: /tmp/.org.chromium.Chromium...}, fedcm:accounts: true, goog:chromeOptions: {debuggerAddress: localhost:33955}, goog:processID: 1301, networkConnectionEnabled: false, pageLoadStrategy: normal, platformName: linux, proxy: Proxy(), se:cdp: ws://localhost:33955/devtoo..., se:cdpVersion: 143.0.7499.40, setWindowRect: true, strictFileInteractability: false, timeouts: {implicit: 0, pageLoad: 300000, script: 30000}, unhandledPromptBehavior: dismiss and notify, webauthn:extension:credBlob: true, webauthn:extension:largeBlob: true, webauthn:extension:minPinLength: true, webauthn:extension:prf: true, webauthn:virtualAuthenticators: true}
Session ID: d6eba309881354443f1742a2b29b366e
	at org.openqa.selenium.support.ui.WebDriverWait.timeoutException(WebDriverWait.java:84)
	at org.openqa.selenium.support.ui.FluentWait.until(FluentWait.java:228)
	at com.xats.automation.tests.pages.ContactPage.createNewContact(ContactPage.java:51)
	at com.xats.automation.tests.stepdefinitions.ContactSteps.user_navigates_to_client_and_adds_contact(ContactSteps.java:13)
	at ✽.User navigates to client section and adds a new contact(file:///runner/_work/automation/automation/src/test/resources/features/03_ContactCreation.feature:10)
]]>
</failure>
<system-out><![CDATA[
Given User is on login page.................................................passed
When User enters username and password from config file.....................passed
And User clicks on login button.............................................passed
Then User should land on dashboard..........................................passed
When User navigates to client section and adds a new contact................failed
Then New contact should be created successfully.............................skipped
]]></system-out>
</testcase>
<testcase classname="Job Creation" name="Create a new Job" time="16.553">
<failure type="org.openqa.selenium.TimeoutException" message="Expected condition failed: waiting for element to be clickable: By.xpath: /html/body/div[2]/aside/nav/ul/li[4]/a (tried for 12 second(s) with 500 milliseconds interval)
Build info: version: '4.25.0', revision: '8a8aea2337'
System info: os.name: 'Linux', os.arch: 'amd64', os.version: '6.8.0-60-generic', java.version: '21.0.11'
Driver info: org.openqa.selenium.chrome.ChromeDriver
Capabilities {acceptInsecureCerts: false, browserName: chrome, browserVersion: 143.0.7499.40, chrome: {chromedriverVersion: 143.0.7499.192 (be2c1f4fd45..., userDataDir: /tmp/.org.chromium.Chromium...}, fedcm:accounts: true, goog:chromeOptions: {debuggerAddress: localhost:45547}, goog:processID: 1564, networkConnectionEnabled: false, pageLoadStrategy: normal, platformName: linux, proxy: Proxy(), se:cdp: ws://localhost:45547/devtoo..., se:cdpVersion: 143.0.7499.40, setWindowRect: true, strictFileInteractability: false, timeouts: {implicit: 0, pageLoad: 300000, script: 30000}, unhandledPromptBehavior: dismiss and notify, webauthn:extension:credBlob: true, webauthn:extension:largeBlob: true, webauthn:extension:minPinLength: true, webauthn:extension:prf: true, webauthn:virtualAuthenticators: true}
Session ID: e88c50c996c92bba6d52e86b8d3ced32">
<![CDATA[org.openqa.selenium.TimeoutException: Expected condition failed: waiting for element to be clickable: By.xpath: /html/body/div[2]/aside/nav/ul/li[4]/a (tried for 12 second(s) with 500 milliseconds interval)
Build info: version: '4.25.0', revision: '8a8aea2337'
System info: os.name: 'Linux', os.arch: 'amd64', os.version: '6.8.0-60-generic', java.version: '21.0.11'
Driver info: org.openqa.selenium.chrome.ChromeDriver
Capabilities {acceptInsecureCerts: false, browserName: chrome, browserVersion: 143.0.7499.40, chrome: {chromedriverVersion: 143.0.7499.192 (be2c1f4fd45..., userDataDir: /tmp/.org.chromium.Chromium...}, fedcm:accounts: true, goog:chromeOptions: {debuggerAddress: localhost:45547}, goog:processID: 1564, networkConnectionEnabled: false, pageLoadStrategy: normal, platformName: linux, proxy: Proxy(), se:cdp: ws://localhost:45547/devtoo..., se:cdpVersion: 143.0.7499.40, setWindowRect: true, strictFileInteractability: false, timeouts: {implicit: 0, pageLoad: 300000, script: 30000}, unhandledPromptBehavior: dismiss and notify, webauthn:extension:credBlob: true, webauthn:extension:largeBlob: true, webauthn:extension:minPinLength: true, webauthn:extension:prf: true, webauthn:virtualAuthenticators: true}
Session ID: e88c50c996c92bba6d52e86b8d3ced32
	at org.openqa.selenium.support.ui.WebDriverWait.timeoutException(WebDriverWait.java:84)
	at org.openqa.selenium.support.ui.FluentWait.until(FluentWait.java:228)
	at com.xats.automation.tests.pages.JobCreationPage.safeClick(JobCreationPage.java:67)
	at com.xats.automation.tests.pages.JobCreationPage.createNewJob(JobCreationPage.java:143)
	at com.xats.automation.tests.stepdefinitions.JobCreationSteps.user_navigates_to_Job_and_adds_job(JobCreationSteps.java:13)
	at ✽.User navigates to job section and adds a new job(file:///runner/_work/automation/automation/src/test/resources/features/04_JobCreation.feature:10)
]]>
</failure>
<system-out><![CDATA[
Given User is on login page.................................................passed
When User enters username and password from config file.....................passed
And User clicks on login button.............................................passed
Then User should land on dashboard..........................................passed
When User navigates to job section and adds a new job.......................failed
Then New job should be created successfully.................................skipped
]]></system-out>
</testcase>
<testcase classname="Candidate Creation" name="Create adds a new candidate" time="396.832">
<failure type="org.openqa.selenium.TimeoutException" message="Expected condition failed: waiting for element to be clickable: By.xpath: //button[contains(text(), 'Submit')] (tried for 12 second(s) with 500 milliseconds interval)
Build info: version: '4.25.0', revision: '8a8aea2337'
System info: os.name: 'Linux', os.arch: 'amd64', os.version: '6.8.0-60-generic', java.version: '21.0.11'
Driver info: org.openqa.selenium.chrome.ChromeDriver
Capabilities {acceptInsecureCerts: false, browserName: chrome, browserVersion: 143.0.7499.40, chrome: {chromedriverVersion: 143.0.7499.192 (be2c1f4fd45..., userDataDir: /tmp/.org.chromium.Chromium...}, fedcm:accounts: true, goog:chromeOptions: {debuggerAddress: localhost:44047}, goog:processID: 1825, networkConnectionEnabled: false, pageLoadStrategy: normal, platformName: linux, proxy: Proxy(), se:cdp: ws://localhost:44047/devtoo..., se:cdpVersion: 143.0.7499.40, setWindowRect: true, strictFileInteractability: false, timeouts: {implicit: 0, pageLoad: 300000, script: 30000}, unhandledPromptBehavior: dismiss and notify, webauthn:extension:credBlob: true, webauthn:extension:largeBlob: true, webauthn:extension:minPinLength: true, webauthn:extension:prf: true, webauthn:virtualAuthenticators: true}
Session ID: c666edff955245f06c7c43bd208c67b0">
<![CDATA[org.openqa.selenium.TimeoutException: Expected condition failed: waiting for element to be clickable: By.xpath: //button[contains(text(), 'Submit')] (tried for 12 second(s) with 500 milliseconds interval)
Build info: version: '4.25.0', revision: '8a8aea2337'
System info: os.name: 'Linux', os.arch: 'amd64', os.version: '6.8.0-60-generic', java.version: '21.0.11'
Driver info: org.openqa.selenium.chrome.ChromeDriver
Capabilities {acceptInsecureCerts: false, browserName: chrome, browserVersion: 143.0.7499.40, chrome: {chromedriverVersion: 143.0.7499.192 (be2c1f4fd45..., userDataDir: /tmp/.org.chromium.Chromium...}, fedcm:accounts: true, goog:chromeOptions: {debuggerAddress: localhost:44047}, goog:processID: 1825, networkConnectionEnabled: false, pageLoadStrategy: normal, platformName: linux, proxy: Proxy(), se:cdp: ws://localhost:44047/devtoo..., se:cdpVersion: 143.0.7499.40, setWindowRect: true, strictFileInteractability: false, timeouts: {implicit: 0, pageLoad: 300000, script: 30000}, unhandledPromptBehavior: dismiss and notify, webauthn:extension:credBlob: true, webauthn:extension:largeBlob: true, webauthn:extension:minPinLength: true, webauthn:extension:prf: true, webauthn:virtualAuthenticators: true}
Session ID: c666edff955245f06c7c43bd208c67b0
	at org.openqa.selenium.support.ui.WebDriverWait.timeoutException(WebDriverWait.java:84)
	at org.openqa.selenium.support.ui.FluentWait.until(FluentWait.java:228)
	at com.xats.automation.tests.pages.CandidateCreationPage.clickAndWait(CandidateCreationPage.java:183)
	at com.xats.automation.tests.pages.CandidateCreationPage.fillAdditionalInfoAndSubmit(CandidateCreationPage.java:173)
	at com.xats.automation.tests.pages.CandidateCreationPage.createNewCandidate(CandidateCreationPage.java:108)
	at com.xats.automation.tests.stepdefinitions.CandidateCreationSteps.user_navigates_add_a_candidate(CandidateCreationSteps.java:13)
	at ✽.User adds a new candidate(file:///runner/_work/automation/automation/src/test/resources/features/05_CandidateCreation.feature:9)
]]>
</failure>
<system-out><![CDATA[
Given User is on login page.................................................passed
When User enters username and password from config file.....................passed
And User clicks on login button.............................................passed
Then User adds a new candidate..............................................failed
Then New candidate should be created successfully...........................skipped
]]></system-out>
</testcase>
<testcase classname="Job In Detail View Actions" name="Navigate to job detail view" time="33.011">
<failure type="org.openqa.selenium.TimeoutException" message="Expected condition failed: waiting for element to be clickable: By.xpath: /html/body/div[2]/aside/nav/ul/li[4]/a (tried for 25 second(s) with 500 milliseconds interval)
Build info: version: '4.25.0', revision: '8a8aea2337'
System info: os.name: 'Linux', os.arch: 'amd64', os.version: '6.8.0-60-generic', java.version: '21.0.11'
Driver info: org.openqa.selenium.chrome.ChromeDriver
Capabilities {acceptInsecureCerts: false, browserName: chrome, browserVersion: 143.0.7499.40, chrome: {chromedriverVersion: 143.0.7499.192 (be2c1f4fd45..., userDataDir: /tmp/.org.chromium.Chromium...}, fedcm:accounts: true, goog:chromeOptions: {debuggerAddress: localhost:41137}, goog:processID: 2355, networkConnectionEnabled: false, pageLoadStrategy: normal, platformName: linux, proxy: Proxy(), se:cdp: ws://localhost:41137/devtoo..., se:cdpVersion: 143.0.7499.40, setWindowRect: true, strictFileInteractability: false, timeouts: {implicit: 0, pageLoad: 300000, script: 30000}, unhandledPromptBehavior: dismiss and notify, webauthn:extension:credBlob: true, webauthn:extension:largeBlob: true, webauthn:extension:minPinLength: true, webauthn:extension:prf: true, webauthn:virtualAuthenticators: true}
Session ID: f5c5128283d28b3dfe0336beaf811184">
<![CDATA[org.openqa.selenium.TimeoutException: Expected condition failed: waiting for element to be clickable: By.xpath: /html/body/div[2]/aside/nav/ul/li[4]/a (tried for 25 second(s) with 500 milliseconds interval)
Build info: version: '4.25.0', revision: '8a8aea2337'
System info: os.name: 'Linux', os.arch: 'amd64', os.version: '6.8.0-60-generic', java.version: '21.0.11'
Driver info: org.openqa.selenium.chrome.ChromeDriver
Capabilities {acceptInsecureCerts: false, browserName: chrome, browserVersion: 143.0.7499.40, chrome: {chromedriverVersion: 143.0.7499.192 (be2c1f4fd45..., userDataDir: /tmp/.org.chromium.Chromium...}, fedcm:accounts: true, goog:chromeOptions: {debuggerAddress: localhost:41137}, goog:processID: 2355, networkConnectionEnabled: false, pageLoadStrategy: normal, platformName: linux, proxy: Proxy(), se:cdp: ws://localhost:41137/devtoo..., se:cdpVersion: 143.0.7499.40, setWindowRect: true, strictFileInteractability: false, timeouts: {implicit: 0, pageLoad: 300000, script: 30000}, unhandledPromptBehavior: dismiss and notify, webauthn:extension:credBlob: true, webauthn:extension:largeBlob: true, webauthn:extension:minPinLength: true, webauthn:extension:prf: true, webauthn:virtualAuthenticators: true}
Session ID: f5c5128283d28b3dfe0336beaf811184
	at org.openqa.selenium.support.ui.WebDriverWait.timeoutException(WebDriverWait.java:84)
	at org.openqa.selenium.support.ui.FluentWait.until(FluentWait.java:228)
	at com.xats.automation.tests.pages.JobInDetailViewPage.click(JobInDetailViewPage.java:66)
	at com.xats.automation.tests.pages.JobInDetailViewPage.clickJobId(JobInDetailViewPage.java:71)
	at com.xats.automation.tests.stepdefinitions.JobInDetailViewSteps.user_navigates_to_job_detail_view(JobInDetailViewSteps.java:18)
	at ✽.user navigates to job detail view(file:///runner/_work/automation/automation/src/test/resources/features/06_JobInDetailView.feature:12)
]]>
</failure>
<system-out><![CDATA[
Given User is on login page.................................................passed
When User enters username and password from config file.....................passed
And User clicks on login button.............................................passed
When user navigates to job detail view......................................failed
]]></system-out>
</testcase>
<testcase classname="Job In Detail View Actions" name="Add a new note" time="28.95">
<failure type="org.openqa.selenium.TimeoutException" message="Expected condition failed: waiting for element to be clickable: By.xpath: /html/body/div[2]/aside/nav/ul/li[4]/a (tried for 25 second(s) with 500 milliseconds interval)
Build info: version: '4.25.0', revision: '8a8aea2337'
System info: os.name: 'Linux', os.arch: 'amd64', os.version: '6.8.0-60-generic', java.version: '21.0.11'
Driver info: org.openqa.selenium.chrome.ChromeDriver
Capabilities {acceptInsecureCerts: false, browserName: chrome, browserVersion: 143.0.7499.40, chrome: {chromedriverVersion: 143.0.7499.192 (be2c1f4fd45..., userDataDir: /tmp/.org.chromium.Chromium...}, fedcm:accounts: true, goog:chromeOptions: {debuggerAddress: localhost:41441}, goog:processID: 2624, networkConnectionEnabled: false, pageLoadStrategy: normal, platformName: linux, proxy: Proxy(), se:cdp: ws://localhost:41441/devtoo..., se:cdpVersion: 143.0.7499.40, setWindowRect: true, strictFileInteractability: false, timeouts: {implicit: 0, pageLoad: 300000, script: 30000}, unhandledPromptBehavior: dismiss and notify, webauthn:extension:credBlob: true, webauthn:extension:largeBlob: true, webauthn:extension:minPinLength: true, webauthn:extension:prf: true, webauthn:virtualAuthenticators: true}
Session ID: ee4dd8e60b87c940ab91e07058fe52f4">
<![CDATA[org.openqa.selenium.TimeoutException: Expected condition failed: waiting for element to be clickable: By.xpath: /html/body/div[2]/aside/nav/ul/li[4]/a (tried for 25 second(s) with 500 milliseconds interval)
Build info: version: '4.25.0', revision: '8a8aea2337'
System info: os.name: 'Linux', os.arch: 'amd64', os.version: '6.8.0-60-generic', java.version: '21.0.11'
Driver info: org.openqa.selenium.chrome.ChromeDriver
Capabilities {acceptInsecureCerts: false, browserName: chrome, browserVersion: 143.0.7499.40, chrome: {chromedriverVersion: 143.0.7499.192 (be2c1f4fd45..., userDataDir: /tmp/.org.chromium.Chromium...}, fedcm:accounts: true, goog:chromeOptions: {debuggerAddress: localhost:41441}, goog:processID: 2624, networkConnectionEnabled: false, pageLoadStrategy: normal, platformName: linux, proxy: Proxy(), se:cdp: ws://localhost:41441/devtoo..., se:cdpVersion: 143.0.7499.40, setWindowRect: true, strictFileInteractability: false, timeouts: {implicit: 0, pageLoad: 300000, script: 30000}, unhandledPromptBehavior: dismiss and notify, webauthn:extension:credBlob: true, webauthn:extension:largeBlob: true, webauthn:extension:minPinLength: true, webauthn:extension:prf: true, webauthn:virtualAuthenticators: true}
Session ID: ee4dd8e60b87c940ab91e07058fe52f4
	at org.openqa.selenium.support.ui.WebDriverWait.timeoutException(WebDriverWait.java:84)
	at org.openqa.selenium.support.ui.FluentWait.until(FluentWait.java:228)
	at com.xats.automation.tests.pages.JobInDetailViewPage.click(JobInDetailViewPage.java:66)
	at com.xats.automation.tests.pages.JobInDetailViewPage.clickJobId(JobInDetailViewPage.java:71)
	at com.xats.automation.tests.stepdefinitions.JobInDetailViewSteps.user_navigates_to_job_detail_view(JobInDetailViewSteps.java:18)
	at ✽.user navigates to job detail view(file:///runner/_work/automation/automation/src/test/resources/features/06_JobInDetailView.feature:16)
]]>
</failure>
<system-out><![CDATA[
Given User is on login page.................................................passed
When User enters username and password from config file.....................passed
And User clicks on login button.............................................passed
When user navigates to job detail view......................................failed
And user adds a note........................................................skipped
]]></system-out>
</testcase>
<testcase classname="Job In Detail View Actions" name="Edit the existing note" time="32.224">
<failure type="org.openqa.selenium.TimeoutException" message="Expected condition failed: waiting for element to be clickable: By.xpath: /html/body/div[2]/aside/nav/ul/li[4]/a (tried for 25 second(s) with 500 milliseconds interval)
Build info: version: '4.25.0', revision: '8a8aea2337'
System info: os.name: 'Linux', os.arch: 'amd64', os.version: '6.8.0-60-generic', java.version: '21.0.11'
Driver info: org.openqa.selenium.chrome.ChromeDriver
Capabilities {acceptInsecureCerts: false, browserName: chrome, browserVersion: 143.0.7499.40, chrome: {chromedriverVersion: 143.0.7499.192 (be2c1f4fd45..., userDataDir: /tmp/.org.chromium.Chromium...}, fedcm:accounts: true, goog:chromeOptions: {debuggerAddress: localhost:37015}, goog:processID: 2889, networkConnectionEnabled: false, pageLoadStrategy: normal, platformName: linux, proxy: Proxy(), se:cdp: ws://localhost:37015/devtoo..., se:cdpVersion: 143.0.7499.40, setWindowRect: true, strictFileInteractability: false, timeouts: {implicit: 0, pageLoad: 300000, script: 30000}, unhandledPromptBehavior: dismiss and notify, webauthn:extension:credBlob: true, webauthn:extension:largeBlob: true, webauthn:extension:minPinLength: true, webauthn:extension:prf: true, webauthn:virtualAuthenticators: true}
Session ID: 4b2d76eb40bfc7b3b1c285240afc35ba">
<![CDATA[org.openqa.selenium.TimeoutException: Expected condition failed: waiting for element to be clickable: By.xpath: /html/body/div[2]/aside/nav/ul/li[4]/a (tried for 25 second(s) with 500 milliseconds interval)
Build info: version: '4.25.0', revision: '8a8aea2337'
System info: os.name: 'Linux', os.arch: 'amd64', os.version: '6.8.0-60-generic', java.version: '21.0.11'
Driver info: org.openqa.selenium.chrome.ChromeDriver
Capabilities {acceptInsecureCerts: false, browserName: chrome, browserVersion: 143.0.7499.40, chrome: {chromedriverVersion: 143.0.7499.192 (be2c1f4fd45..., userDataDir: /tmp/.org.chromium.Chromium...}, fedcm:accounts: true, goog:chromeOptions: {debuggerAddress: localhost:37015}, goog:processID: 2889, networkConnectionEnabled: false, pageLoadStrategy: normal, platformName: linux, proxy: Proxy(), se:cdp: ws://localhost:37015/devtoo..., se:cdpVersion: 143.0.7499.40, setWindowRect: true, strictFileInteractability: false, timeouts: {implicit: 0, pageLoad: 300000, script: 30000}, unhandledPromptBehavior: dismiss and notify, webauthn:extension:credBlob: true, webauthn:extension:largeBlob: true, webauthn:extension:minPinLength: true, webauthn:extension:prf: true, webauthn:virtualAuthenticators: true}
Session ID: 4b2d76eb40bfc7b3b1c285240afc35ba
	at org.openqa.selenium.support.ui.WebDriverWait.timeoutException(WebDriverWait.java:84)
	at org.openqa.selenium.support.ui.FluentWait.until(FluentWait.java:228)
	at com.xats.automation.tests.pages.JobInDetailViewPage.click(JobInDetailViewPage.java:66)
	at com.xats.automation.tests.pages.JobInDetailViewPage.clickJobId(JobInDetailViewPage.java:71)
	at com.xats.automation.tests.stepdefinitions.JobInDetailViewSteps.user_navigates_to_job_detail_view(JobInDetailViewSteps.java:18)
	at ✽.user navigates to job detail view(file:///runner/_work/automation/automation/src/test/resources/features/06_JobInDetailView.feature:21)
]]>
</failure>
<system-out><![CDATA[
Given User is on login page.................................................passed
When User enters username and password from config file.....................passed
And User clicks on login button.............................................passed
When user navigates to job detail view......................................failed
And user edits the note.....................................................skipped
]]></system-out>
</testcase>
<testcase classname="Job In Detail View Actions" name="Pin the note" time="30.449">
<failure type="org.openqa.selenium.TimeoutException" message="Expected condition failed: waiting for element to be clickable: By.xpath: /html/body/div[2]/aside/nav/ul/li[4]/a (tried for 25 second(s) with 500 milliseconds interval)
Build info: version: '4.25.0', revision: '8a8aea2337'
System info: os.name: 'Linux', os.arch: 'amd64', os.version: '6.8.0-60-generic', java.version: '21.0.11'
Driver info: org.openqa.selenium.chrome.ChromeDriver
Capabilities {acceptInsecureCerts: false, browserName: chrome, browserVersion: 143.0.7499.40, chrome: {chromedriverVersion: 143.0.7499.192 (be2c1f4fd45..., userDataDir: /tmp/.org.chromium.Chromium...}, fedcm:accounts: true, goog:chromeOptions: {debuggerAddress: localhost:34289}, goog:processID: 3150, networkConnectionEnabled: false, pageLoadStrategy: normal, platformName: linux, proxy: Proxy(), se:cdp: ws://localhost:34289/devtoo..., se:cdpVersion: 143.0.7499.40, setWindowRect: true, strictFileInteractability: false, timeouts: {implicit: 0, pageLoad: 300000, script: 30000}, unhandledPromptBehavior: dismiss and notify, webauthn:extension:credBlob: true, webauthn:extension:largeBlob: true, webauthn:extension:minPinLength: true, webauthn:extension:prf: true, webauthn:virtualAuthenticators: true}
Session ID: 3630c23ef57c046018735664dfb70d51">
<![CDATA[org.openqa.selenium.TimeoutException: Expected condition failed: waiting for element to be clickable: By.xpath: /html/body/div[2]/aside/nav/ul/li[4]/a (tried for 25 second(s) with 500 milliseconds interval)
Build info: version: '4.25.0', revision: '8a8aea2337'
System info: os.name: 'Linux', os.arch: 'amd64', os.version: '6.8.0-60-generic', java.version: '21.0.11'
Driver info: org.openqa.selenium.chrome.ChromeDriver
Capabilities {acceptInsecureCerts: false, browserName: chrome, browserVersion: 143.0.7499.40, chrome: {chromedriverVersion: 143.0.7499.192 (be2c1f4fd45..., userDataDir: /tmp/.org.chromium.Chromium...}, fedcm:accounts: true, goog:chromeOptions: {debuggerAddress: localhost:34289}, goog:processID: 3150, networkConnectionEnabled: false, pageLoadStrategy: normal, platformName: linux, proxy: Proxy(), se:cdp: ws://localhost:34289/devtoo..., se:cdpVersion: 143.0.7499.40, setWindowRect: true, strictFileInteractability: false, timeouts: {implicit: 0, pageLoad: 300000, script: 30000}, unhandledPromptBehavior: dismiss and notify, webauthn:extension:credBlob: true, webauthn:extension:largeBlob: true, webauthn:extension:minPinLength: true, webauthn:extension:prf: true, webauthn:virtualAuthenticators: true}
Session ID: 3630c23ef57c046018735664dfb70d51
	at org.openqa.selenium.support.ui.WebDriverWait.timeoutException(WebDriverWait.java:84)
	at org.openqa.selenium.support.ui.FluentWait.until(FluentWait.java:228)
	at com.xats.automation.tests.pages.JobInDetailViewPage.click(JobInDetailViewPage.java:66)
	at com.xats.automation.tests.pages.JobInDetailViewPage.clickJobId(JobInDetailViewPage.java:71)
	at com.xats.automation.tests.stepdefinitions.JobInDetailViewSteps.user_navigates_to_job_detail_view(JobInDetailViewSteps.java:18)
	at ✽.user navigates to job detail view(file:///runner/_work/automation/automation/src/test/resources/features/06_JobInDetailView.feature:26)
]]>
</failure>
<system-out><![CDATA[
Given User is on login page.................................................passed
When User enters username and password from config file.....................passed
And User clicks on login button.............................................passed
When user navigates to job detail view......................................failed
And user pins the note......................................................skipped
]]></system-out>
</testcase>
<testcase classname="Job In Detail View Actions" name="Delete the note" time="29.681">
<failure type="org.openqa.selenium.TimeoutException" message="Expected condition failed: waiting for element to be clickable: By.xpath: /html/body/div[2]/aside/nav/ul/li[4]/a (tried for 25 second(s) with 500 milliseconds interval)
Build info: version: '4.25.0', revision: '8a8aea2337'
System info: os.name: 'Linux', os.arch: 'amd64', os.version: '6.8.0-60-generic', java.version: '21.0.11'
Driver info: org.openqa.selenium.chrome.ChromeDriver
Capabilities {acceptInsecureCerts: false, browserName: chrome, browserVersion: 143.0.7499.40, chrome: {chromedriverVersion: 143.0.7499.192 (be2c1f4fd45..., userDataDir: /tmp/.org.chromium.Chromium...}, fedcm:accounts: true, goog:chromeOptions: {debuggerAddress: localhost:42543}, goog:processID: 3414, networkConnectionEnabled: false, pageLoadStrategy: normal, platformName: linux, proxy: Proxy(), se:cdp: ws://localhost:42543/devtoo..., se:cdpVersion: 143.0.7499.40, setWindowRect: true, strictFileInteractability: false, timeouts: {implicit: 0, pageLoad: 300000, script: 30000}, unhandledPromptBehavior: dismiss and notify, webauthn:extension:credBlob: true, webauthn:extension:largeBlob: true, webauthn:extension:minPinLength: true, webauthn:extension:prf: true, webauthn:virtualAuthenticators: true}
Session ID: 03f8c7209bb48c7e15d5ea4c93b86a1f">
<![CDATA[org.openqa.selenium.TimeoutException: Expected condition failed: waiting for element to be clickable: By.xpath: /html/body/div[2]/aside/nav/ul/li[4]/a (tried for 25 second(s) with 500 milliseconds interval)
Build info: version: '4.25.0', revision: '8a8aea2337'
System info: os.name: 'Linux', os.arch: 'amd64', os.version: '6.8.0-60-generic', java.version: '21.0.11'
Driver info: org.openqa.selenium.chrome.ChromeDriver
Capabilities {acceptInsecureCerts: false, browserName: chrome, browserVersion: 143.0.7499.40, chrome: {chromedriverVersion: 143.0.7499.192 (be2c1f4fd45..., userDataDir: /tmp/.org.chromium.Chromium...}, fedcm:accounts: true, goog:chromeOptions: {debuggerAddress: localhost:42543}, goog:processID: 3414, networkConnectionEnabled: false, pageLoadStrategy: normal, platformName: linux, proxy: Proxy(), se:cdp: ws://localhost:42543/devtoo..., se:cdpVersion: 143.0.7499.40, setWindowRect: true, strictFileInteractability: false, timeouts: {implicit: 0, pageLoad: 300000, script: 30000}, unhandledPromptBehavior: dismiss and notify, webauthn:extension:credBlob: true, webauthn:extension:largeBlob: true, webauthn:extension:minPinLength: true, webauthn:extension:prf: true, webauthn:virtualAuthenticators: true}
Session ID: 03f8c7209bb48c7e15d5ea4c93b86a1f
	at org.openqa.selenium.support.ui.WebDriverWait.timeoutException(WebDriverWait.java:84)
	at org.openqa.selenium.support.ui.FluentWait.until(FluentWait.java:228)
	at com.xats.automation.tests.pages.JobInDetailViewPage.click(JobInDetailViewPage.java:66)
	at com.xats.automation.tests.pages.JobInDetailViewPage.clickJobId(JobInDetailViewPage.java:71)
	at com.xats.automation.tests.stepdefinitions.JobInDetailViewSteps.user_navigates_to_job_detail_view(JobInDetailViewSteps.java:18)
	at ✽.user navigates to job detail view(file:///runner/_work/automation/automation/src/test/resources/features/06_JobInDetailView.feature:31)
]]>
</failure>
<system-out><![CDATA[
Given User is on login page.................................................passed
When User enters username and password from config file.....................passed
And User clicks on login button.............................................passed
When user navigates to job detail view......................................failed
And user deletes the note...................................................skipped
]]></system-out>
</testcase>
<testcase classname="Job In Detail View Actions" name="Upload a new document" time="42.996">
<failure type="org.openqa.selenium.TimeoutException" message="Expected condition failed: waiting for element to be clickable: By.xpath: /html/body/div[2]/aside/nav/ul/li[4]/a (tried for 25 second(s) with 500 milliseconds interval)
Build info: version: '4.25.0', revision: '8a8aea2337'
System info: os.name: 'Linux', os.arch: 'amd64', os.version: '6.8.0-60-generic', java.version: '21.0.11'
Driver info: org.openqa.selenium.chrome.ChromeDriver
Capabilities {acceptInsecureCerts: false, browserName: chrome, browserVersion: 143.0.7499.40, chrome: {chromedriverVersion: 143.0.7499.192 (be2c1f4fd45..., userDataDir: /tmp/.org.chromium.Chromium...}, fedcm:accounts: true, goog:chromeOptions: {debuggerAddress: localhost:40509}, goog:processID: 3679, networkConnectionEnabled: false, pageLoadStrategy: normal, platformName: linux, proxy: Proxy(), se:cdp: ws://localhost:40509/devtoo..., se:cdpVersion: 143.0.7499.40, setWindowRect: true, strictFileInteractability: false, timeouts: {implicit: 0, pageLoad: 300000, script: 30000}, unhandledPromptBehavior: dismiss and notify, webauthn:extension:credBlob: true, webauthn:extension:largeBlob: true, webauthn:extension:minPinLength: true, webauthn:extension:prf: true, webauthn:virtualAuthenticators: true}
Session ID: a4194b650884f3b69f33d40b654d7a69">
<![CDATA[org.openqa.selenium.TimeoutException: Expected condition failed: waiting for element to be clickable: By.xpath: /html/body/div[2]/aside/nav/ul/li[4]/a (tried for 25 second(s) with 500 milliseconds interval)
Build info: version: '4.25.0', revision: '8a8aea2337'
System info: os.name: 'Linux', os.arch: 'amd64', os.version: '6.8.0-60-generic', java.version: '21.0.11'
Driver info: org.openqa.selenium.chrome.ChromeDriver
Capabilities {acceptInsecureCerts: false, browserName: chrome, browserVersion: 143.0.7499.40, chrome: {chromedriverVersion: 143.0.7499.192 (be2c1f4fd45..., userDataDir: /tmp/.org.chromium.Chromium...}, fedcm:accounts: true, goog:chromeOptions: {debuggerAddress: localhost:40509}, goog:processID: 3679, networkConnectionEnabled: false, pageLoadStrategy: normal, platformName: linux, proxy: Proxy(), se:cdp: ws://localhost:40509/devtoo..., se:cdpVersion: 143.0.7499.40, setWindowRect: true, strictFileInteractability: false, timeouts: {implicit: 0, pageLoad: 300000, script: 30000}, unhandledPromptBehavior: dismiss and notify, webauthn:extension:credBlob: true, webauthn:extension:largeBlob: true, webauthn:extension:minPinLength: true, webauthn:extension:prf: true, webauthn:virtualAuthenticators: true}
Session ID: a4194b650884f3b69f33d40b654d7a69
	at org.openqa.selenium.support.ui.WebDriverWait.timeoutException(WebDriverWait.java:84)
	at org.openqa.selenium.support.ui.FluentWait.until(FluentWait.java:228)
	at com.xats.automation.tests.pages.JobInDetailViewPage.click(JobInDetailViewPage.java:66)
	at com.xats.automation.tests.pages.JobInDetailViewPage.clickJobId(JobInDetailViewPage.java:71)
	at com.xats.automation.tests.stepdefinitions.JobInDetailViewSteps.user_navigates_to_job_detail_view(JobInDetailViewSteps.java:18)
	at ✽.user navigates to job detail view(file:///runner/_work/automation/automation/src/test/resources/features/06_JobInDetailView.feature:36)
]]>
</failure>
<system-out><![CDATA[
Given User is on login page.................................................passed
When User enters username and password from config file.....................passed
And User clicks on login button.............................................passed
When user navigates to job detail view......................................failed
And user uploads a document.................................................skipped
]]></system-out>
</testcase>
<testcase classname="Job In Detail View Actions" name="Delete the uploaded document" time="31.301">
<failure type="org.openqa.selenium.TimeoutException" message="Expected condition failed: waiting for element to be clickable: By.xpath: /html/body/div[2]/aside/nav/ul/li[4]/a (tried for 25 second(s) with 500 milliseconds interval)
Build info: version: '4.25.0', revision: '8a8aea2337'
System info: os.name: 'Linux', os.arch: 'amd64', os.version: '6.8.0-60-generic', java.version: '21.0.11'
Driver info: org.openqa.selenium.chrome.ChromeDriver
Capabilities {acceptInsecureCerts: false, browserName: chrome, browserVersion: 143.0.7499.40, chrome: {chromedriverVersion: 143.0.7499.192 (be2c1f4fd45..., userDataDir: /tmp/.org.chromium.Chromium...}, fedcm:accounts: true, goog:chromeOptions: {debuggerAddress: localhost:39867}, goog:processID: 3942, networkConnectionEnabled: false, pageLoadStrategy: normal, platformName: linux, proxy: Proxy(), se:cdp: ws://localhost:39867/devtoo..., se:cdpVersion: 143.0.7499.40, setWindowRect: true, strictFileInteractability: false, timeouts: {implicit: 0, pageLoad: 300000, script: 30000}, unhandledPromptBehavior: dismiss and notify, webauthn:extension:credBlob: true, webauthn:extension:largeBlob: true, webauthn:extension:minPinLength: true, webauthn:extension:prf: true, webauthn:virtualAuthenticators: true}
Session ID: 4e6f3d9923e4b3732f3cf3efd7ee507c">
<![CDATA[org.openqa.selenium.TimeoutException: Expected condition failed: waiting for element to be clickable: By.xpath: /html/body/div[2]/aside/nav/ul/li[4]/a (tried for 25 second(s) with 500 milliseconds interval)
Build info: version: '4.25.0', revision: '8a8aea2337'
System info: os.name: 'Linux', os.arch: 'amd64', os.version: '6.8.0-60-generic', java.version: '21.0.11'
Driver info: org.openqa.selenium.chrome.ChromeDriver
Capabilities {acceptInsecureCerts: false, browserName: chrome, browserVersion: 143.0.7499.40, chrome: {chromedriverVersion: 143.0.7499.192 (be2c1f4fd45..., userDataDir: /tmp/.org.chromium.Chromium...}, fedcm:accounts: true, goog:chromeOptions: {debuggerAddress: localhost:39867}, goog:processID: 3942, networkConnectionEnabled: false, pageLoadStrategy: normal, platformName: linux, proxy: Proxy(), se:cdp: ws://localhost:39867/devtoo..., se:cdpVersion: 143.0.7499.40, setWindowRect: true, strictFileInteractability: false, timeouts: {implicit: 0, pageLoad: 300000, script: 30000}, unhandledPromptBehavior: dismiss and notify, webauthn:extension:credBlob: true, webauthn:extension:largeBlob: true, webauthn:extension:minPinLength: true, webauthn:extension:prf: true, webauthn:virtualAuthenticators: true}
Session ID: 4e6f3d9923e4b3732f3cf3efd7ee507c
	at org.openqa.selenium.support.ui.WebDriverWait.timeoutException(WebDriverWait.java:84)
	at org.openqa.selenium.support.ui.FluentWait.until(FluentWait.java:228)
	at com.xats.automation.tests.pages.JobInDetailViewPage.click(JobInDetailViewPage.java:66)
	at com.xats.automation.tests.pages.JobInDetailViewPage.clickJobId(JobInDetailViewPage.java:71)
	at com.xats.automation.tests.stepdefinitions.JobInDetailViewSteps.user_navigates_to_job_detail_view(JobInDetailViewSteps.java:18)
	at ✽.user navigates to job detail view(file:///runner/_work/automation/automation/src/test/resources/features/06_JobInDetailView.feature:41)
]]>
</failure>
<system-out><![CDATA[
Given User is on login page.................................................passed
When User enters username and password from config file.....................passed
And User clicks on login button.............................................passed
When user navigates to job detail view......................................failed
And user deletes the document...............................................skipped
]]></system-out>
</testcase>
<testcase classname="Job In Detail View Actions" name="Submit a candidate" time="29.321">
<failure type="org.openqa.selenium.TimeoutException" message="Expected condition failed: waiting for element to be clickable: By.xpath: /html/body/div[2]/aside/nav/ul/li[4]/a (tried for 25 second(s) with 500 milliseconds interval)
Build info: version: '4.25.0', revision: '8a8aea2337'
System info: os.name: 'Linux', os.arch: 'amd64', os.version: '6.8.0-60-generic', java.version: '21.0.11'
Driver info: org.openqa.selenium.chrome.ChromeDriver
Capabilities {acceptInsecureCerts: false, browserName: chrome, browserVersion: 143.0.7499.40, chrome: {chromedriverVersion: 143.0.7499.192 (be2c1f4fd45..., userDataDir: /tmp/.org.chromium.Chromium...}, fedcm:accounts: true, goog:chromeOptions: {debuggerAddress: localhost:32841}, goog:processID: 4204, networkConnectionEnabled: false, pageLoadStrategy: normal, platformName: linux, proxy: Proxy(), se:cdp: ws://localhost:32841/devtoo..., se:cdpVersion: 143.0.7499.40, setWindowRect: true, strictFileInteractability: false, timeouts: {implicit: 0, pageLoad: 300000, script: 30000}, unhandledPromptBehavior: dismiss and notify, webauthn:extension:credBlob: true, webauthn:extension:largeBlob: true, webauthn:extension:minPinLength: true, webauthn:extension:prf: true, webauthn:virtualAuthenticators: true}
Session ID: f17109c64d3cf0dc9fe7291908a97cf5">
<![CDATA[org.openqa.selenium.TimeoutException: Expected condition failed: waiting for element to be clickable: By.xpath: /html/body/div[2]/aside/nav/ul/li[4]/a (tried for 25 second(s) with 500 milliseconds interval)
Build info: version: '4.25.0', revision: '8a8aea2337'
System info: os.name: 'Linux', os.arch: 'amd64', os.version: '6.8.0-60-generic', java.version: '21.0.11'
Driver info: org.openqa.selenium.chrome.ChromeDriver
Capabilities {acceptInsecureCerts: false, browserName: chrome, browserVersion: 143.0.7499.40, chrome: {chromedriverVersion: 143.0.7499.192 (be2c1f4fd45..., userDataDir: /tmp/.org.chromium.Chromium...}, fedcm:accounts: true, goog:chromeOptions: {debuggerAddress: localhost:32841}, goog:processID: 4204, networkConnectionEnabled: false, pageLoadStrategy: normal, platformName: linux, proxy: Proxy(), se:cdp: ws://localhost:32841/devtoo..., se:cdpVersion: 143.0.7499.40, setWindowRect: true, strictFileInteractability: false, timeouts: {implicit: 0, pageLoad: 300000, script: 30000}, unhandledPromptBehavior: dismiss and notify, webauthn:extension:credBlob: true, webauthn:extension:largeBlob: true, webauthn:extension:minPinLength: true, webauthn:extension:prf: true, webauthn:virtualAuthenticators: true}
Session ID: f17109c64d3cf0dc9fe7291908a97cf5
	at org.openqa.selenium.support.ui.WebDriverWait.timeoutException(WebDriverWait.java:84)
	at org.openqa.selenium.support.ui.FluentWait.until(FluentWait.java:228)
	at com.xats.automation.tests.pages.JobInDetailViewPage.click(JobInDetailViewPage.java:66)
	at com.xats.automation.tests.pages.JobInDetailViewPage.clickJobId(JobInDetailViewPage.java:71)
	at com.xats.automation.tests.stepdefinitions.JobInDetailViewSteps.user_navigates_to_job_detail_view(JobInDetailViewSteps.java:18)
	at ✽.user navigates to job detail view(file:///runner/_work/automation/automation/src/test/resources/features/06_JobInDetailView.feature:46)
]]>
</failure>
<system-out><![CDATA[
Given User is on login page.................................................passed
When User enters username and password from config file.....................passed
And User clicks on login button.............................................passed
When user navigates to job detail view......................................failed
When user submit candidate..................................................skipped
]]></system-out>
</testcase>
<testcase classname="Job In Detail View Actions" name="Create a Task" time="29.81">
<failure type="org.openqa.selenium.TimeoutException" message="Expected condition failed: waiting for element to be clickable: By.xpath: /html/body/div[2]/aside/nav/ul/li[4]/a (tried for 25 second(s) with 500 milliseconds interval)
Build info: version: '4.25.0', revision: '8a8aea2337'
System info: os.name: 'Linux', os.arch: 'amd64', os.version: '6.8.0-60-generic', java.version: '21.0.11'
Driver info: org.openqa.selenium.chrome.ChromeDriver
Capabilities {acceptInsecureCerts: false, browserName: chrome, browserVersion: 143.0.7499.40, chrome: {chromedriverVersion: 143.0.7499.192 (be2c1f4fd45..., userDataDir: /tmp/.org.chromium.Chromium...}, fedcm:accounts: true, goog:chromeOptions: {debuggerAddress: localhost:46387}, goog:processID: 4466, networkConnectionEnabled: false, pageLoadStrategy: normal, platformName: linux, proxy: Proxy(), se:cdp: ws://localhost:46387/devtoo..., se:cdpVersion: 143.0.7499.40, setWindowRect: true, strictFileInteractability: false, timeouts: {implicit: 0, pageLoad: 300000, script: 30000}, unhandledPromptBehavior: dismiss and notify, webauthn:extension:credBlob: true, webauthn:extension:largeBlob: true, webauthn:extension:minPinLength: true, webauthn:extension:prf: true, webauthn:virtualAuthenticators: true}
Session ID: a0464de6ce7a60412eb5db26e6c735e7">
<![CDATA[org.openqa.selenium.TimeoutException: Expected condition failed: waiting for element to be clickable: By.xpath: /html/body/div[2]/aside/nav/ul/li[4]/a (tried for 25 second(s) with 500 milliseconds interval)
Build info: version: '4.25.0', revision: '8a8aea2337'
System info: os.name: 'Linux', os.arch: 'amd64', os.version: '6.8.0-60-generic', java.version: '21.0.11'
Driver info: org.openqa.selenium.chrome.ChromeDriver
Capabilities {acceptInsecureCerts: false, browserName: chrome, browserVersion: 143.0.7499.40, chrome: {chromedriverVersion: 143.0.7499.192 (be2c1f4fd45..., userDataDir: /tmp/.org.chromium.Chromium...}, fedcm:accounts: true, goog:chromeOptions: {debuggerAddress: localhost:46387}, goog:processID: 4466, networkConnectionEnabled: false, pageLoadStrategy: normal, platformName: linux, proxy: Proxy(), se:cdp: ws://localhost:46387/devtoo..., se:cdpVersion: 143.0.7499.40, setWindowRect: true, strictFileInteractability: false, timeouts: {implicit: 0, pageLoad: 300000, script: 30000}, unhandledPromptBehavior: dismiss and notify, webauthn:extension:credBlob: true, webauthn:extension:largeBlob: true, webauthn:extension:minPinLength: true, webauthn:extension:prf: true, webauthn:virtualAuthenticators: true}
Session ID: a0464de6ce7a60412eb5db26e6c735e7
	at org.openqa.selenium.support.ui.WebDriverWait.timeoutException(WebDriverWait.java:84)
	at org.openqa.selenium.support.ui.FluentWait.until(FluentWait.java:228)
	at com.xats.automation.tests.pages.JobInDetailViewPage.click(JobInDetailViewPage.java:66)
	at com.xats.automation.tests.pages.JobInDetailViewPage.clickJobId(JobInDetailViewPage.java:71)
	at com.xats.automation.tests.stepdefinitions.JobInDetailViewSteps.user_navigates_to_job_detail_view(JobInDetailViewSteps.java:18)
	at ✽.user navigates to job detail view(file:///runner/_work/automation/automation/src/test/resources/features/06_JobInDetailView.feature:51)
]]>
</failure>
<system-out><![CDATA[
Given User is on login page.................................................passed
When User enters username and password from config file.....................passed
And User clicks on login button.............................................passed
When user navigates to job detail view......................................failed
When user create a task.....................................................skipped
]]></system-out>
</testcase>
<testcase classname="candidateInDetailView" name="user adds a cal logs" time="20.324">
<failure type="org.openqa.selenium.TimeoutException" message="Expected condition failed: waiting for element to be clickable: By.xpath: /html/body/div[2]/aside/nav/ul/li[3]/a (tried for 10 second(s) with 500 milliseconds interval)
Build info: version: '4.25.0', revision: '8a8aea2337'
System info: os.name: 'Linux', os.arch: 'amd64', os.version: '6.8.0-60-generic', java.version: '21.0.11'
Driver info: org.openqa.selenium.chrome.ChromeDriver
Capabilities {acceptInsecureCerts: false, browserName: chrome, browserVersion: 143.0.7499.40, chrome: {chromedriverVersion: 143.0.7499.192 (be2c1f4fd45..., userDataDir: /tmp/.org.chromium.Chromium...}, fedcm:accounts: true, goog:chromeOptions: {debuggerAddress: localhost:41885}, goog:processID: 4733, networkConnectionEnabled: false, pageLoadStrategy: normal, platformName: linux, proxy: Proxy(), se:cdp: ws://localhost:41885/devtoo..., se:cdpVersion: 143.0.7499.40, setWindowRect: true, strictFileInteractability: false, timeouts: {implicit: 0, pageLoad: 300000, script: 30000}, unhandledPromptBehavior: dismiss and notify, webauthn:extension:credBlob: true, webauthn:extension:largeBlob: true, webauthn:extension:minPinLength: true, webauthn:extension:prf: true, webauthn:virtualAuthenticators: true}
Session ID: bc716d2ace350e27b798b56764f15c05">
<![CDATA[org.openqa.selenium.TimeoutException: Expected condition failed: waiting for element to be clickable: By.xpath: /html/body/div[2]/aside/nav/ul/li[3]/a (tried for 10 second(s) with 500 milliseconds interval)
Build info: version: '4.25.0', revision: '8a8aea2337'
System info: os.name: 'Linux', os.arch: 'amd64', os.version: '6.8.0-60-generic', java.version: '21.0.11'
Driver info: org.openqa.selenium.chrome.ChromeDriver
Capabilities {acceptInsecureCerts: false, browserName: chrome, browserVersion: 143.0.7499.40, chrome: {chromedriverVersion: 143.0.7499.192 (be2c1f4fd45..., userDataDir: /tmp/.org.chromium.Chromium...}, fedcm:accounts: true, goog:chromeOptions: {debuggerAddress: localhost:41885}, goog:processID: 4733, networkConnectionEnabled: false, pageLoadStrategy: normal, platformName: linux, proxy: Proxy(), se:cdp: ws://localhost:41885/devtoo..., se:cdpVersion: 143.0.7499.40, setWindowRect: true, strictFileInteractability: false, timeouts: {implicit: 0, pageLoad: 300000, script: 30000}, unhandledPromptBehavior: dismiss and notify, webauthn:extension:credBlob: true, webauthn:extension:largeBlob: true, webauthn:extension:minPinLength: true, webauthn:extension:prf: true, webauthn:virtualAuthenticators: true}
Session ID: bc716d2ace350e27b798b56764f15c05
	at org.openqa.selenium.support.ui.WebDriverWait.timeoutException(WebDriverWait.java:84)
	at org.openqa.selenium.support.ui.FluentWait.until(FluentWait.java:228)
	at com.xats.automation.tests.pages.CandidateInDetailViewPage.click(CandidateInDetailViewPage.java:226)
	at com.xats.automation.tests.pages.CandidateInDetailViewPage.candidateTab(CandidateInDetailViewPage.java:65)
	at com.xats.automation.tests.stepdefinitions.CandidateInDetailViewSteps.user_navigates_to_candidateInDetailView(CandidateInDetailViewSteps.java:13)
	at ✽.user navigates to candidateInDetailView(file:///runner/_work/automation/automation/src/test/resources/features/07_CandidateInDetailView.feature:9)
]]>
</failure>
<system-out><![CDATA[
Given User is on login page.................................................passed
When User enters username and password from config file.....................passed
And User clicks on login button.............................................passed
Then User should land on dashboard..........................................passed
When user navigates to candidateInDetailView................................failed
When User adds a call logs..................................................skipped
]]></system-out>
</testcase>
<testcase classname="candidateInDetailView" name="Add a new note" time="26.767">
<failure type="org.openqa.selenium.TimeoutException" message="Expected condition failed: waiting for element to be clickable: By.xpath: /html/body/div[2]/aside/nav/ul/li[3]/a (tried for 10 second(s) with 500 milliseconds interval)
Build info: version: '4.25.0', revision: '8a8aea2337'
System info: os.name: 'Linux', os.arch: 'amd64', os.version: '6.8.0-60-generic', java.version: '21.0.11'
Driver info: org.openqa.selenium.chrome.ChromeDriver
Capabilities {acceptInsecureCerts: false, browserName: chrome, browserVersion: 143.0.7499.40, chrome: {chromedriverVersion: 143.0.7499.192 (be2c1f4fd45..., userDataDir: /tmp/.org.chromium.Chromium...}, fedcm:accounts: true, goog:chromeOptions: {debuggerAddress: localhost:41167}, goog:processID: 4934, networkConnectionEnabled: false, pageLoadStrategy: normal, platformName: linux, proxy: Proxy(), se:cdp: ws://localhost:41167/devtoo..., se:cdpVersion: 143.0.7499.40, setWindowRect: true, strictFileInteractability: false, timeouts: {implicit: 0, pageLoad: 300000, script: 30000}, unhandledPromptBehavior: dismiss and notify, webauthn:extension:credBlob: true, webauthn:extension:largeBlob: true, webauthn:extension:minPinLength: true, webauthn:extension:prf: true, webauthn:virtualAuthenticators: true}
Session ID: 08d84467d8795145aba9e86608cc369f">
<![CDATA[org.openqa.selenium.TimeoutException: Expected condition failed: waiting for element to be clickable: By.xpath: /html/body/div[2]/aside/nav/ul/li[3]/a (tried for 10 second(s) with 500 milliseconds interval)
Build info: version: '4.25.0', revision: '8a8aea2337'
System info: os.name: 'Linux', os.arch: 'amd64', os.version: '6.8.0-60-generic', java.version: '21.0.11'
Driver info: org.openqa.selenium.chrome.ChromeDriver
Capabilities {acceptInsecureCerts: false, browserName: chrome, browserVersion: 143.0.7499.40, chrome: {chromedriverVersion: 143.0.7499.192 (be2c1f4fd45..., userDataDir: /tmp/.org.chromium.Chromium...}, fedcm:accounts: true, goog:chromeOptions: {debuggerAddress: localhost:41167}, goog:processID: 4934, networkConnectionEnabled: false, pageLoadStrategy: normal, platformName: linux, proxy: Proxy(), se:cdp: ws://localhost:41167/devtoo..., se:cdpVersion: 143.0.7499.40, setWindowRect: true, strictFileInteractability: false, timeouts: {implicit: 0, pageLoad: 300000, script: 30000}, unhandledPromptBehavior: dismiss and notify, webauthn:extension:credBlob: true, webauthn:extension:largeBlob: true, webauthn:extension:minPinLength: true, webauthn:extension:prf: true, webauthn:virtualAuthenticators: true}
Session ID: 08d84467d8795145aba9e86608cc369f
	at org.openqa.selenium.support.ui.WebDriverWait.timeoutException(WebDriverWait.java:84)
	at org.openqa.selenium.support.ui.FluentWait.until(FluentWait.java:228)
	at com.xats.automation.tests.pages.CandidateInDetailViewPage.click(CandidateInDetailViewPage.java:226)
	at com.xats.automation.tests.pages.CandidateInDetailViewPage.candidateTab(CandidateInDetailViewPage.java:65)
	at com.xats.automation.tests.stepdefinitions.CandidateInDetailViewSteps.user_navigates_to_candidateInDetailView(CandidateInDetailViewSteps.java:13)
	at ✽.user navigates to candidateInDetailView(file:///runner/_work/automation/automation/src/test/resources/features/07_CandidateInDetailView.feature:9)
]]>
</failure>
<system-out><![CDATA[
Given User is on login page.................................................passed
When User enters username and password from config file.....................passed
And User clicks on login button.............................................passed
Then User should land on dashboard..........................................passed
When user navigates to candidateInDetailView................................failed
And user adds a note for can................................................skipped
]]></system-out>
</testcase>
<testcase classname="candidateInDetailView" name="Edit the existing note" time="20.471">
<failure type="org.openqa.selenium.TimeoutException" message="Expected condition failed: waiting for element to be clickable: By.xpath: /html/body/div[2]/aside/nav/ul/li[3]/a (tried for 10 second(s) with 500 milliseconds interval)
Build info: version: '4.25.0', revision: '8a8aea2337'
System info: os.name: 'Linux', os.arch: 'amd64', os.version: '6.8.0-60-generic', java.version: '21.0.11'
Driver info: org.openqa.selenium.chrome.ChromeDriver
Capabilities {acceptInsecureCerts: false, browserName: chrome, browserVersion: 143.0.7499.40, chrome: {chromedriverVersion: 143.0.7499.192 (be2c1f4fd45..., userDataDir: /tmp/.org.chromium.Chromium...}, fedcm:accounts: true, goog:chromeOptions: {debuggerAddress: localhost:44481}, goog:processID: 5133, networkConnectionEnabled: false, pageLoadStrategy: normal, platformName: linux, proxy: Proxy(), se:cdp: ws://localhost:44481/devtoo..., se:cdpVersion: 143.0.7499.40, setWindowRect: true, strictFileInteractability: false, timeouts: {implicit: 0, pageLoad: 300000, script: 30000}, unhandledPromptBehavior: dismiss and notify, webauthn:extension:credBlob: true, webauthn:extension:largeBlob: true, webauthn:extension:minPinLength: true, webauthn:extension:prf: true, webauthn:virtualAuthenticators: true}
Session ID: ac77240e92d8158a7cf9236e856c51b2">
<![CDATA[org.openqa.selenium.TimeoutException: Expected condition failed: waiting for element to be clickable: By.xpath: /html/body/div[2]/aside/nav/ul/li[3]/a (tried for 10 second(s) with 500 milliseconds interval)
Build info: version: '4.25.0', revision: '8a8aea2337'
System info: os.name: 'Linux', os.arch: 'amd64', os.version: '6.8.0-60-generic', java.version: '21.0.11'
Driver info: org.openqa.selenium.chrome.ChromeDriver
Capabilities {acceptInsecureCerts: false, browserName: chrome, browserVersion: 143.0.7499.40, chrome: {chromedriverVersion: 143.0.7499.192 (be2c1f4fd45..., userDataDir: /tmp/.org.chromium.Chromium...}, fedcm:accounts: true, goog:chromeOptions: {debuggerAddress: localhost:44481}, goog:processID: 5133, networkConnectionEnabled: false, pageLoadStrategy: normal, platformName: linux, proxy: Proxy(), se:cdp: ws://localhost:44481/devtoo..., se:cdpVersion: 143.0.7499.40, setWindowRect: true, strictFileInteractability: false, timeouts: {implicit: 0, pageLoad: 300000, script: 30000}, unhandledPromptBehavior: dismiss and notify, webauthn:extension:credBlob: true, webauthn:extension:largeBlob: true, webauthn:extension:minPinLength: true, webauthn:extension:prf: true, webauthn:virtualAuthenticators: true}
Session ID: ac77240e92d8158a7cf9236e856c51b2
	at org.openqa.selenium.support.ui.WebDriverWait.timeoutException(WebDriverWait.java:84)
	at org.openqa.selenium.support.ui.FluentWait.until(FluentWait.java:228)
	at com.xats.automation.tests.pages.CandidateInDetailViewPage.click(CandidateInDetailViewPage.java:226)
	at com.xats.automation.tests.pages.CandidateInDetailViewPage.candidateTab(CandidateInDetailViewPage.java:65)
	at com.xats.automation.tests.stepdefinitions.CandidateInDetailViewSteps.user_navigates_to_candidateInDetailView(CandidateInDetailViewSteps.java:13)
	at ✽.user navigates to candidateInDetailView(file:///runner/_work/automation/automation/src/test/resources/features/07_CandidateInDetailView.feature:9)
]]>
</failure>
<system-out><![CDATA[
Given User is on login page.................................................passed
When User enters username and password from config file.....................passed
And User clicks on login button.............................................passed
Then User should land on dashboard..........................................passed
When user navigates to candidateInDetailView................................failed
And user edits the note for can.............................................skipped
]]></system-out>
</testcase>
<testcase classname="candidateInDetailView" name="Delete the note" time="18.563">
<failure type="org.openqa.selenium.TimeoutException" message="Expected condition failed: waiting for element to be clickable: By.xpath: /html/body/div[2]/aside/nav/ul/li[3]/a (tried for 10 second(s) with 500 milliseconds interval)
Build info: version: '4.25.0', revision: '8a8aea2337'
System info: os.name: 'Linux', os.arch: 'amd64', os.version: '6.8.0-60-generic', java.version: '21.0.11'
Driver info: org.openqa.selenium.chrome.ChromeDriver
Capabilities {acceptInsecureCerts: false, browserName: chrome, browserVersion: 143.0.7499.40, chrome: {chromedriverVersion: 143.0.7499.192 (be2c1f4fd45..., userDataDir: /tmp/.org.chromium.Chromium...}, fedcm:accounts: true, goog:chromeOptions: {debuggerAddress: localhost:38625}, goog:processID: 5329, networkConnectionEnabled: false, pageLoadStrategy: normal, platformName: linux, proxy: Proxy(), se:cdp: ws://localhost:38625/devtoo..., se:cdpVersion: 143.0.7499.40, setWindowRect: true, strictFileInteractability: false, timeouts: {implicit: 0, pageLoad: 300000, script: 30000}, unhandledPromptBehavior: dismiss and notify, webauthn:extension:credBlob: true, webauthn:extension:largeBlob: true, webauthn:extension:minPinLength: true, webauthn:extension:prf: true, webauthn:virtualAuthenticators: true}
Session ID: 47e5efe663dc0d5fbdb307a800a5ca1a">
<![CDATA[org.openqa.selenium.TimeoutException: Expected condition failed: waiting for element to be clickable: By.xpath: /html/body/div[2]/aside/nav/ul/li[3]/a (tried for 10 second(s) with 500 milliseconds interval)
Build info: version: '4.25.0', revision: '8a8aea2337'
System info: os.name: 'Linux', os.arch: 'amd64', os.version: '6.8.0-60-generic', java.version: '21.0.11'
Driver info: org.openqa.selenium.chrome.ChromeDriver
Capabilities {acceptInsecureCerts: false, browserName: chrome, browserVersion: 143.0.7499.40, chrome: {chromedriverVersion: 143.0.7499.192 (be2c1f4fd45..., userDataDir: /tmp/.org.chromium.Chromium...}, fedcm:accounts: true, goog:chromeOptions: {debuggerAddress: localhost:38625}, goog:processID: 5329, networkConnectionEnabled: false, pageLoadStrategy: normal, platformName: linux, proxy: Proxy(), se:cdp: ws://localhost:38625/devtoo..., se:cdpVersion: 143.0.7499.40, setWindowRect: true, strictFileInteractability: false, timeouts: {implicit: 0, pageLoad: 300000, script: 30000}, unhandledPromptBehavior: dismiss and notify, webauthn:extension:credBlob: true, webauthn:extension:largeBlob: true, webauthn:extension:minPinLength: true, webauthn:extension:prf: true, webauthn:virtualAuthenticators: true}
Session ID: 47e5efe663dc0d5fbdb307a800a5ca1a
	at org.openqa.selenium.support.ui.WebDriverWait.timeoutException(WebDriverWait.java:84)
	at org.openqa.selenium.support.ui.FluentWait.until(FluentWait.java:228)
	at com.xats.automation.tests.pages.CandidateInDetailViewPage.click(CandidateInDetailViewPage.java:226)
	at com.xats.automation.tests.pages.CandidateInDetailViewPage.candidateTab(CandidateInDetailViewPage.java:65)
	at com.xats.automation.tests.stepdefinitions.CandidateInDetailViewSteps.user_navigates_to_candidateInDetailView(CandidateInDetailViewSteps.java:13)
	at ✽.user navigates to candidateInDetailView(file:///runner/_work/automation/automation/src/test/resources/features/07_CandidateInDetailView.feature:9)
]]>
</failure>
<system-out><![CDATA[
Given User is on login page.................................................passed
When User enters username and password from config file.....................passed
And User clicks on login button.............................................passed
Then User should land on dashboard..........................................passed
When user navigates to candidateInDetailView................................failed
And user deletes the note for can...........................................skipped
]]></system-out>
</testcase>
<testcase classname="candidateInDetailView" name="Upload a new document" time="14.368">
<failure type="org.openqa.selenium.TimeoutException" message="Expected condition failed: waiting for element to be clickable: By.xpath: /html/body/div[2]/aside/nav/ul/li[3]/a (tried for 10 second(s) with 500 milliseconds interval)
Build info: version: '4.25.0', revision: '8a8aea2337'
System info: os.name: 'Linux', os.arch: 'amd64', os.version: '6.8.0-60-generic', java.version: '21.0.11'
Driver info: org.openqa.selenium.chrome.ChromeDriver
Capabilities {acceptInsecureCerts: false, browserName: chrome, browserVersion: 143.0.7499.40, chrome: {chromedriverVersion: 143.0.7499.192 (be2c1f4fd45..., userDataDir: /tmp/.org.chromium.Chromium...}, fedcm:accounts: true, goog:chromeOptions: {debuggerAddress: localhost:44577}, goog:processID: 5530, networkConnectionEnabled: false, pageLoadStrategy: normal, platformName: linux, proxy: Proxy(), se:cdp: ws://localhost:44577/devtoo..., se:cdpVersion: 143.0.7499.40, setWindowRect: true, strictFileInteractability: false, timeouts: {implicit: 0, pageLoad: 300000, script: 30000}, unhandledPromptBehavior: dismiss and notify, webauthn:extension:credBlob: true, webauthn:extension:largeBlob: true, webauthn:extension:minPinLength: true, webauthn:extension:prf: true, webauthn:virtualAuthenticators: true}
Session ID: 79fcc0de067ed7f1c380371f8fe57c32">
<![CDATA[org.openqa.selenium.TimeoutException: Expected condition failed: waiting for element to be clickable: By.xpath: /html/body/div[2]/aside/nav/ul/li[3]/a (tried for 10 second(s) with 500 milliseconds interval)
Build info: version: '4.25.0', revision: '8a8aea2337'
System info: os.name: 'Linux', os.arch: 'amd64', os.version: '6.8.0-60-generic', java.version: '21.0.11'
Driver info: org.openqa.selenium.chrome.ChromeDriver
Capabilities {acceptInsecureCerts: false, browserName: chrome, browserVersion: 143.0.7499.40, chrome: {chromedriverVersion: 143.0.7499.192 (be2c1f4fd45..., userDataDir: /tmp/.org.chromium.Chromium...}, fedcm:accounts: true, goog:chromeOptions: {debuggerAddress: localhost:44577}, goog:processID: 5530, networkConnectionEnabled: false, pageLoadStrategy: normal, platformName: linux, proxy: Proxy(), se:cdp: ws://localhost:44577/devtoo..., se:cdpVersion: 143.0.7499.40, setWindowRect: true, strictFileInteractability: false, timeouts: {implicit: 0, pageLoad: 300000, script: 30000}, unhandledPromptBehavior: dismiss and notify, webauthn:extension:credBlob: true, webauthn:extension:largeBlob: true, webauthn:extension:minPinLength: true, webauthn:extension:prf: true, webauthn:virtualAuthenticators: true}
Session ID: 79fcc0de067ed7f1c380371f8fe57c32
	at org.openqa.selenium.support.ui.WebDriverWait.timeoutException(WebDriverWait.java:84)
	at org.openqa.selenium.support.ui.FluentWait.until(FluentWait.java:228)
	at com.xats.automation.tests.pages.CandidateInDetailViewPage.click(CandidateInDetailViewPage.java:226)
	at com.xats.automation.tests.pages.CandidateInDetailViewPage.candidateTab(CandidateInDetailViewPage.java:65)
	at com.xats.automation.tests.stepdefinitions.CandidateInDetailViewSteps.user_navigates_to_candidateInDetailView(CandidateInDetailViewSteps.java:13)
	at ✽.user navigates to candidateInDetailView(file:///runner/_work/automation/automation/src/test/resources/features/07_CandidateInDetailView.feature:9)
]]>
</failure>
<system-out><![CDATA[
Given User is on login page.................................................passed
When User enters username and password from config file.....................passed
And User clicks on login button.............................................passed
Then User should land on dashboard..........................................passed
When user navigates to candidateInDetailView................................failed
And user uploads a document for can.........................................skipped
]]></system-out>
</testcase>
<testcase classname="candidateInDetailView" name="Delete the uploaded document" time="12.552">
<failure type="org.openqa.selenium.TimeoutException" message="Expected condition failed: waiting for element to be clickable: By.xpath: /html/body/div[2]/aside/nav/ul/li[3]/a (tried for 10 second(s) with 500 milliseconds interval)
Build info: version: '4.25.0', revision: '8a8aea2337'
System info: os.name: 'Linux', os.arch: 'amd64', os.version: '6.8.0-60-generic', java.version: '21.0.11'
Driver info: org.openqa.selenium.chrome.ChromeDriver
Capabilities {acceptInsecureCerts: false, browserName: chrome, browserVersion: 143.0.7499.40, chrome: {chromedriverVersion: 143.0.7499.192 (be2c1f4fd45..., userDataDir: /tmp/.org.chromium.Chromium...}, fedcm:accounts: true, goog:chromeOptions: {debuggerAddress: localhost:34459}, goog:processID: 5790, networkConnectionEnabled: false, pageLoadStrategy: normal, platformName: linux, proxy: Proxy(), se:cdp: ws://localhost:34459/devtoo..., se:cdpVersion: 143.0.7499.40, setWindowRect: true, strictFileInteractability: false, timeouts: {implicit: 0, pageLoad: 300000, script: 30000}, unhandledPromptBehavior: dismiss and notify, webauthn:extension:credBlob: true, webauthn:extension:largeBlob: true, webauthn:extension:minPinLength: true, webauthn:extension:prf: true, webauthn:virtualAuthenticators: true}
Session ID: 2afd38b57ccad76ac587e32383bd009c">
<![CDATA[org.openqa.selenium.TimeoutException: Expected condition failed: waiting for element to be clickable: By.xpath: /html/body/div[2]/aside/nav/ul/li[3]/a (tried for 10 second(s) with 500 milliseconds interval)
Build info: version: '4.25.0', revision: '8a8aea2337'
System info: os.name: 'Linux', os.arch: 'amd64', os.version: '6.8.0-60-generic', java.version: '21.0.11'
Driver info: org.openqa.selenium.chrome.ChromeDriver
Capabilities {acceptInsecureCerts: false, browserName: chrome, browserVersion: 143.0.7499.40, chrome: {chromedriverVersion: 143.0.7499.192 (be2c1f4fd45..., userDataDir: /tmp/.org.chromium.Chromium...}, fedcm:accounts: true, goog:chromeOptions: {debuggerAddress: localhost:34459}, goog:processID: 5790, networkConnectionEnabled: false, pageLoadStrategy: normal, platformName: linux, proxy: Proxy(), se:cdp: ws://localhost:34459/devtoo..., se:cdpVersion: 143.0.7499.40, setWindowRect: true, strictFileInteractability: false, timeouts: {implicit: 0, pageLoad: 300000, script: 30000}, unhandledPromptBehavior: dismiss and notify, webauthn:extension:credBlob: true, webauthn:extension:largeBlob: true, webauthn:extension:minPinLength: true, webauthn:extension:prf: true, webauthn:virtualAuthenticators: true}
Session ID: 2afd38b57ccad76ac587e32383bd009c
	at org.openqa.selenium.support.ui.WebDriverWait.timeoutException(WebDriverWait.java:84)
	at org.openqa.selenium.support.ui.FluentWait.until(FluentWait.java:228)
	at com.xats.automation.tests.pages.CandidateInDetailViewPage.click(CandidateInDetailViewPage.java:226)
	at com.xats.automation.tests.pages.CandidateInDetailViewPage.candidateTab(CandidateInDetailViewPage.java:65)
	at com.xats.automation.tests.stepdefinitions.CandidateInDetailViewSteps.user_navigates_to_candidateInDetailView(CandidateInDetailViewSteps.java:13)
	at ✽.user navigates to candidateInDetailView(file:///runner/_work/automation/automation/src/test/resources/features/07_CandidateInDetailView.feature:9)
]]>
</failure>
<system-out><![CDATA[
Given User is on login page.................................................passed
When User enters username and password from config file.....................passed
And User clicks on login button.............................................passed
Then User should land on dashboard..........................................passed
When user navigates to candidateInDetailView................................failed
And user deletes the document for can.......................................skipped
]]></system-out>
</testcase>
<testcase classname="candidateInDetailView" name="Create a Task" time="20.438">
<failure type="org.openqa.selenium.TimeoutException" message="Expected condition failed: waiting for element to be clickable: By.xpath: /html/body/div[2]/aside/nav/ul/li[3]/a (tried for 10 second(s) with 500 milliseconds interval)
Build info: version: '4.25.0', revision: '8a8aea2337'
System info: os.name: 'Linux', os.arch: 'amd64', os.version: '6.8.0-60-generic', java.version: '21.0.11'
Driver info: org.openqa.selenium.chrome.ChromeDriver
Capabilities {acceptInsecureCerts: false, browserName: chrome, browserVersion: 143.0.7499.40, chrome: {chromedriverVersion: 143.0.7499.192 (be2c1f4fd45..., userDataDir: /tmp/.org.chromium.Chromium...}, fedcm:accounts: true, goog:chromeOptions: {debuggerAddress: localhost:39307}, goog:processID: 6006, networkConnectionEnabled: false, pageLoadStrategy: normal, platformName: linux, proxy: Proxy(), se:cdp: ws://localhost:39307/devtoo..., se:cdpVersion: 143.0.7499.40, setWindowRect: true, strictFileInteractability: false, timeouts: {implicit: 0, pageLoad: 300000, script: 30000}, unhandledPromptBehavior: dismiss and notify, webauthn:extension:credBlob: true, webauthn:extension:largeBlob: true, webauthn:extension:minPinLength: true, webauthn:extension:prf: true, webauthn:virtualAuthenticators: true}
Session ID: 174f5290d598ed30fd817034c692aff0">
<![CDATA[org.openqa.selenium.TimeoutException: Expected condition failed: waiting for element to be clickable: By.xpath: /html/body/div[2]/aside/nav/ul/li[3]/a (tried for 10 second(s) with 500 milliseconds interval)
Build info: version: '4.25.0', revision: '8a8aea2337'
System info: os.name: 'Linux', os.arch: 'amd64', os.version: '6.8.0-60-generic', java.version: '21.0.11'
Driver info: org.openqa.selenium.chrome.ChromeDriver
Capabilities {acceptInsecureCerts: false, browserName: chrome, browserVersion: 143.0.7499.40, chrome: {chromedriverVersion: 143.0.7499.192 (be2c1f4fd45..., userDataDir: /tmp/.org.chromium.Chromium...}, fedcm:accounts: true, goog:chromeOptions: {debuggerAddress: localhost:39307}, goog:processID: 6006, networkConnectionEnabled: false, pageLoadStrategy: normal, platformName: linux, proxy: Proxy(), se:cdp: ws://localhost:39307/devtoo..., se:cdpVersion: 143.0.7499.40, setWindowRect: true, strictFileInteractability: false, timeouts: {implicit: 0, pageLoad: 300000, script: 30000}, unhandledPromptBehavior: dismiss and notify, webauthn:extension:credBlob: true, webauthn:extension:largeBlob: true, webauthn:extension:minPinLength: true, webauthn:extension:prf: true, webauthn:virtualAuthenticators: true}
Session ID: 174f5290d598ed30fd817034c692aff0
	at org.openqa.selenium.support.ui.WebDriverWait.timeoutException(WebDriverWait.java:84)
	at org.openqa.selenium.support.ui.FluentWait.until(FluentWait.java:228)
	at com.xats.automation.tests.pages.CandidateInDetailViewPage.click(CandidateInDetailViewPage.java:226)
	at com.xats.automation.tests.pages.CandidateInDetailViewPage.candidateTab(CandidateInDetailViewPage.java:65)
	at com.xats.automation.tests.stepdefinitions.CandidateInDetailViewSteps.user_navigates_to_candidateInDetailView(CandidateInDetailViewSteps.java:13)
	at ✽.user navigates to candidateInDetailView(file:///runner/_work/automation/automation/src/test/resources/features/07_CandidateInDetailView.feature:9)
]]>
</failure>
<system-out><![CDATA[
Given User is on login page.................................................passed
When User enters username and password from config file.....................passed
And User clicks on login button.............................................passed
Then User should land on dashboard..........................................passed
When user navigates to candidateInDetailView................................failed
When user create a task for can.............................................skipped
]]></system-out>
</testcase>
<testcase classname="Submission page" name="Navigate to submission page" time="28.812">
<failure type="org.openqa.selenium.TimeoutException" message="Expected condition failed: waiting for element to be clickable: By.xpath: /html/body/div[2]/aside/nav/ul/li[4]/a (tried for 25 second(s) with 500 milliseconds interval)
Build info: version: '4.25.0', revision: '8a8aea2337'
System info: os.name: 'Linux', os.arch: 'amd64', os.version: '6.8.0-60-generic', java.version: '21.0.11'
Driver info: org.openqa.selenium.chrome.ChromeDriver
Capabilities {acceptInsecureCerts: false, browserName: chrome, browserVersion: 143.0.7499.40, chrome: {chromedriverVersion: 143.0.7499.192 (be2c1f4fd45..., userDataDir: /tmp/.org.chromium.Chromium...}, fedcm:accounts: true, goog:chromeOptions: {debuggerAddress: localhost:42949}, goog:processID: 6207, networkConnectionEnabled: false, pageLoadStrategy: normal, platformName: linux, proxy: Proxy(), se:cdp: ws://localhost:42949/devtoo..., se:cdpVersion: 143.0.7499.40, setWindowRect: true, strictFileInteractability: false, timeouts: {implicit: 0, pageLoad: 300000, script: 30000}, unhandledPromptBehavior: dismiss and notify, webauthn:extension:credBlob: true, webauthn:extension:largeBlob: true, webauthn:extension:minPinLength: true, webauthn:extension:prf: true, webauthn:virtualAuthenticators: true}
Session ID: 97356b602e5a1ab4ee768457b3ad9fc7">
<![CDATA[org.openqa.selenium.TimeoutException: Expected condition failed: waiting for element to be clickable: By.xpath: /html/body/div[2]/aside/nav/ul/li[4]/a (tried for 25 second(s) with 500 milliseconds interval)
Build info: version: '4.25.0', revision: '8a8aea2337'
System info: os.name: 'Linux', os.arch: 'amd64', os.version: '6.8.0-60-generic', java.version: '21.0.11'
Driver info: org.openqa.selenium.chrome.ChromeDriver
Capabilities {acceptInsecureCerts: false, browserName: chrome, browserVersion: 143.0.7499.40, chrome: {chromedriverVersion: 143.0.7499.192 (be2c1f4fd45..., userDataDir: /tmp/.org.chromium.Chromium...}, fedcm:accounts: true, goog:chromeOptions: {debuggerAddress: localhost:42949}, goog:processID: 6207, networkConnectionEnabled: false, pageLoadStrategy: normal, platformName: linux, proxy: Proxy(), se:cdp: ws://localhost:42949/devtoo..., se:cdpVersion: 143.0.7499.40, setWindowRect: true, strictFileInteractability: false, timeouts: {implicit: 0, pageLoad: 300000, script: 30000}, unhandledPromptBehavior: dismiss and notify, webauthn:extension:credBlob: true, webauthn:extension:largeBlob: true, webauthn:extension:minPinLength: true, webauthn:extension:prf: true, webauthn:virtualAuthenticators: true}
Session ID: 97356b602e5a1ab4ee768457b3ad9fc7
	at org.openqa.selenium.support.ui.WebDriverWait.timeoutException(WebDriverWait.java:84)
	at org.openqa.selenium.support.ui.FluentWait.until(FluentWait.java:228)
	at com.xats.automation.tests.pages.JobInDetailViewPage.click(JobInDetailViewPage.java:66)
	at com.xats.automation.tests.pages.JobInDetailViewPage.clickJobId(JobInDetailViewPage.java:71)
[...]
	at ✽.user navigates to job detail view(file:///runner/_work/automation/automation/src/test/resources/features/08_CandidateSubmission.feature:28)
]]>
</failure>
<system-out><![CDATA[
Given User is on login page.................................................passed
When User enters username and password from config file.....................passed
And User clicks on login button.............................................passed
When user navigates to job detail view......................................failed
When user navigates submission page.........................................skipped
And user pins the note in submission........................................skipped
]]></system-out>
</testcase>
<testcase classname="Submission page" name="Delete the note" time="26.915">
<failure type="org.openqa.selenium.TimeoutException" message="Expected condition failed: waiting for element to be clickable: By.xpath: /html/body/div[2]/aside/nav/ul/li[4]/a (tried for 25 second(s) with 500 milliseconds interval)
Build info: version: '4.25.0', revision: '8a8aea2337'
System info: os.name: 'Linux', os.arch: 'amd64', os.version: '6.8.0-60-generic', java.version: '21.0.11'
Driver info: org.openqa.selenium.chrome.ChromeDriver
Capabilities {acceptInsecureCerts: false, browserName: chrome, browserVersion: 143.0.7499.40, chrome: {chromedriverVersion: 143.0.7499.192 (be2c1f4fd45..., userDataDir: /tmp/.org.chromium.Chromium...}, fedcm:accounts: true, goog:chromeOptions: {debuggerAddress: localhost:35229}, goog:processID: 7264, networkConnectionEnabled: false, pageLoadStrategy: normal, platformName: linux, proxy: Proxy(), se:cdp: ws://localhost:35229/devtoo..., se:cdpVersion: 143.0.7499.40, setWindowRect: true, strictFileInteractability: false, timeouts: {implicit: 0, pageLoad: 300000, script: 30000}, unhandledPromptBehavior: dismiss and notify, webauthn:extension:credBlob: true, webauthn:extension:largeBlob: true, webauthn:extension:minPinLength: true, webauthn:extension:prf: true, webauthn:virtualAuthenticators: true}
Session ID: b58810193761ad7ec314655822acdb82">
<![CDATA[org.openqa.selenium.TimeoutException: Expected condition failed: waiting for element to be clickable: By.xpath: /html/body/div[2]/aside/nav/ul/li[4]/a (tried for 25 second(s) with 500 milliseconds interval)
Build info: version: '4.25.0', revision: '8a8aea2337'
System info: os.name: 'Linux', os.arch: 'amd64', os.version: '6.8.0-60-generic', java.version: '21.0.11'
Driver info: org.openqa.selenium.chrome.ChromeDriver
Capabilities {acceptInsecureCerts: false, browserName: chrome, browserVersion: 143.0.7499.40, chrome: {chromedriverVersion: 143.0.7499.192 (be2c1f4fd45..., userDataDir: /tmp/.org.chromium.Chromium...}, fedcm:accounts: true, goog:chromeOptions: {debuggerAddress: localhost:35229}, goog:processID: 7264, networkConnectionEnabled: false, pageLoadStrategy: normal, platformName: linux, proxy: Proxy(), se:cdp: ws://localhost:35229/devtoo..., se:cdpVersion: 143.0.7499.40, setWindowRect: true, strictFileInteractability: false, timeouts: {implicit: 0, pageLoad: 300000, script: 30000}, unhandledPromptBehavior: dismiss and notify, webauthn:extension:credBlob: true, webauthn:extension:largeBlob: true, webauthn:extension:minPinLength: true, webauthn:extension:prf: true, webauthn:virtualAuthenticators: true}
Session ID: b58810193761ad7ec314655822acdb82
	at org.openqa.selenium.support.ui.WebDriverWait.timeoutException(WebDriverWait.java:84)
	at org.openqa.selenium.support.ui.FluentWait.until(FluentWait.java:228)
	at com.xats.automation.tests.pages.JobInDetailViewPage.click(JobInDetailViewPage.java:66)
	at com.xats.automation.tests.pages.JobInDetailViewPage.clickJobId(JobInDetailViewPage.java:71)
	at com.xats.automation.tests.stepdefinitions.JobInDetailViewSteps.user_navigates_to_job_detail_view(JobInDetailViewSteps.java:18)
	at ✽.user navigates to job detail view(file:///runner/_work/automation/automation/src/test/resources/features/08_CandidateSubmission.feature:34)
]]>
</failure>
<system-out><![CDATA[
Given User is on login page.................................................passed
When User enters username and password from config file.....................passed
And User clicks on login button.............................................passed
When user navigates to job detail view......................................failed
When user navigates submission page.........................................skipped
And user deletes the note in the submission.................................skipped
]]></system-out>
</testcase>
<testcase classname="Submission page" name="Upload a new document" time="31.827">
<failure type="org.openqa.selenium.TimeoutException" message="Expected condition failed: waiting for element to be clickable: By.xpath: /html/body/div[2]/aside/nav/ul/li[4]/a (tried for 25 second(s) with 500 milliseconds interval)
Build info: version: '4.25.0', revision: '8a8aea2337'
System info: os.name: 'Linux', os.arch: 'amd64', os.version: '6.8.0-60-generic', java.version: '21.0.11'
Driver info: org.openqa.selenium.chrome.ChromeDriver
Capabilities {acceptInsecureCerts: false, browserName: chrome, browserVersion: 143.0.7499.40, chrome: {chromedriverVersion: 143.0.7499.192 (be2c1f4fd45..., userDataDir: /tmp/.org.chromium.Chromium...}, fedcm:accounts: true, goog:chromeOptions: {debuggerAddress: localhost:39145}, goog:processID: 7527, networkConnectionEnabled: false, pageLoadStrategy: normal, platformName: linux, proxy: Proxy(), se:cdp: ws://localhost:39145/devtoo..., se:cdpVersion: 143.0.7499.40, setWindowRect: true, strictFileInteractability: false, timeouts: {implicit: 0, pageLoad: 300000, script: 30000}, unhandledPromptBehavior: dismiss and notify, webauthn:extension:credBlob: true, webauthn:extension:largeBlob: true, webauthn:extension:minPinLength: true, webauthn:extension:prf: true, webauthn:virtualAuthenticators: true}
Session ID: 9ba91d51b995e392634c229cdb31f5c2">
<![CDATA[org.openqa.selenium.TimeoutException: Expected condition failed: waiting for element to be clickable: By.xpath: /html/body/div[2]/aside/nav/ul/li[4]/a (tried for 25 second(s) with 500 milliseconds interval)
Build info: version: '4.25.0', revision: '8a8aea2337'
System info: os.name: 'Linux', os.arch: 'amd64', os.version: '6.8.0-60-generic', java.version: '21.0.11'
Driver info: org.openqa.selenium.chrome.ChromeDriver
Capabilities {acceptInsecureCerts: false, browserName: chrome, browserVersion: 143.0.7499.40, chrome: {chromedriverVersion: 143.0.7499.192 (be2c1f4fd45..., userDataDir: /tmp/.org.chromium.Chromium...}, fedcm:accounts: true, goog:chromeOptions: {debuggerAddress: localhost:39145}, goog:processID: 7527, networkConnectionEnabled: false, pageLoadStrategy: normal, platformName: linux, proxy: Proxy(), se:cdp: ws://localhost:39145/devtoo..., se:cdpVersion: 143.0.7499.40, setWindowRect: true, strictFileInteractability: false, timeouts: {implicit: 0, pageLoad: 300000, script: 30000}, unhandledPromptBehavior: dismiss and notify, webauthn:extension:credBlob: true, webauthn:extension:largeBlob: true, webauthn:extension:minPinLength: true, webauthn:extension:prf: true, webauthn:virtualAuthenticators: true}
Session ID: 9ba91d51b995e392634c229cdb31f5c2
	at org.openqa.selenium.support.ui.WebDriverWait.timeoutException(WebDriverWait.java:84)
	at org.openqa.selenium.support.ui.FluentWait.until(FluentWait.java:228)
	at com.xats.automation.tests.pages.JobInDetailViewPage.click(JobInDetailViewPage.java:66)
	at com.xats.automation.tests.pages.JobInDetailViewPage.clickJobId(JobInDetailViewPage.java:71)
	at com.xats.automation.tests.stepdefinitions.JobInDetailViewSteps.user_navigates_to_job_detail_view(JobInDetailViewSteps.java:18)
	at ✽.user navigates to job detail view(file:///runner/_work/automation/automation/src/test/resources/features/08_CandidateSubmission.feature:40)
]]>
</failure>
<system-out><![CDATA[
Given User is on login page.................................................passed
When User enters username and password from config file.....................passed
And User clicks on login button.............................................passed
When user navigates to job detail view......................................failed
When user navigates submission page.........................................skipped
And user uploads a document in submission...................................skipped
]]></system-out>
</testcase>
<testcase classname="Submission page" name="Delete the uploaded document" time="31.511">
<failure type="org.openqa.selenium.TimeoutException" message="Expected condition failed: waiting for element to be clickable: By.xpath: /html/body/div[2]/aside/nav/ul/li[4]/a (tried for 25 second(s) with 500 milliseconds interval)
Build info: version: '4.25.0', revision: '8a8aea2337'
System info: os.name: 'Linux', os.arch: 'amd64', os.version: '6.8.0-60-generic', java.version: '21.0.11'
Driver info: org.openqa.selenium.chrome.ChromeDriver
Capabilities {acceptInsecureCerts: false, browserName: chrome, browserVersion: 143.0.7499.40, chrome: {chromedriverVersion: 143.0.7499.192 (be2c1f4fd45..., userDataDir: /tmp/.org.chromium.Chromium...}, fedcm:accounts: true, goog:chromeOptions: {debuggerAddress: localhost:35415}, goog:processID: 7728, networkConnectionEnabled: false, pageLoadStrategy: normal, platformName: linux, proxy: Proxy(), se:cdp: ws://localhost:35415/devtoo..., se:cdpVersion: 143.0.7499.40, setWindowRect: true, strictFileInteractability: false, timeouts: {implicit: 0, pageLoad: 300000, script: 30000}, unhandledPromptBehavior: dismiss and notify, webauthn:extension:credBlob: true, webauthn:extension:largeBlob: true, webauthn:extension:minPinLength: true, webauthn:extension:prf: true, webauthn:virtualAuthenticators: true}
Session ID: 25d1ab8e55a4e7acfd60e9e2cbe69fad">
<![CDATA[org.openqa.selenium.TimeoutException: Expected condition failed: waiting for element to be clickable: By.xpath: /html/body/div[2]/aside/nav/ul/li[4]/a (tried for 25 second(s) with 500 milliseconds interval)
Build info: version: '4.25.0', revision: '8a8aea2337'
System info: os.name: 'Linux', os.arch: 'amd64', os.version: '6.8.0-60-generic', java.version: '21.0.11'
Driver info: org.openqa.selenium.chrome.ChromeDriver
Capabilities {acceptInsecureCerts: false, browserName: chrome, browserVersion: 143.0.7499.40, chrome: {chromedriverVersion: 143.0.7499.192 (be2c1f4fd45..., userDataDir: /tmp/.org.chromium.Chromium...}, fedcm:accounts: true, goog:chromeOptions: {debuggerAddress: localhost:35415}, goog:processID: 7728, networkConnectionEnabled: false, pageLoadStrategy: normal, platformName: linux, proxy: Proxy(), se:cdp: ws://localhost:35415/devtoo..., se:cdpVersion: 143.0.7499.40, setWindowRect: true, strictFileInteractability: false, timeouts: {implicit: 0, pageLoad: 300000, script: 30000}, unhandledPromptBehavior: dismiss and notify, webauthn:extension:credBlob: true, webauthn:extension:largeBlob: true, webauthn:extension:minPinLength: true, webauthn:extension:prf: true, webauthn:virtualAuthenticators: true}
Session ID: 25d1ab8e55a4e7acfd60e9e2cbe69fad
	at org.openqa.selenium.support.ui.WebDriverWait.timeoutException(WebDriverWait.java:84)
	at org.openqa.selenium.support.ui.FluentWait.until(FluentWait.java:228)
	at com.xats.automation.tests.pages.JobInDetailViewPage.click(JobInDetailViewPage.java:66)
	at com.xats.automation.tests.pages.JobInDetailViewPage.clickJobId(JobInDetailViewPage.java:71)
	at com.xats.automation.tests.stepdefinitions.JobInDetailViewSteps.user_navigates_to_job_detail_view(JobInDetailViewSteps.java:18)
	at ✽.user navigates to job detail view(file:///runner/_work/automation/automation/src/test/resources/features/08_CandidateSubmission.feature:46)
]]>
</failure>
<system-out><![CDATA[
Given User is on login page.................................................passed
When User enters username and password from config file.....................passed
And User clicks on login button.............................................passed
When user navigates to job detail view......................................failed
When user navigates submission page.........................................skipped
And user deletes the document in submission.................................skipped
]]></system-out>
</testcase>
<testcase classname="Submission page" name="Interview creation" time="33.723">
<failure type="org.openqa.selenium.TimeoutException" message="Expected condition failed: waiting for element to be clickable: By.xpath: /html/body/div[2]/aside/nav/ul/li[4]/a (tried for 25 second(s) with 500 milliseconds interval)
Build info: version: '4.25.0', revision: '8a8aea2337'
System info: os.name: 'Linux', os.arch: 'amd64', os.version: '6.8.0-60-generic', java.version: '21.0.11'
Driver info: org.openqa.selenium.chrome.ChromeDriver
Capabilities {acceptInsecureCerts: false, browserName: chrome, browserVersion: 143.0.7499.40, chrome: {chromedriverVersion: 143.0.7499.192 (be2c1f4fd45..., userDataDir: /tmp/.org.chromium.Chromium...}, fedcm:accounts: true, goog:chromeOptions: {debuggerAddress: localhost:38693}, goog:processID: 7966, networkConnectionEnabled: false, pageLoadStrategy: normal, platformName: linux, proxy: Proxy(), se:cdp: ws://localhost:38693/devtoo..., se:cdpVersion: 143.0.7499.40, setWindowRect: true, strictFileInteractability: false, timeouts: {implicit: 0, pageLoad: 300000, script: 30000}, unhandledPromptBehavior: dismiss and notify, webauthn:extension:credBlob: true, webauthn:extension:largeBlob: true, webauthn:extension:minPinLength: true, webauthn:extension:prf: true, webauthn:virtualAuthenticators: true}
Session ID: 9490035b8577fb2e9ad9e6a3d0e204c3">
<![CDATA[org.openqa.selenium.TimeoutException: Expected condition failed: waiting for element to be clickable: By.xpath: /html/body/div[2]/aside/nav/ul/li[4]/a (tried for 25 second(s) with 500 milliseconds interval)
Build info: version: '4.25.0', revision: '8a8aea2337'
System info: os.name: 'Linux', os.arch: 'amd64', os.version: '6.8.0-60-generic', java.version: '21.0.11'
Driver info: org.openqa.selenium.chrome.ChromeDriver
Capabilities {acceptInsecureCerts: false, browserName: chrome, browserVersion: 143.0.7499.40, chrome: {chromedriverVersion: 143.0.7499.192 (be2c1f4fd45..., userDataDir: /tmp/.org.chromium.Chromium...}, fedcm:accounts: true, goog:chromeOptions: {debuggerAddress: localhost:38693}, goog:processID: 7966, networkConnectionEnabled: false, pageLoadStrategy: normal, platformName: linux, proxy: Proxy(), se:cdp: ws://localhost:38693/devtoo..., se:cdpVersion: 143.0.7499.40, setWindowRect: true, strictFileInteractability: false, timeouts: {implicit: 0, pageLoad: 300000, script: 30000}, unhandledPromptBehavior: dismiss and notify, webauthn:extension:credBlob: true, webauthn:extension:largeBlob: true, webauthn:extension:minPinLength: true, webauthn:extension:prf: true, webauthn:virtualAuthenticators: true}
Session ID: 9490035b8577fb2e9ad9e6a3d0e204c3
	at org.openqa.selenium.support.ui.WebDriverWait.timeoutException(WebDriverWait.java:84)
	at org.openqa.selenium.support.ui.FluentWait.until(FluentWait.java:228)
	at com.xats.automation.tests.pages.JobInDetailViewPage.click(JobInDetailViewPage.java:66)
	at com.xats.automation.tests.pages.JobInDetailViewPage.clickJobId(JobInDetailViewPage.java:71)
	at com.xats.automation.tests.stepdefinitions.JobInDetailViewSteps.user_navigates_to_job_detail_view(JobInDetailViewSteps.java:18)
	at ✽.user navigates to job detail view(file:///runner/_work/automation/automation/src/test/resources/features/08_CandidateSubmission.feature:52)
]]>
</failure>
<system-out><![CDATA[
Given User is on login page.................................................passed
When User enters username and password from config file.....................passed
And User clicks on login button.............................................passed
When user navigates to job detail view......................................failed
When user navigates submission page.........................................skipped
And User creates a interview................................................skipped
]]></system-out>
</testcase>
<testcase classname="Submission page" name="Create a Task" time="34.507">
<failure type="org.openqa.selenium.TimeoutException" message="Expected condition failed: waiting for element to be clickable: By.xpath: /html/body/div[2]/aside/nav/ul/li[4]/a (tried for 25 second(s) with 500 milliseconds interval)
Build info: version: '4.25.0', revision: '8a8aea2337'
System info: os.name: 'Linux', os.arch: 'amd64', os.version: '6.8.0-60-generic', java.version: '21.0.11'
Driver info: org.openqa.selenium.chrome.ChromeDriver
Capabilities {acceptInsecureCerts: false, browserName: chrome, browserVersion: 143.0.7499.40, chrome: {chromedriverVersion: 143.0.7499.192 (be2c1f4fd45..., userDataDir: /tmp/.org.chromium.Chromium...}, fedcm:accounts: true, goog:chromeOptions: {debuggerAddress: localhost:44481}, goog:processID: 8228, networkConnectionEnabled: false, pageLoadStrategy: normal, platformName: linux, proxy: Proxy(), se:cdp: ws://localhost:44481/devtoo..., se:cdpVersion: 143.0.7499.40, setWindowRect: true, strictFileInteractability: false, timeouts: {implicit: 0, pageLoad: 300000, script: 30000}, unhandledPromptBehavior: dismiss and notify, webauthn:extension:credBlob: true, webauthn:extension:largeBlob: true, webauthn:extension:minPinLength: true, webauthn:extension:prf: true, webauthn:virtualAuthenticators: true}
Session ID: 1ffe781aefa477eb5a2d97a926dceb84">
<![CDATA[org.openqa.selenium.TimeoutException: Expected condition failed: waiting for element to be clickable: By.xpath: /html/body/div[2]/aside/nav/ul/li[4]/a (tried for 25 second(s) with 500 milliseconds interval)
Build info: version: '4.25.0', revision: '8a8aea2337'
System info: os.name: 'Linux', os.arch: 'amd64', os.version: '6.8.0-60-generic', java.version: '21.0.11'
Driver info: org.openqa.selenium.chrome.ChromeDriver
Capabilities {acceptInsecureCerts: false, browserName: chrome, browserVersion: 143.0.7499.40, chrome: {chromedriverVersion: 143.0.7499.192 (be2c1f4fd45..., userDataDir: /tmp/.org.chromium.Chromium...}, fedcm:accounts: true, goog:chromeOptions: {debuggerAddress: localhost:44481}, goog:processID: 8228, networkConnectionEnabled: false, pageLoadStrategy: normal, platformName: linux, proxy: Proxy(), se:cdp: ws://localhost:44481/devtoo..., se:cdpVersion: 143.0.7499.40, setWindowRect: true, strictFileInteractability: false, timeouts: {implicit: 0, pageLoad: 300000, script: 30000}, unhandledPromptBehavior: dismiss and notify, webauthn:extension:credBlob: true, webauthn:extension:largeBlob: true, webauthn:extension:minPinLength: true, webauthn:extension:prf: true, webauthn:virtualAuthenticators: true}
Session ID: 1ffe781aefa477eb5a2d97a926dceb84
	at org.openqa.selenium.support.ui.WebDriverWait.timeoutException(WebDriverWait.java:84)
	at org.openqa.selenium.support.ui.FluentWait.until(FluentWait.java:228)
	at com.xats.automation.tests.pages.JobInDetailViewPage.click(JobInDetailViewPage.java:66)
	at com.xats.automation.tests.pages.JobInDetailViewPage.clickJobId(JobInDetailViewPage.java:71)
	at com.xats.automation.tests.stepdefinitions.JobInDetailViewSteps.user_navigates_to_job_detail_view(JobInDetailViewSteps.java:18)
	at ✽.user navigates to job detail view(file:///runner/_work/automation/automation/src/test/resources/features/08_CandidateSubmission.feature:59)
]]>
</failure>
<system-out><![CDATA[
Given User is on login page.................................................passed
When User enters username and password from config file.....................passed
And User clicks on login button.............................................passed
When user navigates to job detail view......................................failed
When user navigates submission page.........................................skipped
When user create a task in submission.......................................skipped
]]></system-out>
</testcase>
</testsuite>
