<?xml version="1.0" encoding="UTF-8"?>
<testsuite name="Cucumber" time="671.273" tests="30" skipped="0" failures="29" errors="0">
<testcase classname="Login Feature" name="Valid user logs in successfully" time="5.117">
<system-out><![CDATA[
Given User is on login page.................................................passed
When User enters username and password from config file.....................passed
And User clicks on login button.............................................passed
Then User should land on dashboard..........................................passed
]]></system-out>
</testcase>
<testcase classname="Client Creation" name="Valid user logs in and creates a new client" time="12.495">
<failure type="org.openqa.selenium.TimeoutException" message="Expected condition failed: waiting for element to be clickable: By.xpath: //aside//li[2]/a (tried for 10 second(s) with 500 milliseconds interval)
Build info: version: '4.25.0', revision: '8a8aea2337'
System info: os.name: 'Linux', os.arch: 'amd64', os.version: '6.8.0-60-generic', java.version: '21.0.11'
Driver info: org.openqa.selenium.chrome.ChromeDriver
Capabilities {acceptInsecureCerts: false, browserName: chrome, browserVersion: 143.0.7499.40, chrome: {chromedriverVersion: 143.0.7499.192 (be2c1f4fd45..., userDataDir: /tmp/.org.chromium.Chromium...}, fedcm:accounts: true, goog:chromeOptions: {debuggerAddress: localhost:34581}, goog:processID: 2137, networkConnectionEnabled: false, pageLoadStrategy: normal, platformName: linux, proxy: Proxy(), se:cdp: ws://localhost:34581/devtoo..., se:cdpVersion: 143.0.7499.40, setWindowRect: true, strictFileInteractability: false, timeouts: {implicit: 0, pageLoad: 300000, script: 30000}, unhandledPromptBehavior: dismiss and notify, webauthn:extension:credBlob: true, webauthn:extension:largeBlob: true, webauthn:extension:minPinLength: true, webauthn:extension:prf: true, webauthn:virtualAuthenticators: true}
Session ID: d0d27f471479173beffbe338893a56ed">
<![CDATA[org.openqa.selenium.TimeoutException: Expected condition failed: waiting for element to be clickable: By.xpath: //aside//li[2]/a (tried for 10 second(s) with 500 milliseconds interval)
Build info: version: '4.25.0', revision: '8a8aea2337'
System info: os.name: 'Linux', os.arch: 'amd64', os.version: '6.8.0-60-generic', java.version: '21.0.11'
Driver info: org.openqa.selenium.chrome.ChromeDriver
Capabilities {acceptInsecureCerts: false, browserName: chrome, browserVersion: 143.0.7499.40, chrome: {chromedriverVersion: 143.0.7499.192 (be2c1f4fd45..., userDataDir: /tmp/.org.chromium.Chromium...}, fedcm:accounts: true, goog:chromeOptions: {debuggerAddress: localhost:34581}, goog:processID: 2137, networkConnectionEnabled: false, pageLoadStrategy: normal, platformName: linux, proxy: Proxy(), se:cdp: ws://localhost:34581/devtoo..., se:cdpVersion: 143.0.7499.40, setWindowRect: true, strictFileInteractability: false, timeouts: {implicit: 0, pageLoad: 300000, script: 30000}, unhandledPromptBehavior: dismiss and notify, webauthn:extension:credBlob: true, webauthn:extension:largeBlob: true, webauthn:extension:minPinLength: true, webauthn:extension:prf: true, webauthn:virtualAuthenticators: true}
Session ID: d0d27f471479173beffbe338893a56ed
	at org.openqa.selenium.support.ui.WebDriverWait.timeoutException(WebDriverWait.java:84)
	at org.openqa.selenium.support.ui.FluentWait.until(FluentWait.java:228)
	at com.xats.automation.tests.pages.ClientPage.navigateToClientPage(ClientPage.java:45)
	at com.xats.automation.tests.stepdefinitions.ClientSteps.user_navigates_to_client_creation_page_and_adds_new_client(ClientSteps.java:16)
	at ✽.User navigates to client creation page and adds new client(file:///runner/_work/automation/automation/src/test/resources/features/02_ClientCreation.feature:10)
]]>
</failure>
<system-out><![CDATA[
Given User is on login page.................................................passed
When User enters username and password from config file.....................passed
And User clicks on login button.............................................passed
Then User should land on dashboard..........................................passed
And User navigates to client creation page and adds new client..............failed
]]></system-out>
</testcase>
<testcase classname="Contact Creation" name="Create a new contact under an existing client" time="15.789">
<failure type="org.openqa.selenium.TimeoutException" message="Expected condition failed: waiting for element to be clickable: By.xpath: /html/body/div[2]/aside/nav/ul/li[2]/a (tried for 10 second(s) with 500 milliseconds interval)
Build info: version: '4.25.0', revision: '8a8aea2337'
System info: os.name: 'Linux', os.arch: 'amd64', os.version: '6.8.0-60-generic', java.version: '21.0.11'
Driver info: org.openqa.selenium.chrome.ChromeDriver
Capabilities {acceptInsecureCerts: false, browserName: chrome, browserVersion: 143.0.7499.40, chrome: {chromedriverVersion: 143.0.7499.192 (be2c1f4fd45..., userDataDir: /tmp/.org.chromium.Chromium...}, fedcm:accounts: true, goog:chromeOptions: {debuggerAddress: localhost:41729}, goog:processID: 2334, networkConnectionEnabled: false, pageLoadStrategy: normal, platformName: linux, proxy: Proxy(), se:cdp: ws://localhost:41729/devtoo..., se:cdpVersion: 143.0.7499.40, setWindowRect: true, strictFileInteractability: false, timeouts: {implicit: 0, pageLoad: 300000, script: 30000}, unhandledPromptBehavior: dismiss and notify, webauthn:extension:credBlob: true, webauthn:extension:largeBlob: true, webauthn:extension:minPinLength: true, webauthn:extension:prf: true, webauthn:virtualAuthenticators: true}
Session ID: 1880a5f3a260dc371debcb1fc46b265c">
<![CDATA[org.openqa.selenium.TimeoutException: Expected condition failed: waiting for element to be clickable: By.xpath: /html/body/div[2]/aside/nav/ul/li[2]/a (tried for 10 second(s) with 500 milliseconds interval)
Build info: version: '4.25.0', revision: '8a8aea2337'
System info: os.name: 'Linux', os.arch: 'amd64', os.version: '6.8.0-60-generic', java.version: '21.0.11'
Driver info: org.openqa.selenium.chrome.ChromeDriver
Capabilities {acceptInsecureCerts: false, browserName: chrome, browserVersion: 143.0.7499.40, chrome: {chromedriverVersion: 143.0.7499.192 (be2c1f4fd45..., userDataDir: /tmp/.org.chromium.Chromium...}, fedcm:accounts: true, goog:chromeOptions: {debuggerAddress: localhost:41729}, goog:processID: 2334, networkConnectionEnabled: false, pageLoadStrategy: normal, platformName: linux, proxy: Proxy(), se:cdp: ws://localhost:41729/devtoo..., se:cdpVersion: 143.0.7499.40, setWindowRect: true, strictFileInteractability: false, timeouts: {implicit: 0, pageLoad: 300000, script: 30000}, unhandledPromptBehavior: dismiss and notify, webauthn:extension:credBlob: true, webauthn:extension:largeBlob: true, webauthn:extension:minPinLength: true, webauthn:extension:prf: true, webauthn:virtualAuthenticators: true}
Session ID: 1880a5f3a260dc371debcb1fc46b265c
	at org.openqa.selenium.support.ui.WebDriverWait.timeoutException(WebDriverWait.java:84)
	at org.openqa.selenium.support.ui.FluentWait.until(FluentWait.java:228)
	at com.xats.automation.tests.pages.ContactPage.createNewContact(ContactPage.java:51)
	at com.xats.automation.tests.stepdefinitions.ContactSteps.user_navigates_to_client_and_adds_contact(ContactSteps.java:13)
	at ✽.User navigates to client section and adds a new contact(file:///runner/_work/automation/automation/src/test/resources/features/03_ContactCreation.feature:10)
]]>
</failure>
<system-out><![CDATA[
Given User is on login page.................................................passed
When User enters username and password from config file.....................passed
And User clicks on login button.............................................passed
Then User should land on dashboard..........................................passed
When User navigates to client section and adds a new contact................failed
Then New contact should be created successfully.............................skipped
]]></system-out>
</testcase>
<testcase classname="Job Creation" name="Create a new Job" time="16.321">
<failure type="org.openqa.selenium.TimeoutException" message="Expected condition failed: waiting for element to be clickable: By.xpath: /html/body/div[2]/aside/nav/ul/li[4]/a (tried for 12 second(s) with 500 milliseconds interval)
Build info: version: '4.25.0', revision: '8a8aea2337'
System info: os.name: 'Linux', os.arch: 'amd64', os.version: '6.8.0-60-generic', java.version: '21.0.11'
Driver info: org.openqa.selenium.chrome.ChromeDriver
Capabilities {acceptInsecureCerts: false, browserName: chrome, browserVersion: 143.0.7499.40, chrome: {chromedriverVersion: 143.0.7499.192 (be2c1f4fd45..., userDataDir: /tmp/.org.chromium.Chromium...}, fedcm:accounts: true, goog:chromeOptions: {debuggerAddress: localhost:41181}, goog:processID: 2596, networkConnectionEnabled: false, pageLoadStrategy: normal, platformName: linux, proxy: Proxy(), se:cdp: ws://localhost:41181/devtoo..., se:cdpVersion: 143.0.7499.40, setWindowRect: true, strictFileInteractability: false, timeouts: {implicit: 0, pageLoad: 300000, script: 30000}, unhandledPromptBehavior: dismiss and notify, webauthn:extension:credBlob: true, webauthn:extension:largeBlob: true, webauthn:extension:minPinLength: true, webauthn:extension:prf: true, webauthn:virtualAuthenticators: true}
Session ID: 9f864b31df302311b3e749f9efbfb0d4">
<![CDATA[org.openqa.selenium.TimeoutException: Expected condition failed: waiting for element to be clickable: By.xpath: /html/body/div[2]/aside/nav/ul/li[4]/a (tried for 12 second(s) with 500 milliseconds interval)
Build info: version: '4.25.0', revision: '8a8aea2337'
System info: os.name: 'Linux', os.arch: 'amd64', os.version: '6.8.0-60-generic', java.version: '21.0.11'
Driver info: org.openqa.selenium.chrome.ChromeDriver
Capabilities {acceptInsecureCerts: false, browserName: chrome, browserVersion: 143.0.7499.40, chrome: {chromedriverVersion: 143.0.7499.192 (be2c1f4fd45..., userDataDir: /tmp/.org.chromium.Chromium...}, fedcm:accounts: true, goog:chromeOptions: {debuggerAddress: localhost:41181}, goog:processID: 2596, networkConnectionEnabled: false, pageLoadStrategy: normal, platformName: linux, proxy: Proxy(), se:cdp: ws://localhost:41181/devtoo..., se:cdpVersion: 143.0.7499.40, setWindowRect: true, strictFileInteractability: false, timeouts: {implicit: 0, pageLoad: 300000, script: 30000}, unhandledPromptBehavior: dismiss and notify, webauthn:extension:credBlob: true, webauthn:extension:largeBlob: true, webauthn:extension:minPinLength: true, webauthn:extension:prf: true, webauthn:virtualAuthenticators: true}
Session ID: 9f864b31df302311b3e749f9efbfb0d4
	at org.openqa.selenium.support.ui.WebDriverWait.timeoutException(WebDriverWait.java:84)
	at org.openqa.selenium.support.ui.FluentWait.until(FluentWait.java:228)
	at com.xats.automation.tests.pages.JobCreationPage.safeClick(JobCreationPage.java:67)
	at com.xats.automation.tests.pages.JobCreationPage.createNewJob(JobCreationPage.java:143)
	at com.xats.automation.tests.stepdefinitions.JobCreationSteps.user_navigates_to_Job_and_adds_job(JobCreationSteps.java:13)
	at ✽.User navigates to job section and adds a new job(file:///runner/_work/automation/automation/src/test/resources/features/04_JobCreation.feature:10)
]]>
</failure>
<system-out><![CDATA[
Given User is on login page.................................................passed
When User enters username and password from config file.....................passed
And User clicks on login button.............................................passed
Then User should land on dashboard..........................................passed
When User navigates to job section and adds a new job.......................failed
Then New job should be created successfully.................................skipped
]]></system-out>
</testcase>
<testcase classname="Candidate Creation" name="Create adds a new candidate" time="310.507">
<failure type="org.openqa.selenium.TimeoutException" message="Expected condition failed: waiting for element to be clickable: By.xpath: //button[contains(text(), 'Next')] (tried for 12 second(s) with 500 milliseconds interval)
Build info: version: '4.25.0', revision: '8a8aea2337'
System info: os.name: 'Linux', os.arch: 'amd64', os.version: '6.8.0-60-generic', java.version: '21.0.11'
Driver info: org.openqa.selenium.chrome.ChromeDriver
Capabilities {acceptInsecureCerts: false, browserName: chrome, browserVersion: 143.0.7499.40, chrome: {chromedriverVersion: 143.0.7499.192 (be2c1f4fd45..., userDataDir: /tmp/.org.chromium.Chromium...}, fedcm:accounts: true, goog:chromeOptions: {debuggerAddress: localhost:36387}, goog:processID: 2862, networkConnectionEnabled: false, pageLoadStrategy: normal, platformName: linux, proxy: Proxy(), se:cdp: ws://localhost:36387/devtoo..., se:cdpVersion: 143.0.7499.40, setWindowRect: true, strictFileInteractability: false, timeouts: {implicit: 0, pageLoad: 300000, script: 30000}, unhandledPromptBehavior: dismiss and notify, webauthn:extension:credBlob: true, webauthn:extension:largeBlob: true, webauthn:extension:minPinLength: true, webauthn:extension:prf: true, webauthn:virtualAuthenticators: true}
Session ID: 42787a514df931ad24297c44660b9c29">
<![CDATA[org.openqa.selenium.TimeoutException: Expected condition failed: waiting for element to be clickable: By.xpath: //button[contains(text(), 'Next')] (tried for 12 second(s) with 500 milliseconds interval)
Build info: version: '4.25.0', revision: '8a8aea2337'
System info: os.name: 'Linux', os.arch: 'amd64', os.version: '6.8.0-60-generic', java.version: '21.0.11'
Driver info: org.openqa.selenium.chrome.ChromeDriver
Capabilities {acceptInsecureCerts: false, browserName: chrome, browserVersion: 143.0.7499.40, chrome: {chromedriverVersion: 143.0.7499.192 (be2c1f4fd45..., userDataDir: /tmp/.org.chromium.Chromium...}, fedcm:accounts: true, goog:chromeOptions: {debuggerAddress: localhost:36387}, goog:processID: 2862, networkConnectionEnabled: false, pageLoadStrategy: normal, platformName: linux, proxy: Proxy(), se:cdp: ws://localhost:36387/devtoo..., se:cdpVersion: 143.0.7499.40, setWindowRect: true, strictFileInteractability: false, timeouts: {implicit: 0, pageLoad: 300000, script: 30000}, unhandledPromptBehavior: dismiss and notify, webauthn:extension:credBlob: true, webauthn:extension:largeBlob: true, webauthn:extension:minPinLength: true, webauthn:extension:prf: true, webauthn:virtualAuthenticators: true}
Session ID: 42787a514df931ad24297c44660b9c29
	at org.openqa.selenium.support.ui.WebDriverWait.timeoutException(WebDriverWait.java:84)
	at org.openqa.selenium.support.ui.FluentWait.until(FluentWait.java:228)
	at com.xats.automation.tests.pages.CandidateCreationPage.clickAndWait(CandidateCreationPage.java:183)
	at com.xats.automation.tests.pages.CandidateCreationPage.clickNext(CandidateCreationPage.java:177)
	at com.xats.automation.tests.pages.CandidateCreationPage.createNewCandidate(CandidateCreationPage.java:106)
	at com.xats.automation.tests.stepdefinitions.CandidateCreationSteps.user_navigates_add_a_candidate(CandidateCreationSteps.java:13)
	at ✽.User adds a new candidate(file:///runner/_work/automation/automation/src/test/resources/features/05_CandidateCreation.feature:9)
]]>
</failure>
<system-out><![CDATA[
Given User is on login page.................................................passed
When User enters username and password from config file.....................passed
And User clicks on login button.............................................passed
Then User adds a new candidate..............................................failed
Then New candidate should be created successfully...........................skipped
]]></system-out>
</testcase>
<testcase classname="Job In Detail View Actions" name="Navigate to job detail view" time="11.003">
<failure type="org.openqa.selenium.TimeoutException" message="Expected condition failed: waiting for visibility of element located by By.xpath: /html/body/div[2]/div/div[2]/div/div/div/div/div[2]/form/div[1]/div[1]/div/input (tried for 10 second(s) with 500 milliseconds interval)
Build info: version: '4.25.0', revision: '8a8aea2337'
System info: os.name: 'Linux', os.arch: 'amd64', os.version: '6.8.0-60-generic', java.version: '21.0.11'
Driver info: org.openqa.selenium.chrome.ChromeDriver
Capabilities {acceptInsecureCerts: false, browserName: chrome, browserVersion: 143.0.7499.40, chrome: {chromedriverVersion: 143.0.7499.192 (be2c1f4fd45..., userDataDir: /tmp/.org.chromium.Chromium...}, fedcm:accounts: true, goog:chromeOptions: {debuggerAddress: localhost:37741}, goog:processID: 3367, networkConnectionEnabled: false, pageLoadStrategy: normal, platformName: linux, proxy: Proxy(), se:cdp: ws://localhost:37741/devtoo..., se:cdpVersion: 143.0.7499.40, setWindowRect: true, strictFileInteractability: false, timeouts: {implicit: 0, pageLoad: 300000, script: 30000}, unhandledPromptBehavior: dismiss and notify, webauthn:extension:credBlob: true, webauthn:extension:largeBlob: true, webauthn:extension:minPinLength: true, webauthn:extension:prf: true, webauthn:virtualAuthenticators: true}
Session ID: 08cd2f0eafc997ae8c7d6571bb5e9f92">
<![CDATA[org.openqa.selenium.TimeoutException: Expected condition failed: waiting for visibility of element located by By.xpath: /html/body/div[2]/div/div[2]/div/div/div/div/div[2]/form/div[1]/div[1]/div/input (tried for 10 second(s) with 500 milliseconds interval)
Build info: version: '4.25.0', revision: '8a8aea2337'
System info: os.name: 'Linux', os.arch: 'amd64', os.version: '6.8.0-60-generic', java.version: '21.0.11'
Driver info: org.openqa.selenium.chrome.ChromeDriver
Capabilities {acceptInsecureCerts: false, browserName: chrome, browserVersion: 143.0.7499.40, chrome: {chromedriverVersion: 143.0.7499.192 (be2c1f4fd45..., userDataDir: /tmp/.org.chromium.Chromium...}, fedcm:accounts: true, goog:chromeOptions: {debuggerAddress: localhost:37741}, goog:processID: 3367, networkConnectionEnabled: false, pageLoadStrategy: normal, platformName: linux, proxy: Proxy(), se:cdp: ws://localhost:37741/devtoo..., se:cdpVersion: 143.0.7499.40, setWindowRect: true, strictFileInteractability: false, timeouts: {implicit: 0, pageLoad: 300000, script: 30000}, unhandledPromptBehavior: dismiss and notify, webauthn:extension:credBlob: true, webauthn:extension:largeBlob: true, webauthn:extension:minPinLength: true, webauthn:extension:prf: true, webauthn:virtualAuthenticators: true}
Session ID: 08cd2f0eafc997ae8c7d6571bb5e9f92
	at org.openqa.selenium.support.ui.WebDriverWait.timeoutException(WebDriverWait.java:84)
	at org.openqa.selenium.support.ui.FluentWait.until(FluentWait.java:228)
	at com.xats.automation.tests.pages.LoginPage.waitForLoginPageToLoad(LoginPage.java:46)
	at com.xats.automation.tests.stepdefinitions.LoginSteps.user_is_on_login_page(LoginSteps.java:23)
	at ✽.User is on login page(file:///runner/_work/automation/automation/src/test/resources/features/06_JobInDetailView.feature:6)
]]>
</failure>
<system-out><![CDATA[
Given User is on login page.................................................failed
When User enters username and password from config file.....................skipped
And User clicks on login button.............................................skipped
When user navigates to job detail view......................................skipped
]]></system-out>
</testcase>
<testcase classname="Job In Detail View Actions" name="Add a new note" time="10.858">
<failure type="org.openqa.selenium.TimeoutException" message="Expected condition failed: waiting for visibility of element located by By.xpath: /html/body/div[2]/div/div[2]/div/div/div/div/div[2]/form/div[1]/div[1]/div/input (tried for 10 second(s) with 500 milliseconds interval)
Build info: version: '4.25.0', revision: '8a8aea2337'
System info: os.name: 'Linux', os.arch: 'amd64', os.version: '6.8.0-60-generic', java.version: '21.0.11'
Driver info: org.openqa.selenium.chrome.ChromeDriver
Capabilities {acceptInsecureCerts: false, browserName: chrome, browserVersion: 143.0.7499.40, chrome: {chromedriverVersion: 143.0.7499.192 (be2c1f4fd45..., userDataDir: /tmp/.org.chromium.Chromium...}, fedcm:accounts: true, goog:chromeOptions: {debuggerAddress: localhost:43831}, goog:processID: 3554, networkConnectionEnabled: false, pageLoadStrategy: normal, platformName: linux, proxy: Proxy(), se:cdp: ws://localhost:43831/devtoo..., se:cdpVersion: 143.0.7499.40, setWindowRect: true, strictFileInteractability: false, timeouts: {implicit: 0, pageLoad: 300000, script: 30000}, unhandledPromptBehavior: dismiss and notify, webauthn:extension:credBlob: true, webauthn:extension:largeBlob: true, webauthn:extension:minPinLength: true, webauthn:extension:prf: true, webauthn:virtualAuthenticators: true}
Session ID: 3e68b6269447c19e98050b28dbe1a63e">
<![CDATA[org.openqa.selenium.TimeoutException: Expected condition failed: waiting for visibility of element located by By.xpath: /html/body/div[2]/div/div[2]/div/div/div/div/div[2]/form/div[1]/div[1]/div/input (tried for 10 second(s) with 500 milliseconds interval)
Build info: version: '4.25.0', revision: '8a8aea2337'
System info: os.name: 'Linux', os.arch: 'amd64', os.version: '6.8.0-60-generic', java.version: '21.0.11'
Driver info: org.openqa.selenium.chrome.ChromeDriver
Capabilities {acceptInsecureCerts: false, browserName: chrome, browserVersion: 143.0.7499.40, chrome: {chromedriverVersion: 143.0.7499.192 (be2c1f4fd45..., userDataDir: /tmp/.org.chromium.Chromium...}, fedcm:accounts: true, goog:chromeOptions: {debuggerAddress: localhost:43831}, goog:processID: 3554, networkConnectionEnabled: false, pageLoadStrategy: normal, platformName: linux, proxy: Proxy(), se:cdp: ws://localhost:43831/devtoo..., se:cdpVersion: 143.0.7499.40, setWindowRect: true, strictFileInteractability: false, timeouts: {implicit: 0, pageLoad: 300000, script: 30000}, unhandledPromptBehavior: dismiss and notify, webauthn:extension:credBlob: true, webauthn:extension:largeBlob: true, webauthn:extension:minPinLength: true, webauthn:extension:prf: true, webauthn:virtualAuthenticators: true}
Session ID: 3e68b6269447c19e98050b28dbe1a63e
	at org.openqa.selenium.support.ui.WebDriverWait.timeoutException(WebDriverWait.java:84)
	at org.openqa.selenium.support.ui.FluentWait.until(FluentWait.java:228)
	at com.xats.automation.tests.pages.LoginPage.waitForLoginPageToLoad(LoginPage.java:46)
	at com.xats.automation.tests.stepdefinitions.LoginSteps.user_is_on_login_page(LoginSteps.java:23)
	at ✽.User is on login page(file:///runner/_work/automation/automation/src/test/resources/features/06_JobInDetailView.feature:6)
]]>
</failure>
<system-out><![CDATA[
Given User is on login page.................................................failed
When User enters username and password from config file.....................skipped
And User clicks on login button.............................................skipped
When user navigates to job detail view......................................skipped
And user adds a note........................................................skipped
]]></system-out>
</testcase>
<testcase classname="Job In Detail View Actions" name="Edit the existing note" time="10.887">
<failure type="org.openqa.selenium.TimeoutException" message="Expected condition failed: waiting for visibility of element located by By.xpath: /html/body/div[2]/div/div[2]/div/div/div/div/div[2]/form/div[1]/div[1]/div/input (tried for 10 second(s) with 500 milliseconds interval)
Build info: version: '4.25.0', revision: '8a8aea2337'
System info: os.name: 'Linux', os.arch: 'amd64', os.version: '6.8.0-60-generic', java.version: '21.0.11'
Driver info: org.openqa.selenium.chrome.ChromeDriver
Capabilities {acceptInsecureCerts: false, browserName: chrome, browserVersion: 143.0.7499.40, chrome: {chromedriverVersion: 143.0.7499.192 (be2c1f4fd45..., userDataDir: /tmp/.org.chromium.Chromium...}, fedcm:accounts: true, goog:chromeOptions: {debuggerAddress: localhost:44941}, goog:processID: 3740, networkConnectionEnabled: false, pageLoadStrategy: normal, platformName: linux, proxy: Proxy(), se:cdp: ws://localhost:44941/devtoo..., se:cdpVersion: 143.0.7499.40, setWindowRect: true, strictFileInteractability: false, timeouts: {implicit: 0, pageLoad: 300000, script: 30000}, unhandledPromptBehavior: dismiss and notify, webauthn:extension:credBlob: true, webauthn:extension:largeBlob: true, webauthn:extension:minPinLength: true, webauthn:extension:prf: true, webauthn:virtualAuthenticators: true}
Session ID: ba8234e180d578d9869f75b032d78abe">
<![CDATA[org.openqa.selenium.TimeoutException: Expected condition failed: waiting for visibility of element located by By.xpath: /html/body/div[2]/div/div[2]/div/div/div/div/div[2]/form/div[1]/div[1]/div/input (tried for 10 second(s) with 500 milliseconds interval)
Build info: version: '4.25.0', revision: '8a8aea2337'
System info: os.name: 'Linux', os.arch: 'amd64', os.version: '6.8.0-60-generic', java.version: '21.0.11'
Driver info: org.openqa.selenium.chrome.ChromeDriver
Capabilities {acceptInsecureCerts: false, browserName: chrome, browserVersion: 143.0.7499.40, chrome: {chromedriverVersion: 143.0.7499.192 (be2c1f4fd45..., userDataDir: /tmp/.org.chromium.Chromium...}, fedcm:accounts: true, goog:chromeOptions: {debuggerAddress: localhost:44941}, goog:processID: 3740, networkConnectionEnabled: false, pageLoadStrategy: normal, platformName: linux, proxy: Proxy(), se:cdp: ws://localhost:44941/devtoo..., se:cdpVersion: 143.0.7499.40, setWindowRect: true, strictFileInteractability: false, timeouts: {implicit: 0, pageLoad: 300000, script: 30000}, unhandledPromptBehavior: dismiss and notify, webauthn:extension:credBlob: true, webauthn:extension:largeBlob: true, webauthn:extension:minPinLength: true, webauthn:extension:prf: true, webauthn:virtualAuthenticators: true}
Session ID: ba8234e180d578d9869f75b032d78abe
	at org.openqa.selenium.support.ui.WebDriverWait.timeoutException(WebDriverWait.java:84)
	at org.openqa.selenium.support.ui.FluentWait.until(FluentWait.java:228)
	at com.xats.automation.tests.pages.LoginPage.waitForLoginPageToLoad(LoginPage.java:46)
	at com.xats.automation.tests.stepdefinitions.LoginSteps.user_is_on_login_page(LoginSteps.java:23)
	at ✽.User is on login page(file:///runner/_work/automation/automation/src/test/resources/features/06_JobInDetailView.feature:6)
]]>
</failure>
<system-out><![CDATA[
Given User is on login page.................................................failed
When User enters username and password from config file.....................skipped
And User clicks on login button.............................................skipped
When user navigates to job detail view......................................skipped
And user edits the note.....................................................skipped
]]></system-out>
</testcase>
<testcase classname="Job In Detail View Actions" name="Pin the note" time="10.859">
<failure type="org.openqa.selenium.TimeoutException" message="Expected condition failed: waiting for visibility of element located by By.xpath: /html/body/div[2]/div/div[2]/div/div/div/div/div[2]/form/div[1]/div[1]/div/input (tried for 10 second(s) with 500 milliseconds interval)
Build info: version: '4.25.0', revision: '8a8aea2337'
System info: os.name: 'Linux', os.arch: 'amd64', os.version: '6.8.0-60-generic', java.version: '21.0.11'
Driver info: org.openqa.selenium.chrome.ChromeDriver
Capabilities {acceptInsecureCerts: false, browserName: chrome, browserVersion: 143.0.7499.40, chrome: {chromedriverVersion: 143.0.7499.192 (be2c1f4fd45..., userDataDir: /tmp/.org.chromium.Chromium...}, fedcm:accounts: true, goog:chromeOptions: {debuggerAddress: localhost:40549}, goog:processID: 3922, networkConnectionEnabled: false, pageLoadStrategy: normal, platformName: linux, proxy: Proxy(), se:cdp: ws://localhost:40549/devtoo..., se:cdpVersion: 143.0.7499.40, setWindowRect: true, strictFileInteractability: false, timeouts: {implicit: 0, pageLoad: 300000, script: 30000}, unhandledPromptBehavior: dismiss and notify, webauthn:extension:credBlob: true, webauthn:extension:largeBlob: true, webauthn:extension:minPinLength: true, webauthn:extension:prf: true, webauthn:virtualAuthenticators: true}
Session ID: 2581556133ad29e89f4fa41024056ab0">
<![CDATA[org.openqa.selenium.TimeoutException: Expected condition failed: waiting for visibility of element located by By.xpath: /html/body/div[2]/div/div[2]/div/div/div/div/div[2]/form/div[1]/div[1]/div/input (tried for 10 second(s) with 500 milliseconds interval)
Build info: version: '4.25.0', revision: '8a8aea2337'
System info: os.name: 'Linux', os.arch: 'amd64', os.version: '6.8.0-60-generic', java.version: '21.0.11'
Driver info: org.openqa.selenium.chrome.ChromeDriver
Capabilities {acceptInsecureCerts: false, browserName: chrome, browserVersion: 143.0.7499.40, chrome: {chromedriverVersion: 143.0.7499.192 (be2c1f4fd45..., userDataDir: /tmp/.org.chromium.Chromium...}, fedcm:accounts: true, goog:chromeOptions: {debuggerAddress: localhost:40549}, goog:processID: 3922, networkConnectionEnabled: false, pageLoadStrategy: normal, platformName: linux, proxy: Proxy(), se:cdp: ws://localhost:40549/devtoo..., se:cdpVersion: 143.0.7499.40, setWindowRect: true, strictFileInteractability: false, timeouts: {implicit: 0, pageLoad: 300000, script: 30000}, unhandledPromptBehavior: dismiss and notify, webauthn:extension:credBlob: true, webauthn:extension:largeBlob: true, webauthn:extension:minPinLength: true, webauthn:extension:prf: true, webauthn:virtualAuthenticators: true}
Session ID: 2581556133ad29e89f4fa41024056ab0
	at org.openqa.selenium.support.ui.WebDriverWait.timeoutException(WebDriverWait.java:84)
	at org.openqa.selenium.support.ui.FluentWait.until(FluentWait.java:228)
	at com.xats.automation.tests.pages.LoginPage.waitForLoginPageToLoad(LoginPage.java:46)
	at com.xats.automation.tests.stepdefinitions.LoginSteps.user_is_on_login_page(LoginSteps.java:23)
	at ✽.User is on login page(file:///runner/_work/automation/automation/src/test/resources/features/06_JobInDetailView.feature:6)
]]>
</failure>
<system-out><![CDATA[
Given User is on login page.................................................failed
When User enters username and password from config file.....................skipped
And User clicks on login button.............................................skipped
When user navigates to job detail view......................................skipped
And user pins the note......................................................skipped
]]></system-out>
</testcase>
<testcase classname="Job In Detail View Actions" name="Delete the note" time="10.876">
<failure type="org.openqa.selenium.TimeoutException" message="Expected condition failed: waiting for visibility of element located by By.xpath: /html/body/div[2]/div/div[2]/div/div/div/div/div[2]/form/div[1]/div[1]/div/input (tried for 10 second(s) with 500 milliseconds interval)
Build info: version: '4.25.0', revision: '8a8aea2337'
System info: os.name: 'Linux', os.arch: 'amd64', os.version: '6.8.0-60-generic', java.version: '21.0.11'
Driver info: org.openqa.selenium.chrome.ChromeDriver
Capabilities {acceptInsecureCerts: false, browserName: chrome, browserVersion: 143.0.7499.40, chrome: {chromedriverVersion: 143.0.7499.192 (be2c1f4fd45..., userDataDir: /tmp/.org.chromium.Chromium...}, fedcm:accounts: true, goog:chromeOptions: {debuggerAddress: localhost:41887}, goog:processID: 4104, networkConnectionEnabled: false, pageLoadStrategy: normal, platformName: linux, proxy: Proxy(), se:cdp: ws://localhost:41887/devtoo..., se:cdpVersion: 143.0.7499.40, setWindowRect: true, strictFileInteractability: false, timeouts: {implicit: 0, pageLoad: 300000, script: 30000}, unhandledPromptBehavior: dismiss and notify, webauthn:extension:credBlob: true, webauthn:extension:largeBlob: true, webauthn:extension:minPinLength: true, webauthn:extension:prf: true, webauthn:virtualAuthenticators: true}
Session ID: 4c543f51d8fc8f36c5050ccf60b42ba2">
<![CDATA[org.openqa.selenium.TimeoutException: Expected condition failed: waiting for visibility of element located by By.xpath: /html/body/div[2]/div/div[2]/div/div/div/div/div[2]/form/div[1]/div[1]/div/input (tried for 10 second(s) with 500 milliseconds interval)
Build info: version: '4.25.0', revision: '8a8aea2337'
System info: os.name: 'Linux', os.arch: 'amd64', os.version: '6.8.0-60-generic', java.version: '21.0.11'
Driver info: org.openqa.selenium.chrome.ChromeDriver
Capabilities {acceptInsecureCerts: false, browserName: chrome, browserVersion: 143.0.7499.40, chrome: {chromedriverVersion: 143.0.7499.192 (be2c1f4fd45..., userDataDir: /tmp/.org.chromium.Chromium...}, fedcm:accounts: true, goog:chromeOptions: {debuggerAddress: localhost:41887}, goog:processID: 4104, networkConnectionEnabled: false, pageLoadStrategy: normal, platformName: linux, proxy: Proxy(), se:cdp: ws://localhost:41887/devtoo..., se:cdpVersion: 143.0.7499.40, setWindowRect: true, strictFileInteractability: false, timeouts: {implicit: 0, pageLoad: 300000, script: 30000}, unhandledPromptBehavior: dismiss and notify, webauthn:extension:credBlob: true, webauthn:extension:largeBlob: true, webauthn:extension:minPinLength: true, webauthn:extension:prf: true, webauthn:virtualAuthenticators: true}
Session ID: 4c543f51d8fc8f36c5050ccf60b42ba2
	at org.openqa.selenium.support.ui.WebDriverWait.timeoutException(WebDriverWait.java:84)
	at org.openqa.selenium.support.ui.FluentWait.until(FluentWait.java:228)
	at com.xats.automation.tests.pages.LoginPage.waitForLoginPageToLoad(LoginPage.java:46)
	at com.xats.automation.tests.stepdefinitions.LoginSteps.user_is_on_login_page(LoginSteps.java:23)
	at ✽.User is on login page(file:///runner/_work/automation/automation/src/test/resources/features/06_JobInDetailView.feature:6)
]]>
</failure>
<system-out><![CDATA[
Given User is on login page.................................................failed
When User enters username and password from config file.....................skipped
And User clicks on login button.............................................skipped
When user navigates to job detail view......................................skipped
And user deletes the note...................................................skipped
]]></system-out>
</testcase>
<testcase classname="Job In Detail View Actions" name="Upload a new document" time="10.881">
<failure type="org.openqa.selenium.TimeoutException" message="Expected condition failed: waiting for visibility of element located by By.xpath: /html/body/div[2]/div/div[2]/div/div/div/div/div[2]/form/div[1]/div[1]/div/input (tried for 10 second(s) with 500 milliseconds interval)
Build info: version: '4.25.0', revision: '8a8aea2337'
System info: os.name: 'Linux', os.arch: 'amd64', os.version: '6.8.0-60-generic', java.version: '21.0.11'
Driver info: org.openqa.selenium.chrome.ChromeDriver
Capabilities {acceptInsecureCerts: false, browserName: chrome, browserVersion: 143.0.7499.40, chrome: {chromedriverVersion: 143.0.7499.192 (be2c1f4fd45..., userDataDir: /tmp/.org.chromium.Chromium...}, fedcm:accounts: true, goog:chromeOptions: {debuggerAddress: localhost:41137}, goog:processID: 4289, networkConnectionEnabled: false, pageLoadStrategy: normal, platformName: linux, proxy: Proxy(), se:cdp: ws://localhost:41137/devtoo..., se:cdpVersion: 143.0.7499.40, setWindowRect: true, strictFileInteractability: false, timeouts: {implicit: 0, pageLoad: 300000, script: 30000}, unhandledPromptBehavior: dismiss and notify, webauthn:extension:credBlob: true, webauthn:extension:largeBlob: true, webauthn:extension:minPinLength: true, webauthn:extension:prf: true, webauthn:virtualAuthenticators: true}
Session ID: 3265762ae511f55dcb16c4b7633bf59e">
<![CDATA[org.openqa.selenium.TimeoutException: Expected condition failed: waiting for visibility of element located by By.xpath: /html/body/div[2]/div/div[2]/div/div/div/div/div[2]/form/div[1]/div[1]/div/input (tried for 10 second(s) with 500 milliseconds interval)
Build info: version: '4.25.0', revision: '8a8aea2337'
System info: os.name: 'Linux', os.arch: 'amd64', os.version: '6.8.0-60-generic', java.version: '21.0.11'
Driver info: org.openqa.selenium.chrome.ChromeDriver
Capabilities {acceptInsecureCerts: false, browserName: chrome, browserVersion: 143.0.7499.40, chrome: {chromedriverVersion: 143.0.7499.192 (be2c1f4fd45..., userDataDir: /tmp/.org.chromium.Chromium...}, fedcm:accounts: true, goog:chromeOptions: {debuggerAddress: localhost:41137}, goog:processID: 4289, networkConnectionEnabled: false, pageLoadStrategy: normal, platformName: linux, proxy: Proxy(), se:cdp: ws://localhost:41137/devtoo..., se:cdpVersion: 143.0.7499.40, setWindowRect: true, strictFileInteractability: false, timeouts: {implicit: 0, pageLoad: 300000, script: 30000}, unhandledPromptBehavior: dismiss and notify, webauthn:extension:credBlob: true, webauthn:extension:largeBlob: true, webauthn:extension:minPinLength: true, webauthn:extension:prf: true, webauthn:virtualAuthenticators: true}
Session ID: 3265762ae511f55dcb16c4b7633bf59e
	at org.openqa.selenium.support.ui.WebDriverWait.timeoutException(WebDriverWait.java:84)
	at org.openqa.selenium.support.ui.FluentWait.until(FluentWait.java:228)
	at com.xats.automation.tests.pages.LoginPage.waitForLoginPageToLoad(LoginPage.java:46)
	at com.xats.automation.tests.stepdefinitions.LoginSteps.user_is_on_login_page(LoginSteps.java:23)
	at ✽.User is on login page(file:///runner/_work/automation/automation/src/test/resources/features/06_JobInDetailView.feature:6)
]]>
</failure>
<system-out><![CDATA[
Given User is on login page.................................................failed
When User enters username and password from config file.....................skipped
And User clicks on login button.............................................skipped
When user navigates to job detail view......................................skipped
And user uploads a document.................................................skipped
]]></system-out>
</testcase>
<testcase classname="Job In Detail View Actions" name="Delete the uploaded document" time="10.885">
<failure type="org.openqa.selenium.TimeoutException" message="Expected condition failed: waiting for visibility of element located by By.xpath: /html/body/div[2]/div/div[2]/div/div/div/div/div[2]/form/div[1]/div[1]/div/input (tried for 10 second(s) with 500 milliseconds interval)
Build info: version: '4.25.0', revision: '8a8aea2337'
System info: os.name: 'Linux', os.arch: 'amd64', os.version: '6.8.0-60-generic', java.version: '21.0.11'
Driver info: org.openqa.selenium.chrome.ChromeDriver
Capabilities {acceptInsecureCerts: false, browserName: chrome, browserVersion: 143.0.7499.40, chrome: {chromedriverVersion: 143.0.7499.192 (be2c1f4fd45..., userDataDir: /tmp/.org.chromium.Chromium...}, fedcm:accounts: true, goog:chromeOptions: {debuggerAddress: localhost:38721}, goog:processID: 4472, networkConnectionEnabled: false, pageLoadStrategy: normal, platformName: linux, proxy: Proxy(), se:cdp: ws://localhost:38721/devtoo..., se:cdpVersion: 143.0.7499.40, setWindowRect: true, strictFileInteractability: false, timeouts: {implicit: 0, pageLoad: 300000, script: 30000}, unhandledPromptBehavior: dismiss and notify, webauthn:extension:credBlob: true, webauthn:extension:largeBlob: true, webauthn:extension:minPinLength: true, webauthn:extension:prf: true, webauthn:virtualAuthenticators: true}
Session ID: 13eecb9994e9d4deac19b93b303a3d72">
<![CDATA[org.openqa.selenium.TimeoutException: Expected condition failed: waiting for visibility of element located by By.xpath: /html/body/div[2]/div/div[2]/div/div/div/div/div[2]/form/div[1]/div[1]/div/input (tried for 10 second(s) with 500 milliseconds interval)
Build info: version: '4.25.0', revision: '8a8aea2337'
System info: os.name: 'Linux', os.arch: 'amd64', os.version: '6.8.0-60-generic', java.version: '21.0.11'
Driver info: org.openqa.selenium.chrome.ChromeDriver
Capabilities {acceptInsecureCerts: false, browserName: chrome, browserVersion: 143.0.7499.40, chrome: {chromedriverVersion: 143.0.7499.192 (be2c1f4fd45..., userDataDir: /tmp/.org.chromium.Chromium...}, fedcm:accounts: true, goog:chromeOptions: {debuggerAddress: localhost:38721}, goog:processID: 4472, networkConnectionEnabled: false, pageLoadStrategy: normal, platformName: linux, proxy: Proxy(), se:cdp: ws://localhost:38721/devtoo..., se:cdpVersion: 143.0.7499.40, setWindowRect: true, strictFileInteractability: false, timeouts: {implicit: 0, pageLoad: 300000, script: 30000}, unhandledPromptBehavior: dismiss and notify, webauthn:extension:credBlob: true, webauthn:extension:largeBlob: true, webauthn:extension:minPinLength: true, webauthn:extension:prf: true, webauthn:virtualAuthenticators: true}
Session ID: 13eecb9994e9d4deac19b93b303a3d72
	at org.openqa.selenium.support.ui.WebDriverWait.timeoutException(WebDriverWait.java:84)
	at org.openqa.selenium.support.ui.FluentWait.until(FluentWait.java:228)
	at com.xats.automation.tests.pages.LoginPage.waitForLoginPageToLoad(LoginPage.java:46)
	at com.xats.automation.tests.stepdefinitions.LoginSteps.user_is_on_login_page(LoginSteps.java:23)
	at ✽.User is on login page(file:///runner/_work/automation/automation/src/test/resources/features/06_JobInDetailView.feature:6)
]]>
</failure>
<system-out><![CDATA[
Given User is on login page.................................................failed
When User enters username and password from config file.....................skipped
And User clicks on login button.............................................skipped
When user navigates to job detail view......................................skipped
And user deletes the document...............................................skipped
]]></system-out>
</testcase>
<testcase classname="Job In Detail View Actions" name="Submit a candidate" time="10.867">
<failure type="org.openqa.selenium.TimeoutException" message="Expected condition failed: waiting for visibility of element located by By.xpath: /html/body/div[2]/div/div[2]/div/div/div/div/div[2]/form/div[1]/div[1]/div/input (tried for 10 second(s) with 500 milliseconds interval)
Build info: version: '4.25.0', revision: '8a8aea2337'
System info: os.name: 'Linux', os.arch: 'amd64', os.version: '6.8.0-60-generic', java.version: '21.0.11'
Driver info: org.openqa.selenium.chrome.ChromeDriver
Capabilities {acceptInsecureCerts: false, browserName: chrome, browserVersion: 143.0.7499.40, chrome: {chromedriverVersion: 143.0.7499.192 (be2c1f4fd45..., userDataDir: /tmp/.org.chromium.Chromium...}, fedcm:accounts: true, goog:chromeOptions: {debuggerAddress: localhost:37071}, goog:processID: 4654, networkConnectionEnabled: false, pageLoadStrategy: normal, platformName: linux, proxy: Proxy(), se:cdp: ws://localhost:37071/devtoo..., se:cdpVersion: 143.0.7499.40, setWindowRect: true, strictFileInteractability: false, timeouts: {implicit: 0, pageLoad: 300000, script: 30000}, unhandledPromptBehavior: dismiss and notify, webauthn:extension:credBlob: true, webauthn:extension:largeBlob: true, webauthn:extension:minPinLength: true, webauthn:extension:prf: true, webauthn:virtualAuthenticators: true}
Session ID: 24465aa5e2f794eb1e15704bf582328a">
<![CDATA[org.openqa.selenium.TimeoutException: Expected condition failed: waiting for visibility of element located by By.xpath: /html/body/div[2]/div/div[2]/div/div/div/div/div[2]/form/div[1]/div[1]/div/input (tried for 10 second(s) with 500 milliseconds interval)
Build info: version: '4.25.0', revision: '8a8aea2337'
System info: os.name: 'Linux', os.arch: 'amd64', os.version: '6.8.0-60-generic', java.version: '21.0.11'
Driver info: org.openqa.selenium.chrome.ChromeDriver
Capabilities {acceptInsecureCerts: false, browserName: chrome, browserVersion: 143.0.7499.40, chrome: {chromedriverVersion: 143.0.7499.192 (be2c1f4fd45..., userDataDir: /tmp/.org.chromium.Chromium...}, fedcm:accounts: true, goog:chromeOptions: {debuggerAddress: localhost:37071}, goog:processID: 4654, networkConnectionEnabled: false, pageLoadStrategy: normal, platformName: linux, proxy: Proxy(), se:cdp: ws://localhost:37071/devtoo..., se:cdpVersion: 143.0.7499.40, setWindowRect: true, strictFileInteractability: false, timeouts: {implicit: 0, pageLoad: 300000, script: 30000}, unhandledPromptBehavior: dismiss and notify, webauthn:extension:credBlob: true, webauthn:extension:largeBlob: true, webauthn:extension:minPinLength: true, webauthn:extension:prf: true, webauthn:virtualAuthenticators: true}
Session ID: 24465aa5e2f794eb1e15704bf582328a
	at org.openqa.selenium.support.ui.WebDriverWait.timeoutException(WebDriverWait.java:84)
	at org.openqa.selenium.support.ui.FluentWait.until(FluentWait.java:228)
	at com.xats.automation.tests.pages.LoginPage.waitForLoginPageToLoad(LoginPage.java:46)
	at com.xats.automation.tests.stepdefinitions.LoginSteps.user_is_on_login_page(LoginSteps.java:23)
	at ✽.User is on login page(file:///runner/_work/automation/automation/src/test/resources/features/06_JobInDetailView.feature:6)
]]>
</failure>
<system-out><![CDATA[
Given User is on login page.................................................failed
When User enters username and password from config file.....................skipped
And User clicks on login button.............................................skipped
When user navigates to job detail view......................................skipped
When user submit candidate..................................................skipped
]]></system-out>
</testcase>
<testcase classname="Job In Detail View Actions" name="Create a Task" time="10.987">
<failure type="org.openqa.selenium.TimeoutException" message="Expected condition failed: waiting for visibility of element located by By.xpath: /html/body/div[2]/div/div[2]/div/div/div/div/div[2]/form/div[1]/div[1]/div/input (tried for 10 second(s) with 500 milliseconds interval)
Build info: version: '4.25.0', revision: '8a8aea2337'
System info: os.name: 'Linux', os.arch: 'amd64', os.version: '6.8.0-60-generic', java.version: '21.0.11'
Driver info: org.openqa.selenium.chrome.ChromeDriver
Capabilities {acceptInsecureCerts: false, browserName: chrome, browserVersion: 143.0.7499.40, chrome: {chromedriverVersion: 143.0.7499.192 (be2c1f4fd45..., userDataDir: /tmp/.org.chromium.Chromium...}, fedcm:accounts: true, goog:chromeOptions: {debuggerAddress: localhost:46315}, goog:processID: 4839, networkConnectionEnabled: false, pageLoadStrategy: normal, platformName: linux, proxy: Proxy(), se:cdp: ws://localhost:46315/devtoo..., se:cdpVersion: 143.0.7499.40, setWindowRect: true, strictFileInteractability: false, timeouts: {implicit: 0, pageLoad: 300000, script: 30000}, unhandledPromptBehavior: dismiss and notify, webauthn:extension:credBlob: true, webauthn:extension:largeBlob: true, webauthn:extension:minPinLength: true, webauthn:extension:prf: true, webauthn:virtualAuthenticators: true}
Session ID: 291ed18148fe3ce126081584f6dd3d3d">
<![CDATA[org.openqa.selenium.TimeoutException: Expected condition failed: waiting for visibility of element located by By.xpath: /html/body/div[2]/div/div[2]/div/div/div/div/div[2]/form/div[1]/div[1]/div/input (tried for 10 second(s) with 500 milliseconds interval)
Build info: version: '4.25.0', revision: '8a8aea2337'
System info: os.name: 'Linux', os.arch: 'amd64', os.version: '6.8.0-60-generic', java.version: '21.0.11'
Driver info: org.openqa.selenium.chrome.ChromeDriver
Capabilities {acceptInsecureCerts: false, browserName: chrome, browserVersion: 143.0.7499.40, chrome: {chromedriverVersion: 143.0.7499.192 (be2c1f4fd45..., userDataDir: /tmp/.org.chromium.Chromium...}, fedcm:accounts: true, goog:chromeOptions: {debuggerAddress: localhost:46315}, goog:processID: 4839, networkConnectionEnabled: false, pageLoadStrategy: normal, platformName: linux, proxy: Proxy(), se:cdp: ws://localhost:46315/devtoo..., se:cdpVersion: 143.0.7499.40, setWindowRect: true, strictFileInteractability: false, timeouts: {implicit: 0, pageLoad: 300000, script: 30000}, unhandledPromptBehavior: dismiss and notify, webauthn:extension:credBlob: true, webauthn:extension:largeBlob: true, webauthn:extension:minPinLength: true, webauthn:extension:prf: true, webauthn:virtualAuthenticators: true}
Session ID: 291ed18148fe3ce126081584f6dd3d3d
	at org.openqa.selenium.support.ui.WebDriverWait.timeoutException(WebDriverWait.java:84)
	at org.openqa.selenium.support.ui.FluentWait.until(FluentWait.java:228)
	at com.xats.automation.tests.pages.LoginPage.waitForLoginPageToLoad(LoginPage.java:46)
	at com.xats.automation.tests.stepdefinitions.LoginSteps.user_is_on_login_page(LoginSteps.java:23)
	at ✽.User is on login page(file:///runner/_work/automation/automation/src/test/resources/features/06_JobInDetailView.feature:6)
]]>
</failure>
<system-out><![CDATA[
Given User is on login page.................................................failed
When User enters username and password from config file.....................skipped
And User clicks on login button.............................................skipped
When user navigates to job detail view......................................skipped
When user create a task.....................................................skipped
]]></system-out>
</testcase>
<testcase classname="candidateInDetailView" name="user adds a cal logs" time="13.247">
<failure type="org.openqa.selenium.TimeoutException" message="Expected condition failed: waiting for element to be clickable: By.xpath: /html/body/div[2]/aside/nav/ul/li[3]/a (tried for 10 second(s) with 500 milliseconds interval)
Build info: version: '4.25.0', revision: '8a8aea2337'
System info: os.name: 'Linux', os.arch: 'amd64', os.version: '6.8.0-60-generic', java.version: '21.0.11'
Driver info: org.openqa.selenium.chrome.ChromeDriver
Capabilities {acceptInsecureCerts: false, browserName: chrome, browserVersion: 143.0.7499.40, chrome: {chromedriverVersion: 143.0.7499.192 (be2c1f4fd45..., userDataDir: /tmp/.org.chromium.Chromium...}, fedcm:accounts: true, goog:chromeOptions: {debuggerAddress: localhost:40481}, goog:processID: 5022, networkConnectionEnabled: false, pageLoadStrategy: normal, platformName: linux, proxy: Proxy(), se:cdp: ws://localhost:40481/devtoo..., se:cdpVersion: 143.0.7499.40, setWindowRect: true, strictFileInteractability: false, timeouts: {implicit: 0, pageLoad: 300000, script: 30000}, unhandledPromptBehavior: dismiss and notify, webauthn:extension:credBlob: true, webauthn:extension:largeBlob: true, webauthn:extension:minPinLength: true, webauthn:extension:prf: true, webauthn:virtualAuthenticators: true}
Session ID: 5c66b69f7c3da73f3ce94d2c8d5c0633">
<![CDATA[org.openqa.selenium.TimeoutException: Expected condition failed: waiting for element to be clickable: By.xpath: /html/body/div[2]/aside/nav/ul/li[3]/a (tried for 10 second(s) with 500 milliseconds interval)
Build info: version: '4.25.0', revision: '8a8aea2337'
System info: os.name: 'Linux', os.arch: 'amd64', os.version: '6.8.0-60-generic', java.version: '21.0.11'
Driver info: org.openqa.selenium.chrome.ChromeDriver
Capabilities {acceptInsecureCerts: false, browserName: chrome, browserVersion: 143.0.7499.40, chrome: {chromedriverVersion: 143.0.7499.192 (be2c1f4fd45..., userDataDir: /tmp/.org.chromium.Chromium...}, fedcm:accounts: true, goog:chromeOptions: {debuggerAddress: localhost:40481}, goog:processID: 5022, networkConnectionEnabled: false, pageLoadStrategy: normal, platformName: linux, proxy: Proxy(), se:cdp: ws://localhost:40481/devtoo..., se:cdpVersion: 143.0.7499.40, setWindowRect: true, strictFileInteractability: false, timeouts: {implicit: 0, pageLoad: 300000, script: 30000}, unhandledPromptBehavior: dismiss and notify, webauthn:extension:credBlob: true, webauthn:extension:largeBlob: true, webauthn:extension:minPinLength: true, webauthn:extension:prf: true, webauthn:virtualAuthenticators: true}
Session ID: 5c66b69f7c3da73f3ce94d2c8d5c0633
	at org.openqa.selenium.support.ui.WebDriverWait.timeoutException(WebDriverWait.java:84)
	at org.openqa.selenium.support.ui.FluentWait.until(FluentWait.java:228)
	at com.xats.automation.tests.pages.CandidateInDetailViewPage.click(CandidateInDetailViewPage.java:226)
	at com.xats.automation.tests.pages.CandidateInDetailViewPage.candidateTab(CandidateInDetailViewPage.java:65)
	at com.xats.automation.tests.stepdefinitions.CandidateInDetailViewSteps.user_navigates_to_candidateInDetailView(CandidateInDetailViewSteps.java:13)
	at ✽.user navigates to candidateInDetailView(file:///runner/_work/automation/automation/src/test/resources/features/07_CandidateInDetailView.feature:9)
]]>
</failure>
<system-out><![CDATA[
Given User is on login page.................................................passed
When User enters username and password from config file.....................passed
And User clicks on login button.............................................passed
Then User should land on dashboard..........................................passed
When user navigates to candidateInDetailView................................failed
When User adds a call logs..................................................skipped
]]></system-out>
</testcase>
<testcase classname="candidateInDetailView" name="Add a new note" time="33.996">
<failure type="org.openqa.selenium.TimeoutException" message="Expected condition failed: waiting for element to be clickable: By.xpath: /html/body/div[2]/aside/nav/ul/li[3]/a (tried for 10 second(s) with 500 milliseconds interval)
Build info: version: '4.25.0', revision: '8a8aea2337'
System info: os.name: 'Linux', os.arch: 'amd64', os.version: '6.8.0-60-generic', java.version: '21.0.11'
Driver info: org.openqa.selenium.chrome.ChromeDriver
Capabilities {acceptInsecureCerts: false, browserName: chrome, browserVersion: 143.0.7499.40, chrome: {chromedriverVersion: 143.0.7499.192 (be2c1f4fd45..., userDataDir: /tmp/.org.chromium.Chromium...}, fedcm:accounts: true, goog:chromeOptions: {debuggerAddress: localhost:41875}, goog:processID: 5280, networkConnectionEnabled: false, pageLoadStrategy: normal, platformName: linux, proxy: Proxy(), se:cdp: ws://localhost:41875/devtoo..., se:cdpVersion: 143.0.7499.40, setWindowRect: true, strictFileInteractability: false, timeouts: {implicit: 0, pageLoad: 300000, script: 30000}, unhandledPromptBehavior: dismiss and notify, webauthn:extension:credBlob: true, webauthn:extension:largeBlob: true, webauthn:extension:minPinLength: true, webauthn:extension:prf: true, webauthn:virtualAuthenticators: true}
Session ID: 2a3a57ca246d9268db8cfdecbec9f5e9">
<![CDATA[org.openqa.selenium.TimeoutException: Expected condition failed: waiting for element to be clickable: By.xpath: /html/body/div[2]/aside/nav/ul/li[3]/a (tried for 10 second(s) with 500 milliseconds interval)
Build info: version: '4.25.0', revision: '8a8aea2337'
System info: os.name: 'Linux', os.arch: 'amd64', os.version: '6.8.0-60-generic', java.version: '21.0.11'
Driver info: org.openqa.selenium.chrome.ChromeDriver
Capabilities {acceptInsecureCerts: false, browserName: chrome, browserVersion: 143.0.7499.40, chrome: {chromedriverVersion: 143.0.7499.192 (be2c1f4fd45..., userDataDir: /tmp/.org.chromium.Chromium...}, fedcm:accounts: true, goog:chromeOptions: {debuggerAddress: localhost:41875}, goog:processID: 5280, networkConnectionEnabled: false, pageLoadStrategy: normal, platformName: linux, proxy: Proxy(), se:cdp: ws://localhost:41875/devtoo..., se:cdpVersion: 143.0.7499.40, setWindowRect: true, strictFileInteractability: false, timeouts: {implicit: 0, pageLoad: 300000, script: 30000}, unhandledPromptBehavior: dismiss and notify, webauthn:extension:credBlob: true, webauthn:extension:largeBlob: true, webauthn:extension:minPinLength: true, webauthn:extension:prf: true, webauthn:virtualAuthenticators: true}
Session ID: 2a3a57ca246d9268db8cfdecbec9f5e9
	at org.openqa.selenium.support.ui.WebDriverWait.timeoutException(WebDriverWait.java:84)
	at org.openqa.selenium.support.ui.FluentWait.until(FluentWait.java:228)
	at com.xats.automation.tests.pages.CandidateInDetailViewPage.click(CandidateInDetailViewPage.java:226)
	at com.xats.automation.tests.pages.CandidateInDetailViewPage.candidateTab(CandidateInDetailViewPage.java:65)
	at com.xats.automation.tests.stepdefinitions.CandidateInDetailViewSteps.user_navigates_to_candidateInDetailView(CandidateInDetailViewSteps.java:13)
	at ✽.user navigates to candidateInDetailView(file:///runner/_work/automation/automation/src/test/resources/features/07_CandidateInDetailView.feature:9)
]]>
</failure>
<system-out><![CDATA[
Given User is on login page.................................................passed
When User enters username and password from config file.....................passed
And User clicks on login button.............................................passed
Then User should land on dashboard..........................................passed
When user navigates to candidateInDetailView................................failed
And user adds a note for can................................................skipped
]]></system-out>
</testcase>
<testcase classname="candidateInDetailView" name="Edit the existing note" time="24.185">
<failure type="org.openqa.selenium.TimeoutException" message="Expected condition failed: waiting for element to be clickable: By.xpath: /html/body/div[2]/aside/nav/ul/li[3]/a (tried for 10 second(s) with 500 milliseconds interval)
Build info: version: '4.25.0', revision: '8a8aea2337'
System info: os.name: 'Linux', os.arch: 'amd64', os.version: '6.8.0-60-generic', java.version: '21.0.11'
Driver info: org.openqa.selenium.chrome.ChromeDriver
Capabilities {acceptInsecureCerts: false, browserName: chrome, browserVersion: 143.0.7499.40, chrome: {chromedriverVersion: 143.0.7499.192 (be2c1f4fd45..., userDataDir: /tmp/.org.chromium.Chromium...}, fedcm:accounts: true, goog:chromeOptions: {debuggerAddress: localhost:40233}, goog:processID: 5479, networkConnectionEnabled: false, pageLoadStrategy: normal, platformName: linux, proxy: Proxy(), se:cdp: ws://localhost:40233/devtoo..., se:cdpVersion: 143.0.7499.40, setWindowRect: true, strictFileInteractability: false, timeouts: {implicit: 0, pageLoad: 300000, script: 30000}, unhandledPromptBehavior: dismiss and notify, webauthn:extension:credBlob: true, webauthn:extension:largeBlob: true, webauthn:extension:minPinLength: true, webauthn:extension:prf: true, webauthn:virtualAuthenticators: true}
Session ID: d1afa7901680d95a96ae05009353efcb">
<![CDATA[org.openqa.selenium.TimeoutException: Expected condition failed: waiting for element to be clickable: By.xpath: /html/body/div[2]/aside/nav/ul/li[3]/a (tried for 10 second(s) with 500 milliseconds interval)
Build info: version: '4.25.0', revision: '8a8aea2337'
System info: os.name: 'Linux', os.arch: 'amd64', os.version: '6.8.0-60-generic', java.version: '21.0.11'
Driver info: org.openqa.selenium.chrome.ChromeDriver
Capabilities {acceptInsecureCerts: false, browserName: chrome, browserVersion: 143.0.7499.40, chrome: {chromedriverVersion: 143.0.7499.192 (be2c1f4fd45..., userDataDir: /tmp/.org.chromium.Chromium...}, fedcm:accounts: true, goog:chromeOptions: {debuggerAddress: localhost:40233}, goog:processID: 5479, networkConnectionEnabled: false, pageLoadStrategy: normal, platformName: linux, proxy: Proxy(), se:cdp: ws://localhost:40233/devtoo..., se:cdpVersion: 143.0.7499.40, setWindowRect: true, strictFileInteractability: false, timeouts: {implicit: 0, pageLoad: 300000, script: 30000}, unhandledPromptBehavior: dismiss and notify, webauthn:extension:credBlob: true, webauthn:extension:largeBlob: true, webauthn:extension:minPinLength: true, webauthn:extension:prf: true, webauthn:virtualAuthenticators: true}
Session ID: d1afa7901680d95a96ae05009353efcb
	at org.openqa.selenium.support.ui.WebDriverWait.timeoutException(WebDriverWait.java:84)
	at org.openqa.selenium.support.ui.FluentWait.until(FluentWait.java:228)
	at com.xats.automation.tests.pages.CandidateInDetailViewPage.click(CandidateInDetailViewPage.java:226)
	at com.xats.automation.tests.pages.CandidateInDetailViewPage.candidateTab(CandidateInDetailViewPage.java:65)
	at com.xats.automation.tests.stepdefinitions.CandidateInDetailViewSteps.user_navigates_to_candidateInDetailView(CandidateInDetailViewSteps.java:13)
	at ✽.user navigates to candidateInDetailView(file:///runner/_work/automation/automation/src/test/resources/features/07_CandidateInDetailView.feature:9)
]]>
</failure>
<system-out><![CDATA[
Given User is on login page.................................................passed
When User enters username and password from config file.....................passed
And User clicks on login button.............................................passed
Then User should land on dashboard..........................................passed
When user navigates to candidateInDetailView................................failed
And user edits the note for can.............................................skipped
]]></system-out>
</testcase>
<testcase classname="candidateInDetailView" name="Delete the note" time="10.883">
<failure type="org.openqa.selenium.TimeoutException" message="Expected condition failed: waiting for visibility of element located by By.xpath: /html/body/div[2]/div/div[2]/div/div/div/div/div[2]/form/div[1]/div[1]/div/input (tried for 10 second(s) with 500 milliseconds interval)
Build info: version: '4.25.0', revision: '8a8aea2337'
System info: os.name: 'Linux', os.arch: 'amd64', os.version: '6.8.0-60-generic', java.version: '21.0.11'
Driver info: org.openqa.selenium.chrome.ChromeDriver
Capabilities {acceptInsecureCerts: false, browserName: chrome, browserVersion: 143.0.7499.40, chrome: {chromedriverVersion: 143.0.7499.192 (be2c1f4fd45..., userDataDir: /tmp/.org.chromium.Chromium...}, fedcm:accounts: true, goog:chromeOptions: {debuggerAddress: localhost:42421}, goog:processID: 5735, networkConnectionEnabled: false, pageLoadStrategy: normal, platformName: linux, proxy: Proxy(), se:cdp: ws://localhost:42421/devtoo..., se:cdpVersion: 143.0.7499.40, setWindowRect: true, strictFileInteractability: false, timeouts: {implicit: 0, pageLoad: 300000, script: 30000}, unhandledPromptBehavior: dismiss and notify, webauthn:extension:credBlob: true, webauthn:extension:largeBlob: true, webauthn:extension:minPinLength: true, webauthn:extension:prf: true, webauthn:virtualAuthenticators: true}
Session ID: 10a5eedeb2ba482ccc09cb7f8d39ba35">
<![CDATA[org.openqa.selenium.TimeoutException: Expected condition failed: waiting for visibility of element located by By.xpath: /html/body/div[2]/div/div[2]/div/div/div/div/div[2]/form/div[1]/div[1]/div/input (tried for 10 second(s) with 500 milliseconds interval)
Build info: version: '4.25.0', revision: '8a8aea2337'
System info: os.name: 'Linux', os.arch: 'amd64', os.version: '6.8.0-60-generic', java.version: '21.0.11'
Driver info: org.openqa.selenium.chrome.ChromeDriver
Capabilities {acceptInsecureCerts: false, browserName: chrome, browserVersion: 143.0.7499.40, chrome: {chromedriverVersion: 143.0.7499.192 (be2c1f4fd45..., userDataDir: /tmp/.org.chromium.Chromium...}, fedcm:accounts: true, goog:chromeOptions: {debuggerAddress: localhost:42421}, goog:processID: 5735, networkConnectionEnabled: false, pageLoadStrategy: normal, platformName: linux, proxy: Proxy(), se:cdp: ws://localhost:42421/devtoo..., se:cdpVersion: 143.0.7499.40, setWindowRect: true, strictFileInteractability: false, timeouts: {implicit: 0, pageLoad: 300000, script: 30000}, unhandledPromptBehavior: dismiss and notify, webauthn:extension:credBlob: true, webauthn:extension:largeBlob: true, webauthn:extension:minPinLength: true, webauthn:extension:prf: true, webauthn:virtualAuthenticators: true}
Session ID: 10a5eedeb2ba482ccc09cb7f8d39ba35
	at org.openqa.selenium.support.ui.WebDriverWait.timeoutException(WebDriverWait.java:84)
	at org.openqa.selenium.support.ui.FluentWait.until(FluentWait.java:228)
	at com.xats.automation.tests.pages.LoginPage.waitForLoginPageToLoad(LoginPage.java:46)
	at com.xats.automation.tests.stepdefinitions.LoginSteps.user_is_on_login_page(LoginSteps.java:23)
	at ✽.User is on login page(file:///runner/_work/automation/automation/src/test/resources/features/07_CandidateInDetailView.feature:5)
]]>
</failure>
<system-out><![CDATA[
Given User is on login page.................................................failed
When User enters username and password from config file.....................skipped
And User clicks on login button.............................................skipped
Then User should land on dashboard..........................................skipped
When user navigates to candidateInDetailView................................skipped
And user deletes the note for can...........................................skipped
]]></system-out>
</testcase>
<testcase classname="candidateInDetailView" name="Upload a new document" time="10.831">
<failure type="org.openqa.selenium.TimeoutException" message="Expected condition failed: waiting for visibility of element located by By.xpath: /html/body/div[2]/div/div[2]/div/div/div/div/div[2]/form/div[1]/div[1]/div/input (tried for 10 second(s) with 500 milliseconds interval)
Build info: version: '4.25.0', revision: '8a8aea2337'
System info: os.name: 'Linux', os.arch: 'amd64', os.version: '6.8.0-60-generic', java.version: '21.0.11'
Driver info: org.openqa.selenium.chrome.ChromeDriver
Capabilities {acceptInsecureCerts: false, browserName: chrome, browserVersion: 143.0.7499.40, chrome: {chromedriverVersion: 143.0.7499.192 (be2c1f4fd45..., userDataDir: /tmp/.org.chromium.Chromium...}, fedcm:accounts: true, goog:chromeOptions: {debuggerAddress: localhost:40459}, goog:processID: 5918, networkConnectionEnabled: false, pageLoadStrategy: normal, platformName: linux, proxy: Proxy(), se:cdp: ws://localhost:40459/devtoo..., se:cdpVersion: 143.0.7499.40, setWindowRect: true, strictFileInteractability: false, timeouts: {implicit: 0, pageLoad: 300000, script: 30000}, unhandledPromptBehavior: dismiss and notify, webauthn:extension:credBlob: true, webauthn:extension:largeBlob: true, webauthn:extension:minPinLength: true, webauthn:extension:prf: true, webauthn:virtualAuthenticators: true}
Session ID: 11b75b52ac1a9efe90fe72c8b1a97d31">
<![CDATA[org.openqa.selenium.TimeoutException: Expected condition failed: waiting for visibility of element located by By.xpath: /html/body/div[2]/div/div[2]/div/div/div/div/div[2]/form/div[1]/div[1]/div/input (tried for 10 second(s) with 500 milliseconds interval)
Build info: version: '4.25.0', revision: '8a8aea2337'
System info: os.name: 'Linux', os.arch: 'amd64', os.version: '6.8.0-60-generic', java.version: '21.0.11'
Driver info: org.openqa.selenium.chrome.ChromeDriver
Capabilities {acceptInsecureCerts: false, browserName: chrome, browserVersion: 143.0.7499.40, chrome: {chromedriverVersion: 143.0.7499.192 (be2c1f4fd45..., userDataDir: /tmp/.org.chromium.Chromium...}, fedcm:accounts: true, goog:chromeOptions: {debuggerAddress: localhost:40459}, goog:processID: 5918, networkConnectionEnabled: false, pageLoadStrategy: normal, platformName: linux, proxy: Proxy(), se:cdp: ws://localhost:40459/devtoo..., se:cdpVersion: 143.0.7499.40, setWindowRect: true, strictFileInteractability: false, timeouts: {implicit: 0, pageLoad: 300000, script: 30000}, unhandledPromptBehavior: dismiss and notify, webauthn:extension:credBlob: true, webauthn:extension:largeBlob: true, webauthn:extension:minPinLength: true, webauthn:extension:prf: true, webauthn:virtualAuthenticators: true}
Session ID: 11b75b52ac1a9efe90fe72c8b1a97d31
	at org.openqa.selenium.support.ui.WebDriverWait.timeoutException(WebDriverWait.java:84)
	at org.openqa.selenium.support.ui.FluentWait.until(FluentWait.java:228)
	at com.xats.automation.tests.pages.LoginPage.waitForLoginPageToLoad(LoginPage.java:46)
	at com.xats.automation.tests.stepdefinitions.LoginSteps.user_is_on_login_page(LoginSteps.java:23)
	at ✽.User is on login page(file:///runner/_work/automation/automation/src/test/resources/features/07_CandidateInDetailView.feature:5)
]]>
</failure>
<system-out><![CDATA[
Given User is on login page.................................................failed
When User enters username and password from config file.....................skipped
And User clicks on login button.............................................skipped
Then User should land on dashboard..........................................skipped
When user navigates to candidateInDetailView................................skipped
And user uploads a document for can.........................................skipped
]]></system-out>
</testcase>
<testcase classname="candidateInDetailView" name="Delete the uploaded document" time="10.872">
<failure type="org.openqa.selenium.TimeoutException" message="Expected condition failed: waiting for visibility of element located by By.xpath: /html/body/div[2]/div/div[2]/div/div/div/div/div[2]/form/div[1]/div[1]/div/input (tried for 10 second(s) with 500 milliseconds interval)
Build info: version: '4.25.0', revision: '8a8aea2337'
System info: os.name: 'Linux', os.arch: 'amd64', os.version: '6.8.0-60-generic', java.version: '21.0.11'
Driver info: org.openqa.selenium.chrome.ChromeDriver
Capabilities {acceptInsecureCerts: false, browserName: chrome, browserVersion: 143.0.7499.40, chrome: {chromedriverVersion: 143.0.7499.192 (be2c1f4fd45..., userDataDir: /tmp/.org.chromium.Chromium...}, fedcm:accounts: true, goog:chromeOptions: {debuggerAddress: localhost:45519}, goog:processID: 6101, networkConnectionEnabled: false, pageLoadStrategy: normal, platformName: linux, proxy: Proxy(), se:cdp: ws://localhost:45519/devtoo..., se:cdpVersion: 143.0.7499.40, setWindowRect: true, strictFileInteractability: false, timeouts: {implicit: 0, pageLoad: 300000, script: 30000}, unhandledPromptBehavior: dismiss and notify, webauthn:extension:credBlob: true, webauthn:extension:largeBlob: true, webauthn:extension:minPinLength: true, webauthn:extension:prf: true, webauthn:virtualAuthenticators: true}
Session ID: 3c44ab7ab87890497489c4046152a977">
<![CDATA[org.openqa.selenium.TimeoutException: Expected condition failed: waiting for visibility of element located by By.xpath: /html/body/div[2]/div/div[2]/div/div/div/div/div[2]/form/div[1]/div[1]/div/input (tried for 10 second(s) with 500 milliseconds interval)
Build info: version: '4.25.0', revision: '8a8aea2337'
System info: os.name: 'Linux', os.arch: 'amd64', os.version: '6.8.0-60-generic', java.version: '21.0.11'
Driver info: org.openqa.selenium.chrome.ChromeDriver
Capabilities {acceptInsecureCerts: false, browserName: chrome, browserVersion: 143.0.7499.40, chrome: {chromedriverVersion: 143.0.7499.192 (be2c1f4fd45..., userDataDir: /tmp/.org.chromium.Chromium...}, fedcm:accounts: true, goog:chromeOptions: {debuggerAddress: localhost:45519}, goog:processID: 6101, networkConnectionEnabled: false, pageLoadStrategy: normal, platformName: linux, proxy: Proxy(), se:cdp: ws://localhost:45519/devtoo..., se:cdpVersion: 143.0.7499.40, setWindowRect: true, strictFileInteractability: false, timeouts: {implicit: 0, pageLoad: 300000, script: 30000}, unhandledPromptBehavior: dismiss and notify, webauthn:extension:credBlob: true, webauthn:extension:largeBlob: true, webauthn:extension:minPinLength: true, webauthn:extension:prf: true, webauthn:virtualAuthenticators: true}
Session ID: 3c44ab7ab87890497489c4046152a977
	at org.openqa.selenium.support.ui.WebDriverWait.timeoutException(WebDriverWait.java:84)
	at org.openqa.selenium.support.ui.FluentWait.until(FluentWait.java:228)
	at com.xats.automation.tests.pages.LoginPage.waitForLoginPageToLoad(LoginPage.java:46)
	at com.xats.automation.tests.stepdefinitions.LoginSteps.user_is_on_login_page(LoginSteps.java:23)
	at ✽.User is on login page(file:///runner/_work/automation/automation/src/test/resources/features/07_CandidateInDetailView.feature:5)
]]>
</failure>
<system-out><![CDATA[
Given User is on login page.................................................failed
When User enters username and password from config file.....................skipped
And User clicks on login button.............................................skipped
Then User should land on dashboard..........................................skipped
When user navigates to candidateInDetailView................................skipped
And user deletes the document for can.......................................skipped
]]></system-out>
</testcase>
<testcase classname="candidateInDetailView" name="Create a Task" time="10.862">
<failure type="org.openqa.selenium.TimeoutException" message="Expected condition failed: waiting for visibility of element located by By.xpath: /html/body/div[2]/div/div[2]/div/div/div/div/div[2]/form/div[1]/div[1]/div/input (tried for 10 second(s) with 500 milliseconds interval)
Build info: version: '4.25.0', revision: '8a8aea2337'
System info: os.name: 'Linux', os.arch: 'amd64', os.version: '6.8.0-60-generic', java.version: '21.0.11'
Driver info: org.openqa.selenium.chrome.ChromeDriver
Capabilities {acceptInsecureCerts: false, browserName: chrome, browserVersion: 143.0.7499.40, chrome: {chromedriverVersion: 143.0.7499.192 (be2c1f4fd45..., userDataDir: /tmp/.org.chromium.Chromium...}, fedcm:accounts: true, goog:chromeOptions: {debuggerAddress: localhost:39379}, goog:processID: 6289, networkConnectionEnabled: false, pageLoadStrategy: normal, platformName: linux, proxy: Proxy(), se:cdp: ws://localhost:39379/devtoo..., se:cdpVersion: 143.0.7499.40, setWindowRect: true, strictFileInteractability: false, timeouts: {implicit: 0, pageLoad: 300000, script: 30000}, unhandledPromptBehavior: dismiss and notify, webauthn:extension:credBlob: true, webauthn:extension:largeBlob: true, webauthn:extension:minPinLength: true, webauthn:extension:prf: true, webauthn:virtualAuthenticators: true}
Session ID: 607932f59865843a6b5ca3e8b8089ac5">
<![CDATA[org.openqa.selenium.TimeoutException: Expected condition failed: waiting for visibility of element located by By.xpath: /html/body/div[2]/div/div[2]/div/div/div/div/div[2]/form/div[1]/div[1]/div/input (tried for 10 second(s) with 500 milliseconds interval)
Build info: version: '4.25.0', revision: '8a8aea2337'
System info: os.name: 'Linux', os.arch: 'amd64', os.version: '6.8.0-60-generic', java.version: '21.0.11'
Driver info: org.openqa.selenium.chrome.ChromeDriver
Capabilities {acceptInsecureCerts: false, browserName: chrome, browserVersion: 143.0.7499.40, chrome: {chromedriverVersion: 143.0.7499.192 (be2c1f4fd45..., userDataDir: /tmp/.org.chromium.Chromium...}, fedcm:accounts: true, goog:chromeOptions: {debuggerAddress: localhost:39379}, goog:processID: 6289, networkConnectionEnabled: false, pageLoadStrategy: normal, platformName: linux, proxy: Proxy(), se:cdp: ws://localhost:39379/devtoo..., se:cdpVersion: 143.0.7499.40, setWindowRect: true, strictFileInteractability: false, timeouts: {implicit: 0, pageLoad: 300000, script: 30000}, unhandledPromptBehavior: dismiss and notify, webauthn:extension:credBlob: true, webauthn:extension:largeBlob: true, webauthn:extension:minPinLength: true, webauthn:extension:prf: true, webauthn:virtualAuthenticators: true}
Session ID: 607932f59865843a6b5ca3e8b8089ac5
	at org.openqa.selenium.support.ui.WebDriverWait.timeoutException(WebDriverWait.java:84)
	at org.openqa.selenium.support.ui.FluentWait.until(FluentWait.java:228)
	at com.xats.automation.tests.pages.LoginPage.waitForLoginPageToLoad(LoginPage.java:46)
	at com.xats.automation.tests.stepdefinitions.LoginSteps.user_is_on_login_page(LoginSteps.java:23)
	at ✽.User is on login page(file:///runner/_work/automation/automation/src/test/resources/features/07_CandidateInDetailView.feature:5)
]]>
</failure>
<system-out><![CDATA[
Given User is on login page.................................................failed
When User enters username and password from config file.....................skipped
And User clicks on login button.............................................skipped
Then User should land on dashboard..........................................skipped
When user navigates to candidateInDetailView................................skipped
When user create a task for can.............................................skipped
]]></system-out>
</testcase>
<testcase classname="Submission page" name="Navigate to submission page" time="10.934">
<failure type="org.openqa.selenium.TimeoutException" message="Expected condition failed: waiting for visibility of element located by By.xpath: /html/body/div[2]/div/div[2]/div/div/div/div/div[2]/form/div[1]/div[1]/div/input (tried for 10 second(s) with 500 milliseconds interval)
Build info: version: '4.25.0', revision: '8a8aea2337'
System info: os.name: 'Linux', os.arch: 'amd64', os.version: '6.8.0-60-generic', java.version: '21.0.11'
Driver info: org.openqa.selenium.chrome.ChromeDriver
Capabilities {acceptInsecureCerts: false, browserName: chrome, browserVersion: 143.0.7499.40, chrome: {chromedriverVersion: 143.0.7499.192 (be2c1f4fd45..., userDataDir: /tmp/.org.chromium.Chromium...}, fedcm:accounts: true, goog:chromeOptions: {debuggerAddress: localhost:40147}, goog:processID: 6474, networkConnectionEnabled: false, pageLoadStrategy: normal, platformName: linux, proxy: Proxy(), se:cdp: ws://localhost:40147/devtoo..., se:cdpVersion: 143.0.7499.40, setWindowRect: true, strictFileInteractability: false, timeouts: {implicit: 0, pageLoad: 300000, script: 30000}, unhandledPromptBehavior: dismiss and notify, webauthn:extension:credBlob: true, webauthn:extension:largeBlob: true, webauthn:extension:minPinLength: true, webauthn:extension:prf: true, webauthn:virtualAuthenticators: true}
Session ID: 4ca2afc62c3daa60dd2cdc71218b2dae">
<![CDATA[org.openqa.selenium.TimeoutException: Expected condition failed: waiting for visibility of element located by By.xpath: /html/body/div[2]/div/div[2]/div/div/div/div/div[2]/form/div[1]/div[1]/div/input (tried for 10 second(s) with 500 milliseconds interval)
Build info: version: '4.25.0', revision: '8a8aea2337'
System info: os.name: 'Linux', os.arch: 'amd64', os.version: '6.8.0-60-generic', java.version: '21.0.11'
Driver info: org.openqa.selenium.chrome.ChromeDriver
Capabilities {acceptInsecureCerts: false, browserName: chrome, browserVersion: 143.0.7499.40, chrome: {chromedriverVersion: 143.0.7499.192 (be2c1f4fd45..., userDataDir: /tmp/.org.chromium.Chromium...}, fedcm:accounts: true, goog:chromeOptions: {debuggerAddress: localhost:40147}, goog:processID: 6474, networkConnectionEnabled: false, pageLoadStrategy: normal, platformName: linux, proxy: Proxy(), se:cdp: ws://localhost:40147/devtoo..., se:cdpVersion: 143.0.7499.40, setWindowRect: true, strictFileInteractability: false, timeouts: {implicit: 0, pageLoad: 300000, script: 30000}, unhandledPromptBehavior: dismiss and notify, webauthn:extension:credBlob: true, webauthn:extension:largeBlob: true, webauthn:extension:minPinLength: true, webauthn:extension:prf: true, webauthn:virtualAuthenticators: true}
Session ID: 4ca2afc62c3daa60dd2cdc71218b2dae
	at org.openqa.selenium.support.ui.WebDriverWait.timeoutException(WebDriverWait.java:84)
	at org.openqa.selenium.support.ui.FluentWait.until(FluentWait.java:228)
	at com.xats.automation.tests.pages.LoginPage.waitForLoginPageToLoad(LoginPage.java:46)
	at com.xats.automation.tests.stepdefinitions.LoginSteps.user_is_on_login_page(LoginSteps.java:23)
	at ✽.User is on login page(file:///runner/_work/automation/automation/src/test/resources/features/08_CandidateSubmission.feature:5)
]]>
</failure>
<system-out><![CDATA[
Given User is on login page.................................................failed
When User enters username and password from config file.....................skipped
And User clicks on login button.............................................skipped
When user navigates to job detail view......................................skipped
When user navigates submission page.........................................skipped
]]></system-out>
</testcase>
<testcase classname="Submission page" name="Add a new note" time="10.909">
[...]
	at org.openqa.selenium.support.ui.FluentWait.until(FluentWait.java:228)
	at com.xats.automation.tests.pages.LoginPage.waitForLoginPageToLoad(LoginPage.java:46)
	at com.xats.automation.tests.stepdefinitions.LoginSteps.user_is_on_login_page(LoginSteps.java:23)
	at ✽.User is on login page(file:///runner/_work/automation/automation/src/test/resources/features/08_CandidateSubmission.feature:5)
]]>
</failure>
<system-out><![CDATA[
Given User is on login page.................................................failed
When User enters username and password from config file.....................skipped
And User clicks on login button.............................................skipped
When user navigates to job detail view......................................skipped
When user navigates submission page.........................................skipped
And user pins the note in submission........................................skipped
]]></system-out>
</testcase>
<testcase classname="Submission page" name="Delete the note" time="10.846">
<failure type="org.openqa.selenium.TimeoutException" message="Expected condition failed: waiting for visibility of element located by By.xpath: /html/body/div[2]/div/div[2]/div/div/div/div/div[2]/form/div[1]/div[1]/div/input (tried for 10 second(s) with 500 milliseconds interval)
Build info: version: '4.25.0', revision: '8a8aea2337'
System info: os.name: 'Linux', os.arch: 'amd64', os.version: '6.8.0-60-generic', java.version: '21.0.11'
Driver info: org.openqa.selenium.chrome.ChromeDriver
Capabilities {acceptInsecureCerts: false, browserName: chrome, browserVersion: 143.0.7499.40, chrome: {chromedriverVersion: 143.0.7499.192 (be2c1f4fd45..., userDataDir: /tmp/.org.chromium.Chromium...}, fedcm:accounts: true, goog:chromeOptions: {debuggerAddress: localhost:35421}, goog:processID: 7209, networkConnectionEnabled: false, pageLoadStrategy: normal, platformName: linux, proxy: Proxy(), se:cdp: ws://localhost:35421/devtoo..., se:cdpVersion: 143.0.7499.40, setWindowRect: true, strictFileInteractability: false, timeouts: {implicit: 0, pageLoad: 300000, script: 30000}, unhandledPromptBehavior: dismiss and notify, webauthn:extension:credBlob: true, webauthn:extension:largeBlob: true, webauthn:extension:minPinLength: true, webauthn:extension:prf: true, webauthn:virtualAuthenticators: true}
Session ID: b5d14121498805b6bfc6834c1f9577c9">
<![CDATA[org.openqa.selenium.TimeoutException: Expected condition failed: waiting for visibility of element located by By.xpath: /html/body/div[2]/div/div[2]/div/div/div/div/div[2]/form/div[1]/div[1]/div/input (tried for 10 second(s) with 500 milliseconds interval)
Build info: version: '4.25.0', revision: '8a8aea2337'
System info: os.name: 'Linux', os.arch: 'amd64', os.version: '6.8.0-60-generic', java.version: '21.0.11'
Driver info: org.openqa.selenium.chrome.ChromeDriver
Capabilities {acceptInsecureCerts: false, browserName: chrome, browserVersion: 143.0.7499.40, chrome: {chromedriverVersion: 143.0.7499.192 (be2c1f4fd45..., userDataDir: /tmp/.org.chromium.Chromium...}, fedcm:accounts: true, goog:chromeOptions: {debuggerAddress: localhost:35421}, goog:processID: 7209, networkConnectionEnabled: false, pageLoadStrategy: normal, platformName: linux, proxy: Proxy(), se:cdp: ws://localhost:35421/devtoo..., se:cdpVersion: 143.0.7499.40, setWindowRect: true, strictFileInteractability: false, timeouts: {implicit: 0, pageLoad: 300000, script: 30000}, unhandledPromptBehavior: dismiss and notify, webauthn:extension:credBlob: true, webauthn:extension:largeBlob: true, webauthn:extension:minPinLength: true, webauthn:extension:prf: true, webauthn:virtualAuthenticators: true}
Session ID: b5d14121498805b6bfc6834c1f9577c9
	at org.openqa.selenium.support.ui.WebDriverWait.timeoutException(WebDriverWait.java:84)
	at org.openqa.selenium.support.ui.FluentWait.until(FluentWait.java:228)
	at com.xats.automation.tests.pages.LoginPage.waitForLoginPageToLoad(LoginPage.java:46)
	at com.xats.automation.tests.stepdefinitions.LoginSteps.user_is_on_login_page(LoginSteps.java:23)
	at ✽.User is on login page(file:///runner/_work/automation/automation/src/test/resources/features/08_CandidateSubmission.feature:5)
]]>
</failure>
<system-out><![CDATA[
Given User is on login page.................................................failed
When User enters username and password from config file.....................skipped
And User clicks on login button.............................................skipped
When user navigates to job detail view......................................skipped
When user navigates submission page.........................................skipped
And user deletes the note in the submission.................................skipped
]]></system-out>
</testcase>
<testcase classname="Submission page" name="Upload a new document" time="10.849">
<failure type="org.openqa.selenium.TimeoutException" message="Expected condition failed: waiting for visibility of element located by By.xpath: /html/body/div[2]/div/div[2]/div/div/div/div/div[2]/form/div[1]/div[1]/div/input (tried for 10 second(s) with 500 milliseconds interval)
Build info: version: '4.25.0', revision: '8a8aea2337'
System info: os.name: 'Linux', os.arch: 'amd64', os.version: '6.8.0-60-generic', java.version: '21.0.11'
Driver info: org.openqa.selenium.chrome.ChromeDriver
Capabilities {acceptInsecureCerts: false, browserName: chrome, browserVersion: 143.0.7499.40, chrome: {chromedriverVersion: 143.0.7499.192 (be2c1f4fd45..., userDataDir: /tmp/.org.chromium.Chromium...}, fedcm:accounts: true, goog:chromeOptions: {debuggerAddress: localhost:37823}, goog:processID: 7392, networkConnectionEnabled: false, pageLoadStrategy: normal, platformName: linux, proxy: Proxy(), se:cdp: ws://localhost:37823/devtoo..., se:cdpVersion: 143.0.7499.40, setWindowRect: true, strictFileInteractability: false, timeouts: {implicit: 0, pageLoad: 300000, script: 30000}, unhandledPromptBehavior: dismiss and notify, webauthn:extension:credBlob: true, webauthn:extension:largeBlob: true, webauthn:extension:minPinLength: true, webauthn:extension:prf: true, webauthn:virtualAuthenticators: true}
Session ID: b38967551f151e167b1b5a49ea27c05f">
<![CDATA[org.openqa.selenium.TimeoutException: Expected condition failed: waiting for visibility of element located by By.xpath: /html/body/div[2]/div/div[2]/div/div/div/div/div[2]/form/div[1]/div[1]/div/input (tried for 10 second(s) with 500 milliseconds interval)
Build info: version: '4.25.0', revision: '8a8aea2337'
System info: os.name: 'Linux', os.arch: 'amd64', os.version: '6.8.0-60-generic', java.version: '21.0.11'
Driver info: org.openqa.selenium.chrome.ChromeDriver
Capabilities {acceptInsecureCerts: false, browserName: chrome, browserVersion: 143.0.7499.40, chrome: {chromedriverVersion: 143.0.7499.192 (be2c1f4fd45..., userDataDir: /tmp/.org.chromium.Chromium...}, fedcm:accounts: true, goog:chromeOptions: {debuggerAddress: localhost:37823}, goog:processID: 7392, networkConnectionEnabled: false, pageLoadStrategy: normal, platformName: linux, proxy: Proxy(), se:cdp: ws://localhost:37823/devtoo..., se:cdpVersion: 143.0.7499.40, setWindowRect: true, strictFileInteractability: false, timeouts: {implicit: 0, pageLoad: 300000, script: 30000}, unhandledPromptBehavior: dismiss and notify, webauthn:extension:credBlob: true, webauthn:extension:largeBlob: true, webauthn:extension:minPinLength: true, webauthn:extension:prf: true, webauthn:virtualAuthenticators: true}
Session ID: b38967551f151e167b1b5a49ea27c05f
	at org.openqa.selenium.support.ui.WebDriverWait.timeoutException(WebDriverWait.java:84)
	at org.openqa.selenium.support.ui.FluentWait.until(FluentWait.java:228)
	at com.xats.automation.tests.pages.LoginPage.waitForLoginPageToLoad(LoginPage.java:46)
	at com.xats.automation.tests.stepdefinitions.LoginSteps.user_is_on_login_page(LoginSteps.java:23)
	at ✽.User is on login page(file:///runner/_work/automation/automation/src/test/resources/features/08_CandidateSubmission.feature:5)
]]>
</failure>
<system-out><![CDATA[
Given User is on login page.................................................failed
When User enters username and password from config file.....................skipped
And User clicks on login button.............................................skipped
When user navigates to job detail view......................................skipped
When user navigates submission page.........................................skipped
And user uploads a document in submission...................................skipped
]]></system-out>
</testcase>
<testcase classname="Submission page" name="Delete the uploaded document" time="10.834">
<failure type="org.openqa.selenium.TimeoutException" message="Expected condition failed: waiting for visibility of element located by By.xpath: /html/body/div[2]/div/div[2]/div/div/div/div/div[2]/form/div[1]/div[1]/div/input (tried for 10 second(s) with 500 milliseconds interval)
Build info: version: '4.25.0', revision: '8a8aea2337'
System info: os.name: 'Linux', os.arch: 'amd64', os.version: '6.8.0-60-generic', java.version: '21.0.11'
Driver info: org.openqa.selenium.chrome.ChromeDriver
Capabilities {acceptInsecureCerts: false, browserName: chrome, browserVersion: 143.0.7499.40, chrome: {chromedriverVersion: 143.0.7499.192 (be2c1f4fd45..., userDataDir: /tmp/.org.chromium.Chromium...}, fedcm:accounts: true, goog:chromeOptions: {debuggerAddress: localhost:44761}, goog:processID: 7578, networkConnectionEnabled: false, pageLoadStrategy: normal, platformName: linux, proxy: Proxy(), se:cdp: ws://localhost:44761/devtoo..., se:cdpVersion: 143.0.7499.40, setWindowRect: true, strictFileInteractability: false, timeouts: {implicit: 0, pageLoad: 300000, script: 30000}, unhandledPromptBehavior: dismiss and notify, webauthn:extension:credBlob: true, webauthn:extension:largeBlob: true, webauthn:extension:minPinLength: true, webauthn:extension:prf: true, webauthn:virtualAuthenticators: true}
Session ID: f2f6da05b30cac10b60a33a41a4321eb">
<![CDATA[org.openqa.selenium.TimeoutException: Expected condition failed: waiting for visibility of element located by By.xpath: /html/body/div[2]/div/div[2]/div/div/div/div/div[2]/form/div[1]/div[1]/div/input (tried for 10 second(s) with 500 milliseconds interval)
Build info: version: '4.25.0', revision: '8a8aea2337'
System info: os.name: 'Linux', os.arch: 'amd64', os.version: '6.8.0-60-generic', java.version: '21.0.11'
Driver info: org.openqa.selenium.chrome.ChromeDriver
Capabilities {acceptInsecureCerts: false, browserName: chrome, browserVersion: 143.0.7499.40, chrome: {chromedriverVersion: 143.0.7499.192 (be2c1f4fd45..., userDataDir: /tmp/.org.chromium.Chromium...}, fedcm:accounts: true, goog:chromeOptions: {debuggerAddress: localhost:44761}, goog:processID: 7578, networkConnectionEnabled: false, pageLoadStrategy: normal, platformName: linux, proxy: Proxy(), se:cdp: ws://localhost:44761/devtoo..., se:cdpVersion: 143.0.7499.40, setWindowRect: true, strictFileInteractability: false, timeouts: {implicit: 0, pageLoad: 300000, script: 30000}, unhandledPromptBehavior: dismiss and notify, webauthn:extension:credBlob: true, webauthn:extension:largeBlob: true, webauthn:extension:minPinLength: true, webauthn:extension:prf: true, webauthn:virtualAuthenticators: true}
Session ID: f2f6da05b30cac10b60a33a41a4321eb
	at org.openqa.selenium.support.ui.WebDriverWait.timeoutException(WebDriverWait.java:84)
	at org.openqa.selenium.support.ui.FluentWait.until(FluentWait.java:228)
	at com.xats.automation.tests.pages.LoginPage.waitForLoginPageToLoad(LoginPage.java:46)
	at com.xats.automation.tests.stepdefinitions.LoginSteps.user_is_on_login_page(LoginSteps.java:23)
	at ✽.User is on login page(file:///runner/_work/automation/automation/src/test/resources/features/08_CandidateSubmission.feature:5)
]]>
</failure>
<system-out><![CDATA[
Given User is on login page.................................................failed
When User enters username and password from config file.....................skipped
And User clicks on login button.............................................skipped
When user navigates to job detail view......................................skipped
When user navigates submission page.........................................skipped
And user deletes the document in submission.................................skipped
]]></system-out>
</testcase>
<testcase classname="Submission page" name="Interview creation" time="10.847">
<failure type="org.openqa.selenium.TimeoutException" message="Expected condition failed: waiting for visibility of element located by By.xpath: /html/body/div[2]/div/div[2]/div/div/div/div/div[2]/form/div[1]/div[1]/div/input (tried for 10 second(s) with 500 milliseconds interval)
Build info: version: '4.25.0', revision: '8a8aea2337'
System info: os.name: 'Linux', os.arch: 'amd64', os.version: '6.8.0-60-generic', java.version: '21.0.11'
Driver info: org.openqa.selenium.chrome.ChromeDriver
Capabilities {acceptInsecureCerts: false, browserName: chrome, browserVersion: 143.0.7499.40, chrome: {chromedriverVersion: 143.0.7499.192 (be2c1f4fd45..., userDataDir: /tmp/.org.chromium.Chromium...}, fedcm:accounts: true, goog:chromeOptions: {debuggerAddress: localhost:44409}, goog:processID: 7760, networkConnectionEnabled: false, pageLoadStrategy: normal, platformName: linux, proxy: Proxy(), se:cdp: ws://localhost:44409/devtoo..., se:cdpVersion: 143.0.7499.40, setWindowRect: true, strictFileInteractability: false, timeouts: {implicit: 0, pageLoad: 300000, script: 30000}, unhandledPromptBehavior: dismiss and notify, webauthn:extension:credBlob: true, webauthn:extension:largeBlob: true, webauthn:extension:minPinLength: true, webauthn:extension:prf: true, webauthn:virtualAuthenticators: true}
Session ID: 89d6b23b98091227656df18ac053732f">
<![CDATA[org.openqa.selenium.TimeoutException: Expected condition failed: waiting for visibility of element located by By.xpath: /html/body/div[2]/div/div[2]/div/div/div/div/div[2]/form/div[1]/div[1]/div/input (tried for 10 second(s) with 500 milliseconds interval)
Build info: version: '4.25.0', revision: '8a8aea2337'
System info: os.name: 'Linux', os.arch: 'amd64', os.version: '6.8.0-60-generic', java.version: '21.0.11'
Driver info: org.openqa.selenium.chrome.ChromeDriver
Capabilities {acceptInsecureCerts: false, browserName: chrome, browserVersion: 143.0.7499.40, chrome: {chromedriverVersion: 143.0.7499.192 (be2c1f4fd45..., userDataDir: /tmp/.org.chromium.Chromium...}, fedcm:accounts: true, goog:chromeOptions: {debuggerAddress: localhost:44409}, goog:processID: 7760, networkConnectionEnabled: false, pageLoadStrategy: normal, platformName: linux, proxy: Proxy(), se:cdp: ws://localhost:44409/devtoo..., se:cdpVersion: 143.0.7499.40, setWindowRect: true, strictFileInteractability: false, timeouts: {implicit: 0, pageLoad: 300000, script: 30000}, unhandledPromptBehavior: dismiss and notify, webauthn:extension:credBlob: true, webauthn:extension:largeBlob: true, webauthn:extension:minPinLength: true, webauthn:extension:prf: true, webauthn:virtualAuthenticators: true}
Session ID: 89d6b23b98091227656df18ac053732f
	at org.openqa.selenium.support.ui.WebDriverWait.timeoutException(WebDriverWait.java:84)
	at org.openqa.selenium.support.ui.FluentWait.until(FluentWait.java:228)
	at com.xats.automation.tests.pages.LoginPage.waitForLoginPageToLoad(LoginPage.java:46)
	at com.xats.automation.tests.stepdefinitions.LoginSteps.user_is_on_login_page(LoginSteps.java:23)
	at ✽.User is on login page(file:///runner/_work/automation/automation/src/test/resources/features/08_CandidateSubmission.feature:5)
]]>
</failure>
<system-out><![CDATA[
Given User is on login page.................................................failed
When User enters username and password from config file.....................skipped
And User clicks on login button.............................................skipped
When user navigates to job detail view......................................skipped
When user navigates submission page.........................................skipped
And User creates a interview................................................skipped
]]></system-out>
</testcase>
<testcase classname="Submission page" name="Create a Task" time="10.869">
<failure type="org.openqa.selenium.TimeoutException" message="Expected condition failed: waiting for visibility of element located by By.xpath: /html/body/div[2]/div/div[2]/div/div/div/div/div[2]/form/div[1]/div[1]/div/input (tried for 10 second(s) with 500 milliseconds interval)
Build info: version: '4.25.0', revision: '8a8aea2337'
System info: os.name: 'Linux', os.arch: 'amd64', os.version: '6.8.0-60-generic', java.version: '21.0.11'
Driver info: org.openqa.selenium.chrome.ChromeDriver
Capabilities {acceptInsecureCerts: false, browserName: chrome, browserVersion: 143.0.7499.40, chrome: {chromedriverVersion: 143.0.7499.192 (be2c1f4fd45..., userDataDir: /tmp/.org.chromium.Chromium...}, fedcm:accounts: true, goog:chromeOptions: {debuggerAddress: localhost:33355}, goog:processID: 7942, networkConnectionEnabled: false, pageLoadStrategy: normal, platformName: linux, proxy: Proxy(), se:cdp: ws://localhost:33355/devtoo..., se:cdpVersion: 143.0.7499.40, setWindowRect: true, strictFileInteractability: false, timeouts: {implicit: 0, pageLoad: 300000, script: 30000}, unhandledPromptBehavior: dismiss and notify, webauthn:extension:credBlob: true, webauthn:extension:largeBlob: true, webauthn:extension:minPinLength: true, webauthn:extension:prf: true, webauthn:virtualAuthenticators: true}
Session ID: ef5a167b86bdf5f5068f0f60515c16a3">
<![CDATA[org.openqa.selenium.TimeoutException: Expected condition failed: waiting for visibility of element located by By.xpath: /html/body/div[2]/div/div[2]/div/div/div/div/div[2]/form/div[1]/div[1]/div/input (tried for 10 second(s) with 500 milliseconds interval)
Build info: version: '4.25.0', revision: '8a8aea2337'
System info: os.name: 'Linux', os.arch: 'amd64', os.version: '6.8.0-60-generic', java.version: '21.0.11'
Driver info: org.openqa.selenium.chrome.ChromeDriver
Capabilities {acceptInsecureCerts: false, browserName: chrome, browserVersion: 143.0.7499.40, chrome: {chromedriverVersion: 143.0.7499.192 (be2c1f4fd45..., userDataDir: /tmp/.org.chromium.Chromium...}, fedcm:accounts: true, goog:chromeOptions: {debuggerAddress: localhost:33355}, goog:processID: 7942, networkConnectionEnabled: false, pageLoadStrategy: normal, platformName: linux, proxy: Proxy(), se:cdp: ws://localhost:33355/devtoo..., se:cdpVersion: 143.0.7499.40, setWindowRect: true, strictFileInteractability: false, timeouts: {implicit: 0, pageLoad: 300000, script: 30000}, unhandledPromptBehavior: dismiss and notify, webauthn:extension:credBlob: true, webauthn:extension:largeBlob: true, webauthn:extension:minPinLength: true, webauthn:extension:prf: true, webauthn:virtualAuthenticators: true}
Session ID: ef5a167b86bdf5f5068f0f60515c16a3
	at org.openqa.selenium.support.ui.WebDriverWait.timeoutException(WebDriverWait.java:84)
	at org.openqa.selenium.support.ui.FluentWait.until(FluentWait.java:228)
	at com.xats.automation.tests.pages.LoginPage.waitForLoginPageToLoad(LoginPage.java:46)
	at com.xats.automation.tests.stepdefinitions.LoginSteps.user_is_on_login_page(LoginSteps.java:23)
	at ✽.User is on login page(file:///runner/_work/automation/automation/src/test/resources/features/08_CandidateSubmission.feature:5)
]]>
</failure>
<system-out><![CDATA[
Given User is on login page.................................................failed
When User enters username and password from config file.....................skipped
And User clicks on login button.............................................skipped
When user navigates to job detail view......................................skipped
When user navigates submission page.........................................skipped
When user create a task in submission.......................................skipped
]]></system-out>
</testcase>
</testsuite>
