<?xml version="1.0" encoding="UTF-8"?>
<testsuite name="Cucumber" time="757.211" tests="30" skipped="0" failures="28" errors="0">
<testcase classname="Login Feature" name="Valid user logs in successfully" time="4.019">
<system-out><![CDATA[
Given User is on login page.................................................passed
When User enters username and password from config file.....................passed
And User clicks on login button.............................................passed
Then User should land on dashboard..........................................passed
]]></system-out>
</testcase>
<testcase classname="Client Creation" name="Valid user logs in and creates a new client" time="12.907">
<failure type="org.openqa.selenium.TimeoutException" message="Expected condition failed: waiting for element to be clickable: By.xpath: //aside//li[2]/a (tried for 10 second(s) with 500 milliseconds interval)
Build info: version: '4.25.0', revision: '8a8aea2337'
System info: os.name: 'Linux', os.arch: 'amd64', os.version: '6.8.0-60-generic', java.version: '21.0.11'
Driver info: org.openqa.selenium.chrome.ChromeDriver
Capabilities {acceptInsecureCerts: false, browserName: chrome, browserVersion: 143.0.7499.40, chrome: {chromedriverVersion: 143.0.7499.192 (be2c1f4fd45..., userDataDir: /tmp/.org.chromium.Chromium...}, fedcm:accounts: true, goog:chromeOptions: {debuggerAddress: localhost:36121}, goog:processID: 1134, networkConnectionEnabled: false, pageLoadStrategy: normal, platformName: linux, proxy: Proxy(), se:cdp: ws://localhost:36121/devtoo..., se:cdpVersion: 143.0.7499.40, setWindowRect: true, strictFileInteractability: false, timeouts: {implicit: 0, pageLoad: 300000, script: 30000}, unhandledPromptBehavior: dismiss and notify, webauthn:extension:credBlob: true, webauthn:extension:largeBlob: true, webauthn:extension:minPinLength: true, webauthn:extension:prf: true, webauthn:virtualAuthenticators: true}
Session ID: 6c45a7e82edea6f079cc15f63b2ee0ee">
<![CDATA[org.openqa.selenium.TimeoutException: Expected condition failed: waiting for element to be clickable: By.xpath: //aside//li[2]/a (tried for 10 second(s) with 500 milliseconds interval)
Build info: version: '4.25.0', revision: '8a8aea2337'
System info: os.name: 'Linux', os.arch: 'amd64', os.version: '6.8.0-60-generic', java.version: '21.0.11'
Driver info: org.openqa.selenium.chrome.ChromeDriver
Capabilities {acceptInsecureCerts: false, browserName: chrome, browserVersion: 143.0.7499.40, chrome: {chromedriverVersion: 143.0.7499.192 (be2c1f4fd45..., userDataDir: /tmp/.org.chromium.Chromium...}, fedcm:accounts: true, goog:chromeOptions: {debuggerAddress: localhost:36121}, goog:processID: 1134, networkConnectionEnabled: false, pageLoadStrategy: normal, platformName: linux, proxy: Proxy(), se:cdp: ws://localhost:36121/devtoo..., se:cdpVersion: 143.0.7499.40, setWindowRect: true, strictFileInteractability: false, timeouts: {implicit: 0, pageLoad: 300000, script: 30000}, unhandledPromptBehavior: dismiss and notify, webauthn:extension:credBlob: true, webauthn:extension:largeBlob: true, webauthn:extension:minPinLength: true, webauthn:extension:prf: true, webauthn:virtualAuthenticators: true}
Session ID: 6c45a7e82edea6f079cc15f63b2ee0ee
	at org.openqa.selenium.support.ui.WebDriverWait.timeoutException(WebDriverWait.java:84)
	at org.openqa.selenium.support.ui.FluentWait.until(FluentWait.java:228)
	at com.xats.automation.tests.pages.ClientPage.navigateToClientPage(ClientPage.java:45)
	at com.xats.automation.tests.stepdefinitions.ClientSteps.user_navigates_to_client_creation_page_and_adds_new_client(ClientSteps.java:16)
	at ✽.User navigates to client creation page and adds new client(file:///runner/_work/automation/automation/src/test/resources/features/02_ClientCreation.feature:10)
]]>
</failure>
<system-out><![CDATA[
Given User is on login page.................................................passed
When User enters username and password from config file.....................passed
And User clicks on login button.............................................passed
Then User should land on dashboard..........................................passed
And User navigates to client creation page and adds new client..............failed
]]></system-out>
</testcase>
<testcase classname="Contact Creation" name="Create a new contact under an existing client" time="15.707">
<failure type="org.openqa.selenium.TimeoutException" message="Expected condition failed: waiting for element to be clickable: By.xpath: /html/body/div[2]/aside/nav/ul/li[2]/a (tried for 10 second(s) with 500 milliseconds interval)
Build info: version: '4.25.0', revision: '8a8aea2337'
System info: os.name: 'Linux', os.arch: 'amd64', os.version: '6.8.0-60-generic', java.version: '21.0.11'
Driver info: org.openqa.selenium.chrome.ChromeDriver
Capabilities {acceptInsecureCerts: false, browserName: chrome, browserVersion: 143.0.7499.40, chrome: {chromedriverVersion: 143.0.7499.192 (be2c1f4fd45..., userDataDir: /tmp/.org.chromium.Chromium...}, fedcm:accounts: true, goog:chromeOptions: {debuggerAddress: localhost:44115}, goog:processID: 1397, networkConnectionEnabled: false, pageLoadStrategy: normal, platformName: linux, proxy: Proxy(), se:cdp: ws://localhost:44115/devtoo..., se:cdpVersion: 143.0.7499.40, setWindowRect: true, strictFileInteractability: false, timeouts: {implicit: 0, pageLoad: 300000, script: 30000}, unhandledPromptBehavior: dismiss and notify, webauthn:extension:credBlob: true, webauthn:extension:largeBlob: true, webauthn:extension:minPinLength: true, webauthn:extension:prf: true, webauthn:virtualAuthenticators: true}
Session ID: 86ef769170e16ba53dda44df4ce352ed">
<![CDATA[org.openqa.selenium.TimeoutException: Expected condition failed: waiting for element to be clickable: By.xpath: /html/body/div[2]/aside/nav/ul/li[2]/a (tried for 10 second(s) with 500 milliseconds interval)
Build info: version: '4.25.0', revision: '8a8aea2337'
System info: os.name: 'Linux', os.arch: 'amd64', os.version: '6.8.0-60-generic', java.version: '21.0.11'
Driver info: org.openqa.selenium.chrome.ChromeDriver
Capabilities {acceptInsecureCerts: false, browserName: chrome, browserVersion: 143.0.7499.40, chrome: {chromedriverVersion: 143.0.7499.192 (be2c1f4fd45..., userDataDir: /tmp/.org.chromium.Chromium...}, fedcm:accounts: true, goog:chromeOptions: {debuggerAddress: localhost:44115}, goog:processID: 1397, networkConnectionEnabled: false, pageLoadStrategy: normal, platformName: linux, proxy: Proxy(), se:cdp: ws://localhost:44115/devtoo..., se:cdpVersion: 143.0.7499.40, setWindowRect: true, strictFileInteractability: false, timeouts: {implicit: 0, pageLoad: 300000, script: 30000}, unhandledPromptBehavior: dismiss and notify, webauthn:extension:credBlob: true, webauthn:extension:largeBlob: true, webauthn:extension:minPinLength: true, webauthn:extension:prf: true, webauthn:virtualAuthenticators: true}
Session ID: 86ef769170e16ba53dda44df4ce352ed
	at org.openqa.selenium.support.ui.WebDriverWait.timeoutException(WebDriverWait.java:84)
	at org.openqa.selenium.support.ui.FluentWait.until(FluentWait.java:228)
	at com.xats.automation.tests.pages.ContactPage.createNewContact(ContactPage.java:51)
	at com.xats.automation.tests.stepdefinitions.ContactSteps.user_navigates_to_client_and_adds_contact(ContactSteps.java:13)
	at ✽.User navigates to client section and adds a new contact(file:///runner/_work/automation/automation/src/test/resources/features/03_ContactCreation.feature:10)
]]>
</failure>
<system-out><![CDATA[
Given User is on login page.................................................passed
When User enters username and password from config file.....................passed
And User clicks on login button.............................................passed
Then User should land on dashboard..........................................passed
When User navigates to client section and adds a new contact................failed
Then New contact should be created successfully.............................skipped
]]></system-out>
</testcase>
<testcase classname="Job Creation" name="Create a new Job" time="16.257">
<failure type="org.openqa.selenium.TimeoutException" message="Expected condition failed: waiting for element to be clickable: By.xpath: /html/body/div[2]/aside/nav/ul/li[4]/a (tried for 12 second(s) with 500 milliseconds interval)
Build info: version: '4.25.0', revision: '8a8aea2337'
System info: os.name: 'Linux', os.arch: 'amd64', os.version: '6.8.0-60-generic', java.version: '21.0.11'
Driver info: org.openqa.selenium.chrome.ChromeDriver
Capabilities {acceptInsecureCerts: false, browserName: chrome, browserVersion: 143.0.7499.40, chrome: {chromedriverVersion: 143.0.7499.192 (be2c1f4fd45..., userDataDir: /tmp/.org.chromium.Chromium...}, fedcm:accounts: true, goog:chromeOptions: {debuggerAddress: localhost:39565}, goog:processID: 1656, networkConnectionEnabled: false, pageLoadStrategy: normal, platformName: linux, proxy: Proxy(), se:cdp: ws://localhost:39565/devtoo..., se:cdpVersion: 143.0.7499.40, setWindowRect: true, strictFileInteractability: false, timeouts: {implicit: 0, pageLoad: 300000, script: 30000}, unhandledPromptBehavior: dismiss and notify, webauthn:extension:credBlob: true, webauthn:extension:largeBlob: true, webauthn:extension:minPinLength: true, webauthn:extension:prf: true, webauthn:virtualAuthenticators: true}
Session ID: 77c98bdfaece6fc25338818ddef1f825">
<![CDATA[org.openqa.selenium.TimeoutException: Expected condition failed: waiting for element to be clickable: By.xpath: /html/body/div[2]/aside/nav/ul/li[4]/a (tried for 12 second(s) with 500 milliseconds interval)
Build info: version: '4.25.0', revision: '8a8aea2337'
System info: os.name: 'Linux', os.arch: 'amd64', os.version: '6.8.0-60-generic', java.version: '21.0.11'
Driver info: org.openqa.selenium.chrome.ChromeDriver
Capabilities {acceptInsecureCerts: false, browserName: chrome, browserVersion: 143.0.7499.40, chrome: {chromedriverVersion: 143.0.7499.192 (be2c1f4fd45..., userDataDir: /tmp/.org.chromium.Chromium...}, fedcm:accounts: true, goog:chromeOptions: {debuggerAddress: localhost:39565}, goog:processID: 1656, networkConnectionEnabled: false, pageLoadStrategy: normal, platformName: linux, proxy: Proxy(), se:cdp: ws://localhost:39565/devtoo..., se:cdpVersion: 143.0.7499.40, setWindowRect: true, strictFileInteractability: false, timeouts: {implicit: 0, pageLoad: 300000, script: 30000}, unhandledPromptBehavior: dismiss and notify, webauthn:extension:credBlob: true, webauthn:extension:largeBlob: true, webauthn:extension:minPinLength: true, webauthn:extension:prf: true, webauthn:virtualAuthenticators: true}
Session ID: 77c98bdfaece6fc25338818ddef1f825
	at org.openqa.selenium.support.ui.WebDriverWait.timeoutException(WebDriverWait.java:84)
	at org.openqa.selenium.support.ui.FluentWait.until(FluentWait.java:228)
	at com.xats.automation.tests.pages.JobCreationPage.safeClick(JobCreationPage.java:67)
	at com.xats.automation.tests.pages.JobCreationPage.createNewJob(JobCreationPage.java:143)
	at com.xats.automation.tests.stepdefinitions.JobCreationSteps.user_navigates_to_Job_and_adds_job(JobCreationSteps.java:13)
	at ✽.User navigates to job section and adds a new job(file:///runner/_work/automation/automation/src/test/resources/features/04_JobCreation.feature:10)
]]>
</failure>
<system-out><![CDATA[
Given User is on login page.................................................passed
When User enters username and password from config file.....................passed
And User clicks on login button.............................................passed
Then User should land on dashboard..........................................passed
When User navigates to job section and adds a new job.......................failed
Then New job should be created successfully.................................skipped
]]></system-out>
</testcase>
<testcase classname="Candidate Creation" name="Create adds a new candidate" time="158.441">
<system-out><![CDATA[
Given User is on login page.................................................passed
When User enters username and password from config file.....................passed
And User clicks on login button.............................................passed
Then User adds a new candidate..............................................passed
Then New candidate should be created successfully...........................passed
]]></system-out>
</testcase>
<testcase classname="Job In Detail View Actions" name="Navigate to job detail view" time="10.857">
<failure type="org.openqa.selenium.TimeoutException" message="Expected condition failed: waiting for visibility of element located by By.xpath: /html/body/div[2]/div/div[2]/div/div/div/div/div[2]/form/div[1]/div[1]/div/input (tried for 10 second(s) with 500 milliseconds interval)
Build info: version: '4.25.0', revision: '8a8aea2337'
System info: os.name: 'Linux', os.arch: 'amd64', os.version: '6.8.0-60-generic', java.version: '21.0.11'
Driver info: org.openqa.selenium.chrome.ChromeDriver
Capabilities {acceptInsecureCerts: false, browserName: chrome, browserVersion: 143.0.7499.40, chrome: {chromedriverVersion: 143.0.7499.192 (be2c1f4fd45..., userDataDir: /tmp/.org.chromium.Chromium...}, fedcm:accounts: true, goog:chromeOptions: {debuggerAddress: localhost:35441}, goog:processID: 2403, networkConnectionEnabled: false, pageLoadStrategy: normal, platformName: linux, proxy: Proxy(), se:cdp: ws://localhost:35441/devtoo..., se:cdpVersion: 143.0.7499.40, setWindowRect: true, strictFileInteractability: false, timeouts: {implicit: 0, pageLoad: 300000, script: 30000}, unhandledPromptBehavior: dismiss and notify, webauthn:extension:credBlob: true, webauthn:extension:largeBlob: true, webauthn:extension:minPinLength: true, webauthn:extension:prf: true, webauthn:virtualAuthenticators: true}
Session ID: 5ae6e7353be00380b0bd0722171d475e">
<![CDATA[org.openqa.selenium.TimeoutException: Expected condition failed: waiting for visibility of element located by By.xpath: /html/body/div[2]/div/div[2]/div/div/div/div/div[2]/form/div[1]/div[1]/div/input (tried for 10 second(s) with 500 milliseconds interval)
Build info: version: '4.25.0', revision: '8a8aea2337'
System info: os.name: 'Linux', os.arch: 'amd64', os.version: '6.8.0-60-generic', java.version: '21.0.11'
Driver info: org.openqa.selenium.chrome.ChromeDriver
Capabilities {acceptInsecureCerts: false, browserName: chrome, browserVersion: 143.0.7499.40, chrome: {chromedriverVersion: 143.0.7499.192 (be2c1f4fd45..., userDataDir: /tmp/.org.chromium.Chromium...}, fedcm:accounts: true, goog:chromeOptions: {debuggerAddress: localhost:35441}, goog:processID: 2403, networkConnectionEnabled: false, pageLoadStrategy: normal, platformName: linux, proxy: Proxy(), se:cdp: ws://localhost:35441/devtoo..., se:cdpVersion: 143.0.7499.40, setWindowRect: true, strictFileInteractability: false, timeouts: {implicit: 0, pageLoad: 300000, script: 30000}, unhandledPromptBehavior: dismiss and notify, webauthn:extension:credBlob: true, webauthn:extension:largeBlob: true, webauthn:extension:minPinLength: true, webauthn:extension:prf: true, webauthn:virtualAuthenticators: true}
Session ID: 5ae6e7353be00380b0bd0722171d475e
	at org.openqa.selenium.support.ui.WebDriverWait.timeoutException(WebDriverWait.java:84)
	at org.openqa.selenium.support.ui.FluentWait.until(FluentWait.java:228)
	at com.xats.automation.tests.pages.LoginPage.waitForLoginPageToLoad(LoginPage.java:46)
	at com.xats.automation.tests.stepdefinitions.LoginSteps.user_is_on_login_page(LoginSteps.java:23)
	at ✽.User is on login page(file:///runner/_work/automation/automation/src/test/resources/features/06_JobInDetailView.feature:6)
]]>
</failure>
<system-out><![CDATA[
Given User is on login page.................................................failed
When User enters username and password from config file.....................skipped
And User clicks on login button.............................................skipped
When user navigates to job detail view......................................skipped
]]></system-out>
</testcase>
<testcase classname="Job In Detail View Actions" name="Add a new note" time="26.634">
<failure type="org.openqa.selenium.TimeoutException" message="Expected condition failed: waiting for element to be clickable: By.xpath: /html/body/div[2]/aside/nav/ul/li[4]/a (tried for 25 second(s) with 500 milliseconds interval)
Build info: version: '4.25.0', revision: '8a8aea2337'
System info: os.name: 'Linux', os.arch: 'amd64', os.version: '6.8.0-60-generic', java.version: '21.0.11'
Driver info: org.openqa.selenium.chrome.ChromeDriver
Capabilities {acceptInsecureCerts: false, browserName: chrome, browserVersion: 143.0.7499.40, chrome: {chromedriverVersion: 143.0.7499.192 (be2c1f4fd45..., userDataDir: /tmp/.org.chromium.Chromium...}, fedcm:accounts: true, goog:chromeOptions: {debuggerAddress: localhost:45295}, goog:processID: 2588, networkConnectionEnabled: false, pageLoadStrategy: normal, platformName: linux, proxy: Proxy(), se:cdp: ws://localhost:45295/devtoo..., se:cdpVersion: 143.0.7499.40, setWindowRect: true, strictFileInteractability: false, timeouts: {implicit: 0, pageLoad: 300000, script: 30000}, unhandledPromptBehavior: dismiss and notify, webauthn:extension:credBlob: true, webauthn:extension:largeBlob: true, webauthn:extension:minPinLength: true, webauthn:extension:prf: true, webauthn:virtualAuthenticators: true}
Session ID: 130974f2a41345502fbe49ca63bcd466">
<![CDATA[org.openqa.selenium.TimeoutException: Expected condition failed: waiting for element to be clickable: By.xpath: /html/body/div[2]/aside/nav/ul/li[4]/a (tried for 25 second(s) with 500 milliseconds interval)
Build info: version: '4.25.0', revision: '8a8aea2337'
System info: os.name: 'Linux', os.arch: 'amd64', os.version: '6.8.0-60-generic', java.version: '21.0.11'
Driver info: org.openqa.selenium.chrome.ChromeDriver
Capabilities {acceptInsecureCerts: false, browserName: chrome, browserVersion: 143.0.7499.40, chrome: {chromedriverVersion: 143.0.7499.192 (be2c1f4fd45..., userDataDir: /tmp/.org.chromium.Chromium...}, fedcm:accounts: true, goog:chromeOptions: {debuggerAddress: localhost:45295}, goog:processID: 2588, networkConnectionEnabled: false, pageLoadStrategy: normal, platformName: linux, proxy: Proxy(), se:cdp: ws://localhost:45295/devtoo..., se:cdpVersion: 143.0.7499.40, setWindowRect: true, strictFileInteractability: false, timeouts: {implicit: 0, pageLoad: 300000, script: 30000}, unhandledPromptBehavior: dismiss and notify, webauthn:extension:credBlob: true, webauthn:extension:largeBlob: true, webauthn:extension:minPinLength: true, webauthn:extension:prf: true, webauthn:virtualAuthenticators: true}
Session ID: 130974f2a41345502fbe49ca63bcd466
	at org.openqa.selenium.support.ui.WebDriverWait.timeoutException(WebDriverWait.java:84)
	at org.openqa.selenium.support.ui.FluentWait.until(FluentWait.java:228)
	at com.xats.automation.tests.pages.JobInDetailViewPage.click(JobInDetailViewPage.java:66)
	at com.xats.automation.tests.pages.JobInDetailViewPage.clickJobId(JobInDetailViewPage.java:71)
	at com.xats.automation.tests.stepdefinitions.JobInDetailViewSteps.user_navigates_to_job_detail_view(JobInDetailViewSteps.java:18)
	at ✽.user navigates to job detail view(file:///runner/_work/automation/automation/src/test/resources/features/06_JobInDetailView.feature:16)
]]>
</failure>
<system-out><![CDATA[
Given User is on login page.................................................passed
When User enters username and password from config file.....................passed
And User clicks on login button.............................................passed
When user navigates to job detail view......................................failed
And user adds a note........................................................skipped
]]></system-out>
</testcase>
<testcase classname="Job In Detail View Actions" name="Edit the existing note" time="26.617">
<failure type="org.openqa.selenium.TimeoutException" message="Expected condition failed: waiting for element to be clickable: By.xpath: /html/body/div[2]/aside/nav/ul/li[4]/a (tried for 25 second(s) with 500 milliseconds interval)
Build info: version: '4.25.0', revision: '8a8aea2337'
System info: os.name: 'Linux', os.arch: 'amd64', os.version: '6.8.0-60-generic', java.version: '21.0.11'
Driver info: org.openqa.selenium.chrome.ChromeDriver
Capabilities {acceptInsecureCerts: false, browserName: chrome, browserVersion: 143.0.7499.40, chrome: {chromedriverVersion: 143.0.7499.192 (be2c1f4fd45..., userDataDir: /tmp/.org.chromium.Chromium...}, fedcm:accounts: true, goog:chromeOptions: {debuggerAddress: localhost:35523}, goog:processID: 2849, networkConnectionEnabled: false, pageLoadStrategy: normal, platformName: linux, proxy: Proxy(), se:cdp: ws://localhost:35523/devtoo..., se:cdpVersion: 143.0.7499.40, setWindowRect: true, strictFileInteractability: false, timeouts: {implicit: 0, pageLoad: 300000, script: 30000}, unhandledPromptBehavior: dismiss and notify, webauthn:extension:credBlob: true, webauthn:extension:largeBlob: true, webauthn:extension:minPinLength: true, webauthn:extension:prf: true, webauthn:virtualAuthenticators: true}
Session ID: 21f36799ef5e66835c57361c8a273dd1">
<![CDATA[org.openqa.selenium.TimeoutException: Expected condition failed: waiting for element to be clickable: By.xpath: /html/body/div[2]/aside/nav/ul/li[4]/a (tried for 25 second(s) with 500 milliseconds interval)
Build info: version: '4.25.0', revision: '8a8aea2337'
System info: os.name: 'Linux', os.arch: 'amd64', os.version: '6.8.0-60-generic', java.version: '21.0.11'
Driver info: org.openqa.selenium.chrome.ChromeDriver
Capabilities {acceptInsecureCerts: false, browserName: chrome, browserVersion: 143.0.7499.40, chrome: {chromedriverVersion: 143.0.7499.192 (be2c1f4fd45..., userDataDir: /tmp/.org.chromium.Chromium...}, fedcm:accounts: true, goog:chromeOptions: {debuggerAddress: localhost:35523}, goog:processID: 2849, networkConnectionEnabled: false, pageLoadStrategy: normal, platformName: linux, proxy: Proxy(), se:cdp: ws://localhost:35523/devtoo..., se:cdpVersion: 143.0.7499.40, setWindowRect: true, strictFileInteractability: false, timeouts: {implicit: 0, pageLoad: 300000, script: 30000}, unhandledPromptBehavior: dismiss and notify, webauthn:extension:credBlob: true, webauthn:extension:largeBlob: true, webauthn:extension:minPinLength: true, webauthn:extension:prf: true, webauthn:virtualAuthenticators: true}
Session ID: 21f36799ef5e66835c57361c8a273dd1
	at org.openqa.selenium.support.ui.WebDriverWait.timeoutException(WebDriverWait.java:84)
	at org.openqa.selenium.support.ui.FluentWait.until(FluentWait.java:228)
	at com.xats.automation.tests.pages.JobInDetailViewPage.click(JobInDetailViewPage.java:66)
	at com.xats.automation.tests.pages.JobInDetailViewPage.clickJobId(JobInDetailViewPage.java:71)
	at com.xats.automation.tests.stepdefinitions.JobInDetailViewSteps.user_navigates_to_job_detail_view(JobInDetailViewSteps.java:18)
	at ✽.user navigates to job detail view(file:///runner/_work/automation/automation/src/test/resources/features/06_JobInDetailView.feature:21)
]]>
</failure>
<system-out><![CDATA[
Given User is on login page.................................................passed
When User enters username and password from config file.....................passed
And User clicks on login button.............................................passed
When user navigates to job detail view......................................failed
And user edits the note.....................................................skipped
]]></system-out>
</testcase>
<testcase classname="Job In Detail View Actions" name="Pin the note" time="26.413">
<failure type="org.openqa.selenium.TimeoutException" message="Expected condition failed: waiting for element to be clickable: By.xpath: /html/body/div[2]/aside/nav/ul/li[4]/a (tried for 25 second(s) with 500 milliseconds interval)
Build info: version: '4.25.0', revision: '8a8aea2337'
System info: os.name: 'Linux', os.arch: 'amd64', os.version: '6.8.0-60-generic', java.version: '21.0.11'
Driver info: org.openqa.selenium.chrome.ChromeDriver
Capabilities {acceptInsecureCerts: false, browserName: chrome, browserVersion: 143.0.7499.40, chrome: {chromedriverVersion: 143.0.7499.192 (be2c1f4fd45..., userDataDir: /tmp/.org.chromium.Chromium...}, fedcm:accounts: true, goog:chromeOptions: {debuggerAddress: localhost:45215}, goog:processID: 3112, networkConnectionEnabled: false, pageLoadStrategy: normal, platformName: linux, proxy: Proxy(), se:cdp: ws://localhost:45215/devtoo..., se:cdpVersion: 143.0.7499.40, setWindowRect: true, strictFileInteractability: false, timeouts: {implicit: 0, pageLoad: 300000, script: 30000}, unhandledPromptBehavior: dismiss and notify, webauthn:extension:credBlob: true, webauthn:extension:largeBlob: true, webauthn:extension:minPinLength: true, webauthn:extension:prf: true, webauthn:virtualAuthenticators: true}
Session ID: 4668eae2247dd6d2165cc44ff78f18cf">
<![CDATA[org.openqa.selenium.TimeoutException: Expected condition failed: waiting for element to be clickable: By.xpath: /html/body/div[2]/aside/nav/ul/li[4]/a (tried for 25 second(s) with 500 milliseconds interval)
Build info: version: '4.25.0', revision: '8a8aea2337'
System info: os.name: 'Linux', os.arch: 'amd64', os.version: '6.8.0-60-generic', java.version: '21.0.11'
Driver info: org.openqa.selenium.chrome.ChromeDriver
Capabilities {acceptInsecureCerts: false, browserName: chrome, browserVersion: 143.0.7499.40, chrome: {chromedriverVersion: 143.0.7499.192 (be2c1f4fd45..., userDataDir: /tmp/.org.chromium.Chromium...}, fedcm:accounts: true, goog:chromeOptions: {debuggerAddress: localhost:45215}, goog:processID: 3112, networkConnectionEnabled: false, pageLoadStrategy: normal, platformName: linux, proxy: Proxy(), se:cdp: ws://localhost:45215/devtoo..., se:cdpVersion: 143.0.7499.40, setWindowRect: true, strictFileInteractability: false, timeouts: {implicit: 0, pageLoad: 300000, script: 30000}, unhandledPromptBehavior: dismiss and notify, webauthn:extension:credBlob: true, webauthn:extension:largeBlob: true, webauthn:extension:minPinLength: true, webauthn:extension:prf: true, webauthn:virtualAuthenticators: true}
Session ID: 4668eae2247dd6d2165cc44ff78f18cf
	at org.openqa.selenium.support.ui.WebDriverWait.timeoutException(WebDriverWait.java:84)
	at org.openqa.selenium.support.ui.FluentWait.until(FluentWait.java:228)
	at com.xats.automation.tests.pages.JobInDetailViewPage.click(JobInDetailViewPage.java:66)
	at com.xats.automation.tests.pages.JobInDetailViewPage.clickJobId(JobInDetailViewPage.java:71)
	at com.xats.automation.tests.stepdefinitions.JobInDetailViewSteps.user_navigates_to_job_detail_view(JobInDetailViewSteps.java:18)
	at ✽.user navigates to job detail view(file:///runner/_work/automation/automation/src/test/resources/features/06_JobInDetailView.feature:26)
]]>
</failure>
<system-out><![CDATA[
Given User is on login page.................................................passed
When User enters username and password from config file.....................passed
And User clicks on login button.............................................passed
When user navigates to job detail view......................................failed
And user pins the note......................................................skipped
]]></system-out>
</testcase>
<testcase classname="Job In Detail View Actions" name="Delete the note" time="26.421">
<failure type="org.openqa.selenium.TimeoutException" message="Expected condition failed: waiting for element to be clickable: By.xpath: /html/body/div[2]/aside/nav/ul/li[4]/a (tried for 25 second(s) with 500 milliseconds interval)
Build info: version: '4.25.0', revision: '8a8aea2337'
System info: os.name: 'Linux', os.arch: 'amd64', os.version: '6.8.0-60-generic', java.version: '21.0.11'
Driver info: org.openqa.selenium.chrome.ChromeDriver
Capabilities {acceptInsecureCerts: false, browserName: chrome, browserVersion: 143.0.7499.40, chrome: {chromedriverVersion: 143.0.7499.192 (be2c1f4fd45..., userDataDir: /tmp/.org.chromium.Chromium...}, fedcm:accounts: true, goog:chromeOptions: {debuggerAddress: localhost:32981}, goog:processID: 3373, networkConnectionEnabled: false, pageLoadStrategy: normal, platformName: linux, proxy: Proxy(), se:cdp: ws://localhost:32981/devtoo..., se:cdpVersion: 143.0.7499.40, setWindowRect: true, strictFileInteractability: false, timeouts: {implicit: 0, pageLoad: 300000, script: 30000}, unhandledPromptBehavior: dismiss and notify, webauthn:extension:credBlob: true, webauthn:extension:largeBlob: true, webauthn:extension:minPinLength: true, webauthn:extension:prf: true, webauthn:virtualAuthenticators: true}
Session ID: e028c7df7a9f497fcfac25965d8423e5">
<![CDATA[org.openqa.selenium.TimeoutException: Expected condition failed: waiting for element to be clickable: By.xpath: /html/body/div[2]/aside/nav/ul/li[4]/a (tried for 25 second(s) with 500 milliseconds interval)
Build info: version: '4.25.0', revision: '8a8aea2337'
System info: os.name: 'Linux', os.arch: 'amd64', os.version: '6.8.0-60-generic', java.version: '21.0.11'
Driver info: org.openqa.selenium.chrome.ChromeDriver
Capabilities {acceptInsecureCerts: false, browserName: chrome, browserVersion: 143.0.7499.40, chrome: {chromedriverVersion: 143.0.7499.192 (be2c1f4fd45..., userDataDir: /tmp/.org.chromium.Chromium...}, fedcm:accounts: true, goog:chromeOptions: {debuggerAddress: localhost:32981}, goog:processID: 3373, networkConnectionEnabled: false, pageLoadStrategy: normal, platformName: linux, proxy: Proxy(), se:cdp: ws://localhost:32981/devtoo..., se:cdpVersion: 143.0.7499.40, setWindowRect: true, strictFileInteractability: false, timeouts: {implicit: 0, pageLoad: 300000, script: 30000}, unhandledPromptBehavior: dismiss and notify, webauthn:extension:credBlob: true, webauthn:extension:largeBlob: true, webauthn:extension:minPinLength: true, webauthn:extension:prf: true, webauthn:virtualAuthenticators: true}
Session ID: e028c7df7a9f497fcfac25965d8423e5
	at org.openqa.selenium.support.ui.WebDriverWait.timeoutException(WebDriverWait.java:84)
	at org.openqa.selenium.support.ui.FluentWait.until(FluentWait.java:228)
	at com.xats.automation.tests.pages.JobInDetailViewPage.click(JobInDetailViewPage.java:66)
	at com.xats.automation.tests.pages.JobInDetailViewPage.clickJobId(JobInDetailViewPage.java:71)
	at com.xats.automation.tests.stepdefinitions.JobInDetailViewSteps.user_navigates_to_job_detail_view(JobInDetailViewSteps.java:18)
	at ✽.user navigates to job detail view(file:///runner/_work/automation/automation/src/test/resources/features/06_JobInDetailView.feature:31)
]]>
</failure>
<system-out><![CDATA[
Given User is on login page.................................................passed
When User enters username and password from config file.....................passed
And User clicks on login button.............................................passed
When user navigates to job detail view......................................failed
And user deletes the note...................................................skipped
]]></system-out>
</testcase>
<testcase classname="Job In Detail View Actions" name="Upload a new document" time="26.332">
<failure type="org.openqa.selenium.TimeoutException" message="Expected condition failed: waiting for element to be clickable: By.xpath: /html/body/div[2]/aside/nav/ul/li[4]/a (tried for 25 second(s) with 500 milliseconds interval)
Build info: version: '4.25.0', revision: '8a8aea2337'
System info: os.name: 'Linux', os.arch: 'amd64', os.version: '6.8.0-60-generic', java.version: '21.0.11'
Driver info: org.openqa.selenium.chrome.ChromeDriver
Capabilities {acceptInsecureCerts: false, browserName: chrome, browserVersion: 143.0.7499.40, chrome: {chromedriverVersion: 143.0.7499.192 (be2c1f4fd45..., userDataDir: /tmp/.org.chromium.Chromium...}, fedcm:accounts: true, goog:chromeOptions: {debuggerAddress: localhost:36815}, goog:processID: 3640, networkConnectionEnabled: false, pageLoadStrategy: normal, platformName: linux, proxy: Proxy(), se:cdp: ws://localhost:36815/devtoo..., se:cdpVersion: 143.0.7499.40, setWindowRect: true, strictFileInteractability: false, timeouts: {implicit: 0, pageLoad: 300000, script: 30000}, unhandledPromptBehavior: dismiss and notify, webauthn:extension:credBlob: true, webauthn:extension:largeBlob: true, webauthn:extension:minPinLength: true, webauthn:extension:prf: true, webauthn:virtualAuthenticators: true}
Session ID: 86589dd81c8c9e4fa2159f6336bd29d5">
<![CDATA[org.openqa.selenium.TimeoutException: Expected condition failed: waiting for element to be clickable: By.xpath: /html/body/div[2]/aside/nav/ul/li[4]/a (tried for 25 second(s) with 500 milliseconds interval)
Build info: version: '4.25.0', revision: '8a8aea2337'
System info: os.name: 'Linux', os.arch: 'amd64', os.version: '6.8.0-60-generic', java.version: '21.0.11'
Driver info: org.openqa.selenium.chrome.ChromeDriver
Capabilities {acceptInsecureCerts: false, browserName: chrome, browserVersion: 143.0.7499.40, chrome: {chromedriverVersion: 143.0.7499.192 (be2c1f4fd45..., userDataDir: /tmp/.org.chromium.Chromium...}, fedcm:accounts: true, goog:chromeOptions: {debuggerAddress: localhost:36815}, goog:processID: 3640, networkConnectionEnabled: false, pageLoadStrategy: normal, platformName: linux, proxy: Proxy(), se:cdp: ws://localhost:36815/devtoo..., se:cdpVersion: 143.0.7499.40, setWindowRect: true, strictFileInteractability: false, timeouts: {implicit: 0, pageLoad: 300000, script: 30000}, unhandledPromptBehavior: dismiss and notify, webauthn:extension:credBlob: true, webauthn:extension:largeBlob: true, webauthn:extension:minPinLength: true, webauthn:extension:prf: true, webauthn:virtualAuthenticators: true}
Session ID: 86589dd81c8c9e4fa2159f6336bd29d5
	at org.openqa.selenium.support.ui.WebDriverWait.timeoutException(WebDriverWait.java:84)
	at org.openqa.selenium.support.ui.FluentWait.until(FluentWait.java:228)
	at com.xats.automation.tests.pages.JobInDetailViewPage.click(JobInDetailViewPage.java:66)
	at com.xats.automation.tests.pages.JobInDetailViewPage.clickJobId(JobInDetailViewPage.java:71)
	at com.xats.automation.tests.stepdefinitions.JobInDetailViewSteps.user_navigates_to_job_detail_view(JobInDetailViewSteps.java:18)
	at ✽.user navigates to job detail view(file:///runner/_work/automation/automation/src/test/resources/features/06_JobInDetailView.feature:36)
]]>
</failure>
<system-out><![CDATA[
Given User is on login page.................................................passed
When User enters username and password from config file.....................passed
And User clicks on login button.............................................passed
When user navigates to job detail view......................................failed
And user uploads a document.................................................skipped
]]></system-out>
</testcase>
<testcase classname="Job In Detail View Actions" name="Delete the uploaded document" time="26.338">
<failure type="org.openqa.selenium.TimeoutException" message="Expected condition failed: waiting for element to be clickable: By.xpath: /html/body/div[2]/aside/nav/ul/li[4]/a (tried for 25 second(s) with 500 milliseconds interval)
Build info: version: '4.25.0', revision: '8a8aea2337'
System info: os.name: 'Linux', os.arch: 'amd64', os.version: '6.8.0-60-generic', java.version: '21.0.11'
Driver info: org.openqa.selenium.chrome.ChromeDriver
Capabilities {acceptInsecureCerts: false, browserName: chrome, browserVersion: 143.0.7499.40, chrome: {chromedriverVersion: 143.0.7499.192 (be2c1f4fd45..., userDataDir: /tmp/.org.chromium.Chromium...}, fedcm:accounts: true, goog:chromeOptions: {debuggerAddress: localhost:40685}, goog:processID: 3901, networkConnectionEnabled: false, pageLoadStrategy: normal, platformName: linux, proxy: Proxy(), se:cdp: ws://localhost:40685/devtoo..., se:cdpVersion: 143.0.7499.40, setWindowRect: true, strictFileInteractability: false, timeouts: {implicit: 0, pageLoad: 300000, script: 30000}, unhandledPromptBehavior: dismiss and notify, webauthn:extension:credBlob: true, webauthn:extension:largeBlob: true, webauthn:extension:minPinLength: true, webauthn:extension:prf: true, webauthn:virtualAuthenticators: true}
Session ID: a16eccea273075679e19c31732387f74">
<![CDATA[org.openqa.selenium.TimeoutException: Expected condition failed: waiting for element to be clickable: By.xpath: /html/body/div[2]/aside/nav/ul/li[4]/a (tried for 25 second(s) with 500 milliseconds interval)
Build info: version: '4.25.0', revision: '8a8aea2337'
System info: os.name: 'Linux', os.arch: 'amd64', os.version: '6.8.0-60-generic', java.version: '21.0.11'
Driver info: org.openqa.selenium.chrome.ChromeDriver
Capabilities {acceptInsecureCerts: false, browserName: chrome, browserVersion: 143.0.7499.40, chrome: {chromedriverVersion: 143.0.7499.192 (be2c1f4fd45..., userDataDir: /tmp/.org.chromium.Chromium...}, fedcm:accounts: true, goog:chromeOptions: {debuggerAddress: localhost:40685}, goog:processID: 3901, networkConnectionEnabled: false, pageLoadStrategy: normal, platformName: linux, proxy: Proxy(), se:cdp: ws://localhost:40685/devtoo..., se:cdpVersion: 143.0.7499.40, setWindowRect: true, strictFileInteractability: false, timeouts: {implicit: 0, pageLoad: 300000, script: 30000}, unhandledPromptBehavior: dismiss and notify, webauthn:extension:credBlob: true, webauthn:extension:largeBlob: true, webauthn:extension:minPinLength: true, webauthn:extension:prf: true, webauthn:virtualAuthenticators: true}
Session ID: a16eccea273075679e19c31732387f74
	at org.openqa.selenium.support.ui.WebDriverWait.timeoutException(WebDriverWait.java:84)
	at org.openqa.selenium.support.ui.FluentWait.until(FluentWait.java:228)
	at com.xats.automation.tests.pages.JobInDetailViewPage.click(JobInDetailViewPage.java:66)
	at com.xats.automation.tests.pages.JobInDetailViewPage.clickJobId(JobInDetailViewPage.java:71)
	at com.xats.automation.tests.stepdefinitions.JobInDetailViewSteps.user_navigates_to_job_detail_view(JobInDetailViewSteps.java:18)
	at ✽.user navigates to job detail view(file:///runner/_work/automation/automation/src/test/resources/features/06_JobInDetailView.feature:41)
]]>
</failure>
<system-out><![CDATA[
Given User is on login page.................................................passed
When User enters username and password from config file.....................passed
And User clicks on login button.............................................passed
When user navigates to job detail view......................................failed
And user deletes the document...............................................skipped
]]></system-out>
</testcase>
<testcase classname="Job In Detail View Actions" name="Submit a candidate" time="26.408">
<failure type="org.openqa.selenium.TimeoutException" message="Expected condition failed: waiting for element to be clickable: By.xpath: /html/body/div[2]/aside/nav/ul/li[4]/a (tried for 25 second(s) with 500 milliseconds interval)
Build info: version: '4.25.0', revision: '8a8aea2337'
System info: os.name: 'Linux', os.arch: 'amd64', os.version: '6.8.0-60-generic', java.version: '21.0.11'
Driver info: org.openqa.selenium.chrome.ChromeDriver
Capabilities {acceptInsecureCerts: false, browserName: chrome, browserVersion: 143.0.7499.40, chrome: {chromedriverVersion: 143.0.7499.192 (be2c1f4fd45..., userDataDir: /tmp/.org.chromium.Chromium...}, fedcm:accounts: true, goog:chromeOptions: {debuggerAddress: localhost:35233}, goog:processID: 4162, networkConnectionEnabled: false, pageLoadStrategy: normal, platformName: linux, proxy: Proxy(), se:cdp: ws://localhost:35233/devtoo..., se:cdpVersion: 143.0.7499.40, setWindowRect: true, strictFileInteractability: false, timeouts: {implicit: 0, pageLoad: 300000, script: 30000}, unhandledPromptBehavior: dismiss and notify, webauthn:extension:credBlob: true, webauthn:extension:largeBlob: true, webauthn:extension:minPinLength: true, webauthn:extension:prf: true, webauthn:virtualAuthenticators: true}
Session ID: da44bd3c22053c308f4a2a5c2cde0cea">
<![CDATA[org.openqa.selenium.TimeoutException: Expected condition failed: waiting for element to be clickable: By.xpath: /html/body/div[2]/aside/nav/ul/li[4]/a (tried for 25 second(s) with 500 milliseconds interval)
Build info: version: '4.25.0', revision: '8a8aea2337'
System info: os.name: 'Linux', os.arch: 'amd64', os.version: '6.8.0-60-generic', java.version: '21.0.11'
Driver info: org.openqa.selenium.chrome.ChromeDriver
Capabilities {acceptInsecureCerts: false, browserName: chrome, browserVersion: 143.0.7499.40, chrome: {chromedriverVersion: 143.0.7499.192 (be2c1f4fd45..., userDataDir: /tmp/.org.chromium.Chromium...}, fedcm:accounts: true, goog:chromeOptions: {debuggerAddress: localhost:35233}, goog:processID: 4162, networkConnectionEnabled: false, pageLoadStrategy: normal, platformName: linux, proxy: Proxy(), se:cdp: ws://localhost:35233/devtoo..., se:cdpVersion: 143.0.7499.40, setWindowRect: true, strictFileInteractability: false, timeouts: {implicit: 0, pageLoad: 300000, script: 30000}, unhandledPromptBehavior: dismiss and notify, webauthn:extension:credBlob: true, webauthn:extension:largeBlob: true, webauthn:extension:minPinLength: true, webauthn:extension:prf: true, webauthn:virtualAuthenticators: true}
Session ID: da44bd3c22053c308f4a2a5c2cde0cea
	at org.openqa.selenium.support.ui.WebDriverWait.timeoutException(WebDriverWait.java:84)
	at org.openqa.selenium.support.ui.FluentWait.until(FluentWait.java:228)
	at com.xats.automation.tests.pages.JobInDetailViewPage.click(JobInDetailViewPage.java:66)
	at com.xats.automation.tests.pages.JobInDetailViewPage.clickJobId(JobInDetailViewPage.java:71)
	at com.xats.automation.tests.stepdefinitions.JobInDetailViewSteps.user_navigates_to_job_detail_view(JobInDetailViewSteps.java:18)
	at ✽.user navigates to job detail view(file:///runner/_work/automation/automation/src/test/resources/features/06_JobInDetailView.feature:46)
]]>
</failure>
<system-out><![CDATA[
Given User is on login page.................................................passed
When User enters username and password from config file.....................passed
And User clicks on login button.............................................passed
When user navigates to job detail view......................................failed
When user submit candidate..................................................skipped
]]></system-out>
</testcase>
<testcase classname="Job In Detail View Actions" name="Create a Task" time="26.447">
<failure type="org.openqa.selenium.TimeoutException" message="Expected condition failed: waiting for element to be clickable: By.xpath: /html/body/div[2]/aside/nav/ul/li[4]/a (tried for 25 second(s) with 500 milliseconds interval)
Build info: version: '4.25.0', revision: '8a8aea2337'
System info: os.name: 'Linux', os.arch: 'amd64', os.version: '6.8.0-60-generic', java.version: '21.0.11'
Driver info: org.openqa.selenium.chrome.ChromeDriver
Capabilities {acceptInsecureCerts: false, browserName: chrome, browserVersion: 143.0.7499.40, chrome: {chromedriverVersion: 143.0.7499.192 (be2c1f4fd45..., userDataDir: /tmp/.org.chromium.Chromium...}, fedcm:accounts: true, goog:chromeOptions: {debuggerAddress: localhost:41665}, goog:processID: 4424, networkConnectionEnabled: false, pageLoadStrategy: normal, platformName: linux, proxy: Proxy(), se:cdp: ws://localhost:41665/devtoo..., se:cdpVersion: 143.0.7499.40, setWindowRect: true, strictFileInteractability: false, timeouts: {implicit: 0, pageLoad: 300000, script: 30000}, unhandledPromptBehavior: dismiss and notify, webauthn:extension:credBlob: true, webauthn:extension:largeBlob: true, webauthn:extension:minPinLength: true, webauthn:extension:prf: true, webauthn:virtualAuthenticators: true}
Session ID: a98f8f5264fb7d2a099fc8d1cafe2f1a">
<![CDATA[org.openqa.selenium.TimeoutException: Expected condition failed: waiting for element to be clickable: By.xpath: /html/body/div[2]/aside/nav/ul/li[4]/a (tried for 25 second(s) with 500 milliseconds interval)
Build info: version: '4.25.0', revision: '8a8aea2337'
System info: os.name: 'Linux', os.arch: 'amd64', os.version: '6.8.0-60-generic', java.version: '21.0.11'
Driver info: org.openqa.selenium.chrome.ChromeDriver
Capabilities {acceptInsecureCerts: false, browserName: chrome, browserVersion: 143.0.7499.40, chrome: {chromedriverVersion: 143.0.7499.192 (be2c1f4fd45..., userDataDir: /tmp/.org.chromium.Chromium...}, fedcm:accounts: true, goog:chromeOptions: {debuggerAddress: localhost:41665}, goog:processID: 4424, networkConnectionEnabled: false, pageLoadStrategy: normal, platformName: linux, proxy: Proxy(), se:cdp: ws://localhost:41665/devtoo..., se:cdpVersion: 143.0.7499.40, setWindowRect: true, strictFileInteractability: false, timeouts: {implicit: 0, pageLoad: 300000, script: 30000}, unhandledPromptBehavior: dismiss and notify, webauthn:extension:credBlob: true, webauthn:extension:largeBlob: true, webauthn:extension:minPinLength: true, webauthn:extension:prf: true, webauthn:virtualAuthenticators: true}
Session ID: a98f8f5264fb7d2a099fc8d1cafe2f1a
	at org.openqa.selenium.support.ui.WebDriverWait.timeoutException(WebDriverWait.java:84)
	at org.openqa.selenium.support.ui.FluentWait.until(FluentWait.java:228)
	at com.xats.automation.tests.pages.JobInDetailViewPage.click(JobInDetailViewPage.java:66)
	at com.xats.automation.tests.pages.JobInDetailViewPage.clickJobId(JobInDetailViewPage.java:71)
	at com.xats.automation.tests.stepdefinitions.JobInDetailViewSteps.user_navigates_to_job_detail_view(JobInDetailViewSteps.java:18)
	at ✽.user navigates to job detail view(file:///runner/_work/automation/automation/src/test/resources/features/06_JobInDetailView.feature:51)
]]>
</failure>
<system-out><![CDATA[
Given User is on login page.................................................passed
When User enters username and password from config file.....................passed
And User clicks on login button.............................................passed
When user navigates to job detail view......................................failed
When user create a task.....................................................skipped
]]></system-out>
</testcase>
<testcase classname="candidateInDetailView" name="user adds a cal logs" time="12.695">
<failure type="org.openqa.selenium.TimeoutException" message="Expected condition failed: waiting for element to be clickable: By.xpath: /html/body/div[2]/aside/nav/ul/li[3]/a (tried for 10 second(s) with 500 milliseconds interval)
Build info: version: '4.25.0', revision: '8a8aea2337'
System info: os.name: 'Linux', os.arch: 'amd64', os.version: '6.8.0-60-generic', java.version: '21.0.11'
Driver info: org.openqa.selenium.chrome.ChromeDriver
Capabilities {acceptInsecureCerts: false, browserName: chrome, browserVersion: 143.0.7499.40, chrome: {chromedriverVersion: 143.0.7499.192 (be2c1f4fd45..., userDataDir: /tmp/.org.chromium.Chromium...}, fedcm:accounts: true, goog:chromeOptions: {debuggerAddress: localhost:45007}, goog:processID: 4688, networkConnectionEnabled: false, pageLoadStrategy: normal, platformName: linux, proxy: Proxy(), se:cdp: ws://localhost:45007/devtoo..., se:cdpVersion: 143.0.7499.40, setWindowRect: true, strictFileInteractability: false, timeouts: {implicit: 0, pageLoad: 300000, script: 30000}, unhandledPromptBehavior: dismiss and notify, webauthn:extension:credBlob: true, webauthn:extension:largeBlob: true, webauthn:extension:minPinLength: true, webauthn:extension:prf: true, webauthn:virtualAuthenticators: true}
Session ID: f7179837bc6fe42dd016f2f4ab3deac8">
<![CDATA[org.openqa.selenium.TimeoutException: Expected condition failed: waiting for element to be clickable: By.xpath: /html/body/div[2]/aside/nav/ul/li[3]/a (tried for 10 second(s) with 500 milliseconds interval)
Build info: version: '4.25.0', revision: '8a8aea2337'
System info: os.name: 'Linux', os.arch: 'amd64', os.version: '6.8.0-60-generic', java.version: '21.0.11'
Driver info: org.openqa.selenium.chrome.ChromeDriver
Capabilities {acceptInsecureCerts: false, browserName: chrome, browserVersion: 143.0.7499.40, chrome: {chromedriverVersion: 143.0.7499.192 (be2c1f4fd45..., userDataDir: /tmp/.org.chromium.Chromium...}, fedcm:accounts: true, goog:chromeOptions: {debuggerAddress: localhost:45007}, goog:processID: 4688, networkConnectionEnabled: false, pageLoadStrategy: normal, platformName: linux, proxy: Proxy(), se:cdp: ws://localhost:45007/devtoo..., se:cdpVersion: 143.0.7499.40, setWindowRect: true, strictFileInteractability: false, timeouts: {implicit: 0, pageLoad: 300000, script: 30000}, unhandledPromptBehavior: dismiss and notify, webauthn:extension:credBlob: true, webauthn:extension:largeBlob: true, webauthn:extension:minPinLength: true, webauthn:extension:prf: true, webauthn:virtualAuthenticators: true}
Session ID: f7179837bc6fe42dd016f2f4ab3deac8
	at org.openqa.selenium.support.ui.WebDriverWait.timeoutException(WebDriverWait.java:84)
	at org.openqa.selenium.support.ui.FluentWait.until(FluentWait.java:228)
	at com.xats.automation.tests.pages.CandidateInDetailViewPage.click(CandidateInDetailViewPage.java:226)
	at com.xats.automation.tests.pages.CandidateInDetailViewPage.candidateTab(CandidateInDetailViewPage.java:65)
	at com.xats.automation.tests.stepdefinitions.CandidateInDetailViewSteps.user_navigates_to_candidateInDetailView(CandidateInDetailViewSteps.java:13)
	at ✽.user navigates to candidateInDetailView(file:///runner/_work/automation/automation/src/test/resources/features/07_CandidateInDetailView.feature:9)
]]>
</failure>
<system-out><![CDATA[
Given User is on login page.................................................passed
When User enters username and password from config file.....................passed
And User clicks on login button.............................................passed
Then User should land on dashboard..........................................passed
When user navigates to candidateInDetailView................................failed
When User adds a call logs..................................................skipped
]]></system-out>
</testcase>
<testcase classname="candidateInDetailView" name="Add a new note" time="13.061">
<failure type="org.openqa.selenium.TimeoutException" message="Expected condition failed: waiting for element to be clickable: By.xpath: /html/body/div[2]/aside/nav/ul/li[3]/a (tried for 10 second(s) with 500 milliseconds interval)
Build info: version: '4.25.0', revision: '8a8aea2337'
System info: os.name: 'Linux', os.arch: 'amd64', os.version: '6.8.0-60-generic', java.version: '21.0.11'
Driver info: org.openqa.selenium.chrome.ChromeDriver
Capabilities {acceptInsecureCerts: false, browserName: chrome, browserVersion: 143.0.7499.40, chrome: {chromedriverVersion: 143.0.7499.192 (be2c1f4fd45..., userDataDir: /tmp/.org.chromium.Chromium...}, fedcm:accounts: true, goog:chromeOptions: {debuggerAddress: localhost:43287}, goog:processID: 4918, networkConnectionEnabled: false, pageLoadStrategy: normal, platformName: linux, proxy: Proxy(), se:cdp: ws://localhost:43287/devtoo..., se:cdpVersion: 143.0.7499.40, setWindowRect: true, strictFileInteractability: false, timeouts: {implicit: 0, pageLoad: 300000, script: 30000}, unhandledPromptBehavior: dismiss and notify, webauthn:extension:credBlob: true, webauthn:extension:largeBlob: true, webauthn:extension:minPinLength: true, webauthn:extension:prf: true, webauthn:virtualAuthenticators: true}
Session ID: c0dfae702755d7009033512117781441">
<![CDATA[org.openqa.selenium.TimeoutException: Expected condition failed: waiting for element to be clickable: By.xpath: /html/body/div[2]/aside/nav/ul/li[3]/a (tried for 10 second(s) with 500 milliseconds interval)
Build info: version: '4.25.0', revision: '8a8aea2337'
System info: os.name: 'Linux', os.arch: 'amd64', os.version: '6.8.0-60-generic', java.version: '21.0.11'
Driver info: org.openqa.selenium.chrome.ChromeDriver
Capabilities {acceptInsecureCerts: false, browserName: chrome, browserVersion: 143.0.7499.40, chrome: {chromedriverVersion: 143.0.7499.192 (be2c1f4fd45..., userDataDir: /tmp/.org.chromium.Chromium...}, fedcm:accounts: true, goog:chromeOptions: {debuggerAddress: localhost:43287}, goog:processID: 4918, networkConnectionEnabled: false, pageLoadStrategy: normal, platformName: linux, proxy: Proxy(), se:cdp: ws://localhost:43287/devtoo..., se:cdpVersion: 143.0.7499.40, setWindowRect: true, strictFileInteractability: false, timeouts: {implicit: 0, pageLoad: 300000, script: 30000}, unhandledPromptBehavior: dismiss and notify, webauthn:extension:credBlob: true, webauthn:extension:largeBlob: true, webauthn:extension:minPinLength: true, webauthn:extension:prf: true, webauthn:virtualAuthenticators: true}
Session ID: c0dfae702755d7009033512117781441
	at org.openqa.selenium.support.ui.WebDriverWait.timeoutException(WebDriverWait.java:84)
	at org.openqa.selenium.support.ui.FluentWait.until(FluentWait.java:228)
	at com.xats.automation.tests.pages.CandidateInDetailViewPage.click(CandidateInDetailViewPage.java:226)
	at com.xats.automation.tests.pages.CandidateInDetailViewPage.candidateTab(CandidateInDetailViewPage.java:65)
	at com.xats.automation.tests.stepdefinitions.CandidateInDetailViewSteps.user_navigates_to_candidateInDetailView(CandidateInDetailViewSteps.java:13)
	at ✽.user navigates to candidateInDetailView(file:///runner/_work/automation/automation/src/test/resources/features/07_CandidateInDetailView.feature:9)
]]>
</failure>
<system-out><![CDATA[
Given User is on login page.................................................passed
When User enters username and password from config file.....................passed
And User clicks on login button.............................................passed
Then User should land on dashboard..........................................passed
When user navigates to candidateInDetailView................................failed
And user adds a note for can................................................skipped
]]></system-out>
</testcase>
<testcase classname="candidateInDetailView" name="Edit the existing note" time="12.72">
<failure type="org.openqa.selenium.TimeoutException" message="Expected condition failed: waiting for element to be clickable: By.xpath: /html/body/div[2]/aside/nav/ul/li[3]/a (tried for 10 second(s) with 500 milliseconds interval)
Build info: version: '4.25.0', revision: '8a8aea2337'
System info: os.name: 'Linux', os.arch: 'amd64', os.version: '6.8.0-60-generic', java.version: '21.0.11'
Driver info: org.openqa.selenium.chrome.ChromeDriver
Capabilities {acceptInsecureCerts: false, browserName: chrome, browserVersion: 143.0.7499.40, chrome: {chromedriverVersion: 143.0.7499.192 (be2c1f4fd45..., userDataDir: /tmp/.org.chromium.Chromium...}, fedcm:accounts: true, goog:chromeOptions: {debuggerAddress: localhost:45703}, goog:processID: 5189, networkConnectionEnabled: false, pageLoadStrategy: normal, platformName: linux, proxy: Proxy(), se:cdp: ws://localhost:45703/devtoo..., se:cdpVersion: 143.0.7499.40, setWindowRect: true, strictFileInteractability: false, timeouts: {implicit: 0, pageLoad: 300000, script: 30000}, unhandledPromptBehavior: dismiss and notify, webauthn:extension:credBlob: true, webauthn:extension:largeBlob: true, webauthn:extension:minPinLength: true, webauthn:extension:prf: true, webauthn:virtualAuthenticators: true}
Session ID: 9e10950a1687b831db4df0e6992ff640">
<![CDATA[org.openqa.selenium.TimeoutException: Expected condition failed: waiting for element to be clickable: By.xpath: /html/body/div[2]/aside/nav/ul/li[3]/a (tried for 10 second(s) with 500 milliseconds interval)
Build info: version: '4.25.0', revision: '8a8aea2337'
System info: os.name: 'Linux', os.arch: 'amd64', os.version: '6.8.0-60-generic', java.version: '21.0.11'
Driver info: org.openqa.selenium.chrome.ChromeDriver
Capabilities {acceptInsecureCerts: false, browserName: chrome, browserVersion: 143.0.7499.40, chrome: {chromedriverVersion: 143.0.7499.192 (be2c1f4fd45..., userDataDir: /tmp/.org.chromium.Chromium...}, fedcm:accounts: true, goog:chromeOptions: {debuggerAddress: localhost:45703}, goog:processID: 5189, networkConnectionEnabled: false, pageLoadStrategy: normal, platformName: linux, proxy: Proxy(), se:cdp: ws://localhost:45703/devtoo..., se:cdpVersion: 143.0.7499.40, setWindowRect: true, strictFileInteractability: false, timeouts: {implicit: 0, pageLoad: 300000, script: 30000}, unhandledPromptBehavior: dismiss and notify, webauthn:extension:credBlob: true, webauthn:extension:largeBlob: true, webauthn:extension:minPinLength: true, webauthn:extension:prf: true, webauthn:virtualAuthenticators: true}
Session ID: 9e10950a1687b831db4df0e6992ff640
	at org.openqa.selenium.support.ui.WebDriverWait.timeoutException(WebDriverWait.java:84)
	at org.openqa.selenium.support.ui.FluentWait.until(FluentWait.java:228)
	at com.xats.automation.tests.pages.CandidateInDetailViewPage.click(CandidateInDetailViewPage.java:226)
	at com.xats.automation.tests.pages.CandidateInDetailViewPage.candidateTab(CandidateInDetailViewPage.java:65)
	at com.xats.automation.tests.stepdefinitions.CandidateInDetailViewSteps.user_navigates_to_candidateInDetailView(CandidateInDetailViewSteps.java:13)
	at ✽.user navigates to candidateInDetailView(file:///runner/_work/automation/automation/src/test/resources/features/07_CandidateInDetailView.feature:9)
]]>
</failure>
<system-out><![CDATA[
Given User is on login page.................................................passed
When User enters username and password from config file.....................passed
And User clicks on login button.............................................passed
Then User should land on dashboard..........................................passed
When user navigates to candidateInDetailView................................failed
And user edits the note for can.............................................skipped
]]></system-out>
</testcase>
<testcase classname="candidateInDetailView" name="Delete the note" time="12.447">
<failure type="org.openqa.selenium.TimeoutException" message="Expected condition failed: waiting for element to be clickable: By.xpath: /html/body/div[2]/aside/nav/ul/li[3]/a (tried for 10 second(s) with 500 milliseconds interval)
Build info: version: '4.25.0', revision: '8a8aea2337'
System info: os.name: 'Linux', os.arch: 'amd64', os.version: '6.8.0-60-generic', java.version: '21.0.11'
Driver info: org.openqa.selenium.chrome.ChromeDriver
Capabilities {acceptInsecureCerts: false, browserName: chrome, browserVersion: 143.0.7499.40, chrome: {chromedriverVersion: 143.0.7499.192 (be2c1f4fd45..., userDataDir: /tmp/.org.chromium.Chromium...}, fedcm:accounts: true, goog:chromeOptions: {debuggerAddress: localhost:46729}, goog:processID: 5422, networkConnectionEnabled: false, pageLoadStrategy: normal, platformName: linux, proxy: Proxy(), se:cdp: ws://localhost:46729/devtoo..., se:cdpVersion: 143.0.7499.40, setWindowRect: true, strictFileInteractability: false, timeouts: {implicit: 0, pageLoad: 300000, script: 30000}, unhandledPromptBehavior: dismiss and notify, webauthn:extension:credBlob: true, webauthn:extension:largeBlob: true, webauthn:extension:minPinLength: true, webauthn:extension:prf: true, webauthn:virtualAuthenticators: true}
Session ID: 5ad04bfe8a59dd057903103fd2ee9ac5">
<![CDATA[org.openqa.selenium.TimeoutException: Expected condition failed: waiting for element to be clickable: By.xpath: /html/body/div[2]/aside/nav/ul/li[3]/a (tried for 10 second(s) with 500 milliseconds interval)
Build info: version: '4.25.0', revision: '8a8aea2337'
System info: os.name: 'Linux', os.arch: 'amd64', os.version: '6.8.0-60-generic', java.version: '21.0.11'
Driver info: org.openqa.selenium.chrome.ChromeDriver
Capabilities {acceptInsecureCerts: false, browserName: chrome, browserVersion: 143.0.7499.40, chrome: {chromedriverVersion: 143.0.7499.192 (be2c1f4fd45..., userDataDir: /tmp/.org.chromium.Chromium...}, fedcm:accounts: true, goog:chromeOptions: {debuggerAddress: localhost:46729}, goog:processID: 5422, networkConnectionEnabled: false, pageLoadStrategy: normal, platformName: linux, proxy: Proxy(), se:cdp: ws://localhost:46729/devtoo..., se:cdpVersion: 143.0.7499.40, setWindowRect: true, strictFileInteractability: false, timeouts: {implicit: 0, pageLoad: 300000, script: 30000}, unhandledPromptBehavior: dismiss and notify, webauthn:extension:credBlob: true, webauthn:extension:largeBlob: true, webauthn:extension:minPinLength: true, webauthn:extension:prf: true, webauthn:virtualAuthenticators: true}
Session ID: 5ad04bfe8a59dd057903103fd2ee9ac5
	at org.openqa.selenium.support.ui.WebDriverWait.timeoutException(WebDriverWait.java:84)
	at org.openqa.selenium.support.ui.FluentWait.until(FluentWait.java:228)
	at com.xats.automation.tests.pages.CandidateInDetailViewPage.click(CandidateInDetailViewPage.java:226)
	at com.xats.automation.tests.pages.CandidateInDetailViewPage.candidateTab(CandidateInDetailViewPage.java:65)
	at com.xats.automation.tests.stepdefinitions.CandidateInDetailViewSteps.user_navigates_to_candidateInDetailView(CandidateInDetailViewSteps.java:13)
	at ✽.user navigates to candidateInDetailView(file:///runner/_work/automation/automation/src/test/resources/features/07_CandidateInDetailView.feature:9)
]]>
</failure>
<system-out><![CDATA[
Given User is on login page.................................................passed
When User enters username and password from config file.....................passed
And User clicks on login button.............................................passed
Then User should land on dashboard..........................................passed
When user navigates to candidateInDetailView................................failed
And user deletes the note for can...........................................skipped
]]></system-out>
</testcase>
<testcase classname="candidateInDetailView" name="Upload a new document" time="13.887">
<failure type="org.openqa.selenium.TimeoutException" message="Expected condition failed: waiting for element to be clickable: By.xpath: /html/body/div[2]/aside/nav/ul/li[3]/a (tried for 10 second(s) with 500 milliseconds interval)
Build info: version: '4.25.0', revision: '8a8aea2337'
System info: os.name: 'Linux', os.arch: 'amd64', os.version: '6.8.0-60-generic', java.version: '21.0.11'
Driver info: org.openqa.selenium.chrome.ChromeDriver
Capabilities {acceptInsecureCerts: false, browserName: chrome, browserVersion: 143.0.7499.40, chrome: {chromedriverVersion: 143.0.7499.192 (be2c1f4fd45..., userDataDir: /tmp/.org.chromium.Chromium...}, fedcm:accounts: true, goog:chromeOptions: {debuggerAddress: localhost:45245}, goog:processID: 5627, networkConnectionEnabled: false, pageLoadStrategy: normal, platformName: linux, proxy: Proxy(), se:cdp: ws://localhost:45245/devtoo..., se:cdpVersion: 143.0.7499.40, setWindowRect: true, strictFileInteractability: false, timeouts: {implicit: 0, pageLoad: 300000, script: 30000}, unhandledPromptBehavior: dismiss and notify, webauthn:extension:credBlob: true, webauthn:extension:largeBlob: true, webauthn:extension:minPinLength: true, webauthn:extension:prf: true, webauthn:virtualAuthenticators: true}
Session ID: 18b32a64be78f238406dfcd27e799544">
<![CDATA[org.openqa.selenium.TimeoutException: Expected condition failed: waiting for element to be clickable: By.xpath: /html/body/div[2]/aside/nav/ul/li[3]/a (tried for 10 second(s) with 500 milliseconds interval)
Build info: version: '4.25.0', revision: '8a8aea2337'
System info: os.name: 'Linux', os.arch: 'amd64', os.version: '6.8.0-60-generic', java.version: '21.0.11'
Driver info: org.openqa.selenium.chrome.ChromeDriver
Capabilities {acceptInsecureCerts: false, browserName: chrome, browserVersion: 143.0.7499.40, chrome: {chromedriverVersion: 143.0.7499.192 (be2c1f4fd45..., userDataDir: /tmp/.org.chromium.Chromium...}, fedcm:accounts: true, goog:chromeOptions: {debuggerAddress: localhost:45245}, goog:processID: 5627, networkConnectionEnabled: false, pageLoadStrategy: normal, platformName: linux, proxy: Proxy(), se:cdp: ws://localhost:45245/devtoo..., se:cdpVersion: 143.0.7499.40, setWindowRect: true, strictFileInteractability: false, timeouts: {implicit: 0, pageLoad: 300000, script: 30000}, unhandledPromptBehavior: dismiss and notify, webauthn:extension:credBlob: true, webauthn:extension:largeBlob: true, webauthn:extension:minPinLength: true, webauthn:extension:prf: true, webauthn:virtualAuthenticators: true}
Session ID: 18b32a64be78f238406dfcd27e799544
	at org.openqa.selenium.support.ui.WebDriverWait.timeoutException(WebDriverWait.java:84)
	at org.openqa.selenium.support.ui.FluentWait.until(FluentWait.java:228)
	at com.xats.automation.tests.pages.CandidateInDetailViewPage.click(CandidateInDetailViewPage.java:226)
	at com.xats.automation.tests.pages.CandidateInDetailViewPage.candidateTab(CandidateInDetailViewPage.java:65)
	at com.xats.automation.tests.stepdefinitions.CandidateInDetailViewSteps.user_navigates_to_candidateInDetailView(CandidateInDetailViewSteps.java:13)
	at ✽.user navigates to candidateInDetailView(file:///runner/_work/automation/automation/src/test/resources/features/07_CandidateInDetailView.feature:9)
]]>
</failure>
<system-out><![CDATA[
Given User is on login page.................................................passed
When User enters username and password from config file.....................passed
And User clicks on login button.............................................passed
Then User should land on dashboard..........................................passed
When user navigates to candidateInDetailView................................failed
And user uploads a document for can.........................................skipped
]]></system-out>
</testcase>
<testcase classname="candidateInDetailView" name="Delete the uploaded document" time="12.5">
<failure type="org.openqa.selenium.TimeoutException" message="Expected condition failed: waiting for element to be clickable: By.xpath: /html/body/div[2]/aside/nav/ul/li[3]/a (tried for 10 second(s) with 500 milliseconds interval)
Build info: version: '4.25.0', revision: '8a8aea2337'
System info: os.name: 'Linux', os.arch: 'amd64', os.version: '6.8.0-60-generic', java.version: '21.0.11'
Driver info: org.openqa.selenium.chrome.ChromeDriver
Capabilities {acceptInsecureCerts: false, browserName: chrome, browserVersion: 143.0.7499.40, chrome: {chromedriverVersion: 143.0.7499.192 (be2c1f4fd45..., userDataDir: /tmp/.org.chromium.Chromium...}, fedcm:accounts: true, goog:chromeOptions: {debuggerAddress: localhost:34655}, goog:processID: 5888, networkConnectionEnabled: false, pageLoadStrategy: normal, platformName: linux, proxy: Proxy(), se:cdp: ws://localhost:34655/devtoo..., se:cdpVersion: 143.0.7499.40, setWindowRect: true, strictFileInteractability: false, timeouts: {implicit: 0, pageLoad: 300000, script: 30000}, unhandledPromptBehavior: dismiss and notify, webauthn:extension:credBlob: true, webauthn:extension:largeBlob: true, webauthn:extension:minPinLength: true, webauthn:extension:prf: true, webauthn:virtualAuthenticators: true}
Session ID: 2dfd493a4577543c21e8770b5913ad90">
<![CDATA[org.openqa.selenium.TimeoutException: Expected condition failed: waiting for element to be clickable: By.xpath: /html/body/div[2]/aside/nav/ul/li[3]/a (tried for 10 second(s) with 500 milliseconds interval)
Build info: version: '4.25.0', revision: '8a8aea2337'
System info: os.name: 'Linux', os.arch: 'amd64', os.version: '6.8.0-60-generic', java.version: '21.0.11'
Driver info: org.openqa.selenium.chrome.ChromeDriver
Capabilities {acceptInsecureCerts: false, browserName: chrome, browserVersion: 143.0.7499.40, chrome: {chromedriverVersion: 143.0.7499.192 (be2c1f4fd45..., userDataDir: /tmp/.org.chromium.Chromium...}, fedcm:accounts: true, goog:chromeOptions: {debuggerAddress: localhost:34655}, goog:processID: 5888, networkConnectionEnabled: false, pageLoadStrategy: normal, platformName: linux, proxy: Proxy(), se:cdp: ws://localhost:34655/devtoo..., se:cdpVersion: 143.0.7499.40, setWindowRect: true, strictFileInteractability: false, timeouts: {implicit: 0, pageLoad: 300000, script: 30000}, unhandledPromptBehavior: dismiss and notify, webauthn:extension:credBlob: true, webauthn:extension:largeBlob: true, webauthn:extension:minPinLength: true, webauthn:extension:prf: true, webauthn:virtualAuthenticators: true}
Session ID: 2dfd493a4577543c21e8770b5913ad90
	at org.openqa.selenium.support.ui.WebDriverWait.timeoutException(WebDriverWait.java:84)
	at org.openqa.selenium.support.ui.FluentWait.until(FluentWait.java:228)
	at com.xats.automation.tests.pages.CandidateInDetailViewPage.click(CandidateInDetailViewPage.java:226)
	at com.xats.automation.tests.pages.CandidateInDetailViewPage.candidateTab(CandidateInDetailViewPage.java:65)
	at com.xats.automation.tests.stepdefinitions.CandidateInDetailViewSteps.user_navigates_to_candidateInDetailView(CandidateInDetailViewSteps.java:13)
	at ✽.user navigates to candidateInDetailView(file:///runner/_work/automation/automation/src/test/resources/features/07_CandidateInDetailView.feature:9)
]]>
</failure>
<system-out><![CDATA[
Given User is on login page.................................................passed
When User enters username and password from config file.....................passed
And User clicks on login button.............................................passed
Then User should land on dashboard..........................................passed
When user navigates to candidateInDetailView................................failed
And user deletes the document for can.......................................skipped
]]></system-out>
</testcase>
<testcase classname="candidateInDetailView" name="Create a Task" time="12.771">
<failure type="org.openqa.selenium.TimeoutException" message="Expected condition failed: waiting for element to be clickable: By.xpath: /html/body/div[2]/aside/nav/ul/li[3]/a (tried for 10 second(s) with 500 milliseconds interval)
Build info: version: '4.25.0', revision: '8a8aea2337'
System info: os.name: 'Linux', os.arch: 'amd64', os.version: '6.8.0-60-generic', java.version: '21.0.11'
Driver info: org.openqa.selenium.chrome.ChromeDriver
Capabilities {acceptInsecureCerts: false, browserName: chrome, browserVersion: 143.0.7499.40, chrome: {chromedriverVersion: 143.0.7499.192 (be2c1f4fd45..., userDataDir: /tmp/.org.chromium.Chromium...}, fedcm:accounts: true, goog:chromeOptions: {debuggerAddress: localhost:43687}, goog:processID: 6099, networkConnectionEnabled: false, pageLoadStrategy: normal, platformName: linux, proxy: Proxy(), se:cdp: ws://localhost:43687/devtoo..., se:cdpVersion: 143.0.7499.40, setWindowRect: true, strictFileInteractability: false, timeouts: {implicit: 0, pageLoad: 300000, script: 30000}, unhandledPromptBehavior: dismiss and notify, webauthn:extension:credBlob: true, webauthn:extension:largeBlob: true, webauthn:extension:minPinLength: true, webauthn:extension:prf: true, webauthn:virtualAuthenticators: true}
Session ID: 27b73c618340c70ad6c4c528907809f9">
<![CDATA[org.openqa.selenium.TimeoutException: Expected condition failed: waiting for element to be clickable: By.xpath: /html/body/div[2]/aside/nav/ul/li[3]/a (tried for 10 second(s) with 500 milliseconds interval)
Build info: version: '4.25.0', revision: '8a8aea2337'
System info: os.name: 'Linux', os.arch: 'amd64', os.version: '6.8.0-60-generic', java.version: '21.0.11'
Driver info: org.openqa.selenium.chrome.ChromeDriver
Capabilities {acceptInsecureCerts: false, browserName: chrome, browserVersion: 143.0.7499.40, chrome: {chromedriverVersion: 143.0.7499.192 (be2c1f4fd45..., userDataDir: /tmp/.org.chromium.Chromium...}, fedcm:accounts: true, goog:chromeOptions: {debuggerAddress: localhost:43687}, goog:processID: 6099, networkConnectionEnabled: false, pageLoadStrategy: normal, platformName: linux, proxy: Proxy(), se:cdp: ws://localhost:43687/devtoo..., se:cdpVersion: 143.0.7499.40, setWindowRect: true, strictFileInteractability: false, timeouts: {implicit: 0, pageLoad: 300000, script: 30000}, unhandledPromptBehavior: dismiss and notify, webauthn:extension:credBlob: true, webauthn:extension:largeBlob: true, webauthn:extension:minPinLength: true, webauthn:extension:prf: true, webauthn:virtualAuthenticators: true}
Session ID: 27b73c618340c70ad6c4c528907809f9
	at org.openqa.selenium.support.ui.WebDriverWait.timeoutException(WebDriverWait.java:84)
	at org.openqa.selenium.support.ui.FluentWait.until(FluentWait.java:228)
	at com.xats.automation.tests.pages.CandidateInDetailViewPage.click(CandidateInDetailViewPage.java:226)
	at com.xats.automation.tests.pages.CandidateInDetailViewPage.candidateTab(CandidateInDetailViewPage.java:65)
	at com.xats.automation.tests.stepdefinitions.CandidateInDetailViewSteps.user_navigates_to_candidateInDetailView(CandidateInDetailViewSteps.java:13)
	at ✽.user navigates to candidateInDetailView(file:///runner/_work/automation/automation/src/test/resources/features/07_CandidateInDetailView.feature:9)
]]>
</failure>
<system-out><![CDATA[
Given User is on login page.................................................passed
When User enters username and password from config file.....................passed
And User clicks on login button.............................................passed
Then User should land on dashboard..........................................passed
When user navigates to candidateInDetailView................................failed
When user create a task for can.............................................skipped
]]></system-out>
</testcase>
<testcase classname="Submission page" name="Navigate to submission page" time="26.373">
<failure type="org.openqa.selenium.TimeoutException" message="Expected condition failed: waiting for element to be clickable: By.xpath: /html/body/div[2]/aside/nav/ul/li[4]/a (tried for 25 second(s) with 500 milliseconds interval)
Build info: version: '4.25.0', revision: '8a8aea2337'
System info: os.name: 'Linux', os.arch: 'amd64', os.version: '6.8.0-60-generic', java.version: '21.0.11'
Driver info: org.openqa.selenium.chrome.ChromeDriver
Capabilities {acceptInsecureCerts: false, browserName: chrome, browserVersion: 143.0.7499.40, chrome: {chromedriverVersion: 143.0.7499.192 (be2c1f4fd45..., userDataDir: /tmp/.org.chromium.Chromium...}, fedcm:accounts: true, goog:chromeOptions: {debuggerAddress: localhost:44633}, goog:processID: 6297, networkConnectionEnabled: false, pageLoadStrategy: normal, platformName: linux, proxy: Proxy(), se:cdp: ws://localhost:44633/devtoo..., se:cdpVersion: 143.0.7499.40, setWindowRect: true, strictFileInteractability: false, timeouts: {implicit: 0, pageLoad: 300000, script: 30000}, unhandledPromptBehavior: dismiss and notify, webauthn:extension:credBlob: true, webauthn:extension:largeBlob: true, webauthn:extension:minPinLength: true, webauthn:extension:prf: true, webauthn:virtualAuthenticators: true}
Session ID: 39e8b3cbd9e79ae7190ed60d3b84c1fb">
<![CDATA[org.openqa.selenium.TimeoutException: Expected condition failed: waiting for element to be clickable: By.xpath: /html/body/div[2]/aside/nav/ul/li[4]/a (tried for 25 second(s) with 500 milliseconds interval)
Build info: version: '4.25.0', revision: '8a8aea2337'
System info: os.name: 'Linux', os.arch: 'amd64', os.version: '6.8.0-60-generic', java.version: '21.0.11'
Driver info: org.openqa.selenium.chrome.ChromeDriver
Capabilities {acceptInsecureCerts: false, browserName: chrome, browserVersion: 143.0.7499.40, chrome: {chromedriverVersion: 143.0.7499.192 (be2c1f4fd45..., userDataDir: /tmp/.org.chromium.Chromium...}, fedcm:accounts: true, goog:chromeOptions: {debuggerAddress: localhost:44633}, goog:processID: 6297, networkConnectionEnabled: false, pageLoadStrategy: normal, platformName: linux, proxy: Proxy(), se:cdp: ws://localhost:44633/devtoo..., se:cdpVersion: 143.0.7499.40, setWindowRect: true, strictFileInteractability: false, timeouts: {implicit: 0, pageLoad: 300000, script: 30000}, unhandledPromptBehavior: dismiss and notify, webauthn:extension:credBlob: true, webauthn:extension:largeBlob: true, webauthn:extension:minPinLength: true, webauthn:extension:prf: true, webauthn:virtualAuthenticators: true}
Session ID: 39e8b3cbd9e79ae7190ed60d3b84c1fb
	at org.openqa.selenium.support.ui.WebDriverWait.timeoutException(WebDriverWait.java:84)
	at org.openqa.selenium.support.ui.FluentWait.until(FluentWait.java:228)
	at com.xats.automation.tests.pages.JobInDetailViewPage.click(JobInDetailViewPage.java:66)
	at com.xats.automation.tests.pages.JobInDetailViewPage.clickJobId(JobInDetailViewPage.java:71)
	at com.xats.automation.tests.stepdefinitions.JobInDetailViewSteps.user_navigates_to_job_detail_view(JobInDetailViewSteps.java:18)
	at ✽.user navigates to job detail view(file:///runner/_work/automation/automation/src/test/resources/features/08_CandidateSubmission.feature:11)
]]>
</failure>
<system-out><![CDATA[
Given User is on login page.................................................passed
When User enters username and password from config file.....................passed
And User clicks on login button.............................................passed
When user navigates to job detail view......................................failed
When user navigates submission page.........................................skipped
]]></system-out>
</testcase>
<testcase classname="Submission page" name="Add a new note" time="26.445">
<failure type="org.openqa.selenium.TimeoutException" message="Expected condition failed: waiting for element to be clickable: By.xpath: /html/body/div[2]/aside/nav/ul/li[4]/a (tried for 25 second(s) with 500 milliseconds interval)
Build info: version: '4.25.0', revision: '8a8aea2337'
System info: os.name: 'Linux', os.arch: 'amd64', os.version: '6.8.0-60-generic', java.version: '21.0.11'
Driver info: org.openqa.selenium.chrome.ChromeDriver
Capabilities {acceptInsecureCerts: false, browserName: chrome, browserVersion: 143.0.7499.40, chrome: {chromedriverVersion: 143.0.7499.192 (be2c1f4fd45..., userDataDir: /tmp/.org.chromium.Chromium...}, fedcm:accounts: true, goog:chromeOptions: {debuggerAddress: localhost:34691}, goog:processID: 6559, networkConnectionEnabled: false, pageLoadStrategy: normal, platformName: linux, proxy: Proxy(), se:cdp: ws://localhost:34691/devtoo..., se:cdpVersion: 143.0.7499.40, setWindowRect: true, strictFileInteractability: false, timeouts: {implicit: 0, pageLoad: 300000, script: 30000}, unhandledPromptBehavior: dismiss and notify, webauthn:extension:credBlob: true, webauthn:extension:largeBlob: true, webauthn:extension:minPinLength: true, webauthn:extension:prf: true, webauthn:virtualAuthenticators: true}
Session ID: 9cc88b57e7b5471fac99035c4d26375e">
<![CDATA[org.openqa.selenium.TimeoutException: Expected condition failed: waiting for element to be clickable: By.xpath: /html/body/div[2]/aside/nav/ul/li[4]/a (tried for 25 second(s) with 500 milliseconds interval)
Build info: version: '4.25.0', revision: '8a8aea2337'
System info: os.name: 'Linux', os.arch: 'amd64', os.version: '6.8.0-60-generic', java.version: '21.0.11'
Driver info: org.openqa.selenium.chrome.ChromeDriver
Capabilities {acceptInsecureCerts: false, browserName: chrome, browserVersion: 143.0.7499.40, chrome: {chromedriverVersion: 143.0.7499.192 (be2c1f4fd45..., userDataDir: /tmp/.org.chromium.Chromium...}, fedcm:accounts: true, goog:chromeOptions: {debuggerAddress: localhost:34691}, goog:processID: 6559, networkConnectionEnabled: false, pageLoadStrategy: normal, platformName: linux, proxy: Proxy(), se:cdp: ws://localhost:34691/devtoo..., se:cdpVersion: 143.0.7499.40, setWindowRect: true, strictFileInteractability: false, timeouts: {implicit: 0, pageLoad: 300000, script: 30000}, unhandledPromptBehavior: dismiss and notify, webauthn:extension:credBlob: true, webauthn:extension:largeBlob: true, webauthn:extension:minPinLength: true, webauthn:extension:prf: true, webauthn:virtualAuthenticators: true}
Session ID: 9cc88b57e7b5471fac99035c4d26375e
	at org.openqa.selenium.support.ui.WebDriverWait.timeoutException(WebDriverWait.java:84)
[...]
	at ✽.user navigates to job detail view(file:///runner/_work/automation/automation/src/test/resources/features/08_CandidateSubmission.feature:28)
]]>
</failure>
<system-out><![CDATA[
Given User is on login page.................................................passed
When User enters username and password from config file.....................passed
And User clicks on login button.............................................passed
When user navigates to job detail view......................................failed
When user navigates submission page.........................................skipped
And user pins the note in submission........................................skipped
]]></system-out>
</testcase>
<testcase classname="Submission page" name="Delete the note" time="26.276">
<failure type="org.openqa.selenium.TimeoutException" message="Expected condition failed: waiting for element to be clickable: By.xpath: /html/body/div[2]/aside/nav/ul/li[4]/a (tried for 25 second(s) with 500 milliseconds interval)
Build info: version: '4.25.0', revision: '8a8aea2337'
System info: os.name: 'Linux', os.arch: 'amd64', os.version: '6.8.0-60-generic', java.version: '21.0.11'
Driver info: org.openqa.selenium.chrome.ChromeDriver
Capabilities {acceptInsecureCerts: false, browserName: chrome, browserVersion: 143.0.7499.40, chrome: {chromedriverVersion: 143.0.7499.192 (be2c1f4fd45..., userDataDir: /tmp/.org.chromium.Chromium...}, fedcm:accounts: true, goog:chromeOptions: {debuggerAddress: localhost:41943}, goog:processID: 7345, networkConnectionEnabled: false, pageLoadStrategy: normal, platformName: linux, proxy: Proxy(), se:cdp: ws://localhost:41943/devtoo..., se:cdpVersion: 143.0.7499.40, setWindowRect: true, strictFileInteractability: false, timeouts: {implicit: 0, pageLoad: 300000, script: 30000}, unhandledPromptBehavior: dismiss and notify, webauthn:extension:credBlob: true, webauthn:extension:largeBlob: true, webauthn:extension:minPinLength: true, webauthn:extension:prf: true, webauthn:virtualAuthenticators: true}
Session ID: bc21b07c731893dce2cbee6826469d20">
<![CDATA[org.openqa.selenium.TimeoutException: Expected condition failed: waiting for element to be clickable: By.xpath: /html/body/div[2]/aside/nav/ul/li[4]/a (tried for 25 second(s) with 500 milliseconds interval)
Build info: version: '4.25.0', revision: '8a8aea2337'
System info: os.name: 'Linux', os.arch: 'amd64', os.version: '6.8.0-60-generic', java.version: '21.0.11'
Driver info: org.openqa.selenium.chrome.ChromeDriver
Capabilities {acceptInsecureCerts: false, browserName: chrome, browserVersion: 143.0.7499.40, chrome: {chromedriverVersion: 143.0.7499.192 (be2c1f4fd45..., userDataDir: /tmp/.org.chromium.Chromium...}, fedcm:accounts: true, goog:chromeOptions: {debuggerAddress: localhost:41943}, goog:processID: 7345, networkConnectionEnabled: false, pageLoadStrategy: normal, platformName: linux, proxy: Proxy(), se:cdp: ws://localhost:41943/devtoo..., se:cdpVersion: 143.0.7499.40, setWindowRect: true, strictFileInteractability: false, timeouts: {implicit: 0, pageLoad: 300000, script: 30000}, unhandledPromptBehavior: dismiss and notify, webauthn:extension:credBlob: true, webauthn:extension:largeBlob: true, webauthn:extension:minPinLength: true, webauthn:extension:prf: true, webauthn:virtualAuthenticators: true}
Session ID: bc21b07c731893dce2cbee6826469d20
	at org.openqa.selenium.support.ui.WebDriverWait.timeoutException(WebDriverWait.java:84)
	at org.openqa.selenium.support.ui.FluentWait.until(FluentWait.java:228)
	at com.xats.automation.tests.pages.JobInDetailViewPage.click(JobInDetailViewPage.java:66)
	at com.xats.automation.tests.pages.JobInDetailViewPage.clickJobId(JobInDetailViewPage.java:71)
	at com.xats.automation.tests.stepdefinitions.JobInDetailViewSteps.user_navigates_to_job_detail_view(JobInDetailViewSteps.java:18)
	at ✽.user navigates to job detail view(file:///runner/_work/automation/automation/src/test/resources/features/08_CandidateSubmission.feature:34)
]]>
</failure>
<system-out><![CDATA[
Given User is on login page.................................................passed
When User enters username and password from config file.....................passed
And User clicks on login button.............................................passed
When user navigates to job detail view......................................failed
When user navigates submission page.........................................skipped
And user deletes the note in the submission.................................skipped
]]></system-out>
</testcase>
<testcase classname="Submission page" name="Upload a new document" time="26.308">
<failure type="org.openqa.selenium.TimeoutException" message="Expected condition failed: waiting for element to be clickable: By.xpath: /html/body/div[2]/aside/nav/ul/li[4]/a (tried for 25 second(s) with 500 milliseconds interval)
Build info: version: '4.25.0', revision: '8a8aea2337'
System info: os.name: 'Linux', os.arch: 'amd64', os.version: '6.8.0-60-generic', java.version: '21.0.11'
Driver info: org.openqa.selenium.chrome.ChromeDriver
Capabilities {acceptInsecureCerts: false, browserName: chrome, browserVersion: 143.0.7499.40, chrome: {chromedriverVersion: 143.0.7499.192 (be2c1f4fd45..., userDataDir: /tmp/.org.chromium.Chromium...}, fedcm:accounts: true, goog:chromeOptions: {debuggerAddress: localhost:39231}, goog:processID: 7607, networkConnectionEnabled: false, pageLoadStrategy: normal, platformName: linux, proxy: Proxy(), se:cdp: ws://localhost:39231/devtoo..., se:cdpVersion: 143.0.7499.40, setWindowRect: true, strictFileInteractability: false, timeouts: {implicit: 0, pageLoad: 300000, script: 30000}, unhandledPromptBehavior: dismiss and notify, webauthn:extension:credBlob: true, webauthn:extension:largeBlob: true, webauthn:extension:minPinLength: true, webauthn:extension:prf: true, webauthn:virtualAuthenticators: true}
Session ID: ddaf2309a9cffd443e72d47b5150bcd9">
<![CDATA[org.openqa.selenium.TimeoutException: Expected condition failed: waiting for element to be clickable: By.xpath: /html/body/div[2]/aside/nav/ul/li[4]/a (tried for 25 second(s) with 500 milliseconds interval)
Build info: version: '4.25.0', revision: '8a8aea2337'
System info: os.name: 'Linux', os.arch: 'amd64', os.version: '6.8.0-60-generic', java.version: '21.0.11'
Driver info: org.openqa.selenium.chrome.ChromeDriver
Capabilities {acceptInsecureCerts: false, browserName: chrome, browserVersion: 143.0.7499.40, chrome: {chromedriverVersion: 143.0.7499.192 (be2c1f4fd45..., userDataDir: /tmp/.org.chromium.Chromium...}, fedcm:accounts: true, goog:chromeOptions: {debuggerAddress: localhost:39231}, goog:processID: 7607, networkConnectionEnabled: false, pageLoadStrategy: normal, platformName: linux, proxy: Proxy(), se:cdp: ws://localhost:39231/devtoo..., se:cdpVersion: 143.0.7499.40, setWindowRect: true, strictFileInteractability: false, timeouts: {implicit: 0, pageLoad: 300000, script: 30000}, unhandledPromptBehavior: dismiss and notify, webauthn:extension:credBlob: true, webauthn:extension:largeBlob: true, webauthn:extension:minPinLength: true, webauthn:extension:prf: true, webauthn:virtualAuthenticators: true}
Session ID: ddaf2309a9cffd443e72d47b5150bcd9
	at org.openqa.selenium.support.ui.WebDriverWait.timeoutException(WebDriverWait.java:84)
	at org.openqa.selenium.support.ui.FluentWait.until(FluentWait.java:228)
	at com.xats.automation.tests.pages.JobInDetailViewPage.click(JobInDetailViewPage.java:66)
	at com.xats.automation.tests.pages.JobInDetailViewPage.clickJobId(JobInDetailViewPage.java:71)
	at com.xats.automation.tests.stepdefinitions.JobInDetailViewSteps.user_navigates_to_job_detail_view(JobInDetailViewSteps.java:18)
	at ✽.user navigates to job detail view(file:///runner/_work/automation/automation/src/test/resources/features/08_CandidateSubmission.feature:40)
]]>
</failure>
<system-out><![CDATA[
Given User is on login page.................................................passed
When User enters username and password from config file.....................passed
And User clicks on login button.............................................passed
When user navigates to job detail view......................................failed
When user navigates submission page.........................................skipped
And user uploads a document in submission...................................skipped
]]></system-out>
</testcase>
<testcase classname="Submission page" name="Delete the uploaded document" time="26.292">
<failure type="org.openqa.selenium.TimeoutException" message="Expected condition failed: waiting for element to be clickable: By.xpath: /html/body/div[2]/aside/nav/ul/li[4]/a (tried for 25 second(s) with 500 milliseconds interval)
Build info: version: '4.25.0', revision: '8a8aea2337'
System info: os.name: 'Linux', os.arch: 'amd64', os.version: '6.8.0-60-generic', java.version: '21.0.11'
Driver info: org.openqa.selenium.chrome.ChromeDriver
Capabilities {acceptInsecureCerts: false, browserName: chrome, browserVersion: 143.0.7499.40, chrome: {chromedriverVersion: 143.0.7499.192 (be2c1f4fd45..., userDataDir: /tmp/.org.chromium.Chromium...}, fedcm:accounts: true, goog:chromeOptions: {debuggerAddress: localhost:36027}, goog:processID: 7871, networkConnectionEnabled: false, pageLoadStrategy: normal, platformName: linux, proxy: Proxy(), se:cdp: ws://localhost:36027/devtoo..., se:cdpVersion: 143.0.7499.40, setWindowRect: true, strictFileInteractability: false, timeouts: {implicit: 0, pageLoad: 300000, script: 30000}, unhandledPromptBehavior: dismiss and notify, webauthn:extension:credBlob: true, webauthn:extension:largeBlob: true, webauthn:extension:minPinLength: true, webauthn:extension:prf: true, webauthn:virtualAuthenticators: true}
Session ID: bd58774e1e83140bfd8e1e46a4282df4">
<![CDATA[org.openqa.selenium.TimeoutException: Expected condition failed: waiting for element to be clickable: By.xpath: /html/body/div[2]/aside/nav/ul/li[4]/a (tried for 25 second(s) with 500 milliseconds interval)
Build info: version: '4.25.0', revision: '8a8aea2337'
System info: os.name: 'Linux', os.arch: 'amd64', os.version: '6.8.0-60-generic', java.version: '21.0.11'
Driver info: org.openqa.selenium.chrome.ChromeDriver
Capabilities {acceptInsecureCerts: false, browserName: chrome, browserVersion: 143.0.7499.40, chrome: {chromedriverVersion: 143.0.7499.192 (be2c1f4fd45..., userDataDir: /tmp/.org.chromium.Chromium...}, fedcm:accounts: true, goog:chromeOptions: {debuggerAddress: localhost:36027}, goog:processID: 7871, networkConnectionEnabled: false, pageLoadStrategy: normal, platformName: linux, proxy: Proxy(), se:cdp: ws://localhost:36027/devtoo..., se:cdpVersion: 143.0.7499.40, setWindowRect: true, strictFileInteractability: false, timeouts: {implicit: 0, pageLoad: 300000, script: 30000}, unhandledPromptBehavior: dismiss and notify, webauthn:extension:credBlob: true, webauthn:extension:largeBlob: true, webauthn:extension:minPinLength: true, webauthn:extension:prf: true, webauthn:virtualAuthenticators: true}
Session ID: bd58774e1e83140bfd8e1e46a4282df4
	at org.openqa.selenium.support.ui.WebDriverWait.timeoutException(WebDriverWait.java:84)
	at org.openqa.selenium.support.ui.FluentWait.until(FluentWait.java:228)
	at com.xats.automation.tests.pages.JobInDetailViewPage.click(JobInDetailViewPage.java:66)
	at com.xats.automation.tests.pages.JobInDetailViewPage.clickJobId(JobInDetailViewPage.java:71)
	at com.xats.automation.tests.stepdefinitions.JobInDetailViewSteps.user_navigates_to_job_detail_view(JobInDetailViewSteps.java:18)
	at ✽.user navigates to job detail view(file:///runner/_work/automation/automation/src/test/resources/features/08_CandidateSubmission.feature:46)
]]>
</failure>
<system-out><![CDATA[
Given User is on login page.................................................passed
When User enters username and password from config file.....................passed
And User clicks on login button.............................................passed
When user navigates to job detail view......................................failed
When user navigates submission page.........................................skipped
And user deletes the document in submission.................................skipped
]]></system-out>
</testcase>
<testcase classname="Submission page" name="Interview creation" time="26.458">
<failure type="org.openqa.selenium.TimeoutException" message="Expected condition failed: waiting for element to be clickable: By.xpath: /html/body/div[2]/aside/nav/ul/li[4]/a (tried for 25 second(s) with 500 milliseconds interval)
Build info: version: '4.25.0', revision: '8a8aea2337'
System info: os.name: 'Linux', os.arch: 'amd64', os.version: '6.8.0-60-generic', java.version: '21.0.11'
Driver info: org.openqa.selenium.chrome.ChromeDriver
Capabilities {acceptInsecureCerts: false, browserName: chrome, browserVersion: 143.0.7499.40, chrome: {chromedriverVersion: 143.0.7499.192 (be2c1f4fd45..., userDataDir: /tmp/.org.chromium.Chromium...}, fedcm:accounts: true, goog:chromeOptions: {debuggerAddress: localhost:46619}, goog:processID: 8138, networkConnectionEnabled: false, pageLoadStrategy: normal, platformName: linux, proxy: Proxy(), se:cdp: ws://localhost:46619/devtoo..., se:cdpVersion: 143.0.7499.40, setWindowRect: true, strictFileInteractability: false, timeouts: {implicit: 0, pageLoad: 300000, script: 30000}, unhandledPromptBehavior: dismiss and notify, webauthn:extension:credBlob: true, webauthn:extension:largeBlob: true, webauthn:extension:minPinLength: true, webauthn:extension:prf: true, webauthn:virtualAuthenticators: true}
Session ID: 9e313e3fdb432a2b442ab82179a80e49">
<![CDATA[org.openqa.selenium.TimeoutException: Expected condition failed: waiting for element to be clickable: By.xpath: /html/body/div[2]/aside/nav/ul/li[4]/a (tried for 25 second(s) with 500 milliseconds interval)
Build info: version: '4.25.0', revision: '8a8aea2337'
System info: os.name: 'Linux', os.arch: 'amd64', os.version: '6.8.0-60-generic', java.version: '21.0.11'
Driver info: org.openqa.selenium.chrome.ChromeDriver
Capabilities {acceptInsecureCerts: false, browserName: chrome, browserVersion: 143.0.7499.40, chrome: {chromedriverVersion: 143.0.7499.192 (be2c1f4fd45..., userDataDir: /tmp/.org.chromium.Chromium...}, fedcm:accounts: true, goog:chromeOptions: {debuggerAddress: localhost:46619}, goog:processID: 8138, networkConnectionEnabled: false, pageLoadStrategy: normal, platformName: linux, proxy: Proxy(), se:cdp: ws://localhost:46619/devtoo..., se:cdpVersion: 143.0.7499.40, setWindowRect: true, strictFileInteractability: false, timeouts: {implicit: 0, pageLoad: 300000, script: 30000}, unhandledPromptBehavior: dismiss and notify, webauthn:extension:credBlob: true, webauthn:extension:largeBlob: true, webauthn:extension:minPinLength: true, webauthn:extension:prf: true, webauthn:virtualAuthenticators: true}
Session ID: 9e313e3fdb432a2b442ab82179a80e49
	at org.openqa.selenium.support.ui.WebDriverWait.timeoutException(WebDriverWait.java:84)
	at org.openqa.selenium.support.ui.FluentWait.until(FluentWait.java:228)
	at com.xats.automation.tests.pages.JobInDetailViewPage.click(JobInDetailViewPage.java:66)
	at com.xats.automation.tests.pages.JobInDetailViewPage.clickJobId(JobInDetailViewPage.java:71)
	at com.xats.automation.tests.stepdefinitions.JobInDetailViewSteps.user_navigates_to_job_detail_view(JobInDetailViewSteps.java:18)
	at ✽.user navigates to job detail view(file:///runner/_work/automation/automation/src/test/resources/features/08_CandidateSubmission.feature:52)
]]>
</failure>
<system-out><![CDATA[
Given User is on login page.................................................passed
When User enters username and password from config file.....................passed
And User clicks on login button.............................................passed
When user navigates to job detail view......................................failed
When user navigates submission page.........................................skipped
And User creates a interview................................................skipped
]]></system-out>
</testcase>
<testcase classname="Submission page" name="Create a Task" time="26.327">
<failure type="org.openqa.selenium.TimeoutException" message="Expected condition failed: waiting for element to be clickable: By.xpath: /html/body/div[2]/aside/nav/ul/li[4]/a (tried for 25 second(s) with 500 milliseconds interval)
Build info: version: '4.25.0', revision: '8a8aea2337'
System info: os.name: 'Linux', os.arch: 'amd64', os.version: '6.8.0-60-generic', java.version: '21.0.11'
Driver info: org.openqa.selenium.chrome.ChromeDriver
Capabilities {acceptInsecureCerts: false, browserName: chrome, browserVersion: 143.0.7499.40, chrome: {chromedriverVersion: 143.0.7499.192 (be2c1f4fd45..., userDataDir: /tmp/.org.chromium.Chromium...}, fedcm:accounts: true, goog:chromeOptions: {debuggerAddress: localhost:38411}, goog:processID: 8401, networkConnectionEnabled: false, pageLoadStrategy: normal, platformName: linux, proxy: Proxy(), se:cdp: ws://localhost:38411/devtoo..., se:cdpVersion: 143.0.7499.40, setWindowRect: true, strictFileInteractability: false, timeouts: {implicit: 0, pageLoad: 300000, script: 30000}, unhandledPromptBehavior: dismiss and notify, webauthn:extension:credBlob: true, webauthn:extension:largeBlob: true, webauthn:extension:minPinLength: true, webauthn:extension:prf: true, webauthn:virtualAuthenticators: true}
Session ID: e832e4f1ef86ccc4ac441612fb516bc3">
<![CDATA[org.openqa.selenium.TimeoutException: Expected condition failed: waiting for element to be clickable: By.xpath: /html/body/div[2]/aside/nav/ul/li[4]/a (tried for 25 second(s) with 500 milliseconds interval)
Build info: version: '4.25.0', revision: '8a8aea2337'
System info: os.name: 'Linux', os.arch: 'amd64', os.version: '6.8.0-60-generic', java.version: '21.0.11'
Driver info: org.openqa.selenium.chrome.ChromeDriver
Capabilities {acceptInsecureCerts: false, browserName: chrome, browserVersion: 143.0.7499.40, chrome: {chromedriverVersion: 143.0.7499.192 (be2c1f4fd45..., userDataDir: /tmp/.org.chromium.Chromium...}, fedcm:accounts: true, goog:chromeOptions: {debuggerAddress: localhost:38411}, goog:processID: 8401, networkConnectionEnabled: false, pageLoadStrategy: normal, platformName: linux, proxy: Proxy(), se:cdp: ws://localhost:38411/devtoo..., se:cdpVersion: 143.0.7499.40, setWindowRect: true, strictFileInteractability: false, timeouts: {implicit: 0, pageLoad: 300000, script: 30000}, unhandledPromptBehavior: dismiss and notify, webauthn:extension:credBlob: true, webauthn:extension:largeBlob: true, webauthn:extension:minPinLength: true, webauthn:extension:prf: true, webauthn:virtualAuthenticators: true}
Session ID: e832e4f1ef86ccc4ac441612fb516bc3
	at org.openqa.selenium.support.ui.WebDriverWait.timeoutException(WebDriverWait.java:84)
	at org.openqa.selenium.support.ui.FluentWait.until(FluentWait.java:228)
	at com.xats.automation.tests.pages.JobInDetailViewPage.click(JobInDetailViewPage.java:66)
	at com.xats.automation.tests.pages.JobInDetailViewPage.clickJobId(JobInDetailViewPage.java:71)
	at com.xats.automation.tests.stepdefinitions.JobInDetailViewSteps.user_navigates_to_job_detail_view(JobInDetailViewSteps.java:18)
	at ✽.user navigates to job detail view(file:///runner/_work/automation/automation/src/test/resources/features/08_CandidateSubmission.feature:59)
]]>
</failure>
<system-out><![CDATA[
Given User is on login page.................................................passed
When User enters username and password from config file.....................passed
And User clicks on login button.............................................passed
When user navigates to job detail view......................................failed
When user navigates submission page.........................................skipped
When user create a task in submission.......................................skipped
]]></system-out>
</testcase>
</testsuite>
