[{"line":2,"elements":[{"start_timestamp":"2026-01-17T16:18:24.299Z","before":[{"result":{"duration":2513776846,"status":"passed"},"match":{"location":"com.xats.automation.tests.Hooks.Hooks.setUp()"}}],"line":4,"name":"Valid user logs in successfully","description":"","id":"login-feature;valid-user-logs-in-successfully","after":[{"result":{"duration":85743947,"status":"passed"},"match":{"location":"com.xats.automation.tests.Hooks.Hooks.tearDown(io.cucumber.java.Scenario)"}}],"type":"scenario","keyword":"Scenario","steps":[{"result":{"duration":249512326,"status":"passed"},"line":5,"name":"User is on login page","match":{"location":"com.xats.automation.tests.stepdefinitions.LoginSteps.user_is_on_login_page()"},"keyword":"Given "},{"result":{"error_message":"org.openqa.selenium.NoSuchElementException: no such element: Unable to locate element: {\"method\":\"xpath\",\"selector\":\"/html/body/div[2]/div/div[2]/form/div[1]/div[1]/input\"}\n  (Session info: chrome=143.0.7499.40)\nFor documentation on this error, please visit: https://www.selenium.dev/documentation/webdriver/troubleshooting/errors#no-such-element-exception\nBuild info: version: '4.25.0', revision: '8a8aea2337'\nSystem info: os.name: 'Linux', os.arch: 'amd64', os.version: '6.8.0-60-generic', java.version: '21.0.9'\nDriver info: org.openqa.selenium.chrome.ChromeDriver\nCommand: [27632054aba55f38039503d35e949b1f, findElement {value=/html/body/div[2]/div/div[2]/form/div[1]/div[1]/input, using=xpath}]\nCapabilities {acceptInsecureCerts: false, browserName: chrome, browserVersion: 143.0.7499.40, chrome: {chromedriverVersion: 143.0.7499.192 (be2c1f4fd45..., userDataDir: /tmp/.org.chromium.Chromium...}, fedcm:accounts: true, goog:chromeOptions: {debuggerAddress: localhost:39859}, goog:processID: 1215, networkConnectionEnabled: false, pageLoadStrategy: normal, platformName: linux, proxy: Proxy(), se:cdp: ws://localhost:39859/devtoo..., se:cdpVersion: 143.0.7499.40, setWindowRect: true, strictFileInteractability: false, timeouts: {implicit: 0, pageLoad: 300000, script: 30000}, unhandledPromptBehavior: dismiss and notify, webauthn:extension:credBlob: true, webauthn:extension:largeBlob: true, webauthn:extension:minPinLength: true, webauthn:extension:prf: true, webauthn:virtualAuthenticators: true}\nSession ID: 27632054aba55f38039503d35e949b1f\n\tat java.base/jdk.internal.reflect.DirectConstructorHandleAccessor.newInstance(DirectConstructorHandleAccessor.java:62)\n\tat java.base/java.lang.reflect.Constructor.newInstanceWithCaller(Constructor.java:502)\n\tat java.base/java.lang.reflect.Constructor.newInstance(Constructor.java:486)\n\tat org.openqa.selenium.remote.ErrorCodec.decode(ErrorCodec.java:167)\n\tat org.openqa.selenium.remote.codec.w3c.W3CHttpResponseCodec.decode(W3CHttpResponseCodec.java:138)\n\tat org.openqa.selenium.remote.codec.w3c.W3CHttpResponseCodec.decode(W3CHttpResponseCodec.java:50)\n\tat org.openqa.selenium.remote.HttpCommandExecutor.execute(HttpCommandExecutor.java:190)\n\tat org.openqa.selenium.remote.service.DriverCommandExecutor.invokeExecute(DriverCommandExecutor.java:216)\n\tat org.openqa.selenium.remote.service.DriverCommandExecutor.execute(DriverCommandExecutor.java:174)\n\tat org.openqa.selenium.remote.RemoteWebDriver.execute(RemoteWebDriver.java:545)\n\tat org.openqa.selenium.remote.ElementLocation$ElementFinder$2.findElement(ElementLocation.java:165)\n\tat org.openqa.selenium.remote.ElementLocation.findElement(ElementLocation.java:59)\n\tat org.openqa.selenium.remote.RemoteWebDriver.findElement(RemoteWebDriver.java:368)\n\tat org.openqa.selenium.remote.RemoteWebDriver.findElement(RemoteWebDriver.java:362)\n\tat com.xats.automation.tests.pages.LoginPage.enterUsername(LoginPage.java:21)\n\tat com.xats.automation.tests.stepdefinitions.LoginSteps.user_enters_credentials_from_config(LoginSteps.java:27)\n\tat ✽.User enters username and password from config file(file:///runner/_work/automation/automation/src/test/resources/features/01_Login.feature:6)\n","duration":46983553,"status":"failed"},"line":6,"name":"User enters username and password from config file","match":{"location":"com.xats.automation.tests.stepdefinitions.LoginSteps.user_enters_credentials_from_config()"},"keyword":"When "},{"result":{"duration":722057,"status":"skipped"},"line":7,"name":"User clicks on login button","match":{"location":"com.xats.automation.tests.stepdefinitions.LoginSteps.user_clicks_on_login_button()"},"keyword":"And "},{"result":{"duration":635318,"status":"skipped"},"line":8,"name":"User should land on dashboard","match":{"location":"com.xats.automation.tests.stepdefinitions.LoginSteps.user_should_land_on_dashboard()"},"keyword":"Then "}],"tags":[{"name":"@login"}]}],"name":"Login Feature","description":"","id":"login-feature","keyword":"Feature","uri":"file:src/test/resources/features/01_Login.feature","tags":[{"name":"@login","type":"Tag","location":{"line":1,"column":1}}]},{"line":2,"elements":[{"start_timestamp":"2026-01-17T16:18:27.306Z","before":[{"result":{"duration":490309764,"status":"passed"},"match":{"location":"com.xats.automation.tests.Hooks.Hooks.setUp()"}}],"line":5,"name":"Valid user logs in and creates a new client","description":"","id":"client-creation;valid-user-logs-in-and-creates-a-new-client","after":[{"result":{"duration":90318504,"status":"passed"},"match":{"location":"com.xats.automation.tests.Hooks.Hooks.tearDown(io.cucumber.java.Scenario)"}}],"type":"scenario","keyword":"Scenario","steps":[{"result":{"duration":187299599,"status":"passed"},"line":6,"name":"User is on login page","match":{"location":"com.xats.automation.tests.stepdefinitions.LoginSteps.user_is_on_login_page()"},"keyword":"Given "},{"result":{"error_message":"org.openqa.selenium.NoSuchElementException: no such element: Unable to locate element: {\"method\":\"xpath\",\"selector\":\"/html/body/div[2]/div/div[2]/form/div[1]/div[1]/input\"}\n  (Session info: chrome=143.0.7499.40)\nFor documentation on this error, please visit: https://www.selenium.dev/documentation/webdriver/troubleshooting/errors#no-such-element-exception\nBuild info: version: '4.25.0', revision: '8a8aea2337'\nSystem info: os.name: 'Linux', os.arch: 'amd64', os.version: '6.8.0-60-generic', java.version: '21.0.9'\nDriver info: org.openqa.selenium.chrome.ChromeDriver\nCommand: [22cd32dffee5280c9ec241795abcadf2, findElement {value=/html/body/div[2]/div/div[2]/form/div[1]/div[1]/input, using=xpath}]\nCapabilities {acceptInsecureCerts: false, browserName: chrome, browserVersion: 143.0.7499.40, chrome: {chromedriverVersion: 143.0.7499.192 (be2c1f4fd45..., userDataDir: /tmp/.org.chromium.Chromium...}, fedcm:accounts: true, goog:chromeOptions: {debuggerAddress: localhost:33463}, goog:processID: 1357, networkConnectionEnabled: false, pageLoadStrategy: normal, platformName: linux, proxy: Proxy(), se:cdp: ws://localhost:33463/devtoo..., se:cdpVersion: 143.0.7499.40, setWindowRect: true, strictFileInteractability: false, timeouts: {implicit: 0, pageLoad: 300000, script: 30000}, unhandledPromptBehavior: dismiss and notify, webauthn:extension:credBlob: true, webauthn:extension:largeBlob: true, webauthn:extension:minPinLength: true, webauthn:extension:prf: true, webauthn:virtualAuthenticators: true}\nSession ID: 22cd32dffee5280c9ec241795abcadf2\n\tat java.base/jdk.internal.reflect.DirectConstructorHandleAccessor.newInstance(DirectConstructorHandleAccessor.java:62)\n\tat java.base/java.lang.reflect.Constructor.newInstanceWithCaller(Constructor.java:502)\n\tat java.base/java.lang.reflect.Constructor.newInstance(Constructor.java:486)\n\tat org.openqa.selenium.remote.ErrorCodec.decode(ErrorCodec.java:167)\n\tat org.openqa.selenium.remote.codec.w3c.W3CHttpResponseCodec.decode(W3CHttpResponseCodec.java:138)\n\tat org.openqa.selenium.remote.codec.w3c.W3CHttpResponseCodec.decode(W3CHttpResponseCodec.java:50)\n\tat org.openqa.selenium.remote.HttpCommandExecutor.execute(HttpCommandExecutor.java:190)\n\tat org.openqa.selenium.remote.service.DriverCommandExecutor.invokeExecute(DriverCommandExecutor.java:216)\n\tat org.openqa.selenium.remote.service.DriverCommandExecutor.execute(DriverCommandExecutor.java:174)\n\tat org.openqa.selenium.remote.RemoteWebDriver.execute(RemoteWebDriver.java:545)\n\tat org.openqa.selenium.remote.ElementLocation$ElementFinder$2.findElement(ElementLocation.java:165)\n\tat org.openqa.selenium.remote.ElementLocation.findElement(ElementLocation.java:59)\n\tat org.openqa.selenium.remote.RemoteWebDriver.findElement(RemoteWebDriver.java:368)\n\tat org.openqa.selenium.remote.RemoteWebDriver.findElement(RemoteWebDriver.java:362)\n\tat com.xats.automation.tests.pages.LoginPage.enterUsername(LoginPage.java:21)\n\tat com.xats.automation.tests.stepdefinitions.LoginSteps.user_enters_credentials_from_config(LoginSteps.java:27)\n\tat ✽.User enters username and password from config file(file:///runner/_work/automation/automation/src/test/resources/features/02_ClientCreation.feature:7)\n","duration":28255013,"status":"failed"},"line":7,"name":"User enters username and password from config file","match":{"location":"com.xats.automation.tests.stepdefinitions.LoginSteps.user_enters_credentials_from_config()"},"keyword":"When "},{"result":{"duration":318987,"status":"skipped"},"line":8,"name":"User clicks on login button","match":{"location":"com.xats.automation.tests.stepdefinitions.LoginSteps.user_clicks_on_login_button()"},"keyword":"And "},{"result":{"duration":249025,"status":"skipped"},"line":9,"name":"User should land on dashboard","match":{"location":"com.xats.automation.tests.stepdefinitions.LoginSteps.user_should_land_on_dashboard()"},"keyword":"Then "},{"result":{"duration":301018,"status":"skipped"},"line":10,"name":"User navigates to client creation page and adds new client","match":{"location":"com.xats.automation.tests.stepdefinitions.ClientSteps.user_navigates_to_client_creation_page_and_adds_new_client()"},"keyword":"And "}],"tags":[{"name":"@client"},{"name":"@CreateClient"}]}],"name":"Client Creation","description":"","id":"client-creation","keyword":"Feature","uri":"file:src/test/resources/features/02_ClientCreation.feature","tags":[{"name":"@client","type":"Tag","location":{"line":1,"column":1}}]},{"line":2,"elements":[{"start_timestamp":"2026-01-17T16:18:28.118Z","before":[{"result":{"duration":447974200,"status":"passed"},"match":{"location":"com.xats.automation.tests.Hooks.Hooks.setUp()"}}],"line":5,"name":"Create a new contact under an existing client","description":"","id":"contact-creation;create-a-new-contact-under-an-existing-client","after":[{"result":{"duration":84183480,"status":"passed"},"match":{"location":"com.xats.automation.tests.Hooks.Hooks.tearDown(io.cucumber.java.Scenario)"}}],"type":"scenario","keyword":"Scenario","steps":[{"result":{"duration":176530777,"status":"passed"},"line":6,"name":"User is on login page","match":{"location":"com.xats.automation.tests.stepdefinitions.LoginSteps.user_is_on_login_page()"},"keyword":"Given "},{"result":{"error_message":"org.openqa.selenium.NoSuchElementException: no such element: Unable to locate element: {\"method\":\"xpath\",\"selector\":\"/html/body/div[2]/div/div[2]/form/div[1]/div[1]/input\"}\n  (Session info: chrome=143.0.7499.40)\nFor documentation on this error, please visit: https://www.selenium.dev/documentation/webdriver/troubleshooting/errors#no-such-element-exception\nBuild info: version: '4.25.0', revision: '8a8aea2337'\nSystem info: os.name: 'Linux', os.arch: 'amd64', os.version: '6.8.0-60-generic', java.version: '21.0.9'\nDriver info: org.openqa.selenium.chrome.ChromeDriver\nCommand: [1cefe40f000b07257774096f74e68806, findElement {value=/html/body/div[2]/div/div[2]/form/div[1]/div[1]/input, using=xpath}]\nCapabilities {acceptInsecureCerts: false, browserName: chrome, browserVersion: 143.0.7499.40, chrome: {chromedriverVersion: 143.0.7499.192 (be2c1f4fd45..., userDataDir: /tmp/.org.chromium.Chromium...}, fedcm:accounts: true, goog:chromeOptions: {debuggerAddress: localhost:33607}, goog:processID: 1501, networkConnectionEnabled: false, pageLoadStrategy: normal, platformName: linux, proxy: Proxy(), se:cdp: ws://localhost:33607/devtoo..., se:cdpVersion: 143.0.7499.40, setWindowRect: true, strictFileInteractability: false, timeouts: {implicit: 0, pageLoad: 300000, script: 30000}, unhandledPromptBehavior: dismiss and notify, webauthn:extension:credBlob: true, webauthn:extension:largeBlob: true, webauthn:extension:minPinLength: true, webauthn:extension:prf: true, webauthn:virtualAuthenticators: true}\nSession ID: 1cefe40f000b07257774096f74e68806\n\tat java.base/jdk.internal.reflect.DirectConstructorHandleAccessor.newInstance(DirectConstructorHandleAccessor.java:62)\n\tat java.base/java.lang.reflect.Constructor.newInstanceWithCaller(Constructor.java:502)\n\tat java.base/java.lang.reflect.Constructor.newInstance(Constructor.java:486)\n\tat org.openqa.selenium.remote.ErrorCodec.decode(ErrorCodec.java:167)\n\tat org.openqa.selenium.remote.codec.w3c.W3CHttpResponseCodec.decode(W3CHttpResponseCodec.java:138)\n\tat org.openqa.selenium.remote.codec.w3c.W3CHttpResponseCodec.decode(W3CHttpResponseCodec.java:50)\n\tat org.openqa.selenium.remote.HttpCommandExecutor.execute(HttpCommandExecutor.java:190)\n\tat org.openqa.selenium.remote.service.DriverCommandExecutor.invokeExecute(DriverCommandExecutor.java:216)\n\tat org.openqa.selenium.remote.service.DriverCommandExecutor.execute(DriverCommandExecutor.java:174)\n\tat org.openqa.selenium.remote.RemoteWebDriver.execute(RemoteWebDriver.java:545)\n\tat org.openqa.selenium.remote.ElementLocation$ElementFinder$2.findElement(ElementLocation.java:165)\n\tat org.openqa.selenium.remote.ElementLocation.findElement(ElementLocation.java:59)\n\tat org.openqa.selenium.remote.RemoteWebDriver.findElement(RemoteWebDriver.java:368)\n\tat org.openqa.selenium.remote.RemoteWebDriver.findElement(RemoteWebDriver.java:362)\n\tat com.xats.automation.tests.pages.LoginPage.enterUsername(LoginPage.java:21)\n\tat com.xats.automation.tests.stepdefinitions.LoginSteps.user_enters_credentials_from_config(LoginSteps.java:27)\n\tat ✽.User enters username and password from config file(file:///runner/_work/automation/automation/src/test/resources/features/03_ContactCreation.feature:7)\n","duration":23066826,"status":"failed"},"line":7,"name":"User enters username and password from config file","match":{"location":"com.xats.automation.tests.stepdefinitions.LoginSteps.user_enters_credentials_from_config()"},"keyword":"When "},{"result":{"duration":341821,"status":"skipped"},"line":8,"name":"User clicks on login button","match":{"location":"com.xats.automation.tests.stepdefinitions.LoginSteps.user_clicks_on_login_button()"},"keyword":"And "},{"result":{"duration":215704,"status":"skipped"},"line":9,"name":"User should land on dashboard","match":{"location":"com.xats.automation.tests.stepdefinitions.LoginSteps.user_should_land_on_dashboard()"},"keyword":"Then "},{"result":{"duration":199906,"status":"skipped"},"line":10,"name":"User navigates to client section and adds a new contact","match":{"location":"com.xats.automation.tests.stepdefinitions.ContactSteps.user_navigates_to_client_and_adds_contact()"},"keyword":"When "},{"result":{"duration":211269,"status":"skipped"},"line":11,"name":"New contact should be created successfully","match":{"location":"com.xats.automation.tests.stepdefinitions.ContactSteps.new_contact_should_be_created_successfully()"},"keyword":"Then "}],"tags":[{"name":"@contact"},{"name":"@CreateContact"}]}],"name":"Contact Creation","description":"","id":"contact-creation","keyword":"Feature","uri":"file:src/test/resources/features/03_ContactCreation.feature","tags":[{"name":"@contact","type":"Tag","location":{"line":1,"column":1}}]},{"line":2,"elements":[{"start_timestamp":"2026-01-17T16:18:28.867Z","before":[{"result":{"duration":528640990,"status":"passed"},"match":{"location":"com.xats.automation.tests.Hooks.Hooks.setUp()"}}],"line":5,"name":"Create a new Job","description":"","id":"job-creation;create-a-new-job","after":[{"result":{"duration":73488736,"status":"passed"},"match":{"location":"com.xats.automation.tests.Hooks.Hooks.tearDown(io.cucumber.java.Scenario)"}}],"type":"scenario","keyword":"Scenario","steps":[{"result":{"duration":176602290,"status":"passed"},"line":6,"name":"User is on login page","match":{"location":"com.xats.automation.tests.stepdefinitions.LoginSteps.user_is_on_login_page()"},"keyword":"Given "},{"result":{"error_message":"org.openqa.selenium.NoSuchElementException: no such element: Unable to locate element: {\"method\":\"xpath\",\"selector\":\"/html/body/div[2]/div/div[2]/form/div[1]/div[1]/input\"}\n  (Session info: chrome=143.0.7499.40)\nFor documentation on this error, please visit: https://www.selenium.dev/documentation/webdriver/troubleshooting/errors#no-such-element-exception\nBuild info: version: '4.25.0', revision: '8a8aea2337'\nSystem info: os.name: 'Linux', os.arch: 'amd64', os.version: '6.8.0-60-generic', java.version: '21.0.9'\nDriver info: org.openqa.selenium.chrome.ChromeDriver\nCommand: [365605abbe2a424aaccb5ab3fa6f3f83, findElement {value=/html/body/div[2]/div/div[2]/form/div[1]/div[1]/input, using=xpath}]\nCapabilities {acceptInsecureCerts: false, browserName: chrome, browserVersion: 143.0.7499.40, chrome: {chromedriverVersion: 143.0.7499.192 (be2c1f4fd45..., userDataDir: /tmp/.org.chromium.Chromium...}, fedcm:accounts: true, goog:chromeOptions: {debuggerAddress: localhost:41771}, goog:processID: 1647, networkConnectionEnabled: false, pageLoadStrategy: normal, platformName: linux, proxy: Proxy(), se:cdp: ws://localhost:41771/devtoo..., se:cdpVersion: 143.0.7499.40, setWindowRect: true, strictFileInteractability: false, timeouts: {implicit: 0, pageLoad: 300000, script: 30000}, unhandledPromptBehavior: dismiss and notify, webauthn:extension:credBlob: true, webauthn:extension:largeBlob: true, webauthn:extension:minPinLength: true, webauthn:extension:prf: true, webauthn:virtualAuthenticators: true}\nSession ID: 365605abbe2a424aaccb5ab3fa6f3f83\n\tat java.base/jdk.internal.reflect.DirectConstructorHandleAccessor.newInstance(DirectConstructorHandleAccessor.java:62)\n\tat java.base/java.lang.reflect.Constructor.newInstanceWithCaller(Constructor.java:502)\n\tat java.base/java.lang.reflect.Constructor.newInstance(Constructor.java:486)\n\tat org.openqa.selenium.remote.ErrorCodec.decode(ErrorCodec.java:167)\n\tat org.openqa.selenium.remote.codec.w3c.W3CHttpResponseCodec.decode(W3CHttpResponseCodec.java:138)\n\tat org.openqa.selenium.remote.codec.w3c.W3CHttpResponseCodec.decode(W3CHttpResponseCodec.java:50)\n\tat org.openqa.selenium.remote.HttpCommandExecutor.execute(HttpCommandExecutor.java:190)\n\tat org.openqa.selenium.remote.service.DriverCommandExecutor.invokeExecute(DriverCommandExecutor.java:216)\n\tat org.openqa.selenium.remote.service.DriverCommandExecutor.execute(DriverCommandExecutor.java:174)\n\tat org.openqa.selenium.remote.RemoteWebDriver.execute(RemoteWebDriver.java:545)\n\tat org.openqa.selenium.remote.ElementLocation$ElementFinder$2.findElement(ElementLocation.java:165)\n\tat org.openqa.selenium.remote.ElementLocation.findElement(ElementLocation.java:59)\n\tat org.openqa.selenium.remote.RemoteWebDriver.findElement(RemoteWebDriver.java:368)\n\tat org.openqa.selenium.remote.RemoteWebDriver.findElement(RemoteWebDriver.java:362)\n\tat com.xats.automation.tests.pages.LoginPage.enterUsername(LoginPage.java:21)\n\tat com.xats.automation.tests.stepdefinitions.LoginSteps.user_enters_credentials_from_config(LoginSteps.java:27)\n\tat ✽.User enters username and password from config file(file:///runner/_work/automation/automation/src/test/resources/features/04_JobCreation.feature:7)\n","duration":22956630,"status":"failed"},"line":7,"name":"User enters username and password from config file","match":{"location":"com.xats.automation.tests.stepdefinitions.LoginSteps.user_enters_credentials_from_config()"},"keyword":"When "},{"result":{"duration":320233,"status":"skipped"},"line":8,"name":"User clicks on login button","match":{"location":"com.xats.automation.tests.stepdefinitions.LoginSteps.user_clicks_on_login_button()"},"keyword":"And "},{"result":{"duration":213038,"status":"skipped"},"line":9,"name":"User should land on dashboard","match":{"location":"com.xats.automation.tests.stepdefinitions.LoginSteps.user_should_land_on_dashboard()"},"keyword":"Then "},{"result":{"duration":285589,"status":"skipped"},"line":10,"name":"User navigates to job section and adds a new job","match":{"location":"com.xats.automation.tests.stepdefinitions.JobCreationSteps.user_navigates_to_Job_and_adds_job()"},"keyword":"When "},{"result":{"duration":184751,"status":"skipped"},"line":11,"name":"New job should be created successfully","match":{"location":"com.xats.automation.tests.stepdefinitions.JobCreationSteps.new_job_should_be_created_successfully()"},"keyword":"Then "}],"tags":[{"name":"@job"},{"name":"@CreateJob"}]}],"name":"Job Creation","description":"","id":"job-creation","keyword":"Feature","uri":"file:src/test/resources/features/04_JobCreation.feature","tags":[{"name":"@job","type":"Tag","location":{"line":1,"column":1}}]},{"line":2,"elements":[{"start_timestamp":"2026-01-17T16:18:29.683Z","before":[{"result":{"duration":461409925,"status":"passed"},"match":{"location":"com.xats.automation.tests.Hooks.Hooks.setUp()"}}],"line":5,"name":"Create adds a new candidate","description":"","id":"candidate-creation;create-adds-a-new-candidate","after":[{"result":{"duration":76219935,"status":"passed"},"match":{"location":"com.xats.automation.tests.Hooks.Hooks.tearDown(io.cucumber.java.Scenario)"}}],"type":"scenario","keyword":"Scenario","steps":[{"result":{"duration":170122051,"status":"passed"},"line":6,"name":"User is on login page","match":{"location":"com.xats.automation.tests.stepdefinitions.LoginSteps.user_is_on_login_page()"},"keyword":"Given "},{"result":{"error_message":"org.openqa.selenium.NoSuchElementException: no such element: Unable to locate element: {\"method\":\"xpath\",\"selector\":\"/html/body/div[2]/div/div[2]/form/div[1]/div[1]/input\"}\n  (Session info: chrome=143.0.7499.40)\nFor documentation on this error, please visit: https://www.selenium.dev/documentation/webdriver/troubleshooting/errors#no-such-element-exception\nBuild info: version: '4.25.0', revision: '8a8aea2337'\nSystem info: os.name: 'Linux', os.arch: 'amd64', os.version: '6.8.0-60-generic', java.version: '21.0.9'\nDriver info: org.openqa.selenium.chrome.ChromeDriver\nCommand: [25fbed8da33351ee5ddc0750721a05b4, findElement {value=/html/body/div[2]/div/div[2]/form/div[1]/div[1]/input, using=xpath}]\nCapabilities {acceptInsecureCerts: false, browserName: chrome, browserVersion: 143.0.7499.40, chrome: {chromedriverVersion: 143.0.7499.192 (be2c1f4fd45..., userDataDir: /tmp/.org.chromium.Chromium...}, fedcm:accounts: true, goog:chromeOptions: {debuggerAddress: localhost:44275}, goog:processID: 1790, networkConnectionEnabled: false, pageLoadStrategy: normal, platformName: linux, proxy: Proxy(), se:cdp: ws://localhost:44275/devtoo..., se:cdpVersion: 143.0.7499.40, setWindowRect: true, strictFileInteractability: false, timeouts: {implicit: 0, pageLoad: 300000, script: 30000}, unhandledPromptBehavior: dismiss and notify, webauthn:extension:credBlob: true, webauthn:extension:largeBlob: true, webauthn:extension:minPinLength: true, webauthn:extension:prf: true, webauthn:virtualAuthenticators: true}\nSession ID: 25fbed8da33351ee5ddc0750721a05b4\n\tat java.base/jdk.internal.reflect.DirectConstructorHandleAccessor.newInstance(DirectConstructorHandleAccessor.java:62)\n\tat java.base/java.lang.reflect.Constructor.newInstanceWithCaller(Constructor.java:502)\n\tat java.base/java.lang.reflect.Constructor.newInstance(Constructor.java:486)\n\tat org.openqa.selenium.remote.ErrorCodec.decode(ErrorCodec.java:167)\n\tat org.openqa.selenium.remote.codec.w3c.W3CHttpResponseCodec.decode(W3CHttpResponseCodec.java:138)\n\tat org.openqa.selenium.remote.codec.w3c.W3CHttpResponseCodec.decode(W3CHttpResponseCodec.java:50)\n\tat org.openqa.selenium.remote.HttpCommandExecutor.execute(HttpCommandExecutor.java:190)\n\tat org.openqa.selenium.remote.service.DriverCommandExecutor.invokeExecute(DriverCommandExecutor.java:216)\n\tat org.openqa.selenium.remote.service.DriverCommandExecutor.execute(DriverCommandExecutor.java:174)\n\tat org.openqa.selenium.remote.RemoteWebDriver.execute(RemoteWebDriver.java:545)\n\tat org.openqa.selenium.remote.ElementLocation$ElementFinder$2.findElement(ElementLocation.java:165)\n\tat org.openqa.selenium.remote.ElementLocation.findElement(ElementLocation.java:59)\n\tat org.openqa.selenium.remote.RemoteWebDriver.findElement(RemoteWebDriver.java:368)\n\tat org.openqa.selenium.remote.RemoteWebDriver.findElement(RemoteWebDriver.java:362)\n\tat com.xats.automation.tests.pages.LoginPage.enterUsername(LoginPage.java:21)\n\tat com.xats.automation.tests.stepdefinitions.LoginSteps.user_enters_credentials_from_config(LoginSteps.java:27)\n\tat ✽.User enters username and password from config file(file:///runner/_work/automation/automation/src/test/resources/features/05_CandidateCreation.feature:7)\n","duration":30274478,"status":"failed"},"line":7,"name":"User enters username and password from config file","match":{"location":"com.xats.automation.tests.stepdefinitions.LoginSteps.user_enters_credentials_from_config()"},"keyword":"When "},{"result":{"duration":292084,"status":"skipped"},"line":8,"name":"User clicks on login button","match":{"location":"com.xats.automation.tests.stepdefinitions.LoginSteps.user_clicks_on_login_button()"},"keyword":"And "},{"result":{"duration":192966,"status":"skipped"},"line":9,"name":"User adds a new candidate","match":{"location":"com.xats.automation.tests.stepdefinitions.CandidateCreationSteps.user_navigates_add_a_candidate()"},"keyword":"Then "},{"result":{"duration":229364,"status":"skipped"},"line":10,"name":"New candidate should be created successfully","match":{"location":"com.xats.automation.tests.stepdefinitions.CandidateCreationSteps.new_candidate_should_be_created_successfully()"},"keyword":"Then "}],"tags":[{"name":"@candidate"},{"name":"@CreateCandidate"}]}],"name":"Candidate Creation","description":"","id":"candidate-creation","keyword":"Feature","uri":"file:src/test/resources/features/05_CandidateCreation.feature","tags":[{"name":"@candidate","type":"Tag","location":{"line":1,"column":1}}]},{"line":2,"elements":[{"line":5,"name":"","description":"","type":"background","keyword":"Background","steps":[{"result":{"duration":147543109,"status":"passed"},"line":6,"name":"User is on login page","match":{"location":"com.xats.automation.tests.stepdefinitions.LoginSteps.user_is_on_login_page()"},"keyword":"Given "},{"result":{"error_message":"org.openqa.selenium.NoSuchElementException: no such element: Unable to locate element: {\"method\":\"xpath\",\"selector\":\"/html/body/div[2]/div/div[2]/form/div[1]/div[1]/input\"}\n  (Session info: chrome=143.0.7499.40)\nFor documentation on this error, please visit: https://www.selenium.dev/documentation/webdriver/troubleshooting/errors#no-such-element-exception\nBuild info: version: '4.25.0', revision: '8a8aea2337'\nSystem info: os.name: 'Linux', os.arch: 'amd64', os.version: '6.8.0-60-generic', java.version: '21.0.9'\nDriver info: org.openqa.selenium.chrome.ChromeDriver\nCommand: [d447adda6281e116704feb7206016644, findElement {value=/html/body/div[2]/div/div[2]/form/div[1]/div[1]/input, using=xpath}]\nCapabilities {acceptInsecureCerts: false, browserName: chrome, browserVersion: 143.0.7499.40, chrome: {chromedriverVersion: 143.0.7499.192 (be2c1f4fd45..., userDataDir: /tmp/.org.chromium.Chromium...}, fedcm:accounts: true, goog:chromeOptions: {debuggerAddress: localhost:33727}, goog:processID: 1935, networkConnectionEnabled: false, pageLoadStrategy: normal, platformName: linux, proxy: Proxy(), se:cdp: ws://localhost:33727/devtoo..., se:cdpVersion: 143.0.7499.40, setWindowRect: true, strictFileInteractability: false, timeouts: {implicit: 0, pageLoad: 300000, script: 30000}, unhandledPromptBehavior: dismiss and notify, webauthn:extension:credBlob: true, webauthn:extension:largeBlob: true, webauthn:extension:minPinLength: true, webauthn:extension:prf: true, webauthn:virtualAuthenticators: true}\nSession ID: d447adda6281e116704feb7206016644\n\tat java.base/jdk.internal.reflect.DirectConstructorHandleAccessor.newInstance(DirectConstructorHandleAccessor.java:62)\n\tat java.base/java.lang.reflect.Constructor.newInstanceWithCaller(Constructor.java:502)\n\tat java.base/java.lang.reflect.Constructor.newInstance(Constructor.java:486)\n\tat org.openqa.selenium.remote.ErrorCodec.decode(ErrorCodec.java:167)\n\tat org.openqa.selenium.remote.codec.w3c.W3CHttpResponseCodec.decode(W3CHttpResponseCodec.java:138)\n\tat org.openqa.selenium.remote.codec.w3c.W3CHttpResponseCodec.decode(W3CHttpResponseCodec.java:50)\n\tat org.openqa.selenium.remote.HttpCommandExecutor.execute(HttpCommandExecutor.java:190)\n\tat org.openqa.selenium.remote.service.DriverCommandExecutor.invokeExecute(DriverCommandExecutor.java:216)\n\tat org.openqa.selenium.remote.service.DriverCommandExecutor.execute(DriverCommandExecutor.java:174)\n\tat org.openqa.selenium.remote.RemoteWebDriver.execute(RemoteWebDriver.java:545)\n\tat org.openqa.selenium.remote.ElementLocation$ElementFinder$2.findElement(ElementLocation.java:165)\n\tat org.openqa.selenium.remote.ElementLocation.findElement(ElementLocation.java:59)\n\tat org.openqa.selenium.remote.RemoteWebDriver.findElement(RemoteWebDriver.java:368)\n\tat org.openqa.selenium.remote.RemoteWebDriver.findElement(RemoteWebDriver.java:362)\n\tat com.xats.automation.tests.pages.LoginPage.enterUsername(LoginPage.java:21)\n\tat com.xats.automation.tests.stepdefinitions.LoginSteps.user_enters_credentials_from_config(LoginSteps.java:27)\n\tat ✽.User enters username and password from config file(file:///runner/_work/automation/automation/src/test/resources/features/06_JobInDetailView.feature:7)\n","duration":28170283,"status":"failed"},"line":7,"name":"User enters username and password from config file","match":{"location":"com.xats.automation.tests.stepdefinitions.LoginSteps.user_enters_credentials_from_config()"},"keyword":"When "},{"result":{"duration":256495,"status":"skipped"},"line":8,"name":"User clicks on login button","match":{"location":"com.xats.automation.tests.stepdefinitions.LoginSteps.user_clicks_on_login_button()"},"keyword":"And "}]},{"start_timestamp":"2026-01-17T16:18:30.437Z","before":[{"result":{"duration":421091184,"status":"passed"},"match":{"location":"com.xats.automation.tests.Hooks.Hooks.setUp()"}}],"line":11,"name":"Navigate to job detail view","description":"","id":"job-in-detail-view-actions;navigate-to-job-detail-view","after":[{"result":{"duration":77630259,"status":"passed"},"match":{"location":"com.xats.automation.tests.Hooks.Hooks.tearDown(io.cucumber.java.Scenario)"}}],"type":"scenario","keyword":"Scenario","steps":[{"result":{"duration":185096,"status":"skipped"},"line":12,"name":"user navigates to job detail view","match":{"location":"com.xats.automation.tests.stepdefinitions.JobInDetailViewSteps.user_navigates_to_job_detail_view()"},"keyword":"When "}],"tags":[{"name":"@jobDetail"},{"name":"@JobDetail"}]},{"line":5,"name":"","description":"","type":"background","keyword":"Background","steps":[{"result":{"duration":191333869,"status":"passed"},"line":6,"name":"User is on login page","match":{"location":"com.xats.automation.tests.stepdefinitions.LoginSteps.user_is_on_login_page()"},"keyword":"Given "},{"result":{"error_message":"org.openqa.selenium.NoSuchElementException: no such element: Unable to locate element: {\"method\":\"xpath\",\"selector\":\"/html/body/div[2]/div/div[2]/form/div[1]/div[1]/input\"}\n  (Session info: chrome=143.0.7499.40)\nFor documentation on this error, please visit: https://www.selenium.dev/documentation/webdriver/troubleshooting/errors#no-such-element-exception\nBuild info: version: '4.25.0', revision: '8a8aea2337'\nSystem info: os.name: 'Linux', os.arch: 'amd64', os.version: '6.8.0-60-generic', java.version: '21.0.9'\nDriver info: org.openqa.selenium.chrome.ChromeDriver\nCommand: [70a0457ef0b7d2e8e4e5d013d2e06329, findElement {value=/html/body/div[2]/div/div[2]/form/div[1]/div[1]/input, using=xpath}]\nCapabilities {acceptInsecureCerts: false, browserName: chrome, browserVersion: 143.0.7499.40, chrome: {chromedriverVersion: 143.0.7499.192 (be2c1f4fd45..., userDataDir: /tmp/.org.chromium.Chromium...}, fedcm:accounts: true, goog:chromeOptions: {debuggerAddress: localhost:34979}, goog:processID: 2080, networkConnectionEnabled: false, pageLoadStrategy: normal, platformName: linux, proxy: Proxy(), se:cdp: ws://localhost:34979/devtoo..., se:cdpVersion: 143.0.7499.40, setWindowRect: true, strictFileInteractability: false, timeouts: {implicit: 0, pageLoad: 300000, script: 30000}, unhandledPromptBehavior: dismiss and notify, webauthn:extension:credBlob: true, webauthn:extension:largeBlob: true, webauthn:extension:minPinLength: true, webauthn:extension:prf: true, webauthn:virtualAuthenticators: true}\nSession ID: 70a0457ef0b7d2e8e4e5d013d2e06329\n\tat java.base/jdk.internal.reflect.DirectConstructorHandleAccessor.newInstance(DirectConstructorHandleAccessor.java:62)\n\tat java.base/java.lang.reflect.Constructor.newInstanceWithCaller(Constructor.java:502)\n\tat java.base/java.lang.reflect.Constructor.newInstance(Constructor.java:486)\n\tat org.openqa.selenium.remote.ErrorCodec.decode(ErrorCodec.java:167)\n\tat org.openqa.selenium.remote.codec.w3c.W3CHttpResponseCodec.decode(W3CHttpResponseCodec.java:138)\n\tat org.openqa.selenium.remote.codec.w3c.W3CHttpResponseCodec.decode(W3CHttpResponseCodec.java:50)\n\tat org.openqa.selenium.remote.HttpCommandExecutor.execute(HttpCommandExecutor.java:190)\n\tat org.openqa.selenium.remote.service.DriverCommandExecutor.invokeExecute(DriverCommandExecutor.java:216)\n\tat org.openqa.selenium.remote.service.DriverCommandExecutor.execute(DriverCommandExecutor.java:174)\n\tat org.openqa.selenium.remote.RemoteWebDriver.execute(RemoteWebDriver.java:545)\n\tat org.openqa.selenium.remote.ElementLocation$ElementFinder$2.findElement(ElementLocation.java:165)\n\tat org.openqa.selenium.remote.ElementLocation.findElement(ElementLocation.java:59)\n\tat org.openqa.selenium.remote.RemoteWebDriver.findElement(RemoteWebDriver.java:368)\n\tat org.openqa.selenium.remote.RemoteWebDriver.findElement(RemoteWebDriver.java:362)\n\tat com.xats.automation.tests.pages.LoginPage.enterUsername(LoginPage.java:21)\n\tat com.xats.automation.tests.stepdefinitions.LoginSteps.user_enters_credentials_from_config(LoginSteps.java:27)\n\tat ✽.User enters username and password from config file(file:///runner/_work/automation/automation/src/test/resources/features/06_JobInDetailView.feature:7)\n","duration":25717714,"status":"failed"},"line":7,"name":"User enters username and password from config file","match":{"location":"com.xats.automation.tests.stepdefinitions.LoginSteps.user_enters_credentials_from_config()"},"keyword":"When "},{"result":{"duration":396637,"status":"skipped"},"line":8,"name":"User clicks on login button","match":{"location":"com.xats.automation.tests.stepdefinitions.LoginSteps.user_clicks_on_login_button()"},"keyword":"And "}]},{"start_timestamp":"2026-01-17T16:18:31.129Z","before":[{"result":{"duration":470465384,"status":"passed"},"match":{"location":"com.xats.automation.tests.Hooks.Hooks.setUp()"}}],"line":15,"name":"Add a new note","description":"","id":"job-in-detail-view-actions;add-a-new-note","after":[{"result":{"duration":78094449,"status":"passed"},"match":{"location":"com.xats.automation.tests.Hooks.Hooks.tearDown(io.cucumber.java.Scenario)"}}],"type":"scenario","keyword":"Scenario","steps":[{"result":{"duration":242418,"status":"skipped"},"line":16,"name":"user navigates to job detail view","match":{"location":"com.xats.automation.tests.stepdefinitions.JobInDetailViewSteps.user_navigates_to_job_detail_view()"},"keyword":"When "},{"result":{"duration":231609,"status":"skipped"},"line":17,"name":"user adds a note","match":{"location":"com.xats.automation.tests.stepdefinitions.JobInDetailViewSteps.user_adds_a_note()"},"keyword":"And "}],"tags":[{"name":"@jobDetail"},{"name":"@AddNote"}]},{"line":5,"name":"","description":"","type":"background","keyword":"Background","steps":[{"result":{"duration":142946099,"status":"passed"},"line":6,"name":"User is on login page","match":{"location":"com.xats.automation.tests.stepdefinitions.LoginSteps.user_is_on_login_page()"},"keyword":"Given "},{"result":{"error_message":"org.openqa.selenium.NoSuchElementException: no such element: Unable to locate element: {\"method\":\"xpath\",\"selector\":\"/html/body/div[2]/div/div[2]/form/div[1]/div[1]/input\"}\n  (Session info: chrome=143.0.7499.40)\nFor documentation on this error, please visit: https://www.selenium.dev/documentation/webdriver/troubleshooting/errors#no-such-element-exception\nBuild info: version: '4.25.0', revision: '8a8aea2337'\nSystem info: os.name: 'Linux', os.arch: 'amd64', os.version: '6.8.0-60-generic', java.version: '21.0.9'\nDriver info: org.openqa.selenium.chrome.ChromeDriver\nCommand: [4aa635b59ce0b73d8feadb1485df4e7a, findElement {value=/html/body/div[2]/div/div[2]/form/div[1]/div[1]/input, using=xpath}]\nCapabilities {acceptInsecureCerts: false, browserName: chrome, browserVersion: 143.0.7499.40, chrome: {chromedriverVersion: 143.0.7499.192 (be2c1f4fd45..., userDataDir: /tmp/.org.chromium.Chromium...}, fedcm:accounts: true, goog:chromeOptions: {debuggerAddress: localhost:39041}, goog:processID: 2223, networkConnectionEnabled: false, pageLoadStrategy: normal, platformName: linux, proxy: Proxy(), se:cdp: ws://localhost:39041/devtoo..., se:cdpVersion: 143.0.7499.40, setWindowRect: true, strictFileInteractability: false, timeouts: {implicit: 0, pageLoad: 300000, script: 30000}, unhandledPromptBehavior: dismiss and notify, webauthn:extension:credBlob: true, webauthn:extension:largeBlob: true, webauthn:extension:minPinLength: true, webauthn:extension:prf: true, webauthn:virtualAuthenticators: true}\nSession ID: 4aa635b59ce0b73d8feadb1485df4e7a\n\tat java.base/jdk.internal.reflect.DirectConstructorHandleAccessor.newInstance(DirectConstructorHandleAccessor.java:62)\n\tat java.base/java.lang.reflect.Constructor.newInstanceWithCaller(Constructor.java:502)\n\tat java.base/java.lang.reflect.Constructor.newInstance(Constructor.java:486)\n\tat org.openqa.selenium.remote.ErrorCodec.decode(ErrorCodec.java:167)\n\tat org.openqa.selenium.remote.codec.w3c.W3CHttpResponseCodec.decode(W3CHttpResponseCodec.java:138)\n\tat org.openqa.selenium.remote.codec.w3c.W3CHttpResponseCodec.decode(W3CHttpResponseCodec.java:50)\n\tat org.openqa.selenium.remote.HttpCommandExecutor.execute(HttpCommandExecutor.java:190)\n\tat org.openqa.selenium.remote.service.DriverCommandExecutor.invokeExecute(DriverCommandExecutor.java:216)\n\tat org.openqa.selenium.remote.service.DriverCommandExecutor.execute(DriverCommandExecutor.java:174)\n\tat org.openqa.selenium.remote.RemoteWebDriver.execute(RemoteWebDriver.java:545)\n\tat org.openqa.selenium.remote.ElementLocation$ElementFinder$2.findElement(ElementLocation.java:165)\n\tat org.openqa.selenium.remote.ElementLocation.findElement(ElementLocation.java:59)\n\tat org.openqa.selenium.remote.RemoteWebDriver.findElement(RemoteWebDriver.java:368)\n\tat org.openqa.selenium.remote.RemoteWebDriver.findElement(RemoteWebDriver.java:362)\n\tat com.xats.automation.tests.pages.LoginPage.enterUsername(LoginPage.java:21)\n\tat com.xats.automation.tests.stepdefinitions.LoginSteps.user_enters_credentials_from_config(LoginSteps.java:27)\n\tat ✽.User enters username and password from config file(file:///runner/_work/automation/automation/src/test/resources/features/06_JobInDetailView.feature:7)\n","duration":27908652,"status":"failed"},"line":7,"name":"User enters username and password from config file","match":{"location":"com.xats.automation.tests.stepdefinitions.LoginSteps.user_enters_credentials_from_config()"},"keyword":"When "},{"result":{"duration":240748,"status":"skipped"},"line":8,"name":"User clicks on login button","match":{"location":"com.xats.automation.tests.stepdefinitions.LoginSteps.user_clicks_on_login_button()"},"keyword":"And "}]},{"start_timestamp":"2026-01-17T16:18:31.908Z","before":[{"result":{"duration":428495911,"status":"passed"},"match":{"location":"com.xats.automation.tests.Hooks.Hooks.setUp()"}}],"line":20,"name":"Edit the existing note","description":"","id":"job-in-detail-view-actions;edit-the-existing-note","after":[{"result":{"duration":87828796,"status":"passed"},"match":{"location":"com.xats.automation.tests.Hooks.Hooks.tearDown(io.cucumber.java.Scenario)"}}],"type":"scenario","keyword":"Scenario","steps":[{"result":{"duration":170331,"status":"skipped"},"line":21,"name":"user navigates to job detail view","match":{"location":"com.xats.automation.tests.stepdefinitions.JobInDetailViewSteps.user_navigates_to_job_detail_view()"},"keyword":"When "},{"result":{"duration":166490,"status":"skipped"},"line":22,"name":"user edits the note","match":{"location":"com.xats.automation.tests.stepdefinitions.JobInDetailViewSteps.user_edits_the_note()"},"keyword":"And "}],"tags":[{"name":"@jobDetail"},{"name":"@EditNote"}]},{"line":5,"name":"","description":"","type":"background","keyword":"Background","steps":[{"result":{"duration":167322572,"status":"passed"},"line":6,"name":"User is on login page","match":{"location":"com.xats.automation.tests.stepdefinitions.LoginSteps.user_is_on_login_page()"},"keyword":"Given "},{"result":{"error_message":"org.openqa.selenium.NoSuchElementException: no such element: Unable to locate element: {\"method\":\"xpath\",\"selector\":\"/html/body/div[2]/div/div[2]/form/div[1]/div[1]/input\"}\n  (Session info: chrome=143.0.7499.40)\nFor documentation on this error, please visit: https://www.selenium.dev/documentation/webdriver/troubleshooting/errors#no-such-element-exception\nBuild info: version: '4.25.0', revision: '8a8aea2337'\nSystem info: os.name: 'Linux', os.arch: 'amd64', os.version: '6.8.0-60-generic', java.version: '21.0.9'\nDriver info: org.openqa.selenium.chrome.ChromeDriver\nCommand: [08bff1b7a82744795dc9472e39695830, findElement {value=/html/body/div[2]/div/div[2]/form/div[1]/div[1]/input, using=xpath}]\nCapabilities {acceptInsecureCerts: false, browserName: chrome, browserVersion: 143.0.7499.40, chrome: {chromedriverVersion: 143.0.7499.192 (be2c1f4fd45..., userDataDir: /tmp/.org.chromium.Chromium...}, fedcm:accounts: true, goog:chromeOptions: {debuggerAddress: localhost:42771}, goog:processID: 2366, networkConnectionEnabled: false, pageLoadStrategy: normal, platformName: linux, proxy: Proxy(), se:cdp: ws://localhost:42771/devtoo..., se:cdpVersion: 143.0.7499.40, setWindowRect: true, strictFileInteractability: false, timeouts: {implicit: 0, pageLoad: 300000, script: 30000}, unhandledPromptBehavior: dismiss and notify, webauthn:extension:credBlob: true, webauthn:extension:largeBlob: true, webauthn:extension:minPinLength: true, webauthn:extension:prf: true, webauthn:virtualAuthenticators: true}\nSession ID: 08bff1b7a82744795dc9472e39695830\n\tat java.base/jdk.internal.reflect.DirectConstructorHandleAccessor.newInstance(DirectConstructorHandleAccessor.java:62)\n\tat java.base/java.lang.reflect.Constructor.newInstanceWithCaller(Constructor.java:502)\n\tat java.base/java.lang.reflect.Constructor.newInstance(Constructor.java:486)\n\tat org.openqa.selenium.remote.ErrorCodec.decode(ErrorCodec.java:167)\n\tat org.openqa.selenium.remote.codec.w3c.W3CHttpResponseCodec.decode(W3CHttpResponseCodec.java:138)\n\tat org.openqa.selenium.remote.codec.w3c.W3CHttpResponseCodec.decode(W3CHttpResponseCodec.java:50)\n\tat org.openqa.selenium.remote.HttpCommandExecutor.execute(HttpCommandExecutor.java:190)\n\tat org.openqa.selenium.remote.service.DriverCommandExecutor.invokeExecute(DriverCommandExecutor.java:216)\n\tat org.openqa.selenium.remote.service.DriverCommandExecutor.execute(DriverCommandExecutor.java:174)\n\tat org.openqa.selenium.remote.RemoteWebDriver.execute(RemoteWebDriver.java:545)\n\tat org.openqa.selenium.remote.ElementLocation$ElementFinder$2.findElement(ElementLocation.java:165)\n\tat org.openqa.selenium.remote.ElementLocation.findElement(ElementLocation.java:59)\n\tat org.openqa.selenium.remote.RemoteWebDriver.findElement(RemoteWebDriver.java:368)\n\tat org.openqa.selenium.remote.RemoteWebDriver.findElement(RemoteWebDriver.java:362)\n\tat com.xats.automation.tests.pages.LoginPage.enterUsername(LoginPage.java:21)\n\tat com.xats.automation.tests.stepdefinitions.LoginSteps.user_enters_credentials_from_config(LoginSteps.java:27)\n\tat ✽.User enters username and password from config file(file:///runner/_work/automation/automation/src/test/resources/features/06_JobInDetailView.feature:7)\n","duration":29576529,"status":"failed"},"line":7,"name":"User enters username and password from config file","match":{"location":"com.xats.automation.tests.stepdefinitions.LoginSteps.user_enters_credentials_from_config()"},"keyword":"When "},{"result":{"duration":254837,"status":"skipped"},"line":8,"name":"User clicks on login button","match":{"location":"com.xats.automation.tests.stepdefinitions.LoginSteps.user_clicks_on_login_button()"},"keyword":"And "}]},{"start_timestamp":"2026-01-17T16:18:32.605Z","before":[{"result":{"duration":460921855,"status":"passed"},"match":{"location":"com.xats.automation.tests.Hooks.Hooks.setUp()"}}],"line":25,"name":"Pin the note","description":"","id":"job-in-detail-view-actions;pin-the-note","after":[{"result":{"duration":89503960,"status":"passed"},"match":{"location":"com.xats.automation.tests.Hooks.Hooks.tearDown(io.cucumber.java.Scenario)"}}],"type":"scenario","keyword":"Scenario","steps":[{"result":{"duration":180230,"status":"skipped"},"line":26,"name":"user navigates to job detail view","match":{"location":"com.xats.automation.tests.stepdefinitions.JobInDetailViewSteps.user_navigates_to_job_detail_view()"},"keyword":"When "},{"result":{"duration":121838,"status":"skipped"},"line":27,"name":"user pins the note","match":{"location":"com.xats.automation.tests.stepdefinitions.JobInDetailViewSteps.user_pins_the_note()"},"keyword":"And "}],"tags":[{"name":"@jobDetail"},{"name":"@PinNote"}]},{"line":5,"name":"","description":"","type":"background","keyword":"Background","steps":[{"result":{"duration":177318396,"status":"passed"},"line":6,"name":"User is on login page","match":{"location":"com.xats.automation.tests.stepdefinitions.LoginSteps.user_is_on_login_page()"},"keyword":"Given "},{"result":{"error_message":"org.openqa.selenium.NoSuchElementException: no such element: Unable to locate element: {\"method\":\"xpath\",\"selector\":\"/html/body/div[2]/div/div[2]/form/div[1]/div[1]/input\"}\n  (Session info: chrome=143.0.7499.40)\nFor documentation on this error, please visit: https://www.selenium.dev/documentation/webdriver/troubleshooting/errors#no-such-element-exception\nBuild info: version: '4.25.0', revision: '8a8aea2337'\nSystem info: os.name: 'Linux', os.arch: 'amd64', os.version: '6.8.0-60-generic', java.version: '21.0.9'\nDriver info: org.openqa.selenium.chrome.ChromeDriver\nCommand: [2f0ac90dc87d2b11700f1c209535596b, findElement {value=/html/body/div[2]/div/div[2]/form/div[1]/div[1]/input, using=xpath}]\nCapabilities {acceptInsecureCerts: false, browserName: chrome, browserVersion: 143.0.7499.40, chrome: {chromedriverVersion: 143.0.7499.192 (be2c1f4fd45..., userDataDir: /tmp/.org.chromium.Chromium...}, fedcm:accounts: true, goog:chromeOptions: {debuggerAddress: localhost:33181}, goog:processID: 2507, networkConnectionEnabled: false, pageLoadStrategy: normal, platformName: linux, proxy: Proxy(), se:cdp: ws://localhost:33181/devtoo..., se:cdpVersion: 143.0.7499.40, setWindowRect: true, strictFileInteractability: false, timeouts: {implicit: 0, pageLoad: 300000, script: 30000}, unhandledPromptBehavior: dismiss and notify, webauthn:extension:credBlob: true, webauthn:extension:largeBlob: true, webauthn:extension:minPinLength: true, webauthn:extension:prf: true, webauthn:virtualAuthenticators: true}\nSession ID: 2f0ac90dc87d2b11700f1c209535596b\n\tat java.base/jdk.internal.reflect.DirectConstructorHandleAccessor.newInstance(DirectConstructorHandleAccessor.java:62)\n\tat java.base/java.lang.reflect.Constructor.newInstanceWithCaller(Constructor.java:502)\n\tat java.base/java.lang.reflect.Constructor.newInstance(Constructor.java:486)\n\tat org.openqa.selenium.remote.ErrorCodec.decode(ErrorCodec.java:167)\n\tat org.openqa.selenium.remote.codec.w3c.W3CHttpResponseCodec.decode(W3CHttpResponseCodec.java:138)\n\tat org.openqa.selenium.remote.codec.w3c.W3CHttpResponseCodec.decode(W3CHttpResponseCodec.java:50)\n\tat org.openqa.selenium.remote.HttpCommandExecutor.execute(HttpCommandExecutor.java:190)\n\tat org.openqa.selenium.remote.service.DriverCommandExecutor.invokeExecute(DriverCommandExecutor.java:216)\n\tat org.openqa.selenium.remote.service.DriverCommandExecutor.execute(DriverCommandExecutor.java:174)\n\tat org.openqa.selenium.remote.RemoteWebDriver.execute(RemoteWebDriver.java:545)\n\tat org.openqa.selenium.remote.ElementLocation$ElementFinder$2.findElement(ElementLocation.java:165)\n\tat org.openqa.selenium.remote.ElementLocation.findElement(ElementLocation.java:59)\n\tat org.openqa.selenium.remote.RemoteWebDriver.findElement(RemoteWebDriver.java:368)\n\tat org.openqa.selenium.remote.RemoteWebDriver.findElement(RemoteWebDriver.java:362)\n\tat com.xats.automation.tests.pages.LoginPage.enterUsername(LoginPage.java:21)\n\tat com.xats.automation.tests.stepdefinitions.LoginSteps.user_enters_credentials_from_config(LoginSteps.java:27)\n\tat ✽.User enters username and password from config file(file:///runner/_work/automation/automation/src/test/resources/features/06_JobInDetailView.feature:7)\n","duration":29230880,"status":"failed"},"line":7,"name":"User enters username and password from config file","match":{"location":"com.xats.automation.tests.stepdefinitions.LoginSteps.user_enters_credentials_from_config()"},"keyword":"When "},{"result":{"duration":224469,"status":"skipped"},"line":8,"name":"User clicks on login button","match":{"location":"com.xats.automation.tests.stepdefinitions.LoginSteps.user_clicks_on_login_button()"},"keyword":"And "}]},{"start_timestamp":"2026-01-17T16:18:33.363Z","before":[{"result":{"duration":630754228,"status":"passed"},"match":{"location":"com.xats.automation.tests.Hooks.Hooks.setUp()"}}],"line":30,"name":"Delete the note","description":"","id":"job-in-detail-view-actions;delete-the-note","after":[{"result":{"duration":79037268,"status":"passed"},"match":{"location":"com.xats.automation.tests.Hooks.Hooks.tearDown(io.cucumber.java.Scenario)"}}],"type":"scenario","keyword":"Scenario","steps":[{"result":{"duration":159997,"status":"skipped"},"line":31,"name":"user navigates to job detail view","match":{"location":"com.xats.automation.tests.stepdefinitions.JobInDetailViewSteps.user_navigates_to_job_detail_view()"},"keyword":"When "},{"result":{"duration":132018,"status":"skipped"},"line":32,"name":"user deletes the note","match":{"location":"com.xats.automation.tests.stepdefinitions.JobInDetailViewSteps.user_deletes_the_note()"},"keyword":"And "}],"tags":[{"name":"@jobDetail"},{"name":"@DeleteNote"}]},{"line":5,"name":"","description":"","type":"background","keyword":"Background","steps":[{"result":{"duration":158611154,"status":"passed"},"line":6,"name":"User is on login page","match":{"location":"com.xats.automation.tests.stepdefinitions.LoginSteps.user_is_on_login_page()"},"keyword":"Given "},{"result":{"error_message":"org.openqa.selenium.NoSuchElementException: no such element: Unable to locate element: {\"method\":\"xpath\",\"selector\":\"/html/body/div[2]/div/div[2]/form/div[1]/div[1]/input\"}\n  (Session info: chrome=143.0.7499.40)\nFor documentation on this error, please visit: https://www.selenium.dev/documentation/webdriver/troubleshooting/errors#no-such-element-exception\nBuild info: version: '4.25.0', revision: '8a8aea2337'\nSystem info: os.name: 'Linux', os.arch: 'amd64', os.version: '6.8.0-60-generic', java.version: '21.0.9'\nDriver info: org.openqa.selenium.chrome.ChromeDriver\nCommand: [9995bc24247cc70ac6a855302fefd385, findElement {value=/html/body/div[2]/div/div[2]/form/div[1]/div[1]/input, using=xpath}]\nCapabilities {acceptInsecureCerts: false, browserName: chrome, browserVersion: 143.0.7499.40, chrome: {chromedriverVersion: 143.0.7499.192 (be2c1f4fd45..., userDataDir: /tmp/.org.chromium.Chromium...}, fedcm:accounts: true, goog:chromeOptions: {debuggerAddress: localhost:36269}, goog:processID: 2651, networkConnectionEnabled: false, pageLoadStrategy: normal, platformName: linux, proxy: Proxy(), se:cdp: ws://localhost:36269/devtoo..., se:cdpVersion: 143.0.7499.40, setWindowRect: true, strictFileInteractability: false, timeouts: {implicit: 0, pageLoad: 300000, script: 30000}, unhandledPromptBehavior: dismiss and notify, webauthn:extension:credBlob: true, webauthn:extension:largeBlob: true, webauthn:extension:minPinLength: true, webauthn:extension:prf: true, webauthn:virtualAuthenticators: true}\nSession ID: 9995bc24247cc70ac6a855302fefd385\n\tat java.base/jdk.internal.reflect.DirectConstructorHandleAccessor.newInstance(DirectConstructorHandleAccessor.java:62)\n\tat java.base/java.lang.reflect.Constructor.newInstanceWithCaller(Constructor.java:502)\n\tat java.base/java.lang.reflect.Constructor.newInstance(Constructor.java:486)\n\tat org.openqa.selenium.remote.ErrorCodec.decode(ErrorCodec.java:167)\n\tat org.openqa.selenium.remote.codec.w3c.W3CHttpResponseCodec.decode(W3CHttpResponseCodec.java:138)\n\tat org.openqa.selenium.remote.codec.w3c.W3CHttpResponseCodec.decode(W3CHttpResponseCodec.java:50)\n\tat org.openqa.selenium.remote.HttpCommandExecutor.execute(HttpCommandExecutor.java:190)\n\tat org.openqa.selenium.remote.service.DriverCommandExecutor.invokeExecute(DriverCommandExecutor.java:216)\n\tat org.openqa.selenium.remote.service.DriverCommandExecutor.execute(DriverCommandExecutor.java:174)\n\tat org.openqa.selenium.remote.RemoteWebDriver.execute(RemoteWebDriver.java:545)\n\tat org.openqa.selenium.remote.ElementLocation$ElementFinder$2.findElement(ElementLocation.java:165)\n\tat org.openqa.selenium.remote.ElementLocation.findElement(ElementLocation.java:59)\n\tat org.openqa.selenium.remote.RemoteWebDriver.findElement(RemoteWebDriver.java:368)\n\tat org.openqa.selenium.remote.RemoteWebDriver.findElement(RemoteWebDriver.java:362)\n\tat com.xats.automation.tests.pages.LoginPage.enterUsername(LoginPage.java:21)\n\tat com.xats.automation.tests.stepdefinitions.LoginSteps.user_enters_credentials_from_config(LoginSteps.java:27)\n\tat ✽.User enters username and password from config file(file:///runner/_work/automation/automation/src/test/resources/features/06_JobInDetailView.feature:7)\n","duration":24296022,"status":"failed"},"line":7,"name":"User enters username and password from config file","match":{"location":"com.xats.automation.tests.stepdefinitions.LoginSteps.user_enters_credentials_from_config()"},"keyword":"When "},{"result":{"duration":264156,"status":"skipped"},"line":8,"name":"User clicks on login button","match":{"location":"com.xats.automation.tests.stepdefinitions.LoginSteps.user_clicks_on_login_button()"},"keyword":"And "}]},{"start_timestamp":"2026-01-17T16:18:34.294Z","before":[{"result":{"duration":415866465,"status":"passed"},"match":{"location":"com.xats.automation.tests.Hooks.Hooks.setUp()"}}],"line":35,"name":"Upload a new document","description":"","id":"job-in-detail-view-actions;upload-a-new-document","after":[{"result":{"duration":74700601,"status":"passed"},"match":{"location":"com.xats.automation.tests.Hooks.Hooks.tearDown(io.cucumber.java.Scenario)"}}],"type":"scenario","keyword":"Scenario","steps":[{"result":{"duration":161006,"status":"skipped"},"line":36,"name":"user navigates to job detail view","match":{"location":"com.xats.automation.tests.stepdefinitions.JobInDetailViewSteps.user_navigates_to_job_detail_view()"},"keyword":"When "},{"result":{"duration":130605,"status":"skipped"},"line":37,"name":"user uploads a document","match":{"location":"com.xats.automation.tests.stepdefinitions.JobInDetailViewSteps.user_uploads_a_document()"},"keyword":"And "}],"tags":[{"name":"@jobDetail"},{"name":"@UploadDocument"}]},{"line":5,"name":"","description":"","type":"background","keyword":"Background","steps":[{"result":{"duration":219044380,"status":"passed"},"line":6,"name":"User is on login page","match":{"location":"com.xats.automation.tests.stepdefinitions.LoginSteps.user_is_on_login_page()"},"keyword":"Given "},{"result":{"error_message":"org.openqa.selenium.NoSuchElementException: no such element: Unable to locate element: {\"method\":\"xpath\",\"selector\":\"/html/body/div[2]/div/div[2]/form/div[1]/div[1]/input\"}\n  (Session info: chrome=143.0.7499.40)\nFor documentation on this error, please visit: https://www.selenium.dev/documentation/webdriver/troubleshooting/errors#no-such-element-exception\nBuild info: version: '4.25.0', revision: '8a8aea2337'\nSystem info: os.name: 'Linux', os.arch: 'amd64', os.version: '6.8.0-60-generic', java.version: '21.0.9'\nDriver info: org.openqa.selenium.chrome.ChromeDriver\nCommand: [e4381e39e70c754f07e2e174330751bf, findElement {value=/html/body/div[2]/div/div[2]/form/div[1]/div[1]/input, using=xpath}]\nCapabilities {acceptInsecureCerts: false, browserName: chrome, browserVersion: 143.0.7499.40, chrome: {chromedriverVersion: 143.0.7499.192 (be2c1f4fd45..., userDataDir: /tmp/.org.chromium.Chromium...}, fedcm:accounts: true, goog:chromeOptions: {debuggerAddress: localhost:37251}, goog:processID: 2792, networkConnectionEnabled: false, pageLoadStrategy: normal, platformName: linux, proxy: Proxy(), se:cdp: ws://localhost:37251/devtoo..., se:cdpVersion: 143.0.7499.40, setWindowRect: true, strictFileInteractability: false, timeouts: {implicit: 0, pageLoad: 300000, script: 30000}, unhandledPromptBehavior: dismiss and notify, webauthn:extension:credBlob: true, webauthn:extension:largeBlob: true, webauthn:extension:minPinLength: true, webauthn:extension:prf: true, webauthn:virtualAuthenticators: true}\nSession ID: e4381e39e70c754f07e2e174330751bf\n\tat java.base/jdk.internal.reflect.DirectConstructorHandleAccessor.newInstance(DirectConstructorHandleAccessor.java:62)\n\tat java.base/java.lang.reflect.Constructor.newInstanceWithCaller(Constructor.java:502)\n\tat java.base/java.lang.reflect.Constructor.newInstance(Constructor.java:486)\n\tat org.openqa.selenium.remote.ErrorCodec.decode(ErrorCodec.java:167)\n\tat org.openqa.selenium.remote.codec.w3c.W3CHttpResponseCodec.decode(W3CHttpResponseCodec.java:138)\n\tat org.openqa.selenium.remote.codec.w3c.W3CHttpResponseCodec.decode(W3CHttpResponseCodec.java:50)\n\tat org.openqa.selenium.remote.HttpCommandExecutor.execute(HttpCommandExecutor.java:190)\n\tat org.openqa.selenium.remote.service.DriverCommandExecutor.invokeExecute(DriverCommandExecutor.java:216)\n\tat org.openqa.selenium.remote.service.DriverCommandExecutor.execute(DriverCommandExecutor.java:174)\n\tat org.openqa.selenium.remote.RemoteWebDriver.execute(RemoteWebDriver.java:545)\n\tat org.openqa.selenium.remote.ElementLocation$ElementFinder$2.findElement(ElementLocation.java:165)\n\tat org.openqa.selenium.remote.ElementLocation.findElement(ElementLocation.java:59)\n\tat org.openqa.selenium.remote.RemoteWebDriver.findElement(RemoteWebDriver.java:368)\n\tat org.openqa.selenium.remote.RemoteWebDriver.findElement(RemoteWebDriver.java:362)\n\tat com.xats.automation.tests.pages.LoginPage.enterUsername(LoginPage.java:21)\n\tat com.xats.automation.tests.stepdefinitions.LoginSteps.user_enters_credentials_from_config(LoginSteps.java:27)\n\tat ✽.User enters username and password from config file(file:///runner/_work/automation/automation/src/test/resources/features/06_JobInDetailView.feature:7)\n","duration":29447515,"status":"failed"},"line":7,"name":"User enters username and password from config file","match":{"location":"com.xats.automation.tests.stepdefinitions.LoginSteps.user_enters_credentials_from_config()"},"keyword":"When "},{"result":{"duration":219405,"status":"skipped"},"line":8,"name":"User clicks on login button","match":{"location":"com.xats.automation.tests.stepdefinitions.LoginSteps.user_clicks_on_login_button()"},"keyword":"And "}]},{"start_timestamp":"2026-01-17T16:18:34.976Z","before":[{"result":{"duration":472524189,"status":"passed"},"match":{"location":"com.xats.automation.tests.Hooks.Hooks.setUp()"}}],"line":40,"name":"Delete the uploaded document","description":"","id":"job-in-detail-view-actions;delete-the-uploaded-document","after":[{"result":{"duration":74393824,"status":"passed"},"match":{"location":"com.xats.automation.tests.Hooks.Hooks.tearDown(io.cucumber.java.Scenario)"}}],"type":"scenario","keyword":"Scenario","steps":[{"result":{"duration":143296,"status":"skipped"},"line":41,"name":"user navigates to job detail view","match":{"location":"com.xats.automation.tests.stepdefinitions.JobInDetailViewSteps.user_navigates_to_job_detail_view()"},"keyword":"When "},{"result":{"duration":127103,"status":"skipped"},"line":42,"name":"user deletes the document","match":{"location":"com.xats.automation.tests.stepdefinitions.JobInDetailViewSteps.user_deletes_the_document()"},"keyword":"And "}],"tags":[{"name":"@jobDetail"},{"name":"@DeleteDocument"}]},{"line":5,"name":"","description":"","type":"background","keyword":"Background","steps":[{"result":{"duration":165756153,"status":"passed"},"line":6,"name":"User is on login page","match":{"location":"com.xats.automation.tests.stepdefinitions.LoginSteps.user_is_on_login_page()"},"keyword":"Given "},{"result":{"error_message":"org.openqa.selenium.NoSuchElementException: no such element: Unable to locate element: {\"method\":\"xpath\",\"selector\":\"/html/body/div[2]/div/div[2]/form/div[1]/div[1]/input\"}\n  (Session info: chrome=143.0.7499.40)\nFor documentation on this error, please visit: https://www.selenium.dev/documentation/webdriver/troubleshooting/errors#no-such-element-exception\nBuild info: version: '4.25.0', revision: '8a8aea2337'\nSystem info: os.name: 'Linux', os.arch: 'amd64', os.version: '6.8.0-60-generic', java.version: '21.0.9'\nDriver info: org.openqa.selenium.chrome.ChromeDriver\nCommand: [8ade27e7b577542dee1f12401f9655d2, findElement {value=/html/body/div[2]/div/div[2]/form/div[1]/div[1]/input, using=xpath}]\nCapabilities {acceptInsecureCerts: false, browserName: chrome, browserVersion: 143.0.7499.40, chrome: {chromedriverVersion: 143.0.7499.192 (be2c1f4fd45..., userDataDir: /tmp/.org.chromium.Chromium...}, fedcm:accounts: true, goog:chromeOptions: {debuggerAddress: localhost:44707}, goog:processID: 2936, networkConnectionEnabled: false, pageLoadStrategy: normal, platformName: linux, proxy: Proxy(), se:cdp: ws://localhost:44707/devtoo..., se:cdpVersion: 143.0.7499.40, setWindowRect: true, strictFileInteractability: false, timeouts: {implicit: 0, pageLoad: 300000, script: 30000}, unhandledPromptBehavior: dismiss and notify, webauthn:extension:credBlob: true, webauthn:extension:largeBlob: true, webauthn:extension:minPinLength: true, webauthn:extension:prf: true, webauthn:virtualAuthenticators: true}\nSession ID: 8ade27e7b577542dee1f12401f9655d2\n\tat java.base/jdk.internal.reflect.DirectConstructorHandleAccessor.newInstance(DirectConstructorHandleAccessor.java:62)\n\tat java.base/java.lang.reflect.Constructor.newInstanceWithCaller(Constructor.java:502)\n\tat java.base/java.lang.reflect.Constructor.newInstance(Constructor.java:486)\n\tat org.openqa.selenium.remote.ErrorCodec.decode(ErrorCodec.java:167)\n\tat org.openqa.selenium.remote.codec.w3c.W3CHttpResponseCodec.decode(W3CHttpResponseCodec.java:138)\n\tat org.openqa.selenium.remote.codec.w3c.W3CHttpResponseCodec.decode(W3CHttpResponseCodec.java:50)\n\tat org.openqa.selenium.remote.HttpCommandExecutor.execute(HttpCommandExecutor.java:190)\n\tat org.openqa.selenium.remote.service.DriverCommandExecutor.invokeExecute(DriverCommandExecutor.java:216)\n\tat org.openqa.selenium.remote.service.DriverCommandExecutor.execute(DriverCommandExecutor.java:174)\n\tat org.openqa.selenium.remote.RemoteWebDriver.execute(RemoteWebDriver.java:545)\n\tat org.openqa.selenium.remote.ElementLocation$ElementFinder$2.findElement(ElementLocation.java:165)\n\tat org.openqa.selenium.remote.ElementLocation.findElement(ElementLocation.java:59)\n\tat org.openqa.selenium.remote.RemoteWebDriver.findElement(RemoteWebDriver.java:368)\n\tat org.openqa.selenium.remote.RemoteWebDriver.findElement(RemoteWebDriver.java:362)\n\tat com.xats.automation.tests.pages.LoginPage.enterUsername(LoginPage.java:21)\n\tat com.xats.automation.tests.stepdefinitions.LoginSteps.user_enters_credentials_from_config(LoginSteps.java:27)\n\tat ✽.User enters username and password from config file(file:///runner/_work/automation/automation/src/test/resources/features/06_JobInDetailView.feature:7)\n","duration":32405810,"status":"failed"},"line":7,"name":"User enters username and password from config file","match":{"location":"com.xats.automation.tests.stepdefinitions.LoginSteps.user_enters_credentials_from_config()"},"keyword":"When "},{"result":{"duration":343679,"status":"skipped"},"line":8,"name":"User clicks on login button","match":{"location":"com.xats.automation.tests.stepdefinitions.LoginSteps.user_clicks_on_login_button()"},"keyword":"And "}]},{"start_timestamp":"2026-01-17T16:18:35.780Z","before":[{"result":{"duration":429998092,"status":"passed"},"match":{"location":"com.xats.automation.tests.Hooks.Hooks.setUp()"}}],"line":45,"name":"Submit a candidate","description":"","id":"job-in-detail-view-actions;submit-a-candidate","after":[{"result":{"duration":79180688,"status":"passed"},"match":{"location":"com.xats.automation.tests.Hooks.Hooks.tearDown(io.cucumber.java.Scenario)"}}],"type":"scenario","keyword":"Scenario","steps":[{"result":{"duration":208451,"status":"skipped"},"line":46,"name":"user navigates to job detail view","match":{"location":"com.xats.automation.tests.stepdefinitions.JobInDetailViewSteps.user_navigates_to_job_detail_view()"},"keyword":"When "},{"result":{"duration":210425,"status":"skipped"},"line":47,"name":"user submit candidate","match":{"location":"com.xats.automation.tests.stepdefinitions.JobInDetailViewSteps.user_submit_candidate()"},"keyword":"When "}],"tags":[{"name":"@jobDetail"},{"name":"@SubmitCandidate"}]},{"line":5,"name":"","description":"","type":"background","keyword":"Background","steps":[{"result":{"duration":170061168,"status":"passed"},"line":6,"name":"User is on login page","match":{"location":"com.xats.automation.tests.stepdefinitions.LoginSteps.user_is_on_login_page()"},"keyword":"Given "},{"result":{"error_message":"org.openqa.selenium.NoSuchElementException: no such element: Unable to locate element: {\"method\":\"xpath\",\"selector\":\"/html/body/div[2]/div/div[2]/form/div[1]/div[1]/input\"}\n  (Session info: chrome=143.0.7499.40)\nFor documentation on this error, please visit: https://www.selenium.dev/documentation/webdriver/troubleshooting/errors#no-such-element-exception\nBuild info: version: '4.25.0', revision: '8a8aea2337'\nSystem info: os.name: 'Linux', os.arch: 'amd64', os.version: '6.8.0-60-generic', java.version: '21.0.9'\nDriver info: org.openqa.selenium.chrome.ChromeDriver\nCommand: [8ea04b0059d256f14a6084c83546e40b, findElement {value=/html/body/div[2]/div/div[2]/form/div[1]/div[1]/input, using=xpath}]\nCapabilities {acceptInsecureCerts: false, browserName: chrome, browserVersion: 143.0.7499.40, chrome: {chromedriverVersion: 143.0.7499.192 (be2c1f4fd45..., userDataDir: /tmp/.org.chromium.Chromium...}, fedcm:accounts: true, goog:chromeOptions: {debuggerAddress: localhost:37683}, goog:processID: 3078, networkConnectionEnabled: false, pageLoadStrategy: normal, platformName: linux, proxy: Proxy(), se:cdp: ws://localhost:37683/devtoo..., se:cdpVersion: 143.0.7499.40, setWindowRect: true, strictFileInteractability: false, timeouts: {implicit: 0, pageLoad: 300000, script: 30000}, unhandledPromptBehavior: dismiss and notify, webauthn:extension:credBlob: true, webauthn:extension:largeBlob: true, webauthn:extension:minPinLength: true, webauthn:extension:prf: true, webauthn:virtualAuthenticators: true}\nSession ID: 8ea04b0059d256f14a6084c83546e40b\n\tat java.base/jdk.internal.reflect.DirectConstructorHandleAccessor.newInstance(DirectConstructorHandleAccessor.java:62)\n\tat java.base/java.lang.reflect.Constructor.newInstanceWithCaller(Constructor.java:502)\n\tat java.base/java.lang.reflect.Constructor.newInstance(Constructor.java:486)\n\tat org.openqa.selenium.remote.ErrorCodec.decode(ErrorCodec.java:167)\n\tat org.openqa.selenium.remote.codec.w3c.W3CHttpResponseCodec.decode(W3CHttpResponseCodec.java:138)\n\tat org.openqa.selenium.remote.codec.w3c.W3CHttpResponseCodec.decode(W3CHttpResponseCodec.java:50)\n\tat org.openqa.selenium.remote.HttpCommandExecutor.execute(HttpCommandExecutor.java:190)\n\tat org.openqa.selenium.remote.service.DriverCommandExecutor.invokeExecute(DriverCommandExecutor.java:216)\n\tat org.openqa.selenium.remote.service.DriverCommandExecutor.execute(DriverCommandExecutor.java:174)\n\tat org.openqa.selenium.remote.RemoteWebDriver.execute(RemoteWebDriver.java:545)\n\tat org.openqa.selenium.remote.ElementLocation$ElementFinder$2.findElement(ElementLocation.java:165)\n\tat org.openqa.selenium.remote.ElementLocation.findElement(ElementLocation.java:59)\n\tat org.openqa.selenium.remote.RemoteWebDriver.findElement(RemoteWebDriver.java:368)\n\tat org.openqa.selenium.remote.RemoteWebDriver.findElement(RemoteWebDriver.java:362)\n\tat com.xats.automation.tests.pages.LoginPage.enterUsername(LoginPage.java:21)\n\tat com.xats.automation.tests.stepdefinitions.LoginSteps.user_enters_credentials_from_config(LoginSteps.java:27)\n\tat ✽.User enters username and password from config file(file:///runner/_work/automation/automation/src/test/resources/features/06_JobInDetailView.feature:7)\n","duration":28789760,"status":"failed"},"line":7,"name":"User enters username and password from config file","match":{"location":"com.xats.automation.tests.stepdefinitions.LoginSteps.user_enters_credentials_from_config()"},"keyword":"When "},{"result":{"duration":221266,"status":"skipped"},"line":8,"name":"User clicks on login button","match":{"location":"com.xats.automation.tests.stepdefinitions.LoginSteps.user_clicks_on_login_button()"},"keyword":"And "}]},{"start_timestamp":"2026-01-17T16:18:36.503Z","before":[{"result":{"duration":442463250,"status":"passed"},"match":{"location":"com.xats.automation.tests.Hooks.Hooks.setUp()"}}],"line":50,"name":"Create a Task","description":"","id":"job-in-detail-view-actions;create-a-task","after":[{"result":{"duration":73349665,"status":"passed"},"match":{"location":"com.xats.automation.tests.Hooks.Hooks.tearDown(io.cucumber.java.Scenario)"}}],"type":"scenario","keyword":"Scenario","steps":[{"result":{"duration":150515,"status":"skipped"},"line":51,"name":"user navigates to job detail view","match":{"location":"com.xats.automation.tests.stepdefinitions.JobInDetailViewSteps.user_navigates_to_job_detail_view()"},"keyword":"When "},{"result":{"duration":189040,"status":"skipped"},"line":52,"name":"user create a task","match":{"location":"com.xats.automation.tests.stepdefinitions.JobInDetailViewSteps.user_create_a_task()"},"keyword":"When "}],"tags":[{"name":"@jobDetail"},{"name":"@taskCreation"}]}],"name":"Job In Detail View Actions","description":"  This feature covers all note and document operations performed in the Job Detail View page.","id":"job-in-detail-view-actions","keyword":"Feature","uri":"file:src/test/resources/features/06_JobInDetailView.feature","tags":[{"name":"@jobDetail","type":"Tag","location":{"line":1,"column":1}}]},{"line":2,"elements":[{"line":4,"name":"","description":"","type":"background","keyword":"Background","steps":[{"result":{"duration":158198688,"status":"passed"},"line":5,"name":"User is on login page","match":{"location":"com.xats.automation.tests.stepdefinitions.LoginSteps.user_is_on_login_page()"},"keyword":"Given "},{"result":{"error_message":"org.openqa.selenium.NoSuchElementException: no such element: Unable to locate element: {\"method\":\"xpath\",\"selector\":\"/html/body/div[2]/div/div[2]/form/div[1]/div[1]/input\"}\n  (Session info: chrome=143.0.7499.40)\nFor documentation on this error, please visit: https://www.selenium.dev/documentation/webdriver/troubleshooting/errors#no-such-element-exception\nBuild info: version: '4.25.0', revision: '8a8aea2337'\nSystem info: os.name: 'Linux', os.arch: 'amd64', os.version: '6.8.0-60-generic', java.version: '21.0.9'\nDriver info: org.openqa.selenium.chrome.ChromeDriver\nCommand: [057137c9e204b989f36a43f473ae2e80, findElement {value=/html/body/div[2]/div/div[2]/form/div[1]/div[1]/input, using=xpath}]\nCapabilities {acceptInsecureCerts: false, browserName: chrome, browserVersion: 143.0.7499.40, chrome: {chromedriverVersion: 143.0.7499.192 (be2c1f4fd45..., userDataDir: /tmp/.org.chromium.Chromium...}, fedcm:accounts: true, goog:chromeOptions: {debuggerAddress: localhost:35559}, goog:processID: 3220, networkConnectionEnabled: false, pageLoadStrategy: normal, platformName: linux, proxy: Proxy(), se:cdp: ws://localhost:35559/devtoo..., se:cdpVersion: 143.0.7499.40, setWindowRect: true, strictFileInteractability: false, timeouts: {implicit: 0, pageLoad: 300000, script: 30000}, unhandledPromptBehavior: dismiss and notify, webauthn:extension:credBlob: true, webauthn:extension:largeBlob: true, webauthn:extension:minPinLength: true, webauthn:extension:prf: true, webauthn:virtualAuthenticators: true}\nSession ID: 057137c9e204b989f36a43f473ae2e80\n\tat java.base/jdk.internal.reflect.DirectConstructorHandleAccessor.newInstance(DirectConstructorHandleAccessor.java:62)\n\tat java.base/java.lang.reflect.Constructor.newInstanceWithCaller(Constructor.java:502)\n\tat java.base/java.lang.reflect.Constructor.newInstance(Constructor.java:486)\n\tat org.openqa.selenium.remote.ErrorCodec.decode(ErrorCodec.java:167)\n\tat org.openqa.selenium.remote.codec.w3c.W3CHttpResponseCodec.decode(W3CHttpResponseCodec.java:138)\n\tat org.openqa.selenium.remote.codec.w3c.W3CHttpResponseCodec.decode(W3CHttpResponseCodec.java:50)\n\tat org.openqa.selenium.remote.HttpCommandExecutor.execute(HttpCommandExecutor.java:190)\n\tat org.openqa.selenium.remote.service.DriverCommandExecutor.invokeExecute(DriverCommandExecutor.java:216)\n\tat org.openqa.selenium.remote.service.DriverCommandExecutor.execute(DriverCommandExecutor.java:174)\n\tat org.openqa.selenium.remote.RemoteWebDriver.execute(RemoteWebDriver.java:545)\n\tat org.openqa.selenium.remote.ElementLocation$ElementFinder$2.findElement(ElementLocation.java:165)\n\tat org.openqa.selenium.remote.ElementLocation.findElement(ElementLocation.java:59)\n\tat org.openqa.selenium.remote.RemoteWebDriver.findElement(RemoteWebDriver.java:368)\n\tat org.openqa.selenium.remote.RemoteWebDriver.findElement(RemoteWebDriver.java:362)\n\tat com.xats.automation.tests.pages.LoginPage.enterUsername(LoginPage.java:21)\n\tat com.xats.automation.tests.stepdefinitions.LoginSteps.user_enters_credentials_from_config(LoginSteps.java:27)\n\tat ✽.User enters username and password from config file(file:///runner/_work/automation/automation/src/test/resources/features/07_CandidateInDetailView.feature:6)\n","duration":32571710,"status":"failed"},"line":6,"name":"User enters username and password from config file","match":{"location":"com.xats.automation.tests.stepdefinitions.LoginSteps.user_enters_credentials_from_config()"},"keyword":"When "},{"result":{"duration":245380,"status":"skipped"},"line":7,"name":"User clicks on login button","match":{"location":"com.xats.automation.tests.stepdefinitions.LoginSteps.user_clicks_on_login_button()"},"keyword":"And "},{"result":{"duration":135477,"status":"skipped"},"line":8,"name":"User should land on dashboard","match":{"location":"com.xats.automation.tests.stepdefinitions.LoginSteps.user_should_land_on_dashboard()"},"keyword":"Then "},{"result":{"duration":125482,"status":"skipped"},"line":9,"name":"user navigates to candidateInDetailView","match":{"location":"com.xats.automation.tests.stepdefinitions.CandidateInDetailViewSteps.user_navigates_to_candidateInDetailView()"},"keyword":"When "}]},{"start_timestamp":"2026-01-17T16:18:37.232Z","before":[{"result":{"duration":446826938,"status":"passed"},"match":{"location":"com.xats.automation.tests.Hooks.Hooks.setUp()"}}],"line":11,"name":"user adds a cal logs","description":"","id":"candidateindetailview;user-adds-a-cal-logs","after":[{"result":{"duration":76353950,"status":"passed"},"match":{"location":"com.xats.automation.tests.Hooks.Hooks.tearDown(io.cucumber.java.Scenario)"}}],"type":"scenario","keyword":"Scenario","steps":[{"result":{"duration":139786,"status":"skipped"},"line":12,"name":"User adds a call logs","match":{"location":"com.xats.automation.tests.stepdefinitions.CandidateInDetailViewSteps.user_add_a_call_logs()"},"keyword":"When "}],"tags":[{"name":"@candidateDetail"}]},{"line":4,"name":"","description":"","type":"background","keyword":"Background","steps":[{"result":{"duration":172704879,"status":"passed"},"line":5,"name":"User is on login page","match":{"location":"com.xats.automation.tests.stepdefinitions.LoginSteps.user_is_on_login_page()"},"keyword":"Given "},{"result":{"error_message":"org.openqa.selenium.NoSuchElementException: no such element: Unable to locate element: {\"method\":\"xpath\",\"selector\":\"/html/body/div[2]/div/div[2]/form/div[1]/div[1]/input\"}\n  (Session info: chrome=143.0.7499.40)\nFor documentation on this error, please visit: https://www.selenium.dev/documentation/webdriver/troubleshooting/errors#no-such-element-exception\nBuild info: version: '4.25.0', revision: '8a8aea2337'\nSystem info: os.name: 'Linux', os.arch: 'amd64', os.version: '6.8.0-60-generic', java.version: '21.0.9'\nDriver info: org.openqa.selenium.chrome.ChromeDriver\nCommand: [d751c0edc12fe5ca19bbc2961542e026, findElement {value=/html/body/div[2]/div/div[2]/form/div[1]/div[1]/input, using=xpath}]\nCapabilities {acceptInsecureCerts: false, browserName: chrome, browserVersion: 143.0.7499.40, chrome: {chromedriverVersion: 143.0.7499.192 (be2c1f4fd45..., userDataDir: /tmp/.org.chromium.Chromium...}, fedcm:accounts: true, goog:chromeOptions: {debuggerAddress: localhost:40645}, goog:processID: 3364, networkConnectionEnabled: false, pageLoadStrategy: normal, platformName: linux, proxy: Proxy(), se:cdp: ws://localhost:40645/devtoo..., se:cdpVersion: 143.0.7499.40, setWindowRect: true, strictFileInteractability: false, timeouts: {implicit: 0, pageLoad: 300000, script: 30000}, unhandledPromptBehavior: dismiss and notify, webauthn:extension:credBlob: true, webauthn:extension:largeBlob: true, webauthn:extension:minPinLength: true, webauthn:extension:prf: true, webauthn:virtualAuthenticators: true}\nSession ID: d751c0edc12fe5ca19bbc2961542e026\n\tat java.base/jdk.internal.reflect.DirectConstructorHandleAccessor.newInstance(DirectConstructorHandleAccessor.java:62)\n\tat java.base/java.lang.reflect.Constructor.newInstanceWithCaller(Constructor.java:502)\n\tat java.base/java.lang.reflect.Constructor.newInstance(Constructor.java:486)\n\tat org.openqa.selenium.remote.ErrorCodec.decode(ErrorCodec.java:167)\n\tat org.openqa.selenium.remote.codec.w3c.W3CHttpResponseCodec.decode(W3CHttpResponseCodec.java:138)\n\tat org.openqa.selenium.remote.codec.w3c.W3CHttpResponseCodec.decode(W3CHttpResponseCodec.java:50)\n\tat org.openqa.selenium.remote.HttpCommandExecutor.execute(HttpCommandExecutor.java:190)\n\tat org.openqa.selenium.remote.service.DriverCommandExecutor.invokeExecute(DriverCommandExecutor.java:216)\n\tat org.openqa.selenium.remote.service.DriverCommandExecutor.execute(DriverCommandExecutor.java:174)\n\tat org.openqa.selenium.remote.RemoteWebDriver.execute(RemoteWebDriver.java:545)\n\tat org.openqa.selenium.remote.ElementLocation$ElementFinder$2.findElement(ElementLocation.java:165)\n\tat org.openqa.selenium.remote.ElementLocation.findElement(ElementLocation.java:59)\n\tat org.openqa.selenium.remote.RemoteWebDriver.findElement(RemoteWebDriver.java:368)\n\tat org.openqa.selenium.remote.RemoteWebDriver.findElement(RemoteWebDriver.java:362)\n\tat com.xats.automation.tests.pages.LoginPage.enterUsername(LoginPage.java:21)\n\tat com.xats.automation.tests.stepdefinitions.LoginSteps.user_enters_credentials_from_config(LoginSteps.java:27)\n\tat ✽.User enters username and password from config file(file:///runner/_work/automation/automation/src/test/resources/features/07_CandidateInDetailView.feature:6)\n","duration":32990084,"status":"failed"},"line":6,"name":"User enters username and password from config file","match":{"location":"com.xats.automation.tests.stepdefinitions.LoginSteps.user_enters_credentials_from_config()"},"keyword":"When "},{"result":{"duration":244887,"status":"skipped"},"line":7,"name":"User clicks on login button","match":{"location":"com.xats.automation.tests.stepdefinitions.LoginSteps.user_clicks_on_login_button()"},"keyword":"And "},{"result":{"duration":131291,"status":"skipped"},"line":8,"name":"User should land on dashboard","match":{"location":"com.xats.automation.tests.stepdefinitions.LoginSteps.user_should_land_on_dashboard()"},"keyword":"Then "},{"result":{"duration":128574,"status":"skipped"},"line":9,"name":"user navigates to candidateInDetailView","match":{"location":"com.xats.automation.tests.stepdefinitions.CandidateInDetailViewSteps.user_navigates_to_candidateInDetailView()"},"keyword":"When "}]},{"start_timestamp":"2026-01-17T16:18:37.961Z","before":[{"result":{"duration":425413340,"status":"passed"},"match":{"location":"com.xats.automation.tests.Hooks.Hooks.setUp()"}}],"line":15,"name":"Add a new note","description":"","id":"candidateindetailview;add-a-new-note","after":[{"result":{"duration":82575023,"status":"passed"},"match":{"location":"com.xats.automation.tests.Hooks.Hooks.tearDown(io.cucumber.java.Scenario)"}}],"type":"scenario","keyword":"Scenario","steps":[{"result":{"duration":147655,"status":"skipped"},"line":16,"name":"user adds a note for can","match":{"location":"com.xats.automation.tests.stepdefinitions.CandidateInDetailViewSteps.user_adds_a_note()"},"keyword":"And "}],"tags":[{"name":"@candidateDetail"},{"name":"@AddNote"}]},{"line":4,"name":"","description":"","type":"background","keyword":"Background","steps":[{"result":{"duration":171229079,"status":"passed"},"line":5,"name":"User is on login page","match":{"location":"com.xats.automation.tests.stepdefinitions.LoginSteps.user_is_on_login_page()"},"keyword":"Given "},{"result":{"error_message":"org.openqa.selenium.NoSuchElementException: no such element: Unable to locate element: {\"method\":\"xpath\",\"selector\":\"/html/body/div[2]/div/div[2]/form/div[1]/div[1]/input\"}\n  (Session info: chrome=143.0.7499.40)\nFor documentation on this error, please visit: https://www.selenium.dev/documentation/webdriver/troubleshooting/errors#no-such-element-exception\nBuild info: version: '4.25.0', revision: '8a8aea2337'\nSystem info: os.name: 'Linux', os.arch: 'amd64', os.version: '6.8.0-60-generic', java.version: '21.0.9'\nDriver info: org.openqa.selenium.chrome.ChromeDriver\nCommand: [22be768be1081e1a730aa938b05ece4e, findElement {value=/html/body/div[2]/div/div[2]/form/div[1]/div[1]/input, using=xpath}]\nCapabilities {acceptInsecureCerts: false, browserName: chrome, browserVersion: 143.0.7499.40, chrome: {chromedriverVersion: 143.0.7499.192 (be2c1f4fd45..., userDataDir: /tmp/.org.chromium.Chromium...}, fedcm:accounts: true, goog:chromeOptions: {debuggerAddress: localhost:39491}, goog:processID: 3506, networkConnectionEnabled: false, pageLoadStrategy: normal, platformName: linux, proxy: Proxy(), se:cdp: ws://localhost:39491/devtoo..., se:cdpVersion: 143.0.7499.40, setWindowRect: true, strictFileInteractability: false, timeouts: {implicit: 0, pageLoad: 300000, script: 30000}, unhandledPromptBehavior: dismiss and notify, webauthn:extension:credBlob: true, webauthn:extension:largeBlob: true, webauthn:extension:minPinLength: true, webauthn:extension:prf: true, webauthn:virtualAuthenticators: true}\nSession ID: 22be768be1081e1a730aa938b05ece4e\n\tat java.base/jdk.internal.reflect.DirectConstructorHandleAccessor.newInstance(DirectConstructorHandleAccessor.java:62)\n\tat java.base/java.lang.reflect.Constructor.newInstanceWithCaller(Constructor.java:502)\n\tat java.base/java.lang.reflect.Constructor.newInstance(Constructor.java:486)\n\tat org.openqa.selenium.remote.ErrorCodec.decode(ErrorCodec.java:167)\n\tat org.openqa.selenium.remote.codec.w3c.W3CHttpResponseCodec.decode(W3CHttpResponseCodec.java:138)\n\tat org.openqa.selenium.remote.codec.w3c.W3CHttpResponseCodec.decode(W3CHttpResponseCodec.java:50)\n\tat org.openqa.selenium.remote.HttpCommandExecutor.execute(HttpCommandExecutor.java:190)\n\tat org.openqa.selenium.remote.service.DriverCommandExecutor.invokeExecute(DriverCommandExecutor.java:216)\n\tat org.openqa.selenium.remote.service.DriverCommandExecutor.execute(DriverCommandExecutor.java:174)\n\tat org.openqa.selenium.remote.RemoteWebDriver.execute(RemoteWebDriver.java:545)\n\tat org.openqa.selenium.remote.ElementLocation$ElementFinder$2.findElement(ElementLocation.java:165)\n\tat org.openqa.selenium.remote.ElementLocation.findElement(ElementLocation.java:59)\n\tat org.openqa.selenium.remote.RemoteWebDriver.findElement(RemoteWebDriver.java:368)\n\tat org.openqa.selenium.remote.RemoteWebDriver.findElement(RemoteWebDriver.java:362)\n\tat com.xats.automation.tests.pages.LoginPage.enterUsername(LoginPage.java:21)\n\tat com.xats.automation.tests.stepdefinitions.LoginSteps.user_enters_credentials_from_config(LoginSteps.java:27)\n\tat ✽.User enters username and password from config file(file:///runner/_work/automation/automation/src/test/resources/features/07_CandidateInDetailView.feature:6)\n","duration":29305038,"status":"failed"},"line":6,"name":"User enters username and password from config file","match":{"location":"com.xats.automation.tests.stepdefinitions.LoginSteps.user_enters_credentials_from_config()"},"keyword":"When "},{"result":{"duration":238555,"status":"skipped"},"line":7,"name":"User clicks on login button","match":{"location":"com.xats.automation.tests.stepdefinitions.LoginSteps.user_clicks_on_login_button()"},"keyword":"And "},{"result":{"duration":150721,"status":"skipped"},"line":8,"name":"User should land on dashboard","match":{"location":"com.xats.automation.tests.stepdefinitions.LoginSteps.user_should_land_on_dashboard()"},"keyword":"Then "},{"result":{"duration":161188,"status":"skipped"},"line":9,"name":"user navigates to candidateInDetailView","match":{"location":"com.xats.automation.tests.stepdefinitions.CandidateInDetailViewSteps.user_navigates_to_candidateInDetailView()"},"keyword":"When "}]},{"start_timestamp":"2026-01-17T16:18:38.683Z","before":[{"result":{"duration":414134891,"status":"passed"},"match":{"location":"com.xats.automation.tests.Hooks.Hooks.setUp()"}}],"line":19,"name":"Edit the existing note","description":"","id":"candidateindetailview;edit-the-existing-note","after":[{"result":{"duration":75916451,"status":"passed"},"match":{"location":"com.xats.automation.tests.Hooks.Hooks.tearDown(io.cucumber.java.Scenario)"}}],"type":"scenario","keyword":"Scenario","steps":[{"result":{"duration":109798,"status":"skipped"},"line":20,"name":"user edits the note for can","match":{"location":"com.xats.automation.tests.stepdefinitions.CandidateInDetailViewSteps.user_edits_the_note()"},"keyword":"And "}],"tags":[{"name":"@candidateDetail"},{"name":"@EditNote"}]},{"line":4,"name":"","description":"","type":"background","keyword":"Background","steps":[{"result":{"duration":173812495,"status":"passed"},"line":5,"name":"User is on login page","match":{"location":"com.xats.automation.tests.stepdefinitions.LoginSteps.user_is_on_login_page()"},"keyword":"Given "},{"result":{"error_message":"org.openqa.selenium.NoSuchElementException: no such element: Unable to locate element: {\"method\":\"xpath\",\"selector\":\"/html/body/div[2]/div/div[2]/form/div[1]/div[1]/input\"}\n  (Session info: chrome=143.0.7499.40)\nFor documentation on this error, please visit: https://www.selenium.dev/documentation/webdriver/troubleshooting/errors#no-such-element-exception\nBuild info: version: '4.25.0', revision: '8a8aea2337'\nSystem info: os.name: 'Linux', os.arch: 'amd64', os.version: '6.8.0-60-generic', java.version: '21.0.9'\nDriver info: org.openqa.selenium.chrome.ChromeDriver\nCommand: [5d90fa3ae0e8ccc9d571d0a273a2e7ed, findElement {value=/html/body/div[2]/div/div[2]/form/div[1]/div[1]/input, using=xpath}]\nCapabilities {acceptInsecureCerts: false, browserName: chrome, browserVersion: 143.0.7499.40, chrome: {chromedriverVersion: 143.0.7499.192 (be2c1f4fd45..., userDataDir: /tmp/.org.chromium.Chromium...}, fedcm:accounts: true, goog:chromeOptions: {debuggerAddress: localhost:45189}, goog:processID: 3649, networkConnectionEnabled: false, pageLoadStrategy: normal, platformName: linux, proxy: Proxy(), se:cdp: ws://localhost:45189/devtoo..., se:cdpVersion: 143.0.7499.40, setWindowRect: true, strictFileInteractability: false, timeouts: {implicit: 0, pageLoad: 300000, script: 30000}, unhandledPromptBehavior: dismiss and notify, webauthn:extension:credBlob: true, webauthn:extension:largeBlob: true, webauthn:extension:minPinLength: true, webauthn:extension:prf: true, webauthn:virtualAuthenticators: true}\nSession ID: 5d90fa3ae0e8ccc9d571d0a273a2e7ed\n\tat java.base/jdk.internal.reflect.DirectConstructorHandleAccessor.newInstance(DirectConstructorHandleAccessor.java:62)\n\tat java.base/java.lang.reflect.Constructor.newInstanceWithCaller(Constructor.java:502)\n\tat java.base/java.lang.reflect.Constructor.newInstance(Constructor.java:486)\n\tat org.openqa.selenium.remote.ErrorCodec.decode(ErrorCodec.java:167)\n\tat org.openqa.selenium.remote.codec.w3c.W3CHttpResponseCodec.decode(W3CHttpResponseCodec.java:138)\n\tat org.openqa.selenium.remote.codec.w3c.W3CHttpResponseCodec.decode(W3CHttpResponseCodec.java:50)\n\tat org.openqa.selenium.remote.HttpCommandExecutor.execute(HttpCommandExecutor.java:190)\n\tat org.openqa.selenium.remote.service.DriverCommandExecutor.invokeExecute(DriverCommandExecutor.java:216)\n\tat org.openqa.selenium.remote.service.DriverCommandExecutor.execute(DriverCommandExecutor.java:174)\n\tat org.openqa.selenium.remote.RemoteWebDriver.execute(RemoteWebDriver.java:545)\n\tat org.openqa.selenium.remote.ElementLocation$ElementFinder$2.findElement(ElementLocation.java:165)\n\tat org.openqa.selenium.remote.ElementLocation.findElement(ElementLocation.java:59)\n\tat org.openqa.selenium.remote.RemoteWebDriver.findElement(RemoteWebDriver.java:368)\n\tat org.openqa.selenium.remote.RemoteWebDriver.findElement(RemoteWebDriver.java:362)\n\tat com.xats.automation.tests.pages.LoginPage.enterUsername(LoginPage.java:21)\n\tat com.xats.automation.tests.stepdefinitions.LoginSteps.user_enters_credentials_from_config(LoginSteps.java:27)\n\tat ✽.User enters username and password from config file(file:///runner/_work/automation/automation/src/test/resources/features/07_CandidateInDetailView.feature:6)\n","duration":29957911,"status":"failed"},"line":6,"name":"User enters username and password from config file","match":{"location":"com.xats.automation.tests.stepdefinitions.LoginSteps.user_enters_credentials_from_config()"},"keyword":"When "},{"result":{"duration":243270,"status":"skipped"},"line":7,"name":"User clicks on login button","match":{"location":"com.xats.automation.tests.stepdefinitions.LoginSteps.user_clicks_on_login_button()"},"keyword":"And "},{"result":{"duration":141276,"status":"skipped"},"line":8,"name":"User should land on dashboard","match":{"location":"com.xats.automation.tests.stepdefinitions.LoginSteps.user_should_land_on_dashboard()"},"keyword":"Then "},{"result":{"duration":2896973,"status":"skipped"},"line":9,"name":"user navigates to candidateInDetailView","match":{"location":"com.xats.automation.tests.stepdefinitions.CandidateInDetailViewSteps.user_navigates_to_candidateInDetailView()"},"keyword":"When "}]},{"start_timestamp":"2026-01-17T16:18:39.382Z","before":[{"result":{"duration":417669574,"status":"passed"},"match":{"location":"com.xats.automation.tests.Hooks.Hooks.setUp()"}}],"line":23,"name":"Delete the note","description":"","id":"candidateindetailview;delete-the-note","after":[{"result":{"duration":76921678,"status":"passed"},"match":{"location":"com.xats.automation.tests.Hooks.Hooks.tearDown(io.cucumber.java.Scenario)"}}],"type":"scenario","keyword":"Scenario","steps":[{"result":{"duration":168594,"status":"skipped"},"line":24,"name":"user deletes the note for can","match":{"location":"com.xats.automation.tests.stepdefinitions.CandidateInDetailViewSteps.user_deletes_the_note()"},"keyword":"And "}],"tags":[{"name":"@candidateDetail"},{"name":"@DeleteNote"}]},{"line":4,"name":"","description":"","type":"background","keyword":"Background","steps":[{"result":{"duration":170825063,"status":"passed"},"line":5,"name":"User is on login page","match":{"location":"com.xats.automation.tests.stepdefinitions.LoginSteps.user_is_on_login_page()"},"keyword":"Given "},{"result":{"error_message":"org.openqa.selenium.NoSuchElementException: no such element: Unable to locate element: {\"method\":\"xpath\",\"selector\":\"/html/body/div[2]/div/div[2]/form/div[1]/div[1]/input\"}\n  (Session info: chrome=143.0.7499.40)\nFor documentation on this error, please visit: https://www.selenium.dev/documentation/webdriver/troubleshooting/errors#no-such-element-exception\nBuild info: version: '4.25.0', revision: '8a8aea2337'\nSystem info: os.name: 'Linux', os.arch: 'amd64', os.version: '6.8.0-60-generic', java.version: '21.0.9'\nDriver info: org.openqa.selenium.chrome.ChromeDriver\nCommand: [32c7cdebd9e3af5542774c5722254001, findElement {value=/html/body/div[2]/div/div[2]/form/div[1]/div[1]/input, using=xpath}]\nCapabilities {acceptInsecureCerts: false, browserName: chrome, browserVersion: 143.0.7499.40, chrome: {chromedriverVersion: 143.0.7499.192 (be2c1f4fd45..., userDataDir: /tmp/.org.chromium.Chromium...}, fedcm:accounts: true, goog:chromeOptions: {debuggerAddress: localhost:43321}, goog:processID: 3791, networkConnectionEnabled: false, pageLoadStrategy: normal, platformName: linux, proxy: Proxy(), se:cdp: ws://localhost:43321/devtoo..., se:cdpVersion: 143.0.7499.40, setWindowRect: true, strictFileInteractability: false, timeouts: {implicit: 0, pageLoad: 300000, script: 30000}, unhandledPromptBehavior: dismiss and notify, webauthn:extension:credBlob: true, webauthn:extension:largeBlob: true, webauthn:extension:minPinLength: true, webauthn:extension:prf: true, webauthn:virtualAuthenticators: true}\nSession ID: 32c7cdebd9e3af5542774c5722254001\n\tat java.base/jdk.internal.reflect.DirectConstructorHandleAccessor.newInstance(DirectConstructorHandleAccessor.java:62)\n\tat java.base/java.lang.reflect.Constructor.newInstanceWithCaller(Constructor.java:502)\n\tat java.base/java.lang.reflect.Constructor.newInstance(Constructor.java:486)\n\tat org.openqa.selenium.remote.ErrorCodec.decode(ErrorCodec.java:167)\n\tat org.openqa.selenium.remote.codec.w3c.W3CHttpResponseCodec.decode(W3CHttpResponseCodec.java:138)\n\tat org.openqa.selenium.remote.codec.w3c.W3CHttpResponseCodec.decode(W3CHttpResponseCodec.java:50)\n\tat org.openqa.selenium.remote.HttpCommandExecutor.execute(HttpCommandExecutor.java:190)\n\tat org.openqa.selenium.remote.service.DriverCommandExecutor.invokeExecute(DriverCommandExecutor.java:216)\n\tat org.openqa.selenium.remote.service.DriverCommandExecutor.execute(DriverCommandExecutor.java:174)\n\tat org.openqa.selenium.remote.RemoteWebDriver.execute(RemoteWebDriver.java:545)\n\tat org.openqa.selenium.remote.ElementLocation$ElementFinder$2.findElement(ElementLocation.java:165)\n\tat org.openqa.selenium.remote.ElementLocation.findElement(ElementLocation.java:59)\n\tat org.openqa.selenium.remote.RemoteWebDriver.findElement(RemoteWebDriver.java:368)\n\tat org.openqa.selenium.remote.RemoteWebDriver.findElement(RemoteWebDriver.java:362)\n\tat com.xats.automation.tests.pages.LoginPage.enterUsername(LoginPage.java:21)\n\tat com.xats.automation.tests.stepdefinitions.LoginSteps.user_enters_credentials_from_config(LoginSteps.java:27)\n\tat ✽.User enters username and password from config file(file:///runner/_work/automation/automation/src/test/resources/features/07_CandidateInDetailView.feature:6)\n","duration":37759254,"status":"failed"},"line":6,"name":"User enters username and password from config file","match":{"location":"com.xats.automation.tests.stepdefinitions.LoginSteps.user_enters_credentials_from_config()"},"keyword":"When "},{"result":{"duration":225780,"status":"skipped"},"line":7,"name":"User clicks on login button","match":{"location":"com.xats.automation.tests.stepdefinitions.LoginSteps.user_clicks_on_login_button()"},"keyword":"And "},{"result":{"duration":122215,"status":"skipped"},"line":8,"name":"User should land on dashboard","match":{"location":"com.xats.automation.tests.stepdefinitions.LoginSteps.user_should_land_on_dashboard()"},"keyword":"Then "},{"result":{"duration":104866,"status":"skipped"},"line":9,"name":"user navigates to candidateInDetailView","match":{"location":"com.xats.automation.tests.stepdefinitions.CandidateInDetailViewSteps.user_navigates_to_candidateInDetailView()"},"keyword":"When "}]},{"start_timestamp":"2026-01-17T16:18:40.092Z","before":[{"result":{"duration":402085750,"status":"passed"},"match":{"location":"com.xats.automation.tests.Hooks.Hooks.setUp()"}}],"line":27,"name":"Upload a new document","description":"","id":"candidateindetailview;upload-a-new-document","after":[{"result":{"duration":96176464,"status":"passed"},"match":{"location":"com.xats.automation.tests.Hooks.Hooks.tearDown(io.cucumber.java.Scenario)"}}],"type":"scenario","keyword":"Scenario","steps":[{"result":{"duration":109941,"status":"skipped"},"line":28,"name":"user uploads a document for can","match":{"location":"com.xats.automation.tests.stepdefinitions.CandidateInDetailViewSteps.user_uploads_a_document()"},"keyword":"And "}],"tags":[{"name":"@candidateDetail"},{"name":"@UploadDocument"}]},{"line":4,"name":"","description":"","type":"background","keyword":"Background","steps":[{"result":{"duration":200665110,"status":"passed"},"line":5,"name":"User is on login page","match":{"location":"com.xats.automation.tests.stepdefinitions.LoginSteps.user_is_on_login_page()"},"keyword":"Given "},{"result":{"error_message":"org.openqa.selenium.NoSuchElementException: no such element: Unable to locate element: {\"method\":\"xpath\",\"selector\":\"/html/body/div[2]/div/div[2]/form/div[1]/div[1]/input\"}\n  (Session info: chrome=143.0.7499.40)\nFor documentation on this error, please visit: https://www.selenium.dev/documentation/webdriver/troubleshooting/errors#no-such-element-exception\nBuild info: version: '4.25.0', revision: '8a8aea2337'\nSystem info: os.name: 'Linux', os.arch: 'amd64', os.version: '6.8.0-60-generic', java.version: '21.0.9'\nDriver info: org.openqa.selenium.chrome.ChromeDriver\nCommand: [6502754576e5b7a1b9c8ae0d32255436, findElement {value=/html/body/div[2]/div/div[2]/form/div[1]/div[1]/input, using=xpath}]\nCapabilities {acceptInsecureCerts: false, browserName: chrome, browserVersion: 143.0.7499.40, chrome: {chromedriverVersion: 143.0.7499.192 (be2c1f4fd45..., userDataDir: /tmp/.org.chromium.Chromium...}, fedcm:accounts: true, goog:chromeOptions: {debuggerAddress: localhost:38485}, goog:processID: 3932, networkConnectionEnabled: false, pageLoadStrategy: normal, platformName: linux, proxy: Proxy(), se:cdp: ws://localhost:38485/devtoo..., se:cdpVersion: 143.0.7499.40, setWindowRect: true, strictFileInteractability: false, timeouts: {implicit: 0, pageLoad: 300000, script: 30000}, unhandledPromptBehavior: dismiss and notify, webauthn:extension:credBlob: true, webauthn:extension:largeBlob: true, webauthn:extension:minPinLength: true, webauthn:extension:prf: true, webauthn:virtualAuthenticators: true}\nSession ID: 6502754576e5b7a1b9c8ae0d32255436\n\tat java.base/jdk.internal.reflect.DirectConstructorHandleAccessor.newInstance(DirectConstructorHandleAccessor.java:62)\n\tat java.base/java.lang.reflect.Constructor.newInstanceWithCaller(Constructor.java:502)\n\tat java.base/java.lang.reflect.Constructor.newInstance(Constructor.java:486)\n\tat org.openqa.selenium.remote.ErrorCodec.decode(ErrorCodec.java:167)\n\tat org.openqa.selenium.remote.codec.w3c.W3CHttpResponseCodec.decode(W3CHttpResponseCodec.java:138)\n\tat org.openqa.selenium.remote.codec.w3c.W3CHttpResponseCodec.decode(W3CHttpResponseCodec.java:50)\n\tat org.openqa.selenium.remote.HttpCommandExecutor.execute(HttpCommandExecutor.java:190)\n\tat org.openqa.selenium.remote.service.DriverCommandExecutor.invokeExecute(DriverCommandExecutor.java:216)\n\tat org.openqa.selenium.remote.service.DriverCommandExecutor.execute(DriverCommandExecutor.java:174)\n\tat org.openqa.selenium.remote.RemoteWebDriver.execute(RemoteWebDriver.java:545)\n\tat org.openqa.selenium.remote.ElementLocation$ElementFinder$2.findElement(ElementLocation.java:165)\n\tat org.openqa.selenium.remote.ElementLocation.findElement(ElementLocation.java:59)\n\tat org.openqa.selenium.remote.RemoteWebDriver.findElement(RemoteWebDriver.java:368)\n\tat org.openqa.selenium.remote.RemoteWebDriver.findElement(RemoteWebDriver.java:362)\n\tat com.xats.automation.tests.pages.LoginPage.enterUsername(LoginPage.java:21)\n\tat com.xats.automation.tests.stepdefinitions.LoginSteps.user_enters_credentials_from_config(LoginSteps.java:27)\n\tat ✽.User enters username and password from config file(file:///runner/_work/automation/automation/src/test/resources/features/07_CandidateInDetailView.feature:6)\n","duration":28757314,"status":"failed"},"line":6,"name":"User enters username and password from config file","match":{"location":"com.xats.automation.tests.stepdefinitions.LoginSteps.user_enters_credentials_from_config()"},"keyword":"When "},{"result":{"duration":265573,"status":"skipped"},"line":7,"name":"User clicks on login button","match":{"location":"com.xats.automation.tests.stepdefinitions.LoginSteps.user_clicks_on_login_button()"},"keyword":"And "},{"result":{"duration":141326,"status":"skipped"},"line":8,"name":"User should land on dashboard","match":{"location":"com.xats.automation.tests.stepdefinitions.LoginSteps.user_should_land_on_dashboard()"},"keyword":"Then "},{"result":{"duration":147681,"status":"skipped"},"line":9,"name":"user navigates to candidateInDetailView","match":{"location":"com.xats.automation.tests.stepdefinitions.CandidateInDetailViewSteps.user_navigates_to_candidateInDetailView()"},"keyword":"When "}]},{"start_timestamp":"2026-01-17T16:18:40.807Z","before":[{"result":{"duration":501077320,"status":"passed"},"match":{"location":"com.xats.automation.tests.Hooks.Hooks.setUp()"}}],"line":31,"name":"Delete the uploaded document","description":"","id":"candidateindetailview;delete-the-uploaded-document","after":[{"result":{"duration":77420381,"status":"passed"},"match":{"location":"com.xats.automation.tests.Hooks.Hooks.tearDown(io.cucumber.java.Scenario)"}}],"type":"scenario","keyword":"Scenario","steps":[{"result":{"duration":202390,"status":"skipped"},"line":32,"name":"user deletes the document for can","match":{"location":"com.xats.automation.tests.stepdefinitions.CandidateInDetailViewSteps.user_deletes_the_document()"},"keyword":"And "}],"tags":[{"name":"@candidateDetail"},{"name":"@DeleteDocument"}]},{"line":4,"name":"","description":"","type":"background","keyword":"Background","steps":[{"result":{"duration":168854480,"status":"passed"},"line":5,"name":"User is on login page","match":{"location":"com.xats.automation.tests.stepdefinitions.LoginSteps.user_is_on_login_page()"},"keyword":"Given "},{"result":{"error_message":"org.openqa.selenium.NoSuchElementException: no such element: Unable to locate element: {\"method\":\"xpath\",\"selector\":\"/html/body/div[2]/div/div[2]/form/div[1]/div[1]/input\"}\n  (Session info: chrome=143.0.7499.40)\nFor documentation on this error, please visit: https://www.selenium.dev/documentation/webdriver/troubleshooting/errors#no-such-element-exception\nBuild info: version: '4.25.0', revision: '8a8aea2337'\nSystem info: os.name: 'Linux', os.arch: 'amd64', os.version: '6.8.0-60-generic', java.version: '21.0.9'\nDriver info: org.openqa.selenium.chrome.ChromeDriver\nCommand: [c6c19814df0bdf51920211e87338abdb, findElement {value=/html/body/div[2]/div/div[2]/form/div[1]/div[1]/input, using=xpath}]\nCapabilities {acceptInsecureCerts: false, browserName: chrome, browserVersion: 143.0.7499.40, chrome: {chromedriverVersion: 143.0.7499.192 (be2c1f4fd45..., userDataDir: /tmp/.org.chromium.Chromium...}, fedcm:accounts: true, goog:chromeOptions: {debuggerAddress: localhost:35799}, goog:processID: 4075, networkConnectionEnabled: false, pageLoadStrategy: normal, platformName: linux, proxy: Proxy(), se:cdp: ws://localhost:35799/devtoo..., se:cdpVersion: 143.0.7499.40, setWindowRect: true, strictFileInteractability: false, timeouts: {implicit: 0, pageLoad: 300000, script: 30000}, unhandledPromptBehavior: dismiss and notify, webauthn:extension:credBlob: true, webauthn:extension:largeBlob: true, webauthn:extension:minPinLength: true, webauthn:extension:prf: true, webauthn:virtualAuthenticators: true}\nSession ID: c6c19814df0bdf51920211e87338abdb\n\tat java.base/jdk.internal.reflect.DirectConstructorHandleAccessor.newInstance(DirectConstructorHandleAccessor.java:62)\n\tat java.base/java.lang.reflect.Constructor.newInstanceWithCaller(Constructor.java:502)\n\tat java.base/java.lang.reflect.Constructor.newInstance(Constructor.java:486)\n\tat org.openqa.selenium.remote.ErrorCodec.decode(ErrorCodec.java:167)\n\tat org.openqa.selenium.remote.codec.w3c.W3CHttpResponseCodec.decode(W3CHttpResponseCodec.java:138)\n\tat org.openqa.selenium.remote.codec.w3c.W3CHttpResponseCodec.decode(W3CHttpResponseCodec.java:50)\n\tat org.openqa.selenium.remote.HttpCommandExecutor.execute(HttpCommandExecutor.java:190)\n\tat org.openqa.selenium.remote.service.DriverCommandExecutor.invokeExecute(DriverCommandExecutor.java:216)\n\tat org.openqa.selenium.remote.service.DriverCommandExecutor.execute(DriverCommandExecutor.java:174)\n\tat org.openqa.selenium.remote.RemoteWebDriver.execute(RemoteWebDriver.java:545)\n\tat org.openqa.selenium.remote.ElementLocation$ElementFinder$2.findElement(ElementLocation.java:165)\n\tat org.openqa.selenium.remote.ElementLocation.findElement(ElementLocation.java:59)\n\tat org.openqa.selenium.remote.RemoteWebDriver.findElement(RemoteWebDriver.java:368)\n\tat org.openqa.selenium.remote.RemoteWebDriver.findElement(RemoteWebDriver.java:362)\n\tat com.xats.automation.tests.pages.LoginPage.enterUsername(LoginPage.java:21)\n\tat com.xats.automation.tests.stepdefinitions.LoginSteps.user_enters_credentials_from_config(LoginSteps.java:27)\n\tat ✽.User enters username and password from config file(file:///runner/_work/automation/automation/src/test/resources/features/07_CandidateInDetailView.feature:6)\n","duration":26124466,"status":"failed"},"line":6,"name":"User enters username and password from config file","match":{"location":"com.xats.automation.tests.stepdefinitions.LoginSteps.user_enters_credentials_from_config()"},"keyword":"When "},{"result":{"duration":215117,"status":"skipped"},"line":7,"name":"User clicks on login button","match":{"location":"com.xats.automation.tests.stepdefinitions.LoginSteps.user_clicks_on_login_button()"},"keyword":"And "},{"result":{"duration":119311,"status":"skipped"},"line":8,"name":"User should land on dashboard","match":{"location":"com.xats.automation.tests.stepdefinitions.LoginSteps.user_should_land_on_dashboard()"},"keyword":"Then "},{"result":{"duration":104596,"status":"skipped"},"line":9,"name":"user navigates to candidateInDetailView","match":{"location":"com.xats.automation.tests.stepdefinitions.CandidateInDetailViewSteps.user_navigates_to_candidateInDetailView()"},"keyword":"When "}]},{"start_timestamp":"2026-01-17T16:18:41.632Z","before":[{"result":{"duration":432395754,"status":"passed"},"match":{"location":"com.xats.automation.tests.Hooks.Hooks.setUp()"}}],"line":35,"name":"Create a Task","description":"","id":"candidateindetailview;create-a-task","after":[{"result":{"duration":97393752,"status":"passed"},"match":{"location":"com.xats.automation.tests.Hooks.Hooks.tearDown(io.cucumber.java.Scenario)"}}],"type":"scenario","keyword":"Scenario","steps":[{"result":{"duration":126100,"status":"skipped"},"line":36,"name":"user create a task for can","match":{"location":"com.xats.automation.tests.stepdefinitions.CandidateInDetailViewSteps.user_create_a_task()"},"keyword":"When "}],"tags":[{"name":"@candidateDetail"},{"name":"@taskCreation"}]}],"name":"candidateInDetailView","description":"","id":"candidateindetailview","keyword":"Feature","uri":"file:src/test/resources/features/07_CandidateInDetailView.feature","tags":[{"name":"@candidateDetail","type":"Tag","location":{"line":1,"column":1}}]},{"line":2,"elements":[{"line":4,"name":"","description":"","type":"background","keyword":"Background","steps":[{"result":{"duration":147043181,"status":"passed"},"line":5,"name":"User is on login page","match":{"location":"com.xats.automation.tests.stepdefinitions.LoginSteps.user_is_on_login_page()"},"keyword":"Given "},{"result":{"error_message":"org.openqa.selenium.NoSuchElementException: no such element: Unable to locate element: {\"method\":\"xpath\",\"selector\":\"/html/body/div[2]/div/div[2]/form/div[1]/div[1]/input\"}\n  (Session info: chrome=143.0.7499.40)\nFor documentation on this error, please visit: https://www.selenium.dev/documentation/webdriver/troubleshooting/errors#no-such-element-exception\nBuild info: version: '4.25.0', revision: '8a8aea2337'\nSystem info: os.name: 'Linux', os.arch: 'amd64', os.version: '6.8.0-60-generic', java.version: '21.0.9'\nDriver info: org.openqa.selenium.chrome.ChromeDriver\nCommand: [6c451cf791a786fc8c504943c46d94cd, findElement {value=/html/body/div[2]/div/div[2]/form/div[1]/div[1]/input, using=xpath}]\nCapabilities {acceptInsecureCerts: false, browserName: chrome, browserVersion: 143.0.7499.40, chrome: {chromedriverVersion: 143.0.7499.192 (be2c1f4fd45..., userDataDir: /tmp/.org.chromium.Chromium...}, fedcm:accounts: true, goog:chromeOptions: {debuggerAddress: localhost:32851}, goog:processID: 4217, networkConnectionEnabled: false, pageLoadStrategy: normal, platformName: linux, proxy: Proxy(), se:cdp: ws://localhost:32851/devtoo..., se:cdpVersion: 143.0.7499.40, setWindowRect: true, strictFileInteractability: false, timeouts: {implicit: 0, pageLoad: 300000, script: 30000}, unhandledPromptBehavior: dismiss and notify, webauthn:extension:credBlob: true, webauthn:extension:largeBlob: true, webauthn:extension:minPinLength: true, webauthn:extension:prf: true, webauthn:virtualAuthenticators: true}\nSession ID: 6c451cf791a786fc8c504943c46d94cd\n\tat java.base/jdk.internal.reflect.DirectConstructorHandleAccessor.newInstance(DirectConstructorHandleAccessor.java:62)\n\tat java.base/java.lang.reflect.Constructor.newInstanceWithCaller(Constructor.java:502)\n\tat java.base/java.lang.reflect.Constructor.newInstance(Constructor.java:486)\n\tat org.openqa.selenium.remote.ErrorCodec.decode(ErrorCodec.java:167)\n\tat org.openqa.selenium.remote.codec.w3c.W3CHttpResponseCodec.decode(W3CHttpResponseCodec.java:138)\n\tat org.openqa.selenium.remote.codec.w3c.W3CHttpResponseCodec.decode(W3CHttpResponseCodec.java:50)\n\tat org.openqa.selenium.remote.HttpCommandExecutor.execute(HttpCommandExecutor.java:190)\n\tat org.openqa.selenium.remote.service.DriverCommandExecutor.invokeExecute(DriverCommandExecutor.java:216)\n\tat org.openqa.selenium.remote.service.DriverCommandExecutor.execute(DriverCommandExecutor.java:174)\n\tat org.openqa.selenium.remote.RemoteWebDriver.execute(RemoteWebDriver.java:545)\n\tat org.openqa.selenium.remote.ElementLocation$ElementFinder$2.findElement(ElementLocation.java:165)\n\tat org.openqa.selenium.remote.ElementLocation.findElement(ElementLocation.java:59)\n\tat org.openqa.selenium.remote.RemoteWebDriver.findElement(RemoteWebDriver.java:368)\n\tat org.openqa.selenium.remote.RemoteWebDriver.findElement(RemoteWebDriver.java:362)\n\tat com.xats.automation.tests.pages.LoginPage.enterUsername(LoginPage.java:21)\n\tat com.xats.automation.tests.stepdefinitions.LoginSteps.user_enters_credentials_from_config(LoginSteps.java:27)\n\tat ✽.User enters username and password from config file(file:///runner/_work/automation/automation/src/test/resources/features/08_CandidateSubmission.feature:6)\n","duration":28833166,"status":"failed"},"line":6,"name":"User enters username and password from config file","match":{"location":"com.xats.automation.tests.stepdefinitions.LoginSteps.user_enters_credentials_from_config()"},"keyword":"When "},{"result":{"duration":281857,"status":"skipped"},"line":7,"name":"User clicks on login button","match":{"location":"com.xats.automation.tests.stepdefinitions.LoginSteps.user_clicks_on_login_button()"},"keyword":"And "}]},{"start_timestamp":"2026-01-17T16:18:42.368Z","before":[{"result":{"duration":473144276,"status":"passed"},"match":{"location":"com.xats.automation.tests.Hooks.Hooks.setUp()"}}],"line":10,"name":"Navigate to submission page","description":"","id":"submission-page;navigate-to-submission-page","after":[{"result":{"duration":77260044,"status":"passed"},"match":{"location":"com.xats.automation.tests.Hooks.Hooks.tearDown(io.cucumber.java.Scenario)"}}],"type":"scenario","keyword":"Scenario","steps":[{"result":{"duration":118955,"status":"skipped"},"line":11,"name":"user navigates to job detail view","match":{"location":"com.xats.automation.tests.stepdefinitions.JobInDetailViewSteps.user_navigates_to_job_detail_view()"},"keyword":"When "},{"result":{"duration":119134,"status":"skipped"},"line":12,"name":"user navigates submission page","match":{"location":"com.xats.automation.tests.stepdefinitions.CandidateSubmissionSteps.user_navigates_to_submission_page()"},"keyword":"When "}],"tags":[{"name":"@candidateSubmission"},{"name":"@submission"}]},{"line":4,"name":"","description":"","type":"background","keyword":"Background","steps":[{"result":{"duration":160015385,"status":"passed"},"line":5,"name":"User is on login page","match":{"location":"com.xats.automation.tests.stepdefinitions.LoginSteps.user_is_on_login_page()"},"keyword":"Given "},{"result":{"error_message":"org.openqa.selenium.NoSuchElementException: no such element: Unable to locate element: {\"method\":\"xpath\",\"selector\":\"/html/body/div[2]/div/div[2]/form/div[1]/div[1]/input\"}\n  (Session info: chrome=143.0.7499.40)\nFor documentation on this error, please visit: https://www.selenium.dev/documentation/webdriver/troubleshooting/errors#no-such-element-exception\nBuild info: version: '4.25.0', revision: '8a8aea2337'\nSystem info: os.name: 'Linux', os.arch: 'amd64', os.version: '6.8.0-60-generic', java.version: '21.0.9'\nDriver info: org.openqa.selenium.chrome.ChromeDriver\nCommand: [42042a955784d25dcea62ae55914f6d2, findElement {value=/html/body/div[2]/div/div[2]/form/div[1]/div[1]/input, using=xpath}]\nCapabilities {acceptInsecureCerts: false, browserName: chrome, browserVersion: 143.0.7499.40, chrome: {chromedriverVersion: 143.0.7499.192 (be2c1f4fd45..., userDataDir: /tmp/.org.chromium.Chromium...}, fedcm:accounts: true, goog:chromeOptions: {debuggerAddress: localhost:36135}, goog:processID: 4358, networkConnectionEnabled: false, pageLoadStrategy: normal, platformName: linux, proxy: Proxy(), se:cdp: ws://localhost:36135/devtoo..., se:cdpVersion: 143.0.7499.40, setWindowRect: true, strictFileInteractability: false, timeouts: {implicit: 0, pageLoad: 300000, script: 30000}, unhandledPromptBehavior: dismiss and notify, webauthn:extension:credBlob: true, webauthn:extension:largeBlob: true, webauthn:extension:minPinLength: true, webauthn:extension:prf: true, webauthn:virtualAuthenticators: true}\nSession ID: 42042a955784d25dcea62ae55914f6d2\n\tat java.base/jdk.internal.reflect.DirectConstructorHandleAccessor.newInstance(DirectConstructorHandleAccessor.java:62)\n\tat java.base/java.lang.reflect.Constructor.newInstanceWithCaller(Constructor.java:502)\n\tat java.base/java.lang.reflect.Constructor.newInstance(Constructor.java:486)\n\tat org.openqa.selenium.remote.ErrorCodec.decode(ErrorCodec.java:167)\n\tat org.openqa.selenium.remote.codec.w3c.W3CHttpResponseCodec.decode(W3CHttpResponseCodec.java:138)\n\tat org.openqa.selenium.remote.codec.w3c.W3CHttpResponseCodec.decode(W3CHttpResponseCodec.java:50)\n\tat org.openqa.selenium.remote.HttpCommandExecutor.execute(HttpCommandExecutor.java:190)\n\tat org.openqa.selenium.remote.service.DriverCommandExecutor.invokeExecute(DriverCommandExecutor.java:216)\n\tat org.openqa.selenium.remote.service.DriverCommandExecutor.execute(DriverCommandExecutor.java:174)\n\tat org.openqa.selenium.remote.RemoteWebDriver.execute(RemoteWebDriver.java:545)\n\tat org.openqa.selenium.remote.ElementLocation$ElementFinder$2.findElement(ElementLocation.java:165)\n\tat org.openqa.selenium.remote.ElementLocation.findElement(ElementLocation.java:59)\n\tat org.openqa.selenium.remote.RemoteWebDriver.findElement(RemoteWebDriver.java:368)\n\tat org.openqa.selenium.remote.RemoteWebDriver.findElement(RemoteWebDriver.java:362)\n\tat com.xats.automation.tests.pages.LoginPage.enterUsername(LoginPage.java:21)\n\tat com.xats.automation.tests.stepdefinitions.LoginSteps.user_enters_credentials_from_config(LoginSteps.java:27)\n\tat ✽.User enters username and password from config file(file:///runner/_work/automation/automation/src/test/resources/features/08_CandidateSubmission.feature:6)\n","duration":25418029,"status":"failed"},"line":6,"name":"User enters username and password from config file","match":{"location":"com.xats.automation.tests.stepdefinitions.LoginSteps.user_enters_credentials_from_config()"},"keyword":"When "},{"result":{"duration":222073,"status":"skipped"},"line":7,"name":"User clicks on login button","match":{"location":"com.xats.automation.tests.stepdefinitions.LoginSteps.user_clicks_on_login_button()"},"keyword":"And "}]},{"start_timestamp":"2026-01-17T16:18:43.132Z","before":[{"result":{"duration":457140716,"status":"passed"},"match":{"location":"com.xats.automation.tests.Hooks.Hooks.setUp()"}}],"line":15,"name":"Add a new note","description":"","id":"submission-page;add-a-new-note","after":[{"result":{"duration":79697191,"status":"passed"},"match":{"location":"com.xats.automation.tests.Hooks.Hooks.tearDown(io.cucumber.java.Scenario)"}}],"type":"scenario","keyword":"Scenario","steps":[{"result":{"duration":130902,"status":"skipped"},"line":16,"name":"user navigates to job detail view","match":{"location":"com.xats.automation.tests.stepdefinitions.JobInDetailViewSteps.user_navigates_to_job_detail_view()"},"keyword":"When "},{"result":{"duration":121215,"status":"skipped"},"line":17,"name":"user navigates submission page","match":{"location":"com.xats.automation.tests.stepdefinitions.CandidateSubmissionSteps.user_navigates_to_submission_page()"},"keyword":"When "},{"result":{"duration":172159,"status":"skipped"},"line":18,"name":"user adds a note in submission","match":{"location":"com.xats.automation.tests.stepdefinitions.CandidateSubmissionSteps.user_adds_a_note()"},"keyword":"And "}],"tags":[{"name":"@candidateSubmission"},{"name":"@AddNote"}]},{"line":4,"name":"","description":"","type":"background","keyword":"Background","steps":[{"result":{"duration":170985738,"status":"passed"},"line":5,"name":"User is on login page","match":{"location":"com.xats.automation.tests.stepdefinitions.LoginSteps.user_is_on_login_page()"},"keyword":"Given "},{"result":{"error_message":"org.openqa.selenium.NoSuchElementException: no such element: Unable to locate element: {\"method\":\"xpath\",\"selector\":\"/html/body/div[2]/div/div[2]/form/div[1]/div[1]/input\"}\n  (Session info: chrome=143.0.7499.40)\nFor documentation on this error, please visit: https://www.selenium.dev/documentation/webdriver/troubleshooting/errors#no-such-element-exception\nBuild info: version: '4.25.0', revision: '8a8aea2337'\nSystem info: os.name: 'Linux', os.arch: 'amd64', os.version: '6.8.0-60-generic', java.version: '21.0.9'\nDriver info: org.openqa.selenium.chrome.ChromeDriver\nCommand: [9bf30bf2081b66d6c277f5a8f2a1e9d6, findElement {value=/html/body/div[2]/div/div[2]/form/div[1]/div[1]/input, using=xpath}]\nCapabilities {acceptInsecureCerts: false, browserName: chrome, browserVersion: 143.0.7499.40, chrome: {chromedriverVersion: 143.0.7499.192 (be2c1f4fd45..., userDataDir: /tmp/.org.chromium.Chromium...}, fedcm:accounts: true, goog:chromeOptions: {debuggerAddress: localhost:35935}, goog:processID: 4499, networkConnectionEnabled: false, pageLoadStrategy: normal, platformName: linux, proxy: Proxy(), se:cdp: ws://localhost:35935/devtoo..., se:cdpVersion: 143.0.7499.40, setWindowRect: true, strictFileInteractability: false, timeouts: {implicit: 0, pageLoad: 300000, script: 30000}, unhandledPromptBehavior: dismiss and notify, webauthn:extension:credBlob: true, webauthn:extension:largeBlob: true, webauthn:extension:minPinLength: true, webauthn:extension:prf: true, webauthn:virtualAuthenticators: true}\nSession ID: 9bf30bf2081b66d6c277f5a8f2a1e9d6\n\tat java.base/jdk.internal.reflect.DirectConstructorHandleAccessor.newInstance(DirectConstructorHandleAccessor.java:62)\n\tat java.base/java.lang.reflect.Constructor.newInstanceWithCaller(Constructor.java:502)\n\tat java.base/java.lang.reflect.Constructor.newInstance(Constructor.java:486)\n\tat org.openqa.selenium.remote.ErrorCodec.decode(ErrorCodec.java:167)\n\tat org.openqa.selenium.remote.codec.w3c.W3CHttpResponseCodec.decode(W3CHttpResponseCodec.java:138)\n\tat org.openqa.selenium.remote.codec.w3c.W3CHttpResponseCodec.decode(W3CHttpResponseCodec.java:50)\n\tat org.openqa.selenium.remote.HttpCommandExecutor.execute(HttpCommandExecutor.java:190)\n\tat org.openqa.selenium.remote.service.DriverCommandExecutor.invokeExecute(DriverCommandExecutor.java:216)\n\tat org.openqa.selenium.remote.service.DriverCommandExecutor.execute(DriverCommandExecutor.java:174)\n\tat org.openqa.selenium.remote.RemoteWebDriver.execute(RemoteWebDriver.java:545)\n\tat org.openqa.selenium.remote.ElementLocation$ElementFinder$2.findElement(ElementLocation.java:165)\n\tat org.openqa.selenium.remote.ElementLocation.findElement(ElementLocation.java:59)\n\tat org.openqa.selenium.remote.RemoteWebDriver.findElement(RemoteWebDriver.java:368)\n\tat org.openqa.selenium.remote.RemoteWebDriver.findElement(RemoteWebDriver.java:362)\n\tat com.xats.automation.tests.pages.LoginPage.enterUsername(LoginPage.java:21)\n\tat com.xats.automation.tests.stepdefinitions.LoginSteps.user_enters_credentials_from_config(LoginSteps.java:27)\n\tat ✽.User enters username and password from config file(file:///runner/_work/automation/automation/src/test/resources/features/08_CandidateSubmission.feature:6)\n","duration":27318023,"status":"failed"},"line":6,"name":"User enters username and password from config file","match":{"location":"com.xats.automation.tests.stepdefinitions.LoginSteps.user_enters_credentials_from_config()"},"keyword":"When "},{"result":{"duration":303478,"status":"skipped"},"line":7,"name":"User clicks on login button","match":{"location":"com.xats.automation.tests.stepdefinitions.LoginSteps.user_clicks_on_login_button()"},"keyword":"And "}]},{"start_timestamp":"2026-01-17T16:18:43.862Z","before":[{"result":{"duration":449648593,"status":"passed"},"match":{"location":"com.xats.automation.tests.Hooks.Hooks.setUp()"}}],"line":21,"name":"Edit the existing note","description":"","id":"submission-page;edit-the-existing-note","after":[{"result":{"duration":72073378,"status":"passed"},"match":{"location":"com.xats.automation.tests.Hooks.Hooks.tearDown(io.cucumber.java.Scenario)"}}],"type":"scenario","keyword":"Scenario","steps":[{"result":{"duration":135948,"status":"skipped"},"line":22,"name":"user navigates to job detail view","match":{"location":"com.xats.automation.tests.stepdefinitions.JobInDetailViewSteps.user_navigates_to_job_detail_view()"},"keyword":"When "},{"result":{"duration":298602,"status":"skipped"},"line":23,"name":"user navigates submission page","match":{"location":"com.xats.automation.tests.stepdefinitions.CandidateSubmissionSteps.user_navigates_to_submission_page()"},"keyword":"When "},{"result":{"duration":153563,"status":"skipped"},"line":24,"name":"user edits the note in submission","match":{"location":"com.xats.automation.tests.stepdefinitions.CandidateSubmissionSteps.user_edits_the_note()"},"keyword":"And "}],"tags":[{"name":"@candidateSubmission"},{"name":"@EditNote"}]},{"line":4,"name":"","description":"","type":"background","keyword":"Background","steps":[{"result":{"duration":176735294,"status":"passed"},"line":5,"name":"User is on login page","match":{"location":"com.xats.automation.tests.stepdefinitions.LoginSteps.user_is_on_login_page()"},"keyword":"Given "},{"result":{"error_message":"org.openqa.selenium.NoSuchElementException: no such element: Unable to locate element: {\"method\":\"xpath\",\"selector\":\"/html/body/div[2]/div/div[2]/form/div[1]/div[1]/input\"}\n  (Session info: chrome=143.0.7499.40)\nFor documentation on this error, please visit: https://www.selenium.dev/documentation/webdriver/troubleshooting/errors#no-such-element-exception\nBuild info: version: '4.25.0', revision: '8a8aea2337'\nSystem info: os.name: 'Linux', os.arch: 'amd64', os.version: '6.8.0-60-generic', java.version: '21.0.9'\nDriver info: org.openqa.selenium.chrome.ChromeDriver\nCommand: [27f6911d880350af27fd5b55f0332125, findElement {value=/html/body/div[2]/div/div[2]/form/div[1]/div[1]/input, using=xpath}]\nCapabilities {acceptInsecureCerts: false, browserName: chrome, browserVersion: 143.0.7499.40, chrome: {chromedriverVersion: 143.0.7499.192 (be2c1f4fd45..., userDataDir: /tmp/.org.chromium.Chromium...}, fedcm:accounts: true, goog:chromeOptions: {debuggerAddress: localhost:41871}, goog:processID: 4644, networkConnectionEnabled: false, pageLoadStrategy: normal, platformName: linux, proxy: Proxy(), se:cdp: ws://localhost:41871/devtoo..., se:cdpVersion: 143.0.7499.40, setWindowRect: true, strictFileInteractability: false, timeouts: {implicit: 0, pageLoad: 300000, script: 30000}, unhandledPromptBehavior: dismiss and notify, webauthn:extension:credBlob: true, webauthn:extension:largeBlob: true, webauthn:extension:minPinLength: true, webauthn:extension:prf: true, webauthn:virtualAuthenticators: true}\nSession ID: 27f6911d880350af27fd5b55f0332125\n\tat java.base/jdk.internal.reflect.DirectConstructorHandleAccessor.newInstance(DirectConstructorHandleAccessor.java:62)\n\tat java.base/java.lang.reflect.Constructor.newInstanceWithCaller(Constructor.java:502)\n\tat java.base/java.lang.reflect.Constructor.newInstance(Constructor.java:486)\n\tat org.openqa.selenium.remote.ErrorCodec.decode(ErrorCodec.java:167)\n\tat org.openqa.selenium.remote.codec.w3c.W3CHttpResponseCodec.decode(W3CHttpResponseCodec.java:138)\n\tat org.openqa.selenium.remote.codec.w3c.W3CHttpResponseCodec.decode(W3CHttpResponseCodec.java:50)\n\tat org.openqa.selenium.remote.HttpCommandExecutor.execute(HttpCommandExecutor.java:190)\n\tat org.openqa.selenium.remote.service.DriverCommandExecutor.invokeExecute(DriverCommandExecutor.java:216)\n\tat org.openqa.selenium.remote.service.DriverCommandExecutor.execute(DriverCommandExecutor.java:174)\n\tat org.openqa.selenium.remote.RemoteWebDriver.execute(RemoteWebDriver.java:545)\n\tat org.openqa.selenium.remote.ElementLocation$ElementFinder$2.findElement(ElementLocation.java:165)\n\tat org.openqa.selenium.remote.ElementLocation.findElement(ElementLocation.java:59)\n\tat org.openqa.selenium.remote.RemoteWebDriver.findElement(RemoteWebDriver.java:368)\n\tat org.openqa.selenium.remote.RemoteWebDriver.findElement(RemoteWebDriver.java:362)\n\tat com.xats.automation.tests.pages.LoginPage.enterUsername(LoginPage.java:21)\n\tat com.xats.automation.tests.stepdefinitions.LoginSteps.user_enters_credentials_from_config(LoginSteps.java:27)\n\tat ✽.User enters username and password from config file(file:///runner/_work/automation/automation/src/test/resources/features/08_CandidateSubmission.feature:6)\n","duration":24154270,"status":"failed"},"line":6,"name":"User enters username and password from config file","match":{"location":"com.xats.automation.tests.stepdefinitions.LoginSteps.user_enters_credentials_from_config()"},"keyword":"When "},{"result":{"duration":258403,"status":"skipped"},"line":7,"name":"User clicks on login button","match":{"location":"com.xats.automation.tests.stepdefinitions.LoginSteps.user_clicks_on_login_button()"},"keyword":"And "}]},{"start_timestamp":"2026-01-17T16:18:44.589Z","before":[{"result":{"duration":427099680,"status":"passed"},"match":{"location":"com.xats.automation.tests.Hooks.Hooks.setUp()"}}],"line":27,"name":"Pin the note","description":"","id":"submission-page;pin-the-note","after":[{"result":{"duration":84672142,"status":"passed"},"match":{"location":"com.xats.automation.tests.Hooks.Hooks.tearDown(io.cucumber.java.Scenario)"}}],"type":"scenario","keyword":"Scenario","steps":[{"result":{"duration":121758,"status":"skipped"},"line":28,"name":"user navigates to job detail view","match":{"location":"com.xats.automation.tests.stepdefinitions.JobInDetailViewSteps.user_navigates_to_job_detail_view()"},"keyword":"When "},{"result":{"duration":126929,"status":"skipped"},"line":29,"name":"user navigates submission page","match":{"location":"com.xats.automation.tests.stepdefinitions.CandidateSubmissionSteps.user_navigates_to_submission_page()"},"keyword":"When "},{"result":{"duration":112316,"status":"skipped"},"line":30,"name":"user pins the note in submission","match":{"location":"com.xats.automation.tests.stepdefinitions.CandidateSubmissionSteps.user_pins_the_note()"},"keyword":"And "}],"tags":[{"name":"@candidateSubmission"},{"name":"@PinNote"}]},{"line":4,"name":"","description":"","type":"background","keyword":"Background","steps":[{"result":{"duration":163829957,"status":"passed"},"line":5,"name":"User is on login page","match":{"location":"com.xats.automation.tests.stepdefinitions.LoginSteps.user_is_on_login_page()"},"keyword":"Given "},{"result":{"error_message":"org.openqa.selenium.NoSuchElementException: no such element: Unable to locate element: {\"method\":\"xpath\",\"selector\":\"/html/body/div[2]/div/div[2]/form/div[1]/div[1]/input\"}\n  (Session info: chrome=143.0.7499.40)\nFor documentation on this error, please visit: https://www.selenium.dev/documentation/webdriver/troubleshooting/errors#no-such-element-exception\nBuild info: version: '4.25.0', revision: '8a8aea2337'\nSystem info: os.name: 'Linux', os.arch: 'amd64', os.version: '6.8.0-60-generic', java.version: '21.0.9'\nDriver info: org.openqa.selenium.chrome.ChromeDriver\nCommand: [294b050bad7302422b69fe90901709e2, findElement {value=/html/body/div[2]/div/div[2]/form/div[1]/div[1]/input, using=xpath}]\nCapabilities {acceptInsecureCerts: false, browserName: chrome, browserVersion: 143.0.7499.40, chrome: {chromedriverVersion: 143.0.7499.192 (be2c1f4fd45..., userDataDir: /tmp/.org.chromium.Chromium...}, fedcm:accounts: true, goog:chromeOptions: {debuggerAddress: localhost:36751}, goog:processID: 4787, networkConnectionEnabled: false, pageLoadStrategy: normal, platformName: linux, proxy: Proxy(), se:cdp: ws://localhost:36751/devtoo..., se:cdpVersion: 143.0.7499.40, setWindowRect: true, strictFileInteractability: false, timeouts: {implicit: 0, pageLoad: 300000, script: 30000}, unhandledPromptBehavior: dismiss and notify, webauthn:extension:credBlob: true, webauthn:extension:largeBlob: true, webauthn:extension:minPinLength: true, webauthn:extension:prf: true, webauthn:virtualAuthenticators: true}\nSession ID: 294b050bad7302422b69fe90901709e2\n\tat java.base/jdk.internal.reflect.DirectConstructorHandleAccessor.newInstance(DirectConstructorHandleAccessor.java:62)\n\tat java.base/java.lang.reflect.Constructor.newInstanceWithCaller(Constructor.java:502)\n\tat java.base/java.lang.reflect.Constructor.newInstance(Constructor.java:486)\n\tat org.openqa.selenium.remote.ErrorCodec.decode(ErrorCodec.java:167)\n\tat org.openqa.selenium.remote.codec.w3c.W3CHttpResponseCodec.decode(W3CHttpResponseCodec.java:138)\n\tat org.openqa.selenium.remote.codec.w3c.W3CHttpResponseCodec.decode(W3CHttpResponseCodec.java:50)\n\tat org.openqa.selenium.remote.HttpCommandExecutor.execute(HttpCommandExecutor.java:190)\n\tat org.openqa.selenium.remote.service.DriverCommandExecutor.invokeExecute(DriverCommandExecutor.java:216)\n\tat org.openqa.selenium.remote.service.DriverCommandExecutor.execute(DriverCommandExecutor.java:174)\n\tat org.openqa.selenium.remote.RemoteWebDriver.execute(RemoteWebDriver.java:545)\n\tat org.openqa.selenium.remote.ElementLocation$ElementFinder$2.findElement(ElementLocation.java:165)\n\tat org.openqa.selenium.remote.ElementLocation.findElement(ElementLocation.java:59)\n\tat org.openqa.selenium.remote.RemoteWebDriver.findElement(RemoteWebDriver.java:368)\n\tat org.openqa.selenium.remote.RemoteWebDriver.findElement(RemoteWebDriver.java:362)\n\tat com.xats.automation.tests.pages.LoginPage.enterUsername(LoginPage.java:21)\n\tat com.xats.automation.tests.stepdefinitions.LoginSteps.user_enters_credentials_from_config(LoginSteps.java:27)\n\tat ✽.User enters username and password from config file(file:///runner/_work/automation/automation/src/test/resources/features/08_CandidateSubmission.feature:6)\n","duration":30994611,"status":"failed"},"line":6,"name":"User enters username and password from config file","match":{"location":"com.xats.automation.tests.stepdefinitions.LoginSteps.user_enters_credentials_from_config()"},"keyword":"When "},{"result":{"duration":224329,"status":"skipped"},"line":7,"name":"User clicks on login button","match":{"location":"com.xats.automation.tests.stepdefinitions.LoginSteps.user_clicks_on_login_button()"},"keyword":"And "}]},{"start_timestamp":"2026-01-17T16:18:45.308Z","before":[{"result":{"duration":403350037,"status":"passed"},"match":{"location":"com.xats.automation.tests.Hooks.Hooks.setUp()"}}],"line":33,"name":"Delete the note","description":"","id":"submission-page;delete-the-note","after":[{"result":{"duration":74567968,"status":"passed"},"match":{"location":"com.xats.automation.tests.Hooks.Hooks.tearDown(io.cucumber.java.Scenario)"}}],"type":"scenario","keyword":"Scenario","steps":[{"result":{"duration":134464,"status":"skipped"},"line":34,"name":"user navigates to job detail view","match":{"location":"com.xats.automation.tests.stepdefinitions.JobInDetailViewSteps.user_navigates_to_job_detail_view()"},"keyword":"When "},{"result":{"duration":143424,"status":"skipped"},"line":35,"name":"user navigates submission page","match":{"location":"com.xats.automation.tests.stepdefinitions.CandidateSubmissionSteps.user_navigates_to_submission_page()"},"keyword":"When "},{"result":{"duration":132952,"status":"skipped"},"line":36,"name":"user deletes the note in the submission","match":{"location":"com.xats.automation.tests.stepdefinitions.CandidateSubmissionSteps.user_deletes_the_note()"},"keyword":"And "}],"tags":[{"name":"@candidateSubmission"},{"name":"@DeleteNote"}]},{"line":4,"name":"","description":"","type":"background","keyword":"Background","steps":[{"result":{"duration":133883491,"status":"passed"},"line":5,"name":"User is on login page","match":{"location":"com.xats.automation.tests.stepdefinitions.LoginSteps.user_is_on_login_page()"},"keyword":"Given "},{"result":{"error_message":"org.openqa.selenium.NoSuchElementException: no such element: Unable to locate element: {\"method\":\"xpath\",\"selector\":\"/html/body/div[2]/div/div[2]/form/div[1]/div[1]/input\"}\n  (Session info: chrome=143.0.7499.40)\nFor documentation on this error, please visit: https://www.selenium.dev/documentation/webdriver/troubleshooting/errors#no-such-element-exception\nBuild info: version: '4.25.0', revision: '8a8aea2337'\nSystem info: os.name: 'Linux', os.arch: 'amd64', os.version: '6.8.0-60-generic', java.version: '21.0.9'\nDriver info: org.openqa.selenium.chrome.ChromeDriver\nCommand: [1f6c619996735ae7b67ffe53f9fe234d, findElement {value=/html/body/div[2]/div/div[2]/form/div[1]/div[1]/input, using=xpath}]\nCapabilities {acceptInsecureCerts: false, browserName: chrome, browserVersion: 143.0.7499.40, chrome: {chromedriverVersion: 143.0.7499.192 (be2c1f4fd45..., userDataDir: /tmp/.org.chromium.Chromium...}, fedcm:accounts: true, goog:chromeOptions: {debuggerAddress: localhost:45193}, goog:processID: 4928, networkConnectionEnabled: false, pageLoadStrategy: normal, platformName: linux, proxy: Proxy(), se:cdp: ws://localhost:45193/devtoo..., se:cdpVersion: 143.0.7499.40, setWindowRect: true, strictFileInteractability: false, timeouts: {implicit: 0, pageLoad: 300000, script: 30000}, unhandledPromptBehavior: dismiss and notify, webauthn:extension:credBlob: true, webauthn:extension:largeBlob: true, webauthn:extension:minPinLength: true, webauthn:extension:prf: true, webauthn:virtualAuthenticators: true}\nSession ID: 1f6c619996735ae7b67ffe53f9fe234d\n\tat java.base/jdk.internal.reflect.DirectConstructorHandleAccessor.newInstance(DirectConstructorHandleAccessor.java:62)\n\tat java.base/java.lang.reflect.Constructor.newInstanceWithCaller(Constructor.java:502)\n\tat java.base/java.lang.reflect.Constructor.newInstance(Constructor.java:486)\n\tat org.openqa.selenium.remote.ErrorCodec.decode(ErrorCodec.java:167)\n\tat org.openqa.selenium.remote.codec.w3c.W3CHttpResponseCodec.decode(W3CHttpResponseCodec.java:138)\n\tat org.openqa.selenium.remote.codec.w3c.W3CHttpResponseCodec.decode(W3CHttpResponseCodec.java:50)\n\tat org.openqa.selenium.remote.HttpCommandExecutor.execute(HttpCommandExecutor.java:190)\n\tat org.openqa.selenium.remote.service.DriverCommandExecutor.invokeExecute(DriverCommandExecutor.java:216)\n\tat org.openqa.selenium.remote.service.DriverCommandExecutor.execute(DriverCommandExecutor.java:174)\n\tat org.openqa.selenium.remote.RemoteWebDriver.execute(RemoteWebDriver.java:545)\n\tat org.openqa.selenium.remote.ElementLocation$ElementFinder$2.findElement(ElementLocation.java:165)\n\tat org.openqa.selenium.remote.ElementLocation.findElement(ElementLocation.java:59)\n\tat org.openqa.selenium.remote.RemoteWebDriver.findElement(RemoteWebDriver.java:368)\n\tat org.openqa.selenium.remote.RemoteWebDriver.findElement(RemoteWebDriver.java:362)\n\tat com.xats.automation.tests.pages.LoginPage.enterUsername(LoginPage.java:21)\n\tat com.xats.automation.tests.stepdefinitions.LoginSteps.user_enters_credentials_from_config(LoginSteps.java:27)\n\tat ✽.User enters username and password from config file(file:///runner/_work/automation/automation/src/test/resources/features/08_CandidateSubmission.feature:6)\n","duration":27383294,"status":"failed"},"line":6,"name":"User enters username and password from config file","match":{"location":"com.xats.automation.tests.stepdefinitions.LoginSteps.user_enters_credentials_from_config()"},"keyword":"When "},{"result":{"duration":196875,"status":"skipped"},"line":7,"name":"User clicks on login button","match":{"location":"com.xats.automation.tests.stepdefinitions.LoginSteps.user_clicks_on_login_button()"},"keyword":"And "}]},{"start_timestamp":"2026-01-17T16:18:45.988Z","before":[{"result":{"duration":431794701,"status":"passed"},"match":{"location":"com.xats.automation.tests.Hooks.Hooks.setUp()"}}],"line":39,"name":"Upload a new document","description":"","id":"submission-page;upload-a-new-document","after":[{"result":{"duration":71249804,"status":"passed"},"match":{"location":"com.xats.automation.tests.Hooks.Hooks.tearDown(io.cucumber.java.Scenario)"}}],"type":"scenario","keyword":"Scenario","steps":[{"result":{"duration":151556,"status":"skipped"},"line":40,"name":"user navigates to job detail view","match":{"location":"com.xats.automation.tests.stepdefinitions.JobInDetailViewSteps.user_navigates_to_job_detail_view()"},"keyword":"When "},{"result":{"duration":104513,"status":"skipped"},"line":41,"name":"user navigates submission page","match":{"location":"com.xats.automation.tests.stepdefinitions.CandidateSubmissionSteps.user_navigates_to_submission_page()"},"keyword":"When "},{"result":{"duration":104362,"status":"skipped"},"line":42,"name":"user uploads a document in submission","match":{"location":"com.xats.automation.tests.stepdefinitions.CandidateSubmissionSteps.user_uploads_a_document()"},"keyword":"And "}],"tags":[{"name":"@candidateSubmission"},{"name":"@UploadDocument"}]},{"line":4,"name":"","description":"","type":"background","keyword":"Background","steps":[{"result":{"duration":120997261,"status":"passed"},"line":5,"name":"User is on login page","match":{"location":"com.xats.automation.tests.stepdefinitions.LoginSteps.user_is_on_login_page()"},"keyword":"Given "},{"result":{"error_message":"org.openqa.selenium.NoSuchElementException: no such element: Unable to locate element: {\"method\":\"xpath\",\"selector\":\"/html/body/div[2]/div/div[2]/form/div[1]/div[1]/input\"}\n  (Session info: chrome=143.0.7499.40)\nFor documentation on this error, please visit: https://www.selenium.dev/documentation/webdriver/troubleshooting/errors#no-such-element-exception\nBuild info: version: '4.25.0', revision: '8a8aea2337'\nSystem info: os.name: 'Linux', os.arch: 'amd64', os.version: '6.8.0-60-generic', java.version: '21.0.9'\nDriver info: org.openqa.selenium.chrome.ChromeDriver\nCommand: [3ceeb047658d9bb23449d550997ead9b, findElement {value=/html/body/div[2]/div/div[2]/form/div[1]/div[1]/input, using=xpath}]\nCapabilities {acceptInsecureCerts: false, browserName: chrome, browserVersion: 143.0.7499.40, chrome: {chromedriverVersion: 143.0.7499.192 (be2c1f4fd45..., userDataDir: /tmp/.org.chromium.Chromium...}, fedcm:accounts: true, goog:chromeOptions: {debuggerAddress: localhost:39103}, goog:processID: 5073, networkConnectionEnabled: false, pageLoadStrategy: normal, platformName: linux, proxy: Proxy(), se:cdp: ws://localhost:39103/devtoo..., se:cdpVersion: 143.0.7499.40, setWindowRect: true, strictFileInteractability: false, timeouts: {implicit: 0, pageLoad: 300000, script: 30000}, unhandledPromptBehavior: dismiss and notify, webauthn:extension:credBlob: true, webauthn:extension:largeBlob: true, webauthn:extension:minPinLength: true, webauthn:extension:prf: true, webauthn:virtualAuthenticators: true}\nSession ID: 3ceeb047658d9bb23449d550997ead9b\n\tat java.base/jdk.internal.reflect.DirectConstructorHandleAccessor.newInstance(DirectConstructorHandleAccessor.java:62)\n\tat java.base/java.lang.reflect.Constructor.newInstanceWithCaller(Constructor.java:502)\n\tat java.base/java.lang.reflect.Constructor.newInstance(Constructor.java:486)\n\tat org.openqa.selenium.remote.ErrorCodec.decode(ErrorCodec.java:167)\n\tat org.openqa.selenium.remote.codec.w3c.W3CHttpResponseCodec.decode(W3CHttpResponseCodec.java:138)\n\tat org.openqa.selenium.remote.codec.w3c.W3CHttpResponseCodec.decode(W3CHttpResponseCodec.java:50)\n\tat org.openqa.selenium.remote.HttpCommandExecutor.execute(HttpCommandExecutor.java:190)\n\tat org.openqa.selenium.remote.service.DriverCommandExecutor.invokeExecute(DriverCommandExecutor.java:216)\n\tat org.openqa.selenium.remote.service.DriverCommandExecutor.execute(DriverCommandExecutor.java:174)\n\tat org.openqa.selenium.remote.RemoteWebDriver.execute(RemoteWebDriver.java:545)\n\tat org.openqa.selenium.remote.ElementLocation$ElementFinder$2.findElement(ElementLocation.java:165)\n\tat org.openqa.selenium.remote.ElementLocation.findElement(ElementLocation.java:59)\n\tat org.openqa.selenium.remote.RemoteWebDriver.findElement(RemoteWebDriver.java:368)\n\tat org.openqa.selenium.remote.RemoteWebDriver.findElement(RemoteWebDriver.java:362)\n\tat com.xats.automation.tests.pages.LoginPage.enterUsername(LoginPage.java:21)\n\tat com.xats.automation.tests.stepdefinitions.LoginSteps.user_enters_credentials_from_config(LoginSteps.java:27)\n\tat ✽.User enters username and password from config file(file:///runner/_work/automation/automation/src/test/resources/features/08_CandidateSubmission.feature:6)\n","duration":37304371,"status":"failed"},"line":6,"name":"User enters username and password from config file","match":{"location":"com.xats.automation.tests.stepdefinitions.LoginSteps.user_enters_credentials_from_config()"},"keyword":"When "},{"result":{"duration":266308,"status":"skipped"},"line":7,"name":"User clicks on login button","match":{"location":"com.xats.automation.tests.stepdefinitions.LoginSteps.user_clicks_on_login_button()"},"keyword":"And "}]},{"start_timestamp":"2026-01-17T16:18:46.659Z","before":[{"result":{"duration":427206818,"status":"passed"},"match":{"location":"com.xats.automation.tests.Hooks.Hooks.setUp()"}}],"line":45,"name":"Delete the uploaded document","description":"","id":"submission-page;delete-the-uploaded-document","after":[{"result":{"duration":70639310,"status":"passed"},"match":{"location":"com.xats.automation.tests.Hooks.Hooks.tearDown(io.cucumber.java.Scenario)"}}],"type":"scenario","keyword":"Scenario","steps":[{"result":{"duration":145013,"status":"skipped"},"line":46,"name":"user navigates to job detail view","match":{"location":"com.xats.automation.tests.stepdefinitions.JobInDetailViewSteps.user_navigates_to_job_detail_view()"},"keyword":"When "},{"result":{"duration":100251,"status":"skipped"},"line":47,"name":"user navigates submission page","match":{"location":"com.xats.automation.tests.stepdefinitions.CandidateSubmissionSteps.user_navigates_to_submission_page()"},"keyword":"When "},{"result":{"duration":109755,"status":"skipped"},"line":48,"name":"user deletes the document in submission","match":{"location":"com.xats.automation.tests.stepdefinitions.CandidateSubmissionSteps.user_deletes_the_document()"},"keyword":"And "}],"tags":[{"name":"@candidateSubmission"},{"name":"@DeleteDocument"}]},{"line":4,"name":"","description":"","type":"background","keyword":"Background","steps":[{"result":{"duration":146329331,"status":"passed"},"line":5,"name":"User is on login page","match":{"location":"com.xats.automation.tests.stepdefinitions.LoginSteps.user_is_on_login_page()"},"keyword":"Given "},{"result":{"error_message":"org.openqa.selenium.NoSuchElementException: no such element: Unable to locate element: {\"method\":\"xpath\",\"selector\":\"/html/body/div[2]/div/div[2]/form/div[1]/div[1]/input\"}\n  (Session info: chrome=143.0.7499.40)\nFor documentation on this error, please visit: https://www.selenium.dev/documentation/webdriver/troubleshooting/errors#no-such-element-exception\nBuild info: version: '4.25.0', revision: '8a8aea2337'\nSystem info: os.name: 'Linux', os.arch: 'amd64', os.version: '6.8.0-60-generic', java.version: '21.0.9'\nDriver info: org.openqa.selenium.chrome.ChromeDriver\nCommand: [81c9ea5068aab5595bea25bc69da01ec, findElement {value=/html/body/div[2]/div/div[2]/form/div[1]/div[1]/input, using=xpath}]\nCapabilities {acceptInsecureCerts: false, browserName: chrome, browserVersion: 143.0.7499.40, chrome: {chromedriverVersion: 143.0.7499.192 (be2c1f4fd45..., userDataDir: /tmp/.org.chromium.Chromium...}, fedcm:accounts: true, goog:chromeOptions: {debuggerAddress: localhost:40083}, goog:processID: 5214, networkConnectionEnabled: false, pageLoadStrategy: normal, platformName: linux, proxy: Proxy(), se:cdp: ws://localhost:40083/devtoo..., se:cdpVersion: 143.0.7499.40, setWindowRect: true, strictFileInteractability: false, timeouts: {implicit: 0, pageLoad: 300000, script: 30000}, unhandledPromptBehavior: dismiss and notify, webauthn:extension:credBlob: true, webauthn:extension:largeBlob: true, webauthn:extension:minPinLength: true, webauthn:extension:prf: true, webauthn:virtualAuthenticators: true}\nSession ID: 81c9ea5068aab5595bea25bc69da01ec\n\tat java.base/jdk.internal.reflect.DirectConstructorHandleAccessor.newInstance(DirectConstructorHandleAccessor.java:62)\n\tat java.base/java.lang.reflect.Constructor.newInstanceWithCaller(Constructor.java:502)\n\tat java.base/java.lang.reflect.Constructor.newInstance(Constructor.java:486)\n\tat org.openqa.selenium.remote.ErrorCodec.decode(ErrorCodec.java:167)\n\tat org.openqa.selenium.remote.codec.w3c.W3CHttpResponseCodec.decode(W3CHttpResponseCodec.java:138)\n\tat org.openqa.selenium.remote.codec.w3c.W3CHttpResponseCodec.decode(W3CHttpResponseCodec.java:50)\n\tat org.openqa.selenium.remote.HttpCommandExecutor.execute(HttpCommandExecutor.java:190)\n\tat org.openqa.selenium.remote.service.DriverCommandExecutor.invokeExecute(DriverCommandExecutor.java:216)\n\tat org.openqa.selenium.remote.service.DriverCommandExecutor.execute(DriverCommandExecutor.java:174)\n\tat org.openqa.selenium.remote.RemoteWebDriver.execute(RemoteWebDriver.java:545)\n\tat org.openqa.selenium.remote.ElementLocation$ElementFinder$2.findElement(ElementLocation.java:165)\n\tat org.openqa.selenium.remote.ElementLocation.findElement(ElementLocation.java:59)\n\tat org.openqa.selenium.remote.RemoteWebDriver.findElement(RemoteWebDriver.java:368)\n\tat org.openqa.selenium.remote.RemoteWebDriver.findElement(RemoteWebDriver.java:362)\n\tat com.xats.automation.tests.pages.LoginPage.enterUsername(LoginPage.java:21)\n\tat com.xats.automation.tests.stepdefinitions.LoginSteps.user_enters_credentials_from_config(LoginSteps.java:27)\n\tat ✽.User enters username and password from config file(file:///runner/_work/automation/automation/src/test/resources/features/08_CandidateSubmission.feature:6)\n","duration":39149246,"status":"failed"},"line":6,"name":"User enters username and password from config file","match":{"location":"com.xats.automation.tests.stepdefinitions.LoginSteps.user_enters_credentials_from_config()"},"keyword":"When "},{"result":{"duration":3688070,"status":"skipped"},"line":7,"name":"User clicks on login button","match":{"location":"com.xats.automation.tests.stepdefinitions.LoginSteps.user_clicks_on_login_button()"},"keyword":"And "}]},{"start_timestamp":"2026-01-17T16:18:47.321Z","before":[{"result":{"duration":429386484,"status":"passed"},"match":{"location":"com.xats.automation.tests.Hooks.Hooks.setUp()"}}],"line":51,"name":"Interview creation","description":"","id":"submission-page;interview-creation","after":[{"result":{"duration":77997518,"status":"passed"},"match":{"location":"com.xats.automation.tests.Hooks.Hooks.tearDown(io.cucumber.java.Scenario)"}}],"type":"scenario","keyword":"Scenario","steps":[{"result":{"duration":203428,"status":"skipped"},"line":52,"name":"user navigates to job detail view","match":{"location":"com.xats.automation.tests.stepdefinitions.JobInDetailViewSteps.user_navigates_to_job_detail_view()"},"keyword":"When "},{"result":{"duration":108706,"status":"skipped"},"line":53,"name":"user navigates submission page","match":{"location":"com.xats.automation.tests.stepdefinitions.CandidateSubmissionSteps.user_navigates_to_submission_page()"},"keyword":"When "},{"result":{"duration":114202,"status":"skipped"},"line":54,"name":"User creates a interview","match":{"location":"com.xats.automation.tests.stepdefinitions.CandidateSubmissionSteps.user_creates_a_interview()"},"keyword":"And "}],"tags":[{"name":"@candidateSubmission"},{"name":"@interview"}]},{"line":4,"name":"","description":"","type":"background","keyword":"Background","steps":[{"result":{"duration":163043246,"status":"passed"},"line":5,"name":"User is on login page","match":{"location":"com.xats.automation.tests.stepdefinitions.LoginSteps.user_is_on_login_page()"},"keyword":"Given "},{"result":{"error_message":"org.openqa.selenium.NoSuchElementException: no such element: Unable to locate element: {\"method\":\"xpath\",\"selector\":\"/html/body/div[2]/div/div[2]/form/div[1]/div[1]/input\"}\n  (Session info: chrome=143.0.7499.40)\nFor documentation on this error, please visit: https://www.selenium.dev/documentation/webdriver/troubleshooting/errors#no-such-element-exception\nBuild info: version: '4.25.0', revision: '8a8aea2337'\nSystem info: os.name: 'Linux', os.arch: 'amd64', os.version: '6.8.0-60-generic', java.version: '21.0.9'\nDriver info: org.openqa.selenium.chrome.ChromeDriver\nCommand: [49567ee2a384f425fdac0e40733b5ce5, findElement {value=/html/body/div[2]/div/div[2]/form/div[1]/div[1]/input, using=xpath}]\nCapabilities {acceptInsecureCerts: false, browserName: chrome, browserVersion: 143.0.7499.40, chrome: {chromedriverVersion: 143.0.7499.192 (be2c1f4fd45..., userDataDir: /tmp/.org.chromium.Chromium...}, fedcm:accounts: true, goog:chromeOptions: {debuggerAddress: localhost:41853}, goog:processID: 5355, networkConnectionEnabled: false, pageLoadStrategy: normal, platformName: linux, proxy: Proxy(), se:cdp: ws://localhost:41853/devtoo..., se:cdpVersion: 143.0.7499.40, setWindowRect: true, strictFileInteractability: false, timeouts: {implicit: 0, pageLoad: 300000, script: 30000}, unhandledPromptBehavior: dismiss and notify, webauthn:extension:credBlob: true, webauthn:extension:largeBlob: true, webauthn:extension:minPinLength: true, webauthn:extension:prf: true, webauthn:virtualAuthenticators: true}\nSession ID: 49567ee2a384f425fdac0e40733b5ce5\n\tat java.base/jdk.internal.reflect.DirectConstructorHandleAccessor.newInstance(DirectConstructorHandleAccessor.java:62)\n\tat java.base/java.lang.reflect.Constructor.newInstanceWithCaller(Constructor.java:502)\n\tat java.base/java.lang.reflect.Constructor.newInstance(Constructor.java:486)\n\tat org.openqa.selenium.remote.ErrorCodec.decode(ErrorCodec.java:167)\n\tat org.openqa.selenium.remote.codec.w3c.W3CHttpResponseCodec.decode(W3CHttpResponseCodec.java:138)\n\tat org.openqa.selenium.remote.codec.w3c.W3CHttpResponseCodec.decode(W3CHttpResponseCodec.java:50)\n\tat org.openqa.selenium.remote.HttpCommandExecutor.execute(HttpCommandExecutor.java:190)\n\tat org.openqa.selenium.remote.service.DriverCommandExecutor.invokeExecute(DriverCommandExecutor.java:216)\n\tat org.openqa.selenium.remote.service.DriverCommandExecutor.execute(DriverCommandExecutor.java:174)\n\tat org.openqa.selenium.remote.RemoteWebDriver.execute(RemoteWebDriver.java:545)\n\tat org.openqa.selenium.remote.ElementLocation$ElementFinder$2.findElement(ElementLocation.java:165)\n\tat org.openqa.selenium.remote.ElementLocation.findElement(ElementLocation.java:59)\n\tat org.openqa.selenium.remote.RemoteWebDriver.findElement(RemoteWebDriver.java:368)\n\tat org.openqa.selenium.remote.RemoteWebDriver.findElement(RemoteWebDriver.java:362)\n\tat com.xats.automation.tests.pages.LoginPage.enterUsername(LoginPage.java:21)\n\tat com.xats.automation.tests.stepdefinitions.LoginSteps.user_enters_credentials_from_config(LoginSteps.java:27)\n\tat ✽.User enters username and password from config file(file:///runner/_work/automation/automation/src/test/resources/features/08_CandidateSubmission.feature:6)\n","duration":25628364,"status":"failed"},"line":6,"name":"User enters username and password from config file","match":{"location":"com.xats.automation.tests.stepdefinitions.LoginSteps.user_enters_credentials_from_config()"},"keyword":"When "},{"result":{"duration":196910,"status":"skipped"},"line":7,"name":"User clicks on login button","match":{"location":"com.xats.automation.tests.stepdefinitions.LoginSteps.user_clicks_on_login_button()"},"keyword":"And "}]},{"start_timestamp":"2026-01-17T16:18:48.034Z","before":[{"result":{"duration":453648133,"status":"passed"},"match":{"location":"com.xats.automation.tests.Hooks.Hooks.setUp()"}}],"line":58,"name":"Create a Task","description":"","id":"submission-page;create-a-task","after":[{"result":{"duration":99054182,"status":"passed"},"match":{"location":"com.xats.automation.tests.Hooks.Hooks.tearDown(io.cucumber.java.Scenario)"}}],"type":"scenario","keyword":"Scenario","steps":[{"result":{"duration":108675,"status":"skipped"},"line":59,"name":"user navigates to job detail view","match":{"location":"com.xats.automation.tests.stepdefinitions.JobInDetailViewSteps.user_navigates_to_job_detail_view()"},"keyword":"When "},{"result":{"duration":193188,"status":"skipped"},"line":60,"name":"user navigates submission page","match":{"location":"com.xats.automation.tests.stepdefinitions.CandidateSubmissionSteps.user_navigates_to_submission_page()"},"keyword":"When "},{"result":{"duration":117325,"status":"skipped"},"line":61,"name":"user create a task in submission","match":{"location":"com.xats.automation.tests.stepdefinitions.CandidateSubmissionSteps.user_create_a_task()"},"keyword":"When "}],"tags":[{"name":"@candidateSubmission"},{"name":"@taskCreation"}]}],"name":"Submission page","description":"","id":"submission-page","keyword":"Feature","uri":"file:src/test/resources/features/08_CandidateSubmission.feature","tags":[{"name":"@candidateSubmission","type":"Tag","location":{"line":1,"column":1}}]}]