<?xml version="1.0" encoding="UTF-8"?>
<testsuite name="Cucumber" time="679.505" tests="30" skipped="0" failures="9" errors="0">
<testcase classname="Login Feature" name="Valid user logs in successfully" time="12.386">
<system-out><![CDATA[
Given User is on login page.................................................passed
When User enters username and password from config file.....................passed
And User clicks on login button.............................................passed
Then User should land on dashboard..........................................passed
]]></system-out>
</testcase>
<testcase classname="Client Creation" name="Valid user logs in and creates a new client" time="71.147">
<system-out><![CDATA[
Given User is on login page.................................................passed
When User enters username and password from config file.....................passed
And User clicks on login button.............................................passed
Then User should land on dashboard..........................................passed
And User navigates to client creation page and adds new client..............passed
]]></system-out>
</testcase>
<testcase classname="Contact Creation" name="Create a new contact under an existing client" time="33.174">
<failure type="org.openqa.selenium.TimeoutException" message="Expected condition failed: waiting for visibility of element located by By.id: work_phone_number (tried for 10 second(s) with 500 milliseconds interval)
Build info: version: '4.25.0', revision: '8a8aea2337'
System info: os.name: 'Linux', os.arch: 'amd64', os.version: '6.8.0-60-generic', java.version: '21.0.9'
Driver info: org.openqa.selenium.chrome.ChromeDriver
Capabilities {acceptInsecureCerts: false, browserName: chrome, browserVersion: 143.0.7499.40, chrome: {chromedriverVersion: 143.0.7499.192 (be2c1f4fd45..., userDataDir: /tmp/.org.chromium.Chromium...}, fedcm:accounts: true, goog:chromeOptions: {debuggerAddress: localhost:39549}, goog:processID: 1259, networkConnectionEnabled: false, pageLoadStrategy: normal, platformName: linux, proxy: Proxy(), se:cdp: ws://localhost:39549/devtoo..., se:cdpVersion: 143.0.7499.40, setWindowRect: true, strictFileInteractability: false, timeouts: {implicit: 0, pageLoad: 300000, script: 30000}, unhandledPromptBehavior: dismiss and notify, webauthn:extension:credBlob: true, webauthn:extension:largeBlob: true, webauthn:extension:minPinLength: true, webauthn:extension:prf: true, webauthn:virtualAuthenticators: true}
Session ID: 386f59ee38c1326031b6ed52ed1b788d">
<![CDATA[org.openqa.selenium.TimeoutException: Expected condition failed: waiting for visibility of element located by By.id: work_phone_number (tried for 10 second(s) with 500 milliseconds interval)
Build info: version: '4.25.0', revision: '8a8aea2337'
System info: os.name: 'Linux', os.arch: 'amd64', os.version: '6.8.0-60-generic', java.version: '21.0.9'
Driver info: org.openqa.selenium.chrome.ChromeDriver
Capabilities {acceptInsecureCerts: false, browserName: chrome, browserVersion: 143.0.7499.40, chrome: {chromedriverVersion: 143.0.7499.192 (be2c1f4fd45..., userDataDir: /tmp/.org.chromium.Chromium...}, fedcm:accounts: true, goog:chromeOptions: {debuggerAddress: localhost:39549}, goog:processID: 1259, networkConnectionEnabled: false, pageLoadStrategy: normal, platformName: linux, proxy: Proxy(), se:cdp: ws://localhost:39549/devtoo..., se:cdpVersion: 143.0.7499.40, setWindowRect: true, strictFileInteractability: false, timeouts: {implicit: 0, pageLoad: 300000, script: 30000}, unhandledPromptBehavior: dismiss and notify, webauthn:extension:credBlob: true, webauthn:extension:largeBlob: true, webauthn:extension:minPinLength: true, webauthn:extension:prf: true, webauthn:virtualAuthenticators: true}
Session ID: 386f59ee38c1326031b6ed52ed1b788d
	at org.openqa.selenium.support.ui.WebDriverWait.timeoutException(WebDriverWait.java:84)
	at org.openqa.selenium.support.ui.FluentWait.until(FluentWait.java:228)
	at com.xats.automation.tests.pages.ContactPage.type(ContactPage.java:93)
	at com.xats.automation.tests.pages.ContactPage.createNewContact(ContactPage.java:75)
	at com.xats.automation.tests.stepdefinitions.ContactSteps.user_navigates_to_client_and_adds_contact(ContactSteps.java:13)
	at ✽.User navigates to client section and adds a new contact(file:///runner/_work/automation/automation/src/test/resources/features/03_ContactCreation.feature:10)
]]>
</failure>
<system-out><![CDATA[
Given User is on login page.................................................passed
When User enters username and password from config file.....................passed
And User clicks on login button.............................................passed
Then User should land on dashboard..........................................passed
When User navigates to client section and adds a new contact................failed
Then New contact should be created successfully.............................skipped
]]></system-out>
</testcase>
<testcase classname="Job Creation" name="Create a new Job" time="40.256">
<failure type="org.openqa.selenium.TimeoutException" message="Expected condition failed: waiting for element to be clickable: By.id: country_id (tried for 12 second(s) with 500 milliseconds interval)
Build info: version: '4.25.0', revision: '8a8aea2337'
System info: os.name: 'Linux', os.arch: 'amd64', os.version: '6.8.0-60-generic', java.version: '21.0.9'
Driver info: org.openqa.selenium.chrome.ChromeDriver
Capabilities {acceptInsecureCerts: false, browserName: chrome, browserVersion: 143.0.7499.40, chrome: {chromedriverVersion: 143.0.7499.192 (be2c1f4fd45..., userDataDir: /tmp/.org.chromium.Chromium...}, fedcm:accounts: true, goog:chromeOptions: {debuggerAddress: localhost:45793}, goog:processID: 1472, networkConnectionEnabled: false, pageLoadStrategy: normal, platformName: linux, proxy: Proxy(), se:cdp: ws://localhost:45793/devtoo..., se:cdpVersion: 143.0.7499.40, setWindowRect: true, strictFileInteractability: false, timeouts: {implicit: 0, pageLoad: 300000, script: 30000}, unhandledPromptBehavior: dismiss and notify, webauthn:extension:credBlob: true, webauthn:extension:largeBlob: true, webauthn:extension:minPinLength: true, webauthn:extension:prf: true, webauthn:virtualAuthenticators: true}
Session ID: 6ad86315142c80f5fff460fa44d65f6a">
<![CDATA[org.openqa.selenium.TimeoutException: Expected condition failed: waiting for element to be clickable: By.id: country_id (tried for 12 second(s) with 500 milliseconds interval)
Build info: version: '4.25.0', revision: '8a8aea2337'
System info: os.name: 'Linux', os.arch: 'amd64', os.version: '6.8.0-60-generic', java.version: '21.0.9'
Driver info: org.openqa.selenium.chrome.ChromeDriver
Capabilities {acceptInsecureCerts: false, browserName: chrome, browserVersion: 143.0.7499.40, chrome: {chromedriverVersion: 143.0.7499.192 (be2c1f4fd45..., userDataDir: /tmp/.org.chromium.Chromium...}, fedcm:accounts: true, goog:chromeOptions: {debuggerAddress: localhost:45793}, goog:processID: 1472, networkConnectionEnabled: false, pageLoadStrategy: normal, platformName: linux, proxy: Proxy(), se:cdp: ws://localhost:45793/devtoo..., se:cdpVersion: 143.0.7499.40, setWindowRect: true, strictFileInteractability: false, timeouts: {implicit: 0, pageLoad: 300000, script: 30000}, unhandledPromptBehavior: dismiss and notify, webauthn:extension:credBlob: true, webauthn:extension:largeBlob: true, webauthn:extension:minPinLength: true, webauthn:extension:prf: true, webauthn:virtualAuthenticators: true}
Session ID: 6ad86315142c80f5fff460fa44d65f6a
	at org.openqa.selenium.support.ui.WebDriverWait.timeoutException(WebDriverWait.java:84)
	at org.openqa.selenium.support.ui.FluentWait.until(FluentWait.java:228)
	at com.xats.automation.tests.pages.JobCreationPage.selectDropdown(JobCreationPage.java:107)
	at com.xats.automation.tests.pages.JobCreationPage.createNewJob(JobCreationPage.java:165)
	at com.xats.automation.tests.stepdefinitions.JobCreationSteps.user_navigates_to_Job_and_adds_job(JobCreationSteps.java:13)
	at ✽.User navigates to job section and adds a new job(file:///runner/_work/automation/automation/src/test/resources/features/04_JobCreation.feature:10)
]]>
</failure>
<system-out><![CDATA[
Given User is on login page.................................................passed
When User enters username and password from config file.....................passed
And User clicks on login button.............................................passed
Then User should land on dashboard..........................................passed
When User navigates to job section and adds a new job.......................failed
Then New job should be created successfully.................................skipped
]]></system-out>
</testcase>
<testcase classname="Candidate Creation" name="Create adds a new candidate" time="22.571">
<system-out><![CDATA[
Given User is on login page.................................................passed
When User enters username and password from config file.....................passed
And User clicks on login button.............................................passed
Then User adds a new candidate..............................................passed
Then New candidate should be created successfully...........................passed
]]></system-out>
</testcase>
<testcase classname="Job In Detail View Actions" name="Navigate to job detail view" time="11.289">
<system-out><![CDATA[
Given User is on login page.................................................passed
When User enters username and password from config file.....................passed
And User clicks on login button.............................................passed
When user navigates to job detail view......................................passed
]]></system-out>
</testcase>
<testcase classname="Job In Detail View Actions" name="Add a new note" time="20.902">
<system-out><![CDATA[
Given User is on login page.................................................passed
When User enters username and password from config file.....................passed
And User clicks on login button.............................................passed
When user navigates to job detail view......................................passed
And user adds a note........................................................passed
]]></system-out>
</testcase>
<testcase classname="Job In Detail View Actions" name="Edit the existing note" time="28.498">
<system-out><![CDATA[
Given User is on login page.................................................passed
When User enters username and password from config file.....................passed
And User clicks on login button.............................................passed
When user navigates to job detail view......................................passed
And user edits the note.....................................................passed
]]></system-out>
</testcase>
<testcase classname="Job In Detail View Actions" name="Pin the note" time="18.048">
<system-out><![CDATA[
Given User is on login page.................................................passed
When User enters username and password from config file.....................passed
And User clicks on login button.............................................passed
When user navigates to job detail view......................................passed
And user pins the note......................................................passed
]]></system-out>
</testcase>
<testcase classname="Job In Detail View Actions" name="Delete the note" time="17.374">
<system-out><![CDATA[
Given User is on login page.................................................passed
When User enters username and password from config file.....................passed
And User clicks on login button.............................................passed
When user navigates to job detail view......................................passed
And user deletes the note...................................................passed
]]></system-out>
</testcase>
<testcase classname="Job In Detail View Actions" name="Upload a new document" time="19.254">
<system-out><![CDATA[
Given User is on login page.................................................passed
When User enters username and password from config file.....................passed
And User clicks on login button.............................................passed
When user navigates to job detail view......................................passed
And user uploads a document.................................................passed
]]></system-out>
</testcase>
<testcase classname="Job In Detail View Actions" name="Delete the uploaded document" time="19.102">
<system-out><![CDATA[
Given User is on login page.................................................passed
When User enters username and password from config file.....................passed
And User clicks on login button.............................................passed
When user navigates to job detail view......................................passed
And user deletes the document...............................................passed
]]></system-out>
</testcase>
<testcase classname="Job In Detail View Actions" name="Submit a candidate" time="28.855">
<system-out><![CDATA[
Given User is on login page.................................................passed
When User enters username and password from config file.....................passed
And User clicks on login button.............................................passed
When user navigates to job detail view......................................passed
When user submit candidate..................................................passed
]]></system-out>
</testcase>
<testcase classname="Job In Detail View Actions" name="Create a Task" time="27.697">
<system-out><![CDATA[
Given User is on login page.................................................passed
When User enters username and password from config file.....................passed
And User clicks on login button.............................................passed
When user navigates to job detail view......................................passed
When user create a task.....................................................passed
]]></system-out>
</testcase>
<testcase classname="candidateInDetailView" name="user adds a cal logs" time="20.861">
<system-out><![CDATA[
Given User is on login page.................................................passed
When User enters username and password from config file.....................passed
And User clicks on login button.............................................passed
Then User should land on dashboard..........................................passed
When user navigates to candidateInDetailView................................passed
When User adds a call logs..................................................passed
]]></system-out>
</testcase>
<testcase classname="candidateInDetailView" name="Add a new note" time="22.316">
<system-out><![CDATA[
Given User is on login page.................................................passed
When User enters username and password from config file.....................passed
And User clicks on login button.............................................passed
Then User should land on dashboard..........................................passed
When user navigates to candidateInDetailView................................passed
And user adds a note for can................................................passed
]]></system-out>
</testcase>
<testcase classname="candidateInDetailView" name="Edit the existing note" time="23.953">
<system-out><![CDATA[
Given User is on login page.................................................passed
When User enters username and password from config file.....................passed
And User clicks on login button.............................................passed
Then User should land on dashboard..........................................passed
When user navigates to candidateInDetailView................................passed
And user edits the note for can.............................................passed
]]></system-out>
</testcase>
<testcase classname="candidateInDetailView" name="Delete the note" time="18.664">
<system-out><![CDATA[
Given User is on login page.................................................passed
When User enters username and password from config file.....................passed
And User clicks on login button.............................................passed
Then User should land on dashboard..........................................passed
When user navigates to candidateInDetailView................................passed
And user deletes the note for can...........................................passed
]]></system-out>
</testcase>
<testcase classname="candidateInDetailView" name="Upload a new document" time="15.565">
<failure type="org.openqa.selenium.ElementClickInterceptedException" message="element click intercepted: Element &lt;button class=&quot;inline-flex items-center justify-center gap-2 whitespace-nowrap text-sm font-medium focus-visible:outline-none focus-visible:ring-1 focus-visible:ring-ring disabled:pointer-events-none disabled:opacity-50 [&amp;amp;_svg]:pointer-events-none [&amp;amp;_svg]:size-4 [&amp;amp;_svg]:shrink-0 bg-gradient-purple-blue-sky shadow hover:opacity-90 p-1 rounded-full text-white w-6 h-6 transition-all duration-200&quot; id=&quot;toggle-upload-btn&quot;&gt;...&lt;/button&gt; is not clickable at point (1620, 12). Other element would receive the click: &lt;nav class=&quot;flex items-center justify-between mb-4 w-[88%] pl-10 pr-8 bg-hard-gray-gradient fixed top-0 right-0 z-50 shadow-md rounded-l-3xl&quot;&gt;...&lt;/nav&gt;
  (Session info: chrome=143.0.7499.40)
Build info: version: '4.25.0', revision: '8a8aea2337'
System info: os.name: 'Linux', os.arch: 'amd64', os.version: '6.8.0-60-generic', java.version: '21.0.9'
Driver info: org.openqa.selenium.chrome.ChromeDriver
Command: [7140023c314567847f4f8271bd5db96b, clickElement {id=f.4E26B43F39BFCC47F75979F8FAA88343.d.5785681D5A1209DD3328FBD0F7E00605.e.42}]
Capabilities {acceptInsecureCerts: false, browserName: chrome, browserVersion: 143.0.7499.40, chrome: {chromedriverVersion: 143.0.7499.192 (be2c1f4fd45..., userDataDir: /tmp/.org.chromium.Chromium...}, fedcm:accounts: true, goog:chromeOptions: {debuggerAddress: localhost:40493}, goog:processID: 4549, networkConnectionEnabled: false, pageLoadStrategy: normal, platformName: linux, proxy: Proxy(), se:cdp: ws://localhost:40493/devtoo..., se:cdpVersion: 143.0.7499.40, setWindowRect: true, strictFileInteractability: false, timeouts: {implicit: 0, pageLoad: 300000, script: 30000}, unhandledPromptBehavior: dismiss and notify, webauthn:extension:credBlob: true, webauthn:extension:largeBlob: true, webauthn:extension:minPinLength: true, webauthn:extension:prf: true, webauthn:virtualAuthenticators: true}
Element: [[ChromeDriver: chrome on linux (7140023c314567847f4f8271bd5db96b)] -&gt; id: toggle-upload-btn]
Session ID: 7140023c314567847f4f8271bd5db96b">
<![CDATA[org.openqa.selenium.ElementClickInterceptedException: element click intercepted: Element <button class="inline-flex items-center justify-center gap-2 whitespace-nowrap text-sm font-medium focus-visible:outline-none focus-visible:ring-1 focus-visible:ring-ring disabled:pointer-events-none disabled:opacity-50 [&amp;_svg]:pointer-events-none [&amp;_svg]:size-4 [&amp;_svg]:shrink-0 bg-gradient-purple-blue-sky shadow hover:opacity-90 p-1 rounded-full text-white w-6 h-6 transition-all duration-200" id="toggle-upload-btn">...</button> is not clickable at point (1620, 12). Other element would receive the click: <nav class="flex items-center justify-between mb-4 w-[88%] pl-10 pr-8 bg-hard-gray-gradient fixed top-0 right-0 z-50 shadow-md rounded-l-3xl">...</nav>
  (Session info: chrome=143.0.7499.40)
Build info: version: '4.25.0', revision: '8a8aea2337'
System info: os.name: 'Linux', os.arch: 'amd64', os.version: '6.8.0-60-generic', java.version: '21.0.9'
Driver info: org.openqa.selenium.chrome.ChromeDriver
Command: [7140023c314567847f4f8271bd5db96b, clickElement {id=f.4E26B43F39BFCC47F75979F8FAA88343.d.5785681D5A1209DD3328FBD0F7E00605.e.42}]
Capabilities {acceptInsecureCerts: false, browserName: chrome, browserVersion: 143.0.7499.40, chrome: {chromedriverVersion: 143.0.7499.192 (be2c1f4fd45..., userDataDir: /tmp/.org.chromium.Chromium...}, fedcm:accounts: true, goog:chromeOptions: {debuggerAddress: localhost:40493}, goog:processID: 4549, networkConnectionEnabled: false, pageLoadStrategy: normal, platformName: linux, proxy: Proxy(), se:cdp: ws://localhost:40493/devtoo..., se:cdpVersion: 143.0.7499.40, setWindowRect: true, strictFileInteractability: false, timeouts: {implicit: 0, pageLoad: 300000, script: 30000}, unhandledPromptBehavior: dismiss and notify, webauthn:extension:credBlob: true, webauthn:extension:largeBlob: true, webauthn:extension:minPinLength: true, webauthn:extension:prf: true, webauthn:virtualAuthenticators: true}
Element: [[ChromeDriver: chrome on linux (7140023c314567847f4f8271bd5db96b)] -> id: toggle-upload-btn]
Session ID: 7140023c314567847f4f8271bd5db96b
	at java.base/jdk.internal.reflect.DirectConstructorHandleAccessor.newInstance(DirectConstructorHandleAccessor.java:62)
	at java.base/java.lang.reflect.Constructor.newInstanceWithCaller(Constructor.java:502)
	at java.base/java.lang.reflect.Constructor.newInstance(Constructor.java:486)
	at org.openqa.selenium.remote.ErrorCodec.decode(ErrorCodec.java:167)
	at org.openqa.selenium.remote.codec.w3c.W3CHttpResponseCodec.decode(W3CHttpResponseCodec.java:138)
	at org.openqa.selenium.remote.codec.w3c.W3CHttpResponseCodec.decode(W3CHttpResponseCodec.java:50)
	at org.openqa.selenium.remote.HttpCommandExecutor.execute(HttpCommandExecutor.java:190)
	at org.openqa.selenium.remote.service.DriverCommandExecutor.invokeExecute(DriverCommandExecutor.java:216)
	at org.openqa.selenium.remote.service.DriverCommandExecutor.execute(DriverCommandExecutor.java:174)
	at org.openqa.selenium.remote.RemoteWebDriver.execute(RemoteWebDriver.java:545)
	at org.openqa.selenium.remote.RemoteWebElement.execute(RemoteWebElement.java:223)
	at org.openqa.selenium.remote.RemoteWebElement.click(RemoteWebElement.java:76)
	at com.xats.automation.tests.pages.CandidateInDetailViewPage.click(CandidateInDetailViewPage.java:226)
	at com.xats.automation.tests.pages.CandidateInDetailViewPage.canUploadDocument(CandidateInDetailViewPage.java:168)
	at com.xats.automation.tests.stepdefinitions.CandidateInDetailViewSteps.user_uploads_a_document(CandidateInDetailViewSteps.java:41)
	at ✽.user uploads a document for can(file:///runner/_work/automation/automation/src/test/resources/features/07_CandidateInDetailView.feature:28)
]]>
</failure>
<system-out><![CDATA[
Given User is on login page.................................................passed
When User enters username and password from config file.....................passed
And User clicks on login button.............................................passed
Then User should land on dashboard..........................................passed
When user navigates to candidateInDetailView................................passed
And user uploads a document for can.........................................failed
]]></system-out>
</testcase>
<testcase classname="candidateInDetailView" name="Delete the uploaded document" time="24.56">
<failure type="org.openqa.selenium.TimeoutException" message="Expected condition failed: waiting for element to be clickable: By.xpath: /html/body/div[2]/main/div/div[2]/div[5]/div[2]/div/div/div[1]/div[1]/div[2]/button[2] (tried for 10 second(s) with 500 milliseconds interval)
Build info: version: '4.25.0', revision: '8a8aea2337'
System info: os.name: 'Linux', os.arch: 'amd64', os.version: '6.8.0-60-generic', java.version: '21.0.9'
Driver info: org.openqa.selenium.chrome.ChromeDriver
Capabilities {acceptInsecureCerts: false, browserName: chrome, browserVersion: 143.0.7499.40, chrome: {chromedriverVersion: 143.0.7499.192 (be2c1f4fd45..., userDataDir: /tmp/.org.chromium.Chromium...}, fedcm:accounts: true, goog:chromeOptions: {debuggerAddress: localhost:39821}, goog:processID: 4753, networkConnectionEnabled: false, pageLoadStrategy: normal, platformName: linux, proxy: Proxy(), se:cdp: ws://localhost:39821/devtoo..., se:cdpVersion: 143.0.7499.40, setWindowRect: true, strictFileInteractability: false, timeouts: {implicit: 0, pageLoad: 300000, script: 30000}, unhandledPromptBehavior: dismiss and notify, webauthn:extension:credBlob: true, webauthn:extension:largeBlob: true, webauthn:extension:minPinLength: true, webauthn:extension:prf: true, webauthn:virtualAuthenticators: true}
Session ID: 2a62de9d4d7db43acae5ebb3a0c9c3f7">
<![CDATA[org.openqa.selenium.TimeoutException: Expected condition failed: waiting for element to be clickable: By.xpath: /html/body/div[2]/main/div/div[2]/div[5]/div[2]/div/div/div[1]/div[1]/div[2]/button[2] (tried for 10 second(s) with 500 milliseconds interval)
Build info: version: '4.25.0', revision: '8a8aea2337'
System info: os.name: 'Linux', os.arch: 'amd64', os.version: '6.8.0-60-generic', java.version: '21.0.9'
Driver info: org.openqa.selenium.chrome.ChromeDriver
Capabilities {acceptInsecureCerts: false, browserName: chrome, browserVersion: 143.0.7499.40, chrome: {chromedriverVersion: 143.0.7499.192 (be2c1f4fd45..., userDataDir: /tmp/.org.chromium.Chromium...}, fedcm:accounts: true, goog:chromeOptions: {debuggerAddress: localhost:39821}, goog:processID: 4753, networkConnectionEnabled: false, pageLoadStrategy: normal, platformName: linux, proxy: Proxy(), se:cdp: ws://localhost:39821/devtoo..., se:cdpVersion: 143.0.7499.40, setWindowRect: true, strictFileInteractability: false, timeouts: {implicit: 0, pageLoad: 300000, script: 30000}, unhandledPromptBehavior: dismiss and notify, webauthn:extension:credBlob: true, webauthn:extension:largeBlob: true, webauthn:extension:minPinLength: true, webauthn:extension:prf: true, webauthn:virtualAuthenticators: true}
Session ID: 2a62de9d4d7db43acae5ebb3a0c9c3f7
	at org.openqa.selenium.support.ui.WebDriverWait.timeoutException(WebDriverWait.java:84)
	at org.openqa.selenium.support.ui.FluentWait.until(FluentWait.java:228)
	at com.xats.automation.tests.pages.CandidateInDetailViewPage.canDeleteDocument(CandidateInDetailViewPage.java:189)
	at com.xats.automation.tests.stepdefinitions.CandidateInDetailViewSteps.user_deletes_the_document(CandidateInDetailViewSteps.java:47)
	at ✽.user deletes the document for can(file:///runner/_work/automation/automation/src/test/resources/features/07_CandidateInDetailView.feature:32)
]]>
</failure>
<system-out><![CDATA[
Given User is on login page.................................................passed
When User enters username and password from config file.....................passed
And User clicks on login button.............................................passed
Then User should land on dashboard..........................................passed
When user navigates to candidateInDetailView................................passed
And user deletes the document for can.......................................failed
]]></system-out>
</testcase>
<testcase classname="candidateInDetailView" name="Create a Task" time="14.076">
<failure type="org.openqa.selenium.ElementClickInterceptedException" message="element click intercepted: Element &lt;button class=&quot;inline-flex items-center justify-center gap-2 whitespace-nowrap text-sm font-medium transition-colors focus-visible:outline-none focus-visible:ring-1 focus-visible:ring-ring disabled:pointer-events-none disabled:opacity-50 [&amp;amp;_svg]:pointer-events-none [&amp;amp;_svg]:size-4 [&amp;amp;_svg]:shrink-0 hover:bg-accent hover:text-accent-foreground p-1 rounded-full bg-gradient-purple-blue-sky text-white w-6 h-6&quot; type=&quot;button&quot; aria-haspopup=&quot;dialog&quot; aria-expanded=&quot;false&quot; aria-controls=&quot;radix-:rk:&quot; data-state=&quot;closed&quot;&gt;...&lt;/button&gt; is not clickable at point (1620, 19). Other element would receive the click: &lt;nav class=&quot;flex items-center justify-between mb-4 w-[88%] pl-10 pr-8 bg-hard-gray-gradient fixed top-0 right-0 z-50 shadow-md rounded-l-3xl&quot;&gt;...&lt;/nav&gt;
  (Session info: chrome=143.0.7499.40)
Build info: version: '4.25.0', revision: '8a8aea2337'
System info: os.name: 'Linux', os.arch: 'amd64', os.version: '6.8.0-60-generic', java.version: '21.0.9'
Driver info: org.openqa.selenium.chrome.ChromeDriver
Command: [4f03a61c006c651b23dd9096b05f4db1, clickElement {id=f.2362CD0B770741527FBC45924BD89786.d.72E03461C6A515CA38415D239B51A4DA.e.43}]
Capabilities {acceptInsecureCerts: false, browserName: chrome, browserVersion: 143.0.7499.40, chrome: {chromedriverVersion: 143.0.7499.192 (be2c1f4fd45..., userDataDir: /tmp/.org.chromium.Chromium...}, fedcm:accounts: true, goog:chromeOptions: {debuggerAddress: localhost:38541}, goog:processID: 4964, networkConnectionEnabled: false, pageLoadStrategy: normal, platformName: linux, proxy: Proxy(), se:cdp: ws://localhost:38541/devtoo..., se:cdpVersion: 143.0.7499.40, setWindowRect: true, strictFileInteractability: false, timeouts: {implicit: 0, pageLoad: 300000, script: 30000}, unhandledPromptBehavior: dismiss and notify, webauthn:extension:credBlob: true, webauthn:extension:largeBlob: true, webauthn:extension:minPinLength: true, webauthn:extension:prf: true, webauthn:virtualAuthenticators: true}
Element: [[ChromeDriver: chrome on linux (4f03a61c006c651b23dd9096b05f4db1)] -&gt; xpath: /html/body/div[2]/main/div/div[2]/div[6]/div[1]/div[2]/button[2]]
Session ID: 4f03a61c006c651b23dd9096b05f4db1">
<![CDATA[org.openqa.selenium.ElementClickInterceptedException: element click intercepted: Element <button class="inline-flex items-center justify-center gap-2 whitespace-nowrap text-sm font-medium transition-colors focus-visible:outline-none focus-visible:ring-1 focus-visible:ring-ring disabled:pointer-events-none disabled:opacity-50 [&amp;_svg]:pointer-events-none [&amp;_svg]:size-4 [&amp;_svg]:shrink-0 hover:bg-accent hover:text-accent-foreground p-1 rounded-full bg-gradient-purple-blue-sky text-white w-6 h-6" type="button" aria-haspopup="dialog" aria-expanded="false" aria-controls="radix-:rk:" data-state="closed">...</button> is not clickable at point (1620, 19). Other element would receive the click: <nav class="flex items-center justify-between mb-4 w-[88%] pl-10 pr-8 bg-hard-gray-gradient fixed top-0 right-0 z-50 shadow-md rounded-l-3xl">...</nav>
  (Session info: chrome=143.0.7499.40)
Build info: version: '4.25.0', revision: '8a8aea2337'
System info: os.name: 'Linux', os.arch: 'amd64', os.version: '6.8.0-60-generic', java.version: '21.0.9'
Driver info: org.openqa.selenium.chrome.ChromeDriver
Command: [4f03a61c006c651b23dd9096b05f4db1, clickElement {id=f.2362CD0B770741527FBC45924BD89786.d.72E03461C6A515CA38415D239B51A4DA.e.43}]
Capabilities {acceptInsecureCerts: false, browserName: chrome, browserVersion: 143.0.7499.40, chrome: {chromedriverVersion: 143.0.7499.192 (be2c1f4fd45..., userDataDir: /tmp/.org.chromium.Chromium...}, fedcm:accounts: true, goog:chromeOptions: {debuggerAddress: localhost:38541}, goog:processID: 4964, networkConnectionEnabled: false, pageLoadStrategy: normal, platformName: linux, proxy: Proxy(), se:cdp: ws://localhost:38541/devtoo..., se:cdpVersion: 143.0.7499.40, setWindowRect: true, strictFileInteractability: false, timeouts: {implicit: 0, pageLoad: 300000, script: 30000}, unhandledPromptBehavior: dismiss and notify, webauthn:extension:credBlob: true, webauthn:extension:largeBlob: true, webauthn:extension:minPinLength: true, webauthn:extension:prf: true, webauthn:virtualAuthenticators: true}
Element: [[ChromeDriver: chrome on linux (4f03a61c006c651b23dd9096b05f4db1)] -> xpath: /html/body/div[2]/main/div/div[2]/div[6]/div[1]/div[2]/button[2]]
Session ID: 4f03a61c006c651b23dd9096b05f4db1
	at java.base/jdk.internal.reflect.DirectConstructorHandleAccessor.newInstance(DirectConstructorHandleAccessor.java:62)
	at java.base/java.lang.reflect.Constructor.newInstanceWithCaller(Constructor.java:502)
	at java.base/java.lang.reflect.Constructor.newInstance(Constructor.java:486)
	at org.openqa.selenium.remote.ErrorCodec.decode(ErrorCodec.java:167)
	at org.openqa.selenium.remote.codec.w3c.W3CHttpResponseCodec.decode(W3CHttpResponseCodec.java:138)
	at org.openqa.selenium.remote.codec.w3c.W3CHttpResponseCodec.decode(W3CHttpResponseCodec.java:50)
	at org.openqa.selenium.remote.HttpCommandExecutor.execute(HttpCommandExecutor.java:190)
	at org.openqa.selenium.remote.service.DriverCommandExecutor.invokeExecute(DriverCommandExecutor.java:216)
	at org.openqa.selenium.remote.service.DriverCommandExecutor.execute(DriverCommandExecutor.java:174)
	at org.openqa.selenium.remote.RemoteWebDriver.execute(RemoteWebDriver.java:545)
	at org.openqa.selenium.remote.RemoteWebElement.execute(RemoteWebElement.java:223)
	at org.openqa.selenium.remote.RemoteWebElement.click(RemoteWebElement.java:76)
	at com.xats.automation.tests.pages.CandidateInDetailViewPage.canTaskCreation(CandidateInDetailViewPage.java:207)
	at com.xats.automation.tests.stepdefinitions.CandidateInDetailViewSteps.user_create_a_task(CandidateInDetailViewSteps.java:52)
	at ✽.user create a task for can(file:///runner/_work/automation/automation/src/test/resources/features/07_CandidateInDetailView.feature:36)
]]>
</failure>
<system-out><![CDATA[
Given User is on login page.................................................passed
When User enters username and password from config file.....................passed
And User clicks on login button.............................................passed
Then User should land on dashboard..........................................passed
When user navigates to candidateInDetailView................................passed
When user create a task for can.............................................failed
]]></system-out>
</testcase>
<testcase classname="Submission page" name="Navigate to submission page" time="17.023">
<system-out><![CDATA[
Given User is on login page.................................................passed
When User enters username and password from config file.....................passed
And User clicks on login button.............................................passed
When user navigates to job detail view......................................passed
When user navigates submission page.........................................passed
]]></system-out>
</testcase>
<testcase classname="Submission page" name="Add a new note" time="27.015">
<system-out><![CDATA[
Given User is on login page.................................................passed
When User enters username and password from config file.....................passed
And User clicks on login button.............................................passed
When user navigates to job detail view......................................passed
When user navigates submission page.........................................passed
And user adds a note in submission..........................................passed
]]></system-out>
</testcase>
<testcase classname="Submission page" name="Edit the existing note" time="11.015">
<failure type="org.openqa.selenium.StaleElementReferenceException" message="stale element reference: stale element not found in the current frame
  (Session info: chrome=143.0.7499.40)
For documentation on this error, please visit: https://www.selenium.dev/documentation/webdriver/troubleshooting/errors#stale-element-reference-exception
Build info: version: '4.25.0', revision: '8a8aea2337'
System info: os.name: 'Linux', os.arch: 'amd64', os.version: '6.8.0-60-generic', java.version: '21.0.9'
Driver info: org.openqa.selenium.chrome.ChromeDriver
Command: [68dba54a236408d260cc4c2b23af2e76, clickElement {id=f.15E8E22C2AE2D71A2DC61BACA4AE6F19.d.A2980DC401392ACF1D9E931D1ABAA3E5.e.47}]
Capabilities {acceptInsecureCerts: false, browserName: chrome, browserVersion: 143.0.7499.40, chrome: {chromedriverVersion: 143.0.7499.192 (be2c1f4fd45..., userDataDir: /tmp/.org.chromium.Chromium...}, fedcm:accounts: true, goog:chromeOptions: {debuggerAddress: localhost:39499}, goog:processID: 5574, networkConnectionEnabled: false, pageLoadStrategy: normal, platformName: linux, proxy: Proxy(), se:cdp: ws://localhost:39499/devtoo..., se:cdpVersion: 143.0.7499.40, setWindowRect: true, strictFileInteractability: false, timeouts: {implicit: 0, pageLoad: 300000, script: 30000}, unhandledPromptBehavior: dismiss and notify, webauthn:extension:credBlob: true, webauthn:extension:largeBlob: true, webauthn:extension:minPinLength: true, webauthn:extension:prf: true, webauthn:virtualAuthenticators: true}
Element: [[ChromeDriver: chrome on linux (68dba54a236408d260cc4c2b23af2e76)] -&gt; xpath: /html/body/div[2]/main/div/div/div[4]/div[2]/div[2]/div[1]/a/span]
Session ID: 68dba54a236408d260cc4c2b23af2e76">
<![CDATA[org.openqa.selenium.StaleElementReferenceException: stale element reference: stale element not found in the current frame
  (Session info: chrome=143.0.7499.40)
For documentation on this error, please visit: https://www.selenium.dev/documentation/webdriver/troubleshooting/errors#stale-element-reference-exception
Build info: version: '4.25.0', revision: '8a8aea2337'
System info: os.name: 'Linux', os.arch: 'amd64', os.version: '6.8.0-60-generic', java.version: '21.0.9'
Driver info: org.openqa.selenium.chrome.ChromeDriver
Command: [68dba54a236408d260cc4c2b23af2e76, clickElement {id=f.15E8E22C2AE2D71A2DC61BACA4AE6F19.d.A2980DC401392ACF1D9E931D1ABAA3E5.e.47}]
Capabilities {acceptInsecureCerts: false, browserName: chrome, browserVersion: 143.0.7499.40, chrome: {chromedriverVersion: 143.0.7499.192 (be2c1f4fd45..., userDataDir: /tmp/.org.chromium.Chromium...}, fedcm:accounts: true, goog:chromeOptions: {debuggerAddress: localhost:39499}, goog:processID: 5574, networkConnectionEnabled: false, pageLoadStrategy: normal, platformName: linux, proxy: Proxy(), se:cdp: ws://localhost:39499/devtoo..., se:cdpVersion: 143.0.7499.40, setWindowRect: true, strictFileInteractability: false, timeouts: {implicit: 0, pageLoad: 300000, script: 30000}, unhandledPromptBehavior: dismiss and notify, webauthn:extension:credBlob: true, webauthn:extension:largeBlob: true, webauthn:extension:minPinLength: true, webauthn:extension:prf: true, webauthn:virtualAuthenticators: true}
Element: [[ChromeDriver: chrome on linux (68dba54a236408d260cc4c2b23af2e76)] -> xpath: /html/body/div[2]/main/div/div/div[4]/div[2]/div[2]/div[1]/a/span]
Session ID: 68dba54a236408d260cc4c2b23af2e76
	at java.base/jdk.internal.reflect.DirectConstructorHandleAccessor.newInstance(DirectConstructorHandleAccessor.java:62)
	at java.base/java.lang.reflect.Constructor.newInstanceWithCaller(Constructor.java:502)
	at java.base/java.lang.reflect.Constructor.newInstance(Constructor.java:486)
	at org.openqa.selenium.remote.ErrorCodec.decode(ErrorCodec.java:167)
	at org.openqa.selenium.remote.codec.w3c.W3CHttpResponseCodec.decode(W3CHttpResponseCodec.java:138)
	at org.openqa.selenium.remote.codec.w3c.W3CHttpResponseCodec.decode(W3CHttpResponseCodec.java:50)
	at org.openqa.selenium.remote.HttpCommandExecutor.execute(HttpCommandExecutor.java:190)
	at org.openqa.selenium.remote.service.DriverCommandExecutor.invokeExecute(DriverCommandExecutor.java:216)
	at org.openqa.selenium.remote.service.DriverCommandExecutor.execute(DriverCommandExecutor.java:174)
	at org.openqa.selenium.remote.RemoteWebDriver.execute(RemoteWebDriver.java:545)
	at org.openqa.selenium.remote.RemoteWebElement.execute(RemoteWebElement.java:223)
	at org.openqa.selenium.remote.RemoteWebElement.click(RemoteWebElement.java:76)
	at com.xats.automation.tests.pages.CandidateSubmissionPage.submissionId(CandidateSubmissionPage.java:67)
	at com.xats.automation.tests.stepdefinitions.CandidateSubmissionSteps.user_navigates_to_submission_page(CandidateSubmissionSteps.java:17)
	at ✽.user navigates submission page(file:///runner/_work/automation/automation/src/test/resources/features/08_CandidateSubmission.feature:23)
]]>
</failure>
<system-out><![CDATA[
Given User is on login page.................................................passed
When User enters username and password from config file.....................passed
And User clicks on login button.............................................passed
When user navigates to job detail view......................................passed
When user navigates submission page.........................................failed
And user edits the note in submission.......................................skipped
]]></system-out>
</testcase>
<testcase classname="Submission page" name="Pin the note" time="11.494">
<failure type="org.openqa.selenium.StaleElementReferenceException" message="stale element reference: stale element not found in the current frame
  (Session info: chrome=143.0.7499.40)
For documentation on this error, please visit: https://www.selenium.dev/documentation/webdriver/troubleshooting/errors#stale-element-reference-exception
Build info: version: '4.25.0', revision: '8a8aea2337'
System info: os.name: 'Linux', os.arch: 'amd64', os.version: '6.8.0-60-generic', java.version: '21.0.9'
Driver info: org.openqa.selenium.chrome.ChromeDriver
Command: [e76f16db9b330c023fe69b825854dbb3, clickElement {id=f.1F6FCEBAE7DD13226CE2FDC769570F45.d.ECE5A8F56222C502224196F6C1DCE794.e.48}]
Capabilities {acceptInsecureCerts: false, browserName: chrome, browserVersion: 143.0.7499.40, chrome: {chromedriverVersion: 143.0.7499.192 (be2c1f4fd45..., userDataDir: /tmp/.org.chromium.Chromium...}, fedcm:accounts: true, goog:chromeOptions: {debuggerAddress: localhost:33791}, goog:processID: 5721, networkConnectionEnabled: false, pageLoadStrategy: normal, platformName: linux, proxy: Proxy(), se:cdp: ws://localhost:33791/devtoo..., se:cdpVersion: 143.0.7499.40, setWindowRect: true, strictFileInteractability: false, timeouts: {implicit: 0, pageLoad: 300000, script: 30000}, unhandledPromptBehavior: dismiss and notify, webauthn:extension:credBlob: true, webauthn:extension:largeBlob: true, webauthn:extension:minPinLength: true, webauthn:extension:prf: true, webauthn:virtualAuthenticators: true}
Element: [[ChromeDriver: chrome on linux (e76f16db9b330c023fe69b825854dbb3)] -&gt; xpath: /html/body/div[2]/main/div/div/div[4]/div[2]/div[2]/div[1]/a/span]
Session ID: e76f16db9b330c023fe69b825854dbb3">
<![CDATA[org.openqa.selenium.StaleElementReferenceException: stale element reference: stale element not found in the current frame
  (Session info: chrome=143.0.7499.40)
For documentation on this error, please visit: https://www.selenium.dev/documentation/webdriver/troubleshooting/errors#stale-element-reference-exception
Build info: version: '4.25.0', revision: '8a8aea2337'
System info: os.name: 'Linux', os.arch: 'amd64', os.version: '6.8.0-60-generic', java.version: '21.0.9'
Driver info: org.openqa.selenium.chrome.ChromeDriver
Command: [e76f16db9b330c023fe69b825854dbb3, clickElement {id=f.1F6FCEBAE7DD13226CE2FDC769570F45.d.ECE5A8F56222C502224196F6C1DCE794.e.48}]
Capabilities {acceptInsecureCerts: false, browserName: chrome, browserVersion: 143.0.7499.40, chrome: {chromedriverVersion: 143.0.7499.192 (be2c1f4fd45..., userDataDir: /tmp/.org.chromium.Chromium...}, fedcm:accounts: true, goog:chromeOptions: {debuggerAddress: localhost:33791}, goog:processID: 5721, networkConnectionEnabled: false, pageLoadStrategy: normal, platformName: linux, proxy: Proxy(), se:cdp: ws://localhost:33791/devtoo..., se:cdpVersion: 143.0.7499.40, setWindowRect: true, strictFileInteractability: false, timeouts: {implicit: 0, pageLoad: 300000, script: 30000}, unhandledPromptBehavior: dismiss and notify, webauthn:extension:credBlob: true, webauthn:extension:largeBlob: true, webauthn:extension:minPinLength: true, webauthn:extension:prf: true, webauthn:virtualAuthenticators: true}
Element: [[ChromeDriver: chrome on linux (e76f16db9b330c023fe69b825854dbb3)] -> xpath: /html/body/div[2]/main/div/div/div[4]/div[2]/div[2]/div[1]/a/span]
Session ID: e76f16db9b330c023fe69b825854dbb3
	at java.base/jdk.internal.reflect.DirectConstructorHandleAccessor.newInstance(DirectConstructorHandleAccessor.java:62)
	at java.base/java.lang.reflect.Constructor.newInstanceWithCaller(Constructor.java:502)
	at java.base/java.lang.reflect.Constructor.newInstance(Constructor.java:486)
	at org.openqa.selenium.remote.ErrorCodec.decode(ErrorCodec.java:167)
	at org.openqa.selenium.remote.codec.w3c.W3CHttpResponseCodec.decode(W3CHttpResponseCodec.java:138)
	at org.openqa.selenium.remote.codec.w3c.W3CHttpResponseCodec.decode(W3CHttpResponseCodec.java:50)
	at org.openqa.selenium.remote.HttpCommandExecutor.execute(HttpCommandExecutor.java:190)
	at org.openqa.selenium.remote.service.DriverCommandExecutor.invokeExecute(DriverCommandExecutor.java:216)
	at org.openqa.selenium.remote.service.DriverCommandExecutor.execute(DriverCommandExecutor.java:174)
	at org.openqa.selenium.remote.RemoteWebDriver.execute(RemoteWebDriver.java:545)
	at org.openqa.selenium.remote.RemoteWebElement.execute(RemoteWebElement.java:223)
	at org.openqa.selenium.remote.RemoteWebElement.click(RemoteWebElement.java:76)
	at com.xats.automation.tests.pages.CandidateSubmissionPage.submissionId(CandidateSubmissionPage.java:67)
	at com.xats.automation.tests.stepdefinitions.CandidateSubmissionSteps.user_navigates_to_submission_page(CandidateSubmissionSteps.java:17)
	at ✽.user navigates submission page(file:///runner/_work/automation/automation/src/test/resources/features/08_CandidateSubmission.feature:29)
]]>
</failure>
<system-out><![CDATA[
Given User is on login page.................................................passed
When User enters username and password from config file.....................passed
And User clicks on login button.............................................passed
When user navigates to job detail view......................................passed
When user navigates submission page.........................................failed
And user pins the note in submission........................................skipped
]]></system-out>
</testcase>
<testcase classname="Submission page" name="Delete the note" time="21.712">
<system-out><![CDATA[
Given User is on login page.................................................passed
When User enters username and password from config file.....................passed
And User clicks on login button.............................................passed
When user navigates to job detail view......................................passed
When user navigates submission page.........................................passed
And user deletes the note in the submission.................................passed
]]></system-out>
</testcase>
<testcase classname="Submission page" name="Upload a new document" time="23.516">
<system-out><![CDATA[
Given User is on login page.................................................passed
When User enters username and password from config file.....................passed
And User clicks on login button.............................................passed
When user navigates to job detail view......................................passed
When user navigates submission page.........................................passed
And user uploads a document in submission...................................passed
]]></system-out>
</testcase>
<testcase classname="Submission page" name="Delete the uploaded document" time="23.049">
<system-out><![CDATA[
Given User is on login page.................................................passed
When User enters username and password from config file.....................passed
And User clicks on login button.............................................passed
When user navigates to job detail view......................................passed
When user navigates submission page.........................................passed
And user deletes the document in submission.................................passed
]]></system-out>
</testcase>
<testcase classname="Submission page" name="Interview creation" time="11.626">
<failure type="org.openqa.selenium.StaleElementReferenceException" message="stale element reference: stale element not found in the current frame
  (Session info: chrome=143.0.7499.40)
For documentation on this error, please visit: https://www.selenium.dev/documentation/webdriver/troubleshooting/errors#stale-element-reference-exception
Build info: version: '4.25.0', revision: '8a8aea2337'
System info: os.name: 'Linux', os.arch: 'amd64', os.version: '6.8.0-60-generic', java.version: '21.0.9'
Driver info: org.openqa.selenium.chrome.ChromeDriver
Command: [5ed74c6f3285db1a0db3861e07882ee3, clickElement {id=f.F986C3D4ACC0EF286C0845C923D8AFD8.d.34D5E46D41669C324F903B4F75C1B2B6.e.44}]
Capabilities {acceptInsecureCerts: false, browserName: chrome, browserVersion: 143.0.7499.40, chrome: {chromedriverVersion: 143.0.7499.192 (be2c1f4fd45..., userDataDir: /tmp/.org.chromium.Chromium...}, fedcm:accounts: true, goog:chromeOptions: {debuggerAddress: localhost:37445}, goog:processID: 6495, networkConnectionEnabled: false, pageLoadStrategy: normal, platformName: linux, proxy: Proxy(), se:cdp: ws://localhost:37445/devtoo..., se:cdpVersion: 143.0.7499.40, setWindowRect: true, strictFileInteractability: false, timeouts: {implicit: 0, pageLoad: 300000, script: 30000}, unhandledPromptBehavior: dismiss and notify, webauthn:extension:credBlob: true, webauthn:extension:largeBlob: true, webauthn:extension:minPinLength: true, webauthn:extension:prf: true, webauthn:virtualAuthenticators: true}
Element: [[ChromeDriver: chrome on linux (5ed74c6f3285db1a0db3861e07882ee3)] -&gt; xpath: /html/body/div[2]/main/div/div/div[4]/div[2]/div[2]/div[1]/a/span]
Session ID: 5ed74c6f3285db1a0db3861e07882ee3">
<![CDATA[org.openqa.selenium.StaleElementReferenceException: stale element reference: stale element not found in the current frame
  (Session info: chrome=143.0.7499.40)
For documentation on this error, please visit: https://www.selenium.dev/documentation/webdriver/troubleshooting/errors#stale-element-reference-exception
Build info: version: '4.25.0', revision: '8a8aea2337'
System info: os.name: 'Linux', os.arch: 'amd64', os.version: '6.8.0-60-generic', java.version: '21.0.9'
Driver info: org.openqa.selenium.chrome.ChromeDriver
Command: [5ed74c6f3285db1a0db3861e07882ee3, clickElement {id=f.F986C3D4ACC0EF286C0845C923D8AFD8.d.34D5E46D41669C324F903B4F75C1B2B6.e.44}]
Capabilities {acceptInsecureCerts: false, browserName: chrome, browserVersion: 143.0.7499.40, chrome: {chromedriverVersion: 143.0.7499.192 (be2c1f4fd45..., userDataDir: /tmp/.org.chromium.Chromium...}, fedcm:accounts: true, goog:chromeOptions: {debuggerAddress: localhost:37445}, goog:processID: 6495, networkConnectionEnabled: false, pageLoadStrategy: normal, platformName: linux, proxy: Proxy(), se:cdp: ws://localhost:37445/devtoo..., se:cdpVersion: 143.0.7499.40, setWindowRect: true, strictFileInteractability: false, timeouts: {implicit: 0, pageLoad: 300000, script: 30000}, unhandledPromptBehavior: dismiss and notify, webauthn:extension:credBlob: true, webauthn:extension:largeBlob: true, webauthn:extension:minPinLength: true, webauthn:extension:prf: true, webauthn:virtualAuthenticators: true}
Element: [[ChromeDriver: chrome on linux (5ed74c6f3285db1a0db3861e07882ee3)] -> xpath: /html/body/div[2]/main/div/div/div[4]/div[2]/div[2]/div[1]/a/span]
Session ID: 5ed74c6f3285db1a0db3861e07882ee3
	at java.base/jdk.internal.reflect.DirectConstructorHandleAccessor.newInstance(DirectConstructorHandleAccessor.java:62)
	at java.base/java.lang.reflect.Constructor.newInstanceWithCaller(Constructor.java:502)
	at java.base/java.lang.reflect.Constructor.newInstance(Constructor.java:486)
	at org.openqa.selenium.remote.ErrorCodec.decode(ErrorCodec.java:167)
	at org.openqa.selenium.remote.codec.w3c.W3CHttpResponseCodec.decode(W3CHttpResponseCodec.java:138)
	at org.openqa.selenium.remote.codec.w3c.W3CHttpResponseCodec.decode(W3CHttpResponseCodec.java:50)
	at org.openqa.selenium.remote.HttpCommandExecutor.execute(HttpCommandExecutor.java:190)
	at org.openqa.selenium.remote.service.DriverCommandExecutor.invokeExecute(DriverCommandExecutor.java:216)
	at org.openqa.selenium.remote.service.DriverCommandExecutor.execute(DriverCommandExecutor.java:174)
	at org.openqa.selenium.remote.RemoteWebDriver.execute(RemoteWebDriver.java:545)
	at org.openqa.selenium.remote.RemoteWebElement.execute(RemoteWebElement.java:223)
	at org.openqa.selenium.remote.RemoteWebElement.click(RemoteWebElement.java:76)
	at com.xats.automation.tests.pages.CandidateSubmissionPage.submissionId(CandidateSubmissionPage.java:67)
	at com.xats.automation.tests.stepdefinitions.CandidateSubmissionSteps.user_navigates_to_submission_page(CandidateSubmissionSteps.java:17)
	at ✽.user navigates submission page(file:///runner/_work/automation/automation/src/test/resources/features/08_CandidateSubmission.feature:53)
]]>
</failure>
<system-out><![CDATA[
Given User is on login page.................................................passed
When User enters username and password from config file.....................passed
And User clicks on login button.............................................passed
When user navigates to job detail view......................................passed
When user navigates submission page.........................................failed
And User creates a interview................................................skipped
]]></system-out>
</testcase>
<testcase classname="Submission page" name="Create a Task" time="22.276">
<failure type="org.openqa.selenium.ElementClickInterceptedException" message="element click intercepted: Element &lt;button class=&quot;inline-flex items-center justify-center gap-2 whitespace-nowrap text-sm font-medium transition-colors focus-visible:outline-none focus-visible:ring-1 focus-visible:ring-ring disabled:pointer-events-none disabled:opacity-50 [&amp;amp;_svg]:pointer-events-none [&amp;amp;_svg]:size-4 [&amp;amp;_svg]:shrink-0 hover:bg-accent hover:text-accent-foreground p-1 rounded-full bg-gradient-purple-blue-sky text-white w-6 h-6&quot; type=&quot;button&quot; aria-haspopup=&quot;dialog&quot; aria-expanded=&quot;false&quot; aria-controls=&quot;radix-:r22:&quot; data-state=&quot;closed&quot;&gt;...&lt;/button&gt; is not clickable at point (1620, 43). Other element would receive the click: &lt;nav class=&quot;flex items-center justify-between mb-4 w-[88%] pl-10 pr-8 bg-hard-gray-gradient fixed top-0 right-0 z-50 shadow-md rounded-l-3xl&quot;&gt;...&lt;/nav&gt;
  (Session info: chrome=143.0.7499.40)
Build info: version: '4.25.0', revision: '8a8aea2337'
System info: os.name: 'Linux', os.arch: 'amd64', os.version: '6.8.0-60-generic', java.version: '21.0.9'
Driver info: org.openqa.selenium.chrome.ChromeDriver
Command: [d7ca7dd30bfee111919c552d2e073ea4, clickElement {id=f.ECC90F0F4B3E69851ED2D3AF6E008004.d.BCB6ED6275323F74A263A30313922EA6.e.91}]
Capabilities {acceptInsecureCerts: false, browserName: chrome, browserVersion: 143.0.7499.40, chrome: {chromedriverVersion: 143.0.7499.192 (be2c1f4fd45..., userDataDir: /tmp/.org.chromium.Chromium...}, fedcm:accounts: true, goog:chromeOptions: {debuggerAddress: localhost:41871}, goog:processID: 6643, networkConnectionEnabled: false, pageLoadStrategy: normal, platformName: linux, proxy: Proxy(), se:cdp: ws://localhost:41871/devtoo..., se:cdpVersion: 143.0.7499.40, setWindowRect: true, strictFileInteractability: false, timeouts: {implicit: 0, pageLoad: 300000, script: 30000}, unhandledPromptBehavior: dismiss and notify, webauthn:extension:credBlob: true, webauthn:extension:largeBlob: true, webauthn:extension:minPinLength: true, webauthn:extension:prf: true, webauthn:virtualAuthenticators: true}
Element: [[ChromeDriver: chrome on linux (d7ca7dd30bfee111919c552d2e073ea4)] -&gt; xpath: /html/body/div[2]/main/main/div/div[2]/div[1]/div[2]/button[2]]
Session ID: d7ca7dd30bfee111919c552d2e073ea4">
<![CDATA[org.openqa.selenium.ElementClickInterceptedException: element click intercepted: Element <button class="inline-flex items-center justify-center gap-2 whitespace-nowrap text-sm font-medium transition-colors focus-visible:outline-none focus-visible:ring-1 focus-visible:ring-ring disabled:pointer-events-none disabled:opacity-50 [&amp;_svg]:pointer-events-none [&amp;_svg]:size-4 [&amp;_svg]:shrink-0 hover:bg-accent hover:text-accent-foreground p-1 rounded-full bg-gradient-purple-blue-sky text-white w-6 h-6" type="button" aria-haspopup="dialog" aria-expanded="false" aria-controls="radix-:r22:" data-state="closed">...</button> is not clickable at point (1620, 43). Other element would receive the click: <nav class="flex items-center justify-between mb-4 w-[88%] pl-10 pr-8 bg-hard-gray-gradient fixed top-0 right-0 z-50 shadow-md rounded-l-3xl">...</nav>
  (Session info: chrome=143.0.7499.40)
Build info: version: '4.25.0', revision: '8a8aea2337'
System info: os.name: 'Linux', os.arch: 'amd64', os.version: '6.8.0-60-generic', java.version: '21.0.9'
Driver info: org.openqa.selenium.chrome.ChromeDriver
Command: [d7ca7dd30bfee111919c552d2e073ea4, clickElement {id=f.ECC90F0F4B3E69851ED2D3AF6E008004.d.BCB6ED6275323F74A263A30313922EA6.e.91}]
Capabilities {acceptInsecureCerts: false, browserName: chrome, browserVersion: 143.0.7499.40, chrome: {chromedriverVersion: 143.0.7499.192 (be2c1f4fd45..., userDataDir: /tmp/.org.chromium.Chromium...}, fedcm:accounts: true, goog:chromeOptions: {debuggerAddress: localhost:41871}, goog:processID: 6643, networkConnectionEnabled: false, pageLoadStrategy: normal, platformName: linux, proxy: Proxy(), se:cdp: ws://localhost:41871/devtoo..., se:cdpVersion: 143.0.7499.40, setWindowRect: true, strictFileInteractability: false, timeouts: {implicit: 0, pageLoad: 300000, script: 30000}, unhandledPromptBehavior: dismiss and notify, webauthn:extension:credBlob: true, webauthn:extension:largeBlob: true, webauthn:extension:minPinLength: true, webauthn:extension:prf: true, webauthn:virtualAuthenticators: true}
Element: [[ChromeDriver: chrome on linux (d7ca7dd30bfee111919c552d2e073ea4)] -> xpath: /html/body/div[2]/main/main/div/div[2]/div[1]/div[2]/button[2]]
Session ID: d7ca7dd30bfee111919c552d2e073ea4
	at java.base/jdk.internal.reflect.DirectConstructorHandleAccessor.newInstance(DirectConstructorHandleAccessor.java:62)
	at java.base/java.lang.reflect.Constructor.newInstanceWithCaller(Constructor.java:502)
	at java.base/java.lang.reflect.Constructor.newInstance(Constructor.java:486)
	at org.openqa.selenium.remote.ErrorCodec.decode(ErrorCodec.java:167)
	at org.openqa.selenium.remote.codec.w3c.W3CHttpResponseCodec.decode(W3CHttpResponseCodec.java:138)
	at org.openqa.selenium.remote.codec.w3c.W3CHttpResponseCodec.decode(W3CHttpResponseCodec.java:50)
	at org.openqa.selenium.remote.HttpCommandExecutor.execute(HttpCommandExecutor.java:190)
	at org.openqa.selenium.remote.service.DriverCommandExecutor.invokeExecute(DriverCommandExecutor.java:216)
	at org.openqa.selenium.remote.service.DriverCommandExecutor.execute(DriverCommandExecutor.java:174)
	at org.openqa.selenium.remote.RemoteWebDriver.execute(RemoteWebDriver.java:545)
	at org.openqa.selenium.remote.RemoteWebElement.execute(RemoteWebElement.java:223)
	at org.openqa.selenium.remote.RemoteWebElement.click(RemoteWebElement.java:76)
	at com.xats.automation.tests.pages.CandidateSubmissionPage.taskCreation(CandidateSubmissionPage.java:250)
	at com.xats.automation.tests.stepdefinitions.CandidateSubmissionSteps.user_create_a_task(CandidateSubmissionSteps.java:64)
	at ✽.user create a task in submission(file:///runner/_work/automation/automation/src/test/resources/features/08_CandidateSubmission.feature:61)
]]>
</failure>
<system-out><![CDATA[
Given User is on login page.................................................passed
When User enters username and password from config file.....................passed
And User clicks on login button.............................................passed
When user navigates to job detail view......................................passed
When user navigates submission page.........................................passed
When user create a task in submission.......................................failed
]]></system-out>
</testcase>
</testsuite>
