<?xml version="1.0" encoding="UTF-8"?>
<testsuite name="Cucumber" time="1,870.464" tests="75" skipped="0" failures="20" errors="0">
<testcase classname="User Registration" name="Successfully register a new user" time="12.287">
<system-out><![CDATA[
Given User is on the signup page............................................passed
When User fills the registration form with details from signup properties...passed
And User accepts the terms and clicks Create Account........................passed
Then User should see a success message or be redirected to the dashboard....passed
]]></system-out>
</testcase>
<testcase classname="Password Recovery" name="Successfully request a password reset link" time="10.203">
<system-out><![CDATA[
Given User is on the forgot password page...................................passed
When User enters email from "signup" properties and clicks Send Reset Link..passed
Then User should see a confirmation for the reset link......................passed
]]></system-out>
</testcase>
<testcase classname="Login Feature" name="Valid user logs in successfully" time="3.216">
<system-out><![CDATA[
Given User is on login page.................................................passed
When User enters username and password from config file.....................passed
And User clicks on login button.............................................passed
Then User should land on dashboard..........................................passed
]]></system-out>
</testcase>
<testcase classname="Client Creation" name="Valid user logs in and creates a new client" time="44.684">
<failure type="java.lang.RuntimeException" message="❌ Button click failed: By.xpath: //button[contains(., 'Save &amp; Add Contact')]">
<![CDATA[java.lang.RuntimeException: ? Button click failed: By.xpath: //button[contains(., 'Save & Add Contact')]
	at com.xats.automation.tests.pages.client.ClientPage.clickButton(ClientPage.java:532)
	at com.xats.automation.tests.pages.client.ClientPage.fillFullClientForm(ClientPage.java:258)
	at com.xats.automation.tests.stepdefinitions.client.ClientSteps.user_navigates_to_client_creation_page_and_adds_new_client(ClientSteps.java:21)
	at ?.User navigates to client creation page and adds new client(file:///runner/_work/automation/automation/src/test/resources/features/2.client/04_ClientCreation.feature:10)
Caused by: org.openqa.selenium.TimeoutException: Expected condition failed: waiting for element to be clickable: By.xpath: //button[contains(., 'Save & Add Contact')] (tried for 10 second(s) with 500 milliseconds interval)
Build info: version: '4.25.0', revision: '8a8aea2337'
System info: os.name: 'Linux', os.arch: 'amd64', os.version: '6.8.0-124-generic', java.version: '17.0.20'
Driver info: org.openqa.selenium.chrome.ChromeDriver
Capabilities {acceptInsecureCerts: false, browserName: chrome, browserVersion: 143.0.7499.40, chrome: {chromedriverVersion: 143.0.7499.192 (be2c1f4fd45..., userDataDir: /tmp/.org.chromium.Chromium...}, fedcm:accounts: true, goog:chromeOptions: {debuggerAddress: localhost:40051}, goog:processID: 1568, networkConnectionEnabled: false, pageLoadStrategy: normal, platformName: linux, proxy: Proxy(), se:cdp: ws://localhost:40051/devtoo..., se:cdpVersion: 143.0.7499.40, setWindowRect: true, strictFileInteractability: false, timeouts: {implicit: 0, pageLoad: 300000, script: 30000}, unhandledPromptBehavior: dismiss and notify, webauthn:extension:credBlob: true, webauthn:extension:largeBlob: true, webauthn:extension:minPinLength: true, webauthn:extension:prf: true, webauthn:virtualAuthenticators: true}
Session ID: 670a355c193afc94dedb59910392a65a
	at org.openqa.selenium.support.ui.WebDriverWait.timeoutException(WebDriverWait.java:84)
	at org.openqa.selenium.support.ui.FluentWait.until(FluentWait.java:228)
	at com.xats.automation.tests.pages.client.ClientPage.clickButton(ClientPage.java:522)
	at com.xats.automation.tests.pages.client.ClientPage.fillFullClientForm(ClientPage.java:258)
	at com.xats.automation.tests.stepdefinitions.client.ClientSteps.user_navigates_to_client_creation_page_and_adds_new_client(ClientSteps.java:21)
	at java.base/jdk.internal.reflect.NativeMethodAccessorImpl.invoke0(Native Method)
	at java.base/jdk.internal.reflect.NativeMethodAccessorImpl.invoke(NativeMethodAccessorImpl.java:77)
	at java.base/jdk.internal.reflect.DelegatingMethodAccessorImpl.invoke(DelegatingMethodAccessorImpl.java:43)
	at java.base/java.lang.reflect.Method.invoke(Method.java:569)
	at io.cucumber.java.Invoker.doInvoke(Invoker.java:66)
	at io.cucumber.java.Invoker.invoke(Invoker.java:24)
	at io.cucumber.java.AbstractGlueDefinition.invokeMethod(AbstractGlueDefinition.java:47)
	at io.cucumber.java.JavaStepDefinition.execute(JavaStepDefinition.java:29)
	at io.cucumber.core.runner.CoreStepDefinition.execute(CoreStepDefinition.java:66)
	at io.cucumber.core.runner.PickleStepDefinitionMatch.runStep(PickleStepDefinitionMatch.java:63)
	at io.cucumber.core.runner.ExecutionMode$1.execute(ExecutionMode.java:10)
	at io.cucumber.core.runner.TestStep.executeStep(TestStep.java:84)
	at io.cucumber.core.runner.TestStep.run(TestStep.java:56)
	at io.cucumber.core.runner.PickleStepTestStep.run(PickleStepTestStep.java:51)
	at io.cucumber.core.runner.TestCase.run(TestCase.java:84)
	at io.cucumber.core.runner.Runner.runPickle(Runner.java:75)
	at io.cucumber.junit.PickleRunners$NoStepDescriptions.lambda$run$0(PickleRunners.java:151)
	at io.cucumber.core.runtime.CucumberExecutionContext.lambda$runTestCase$5(CucumberExecutionContext.java:137)
	at io.cucumber.core.runtime.RethrowingThrowableCollector.executeAndThrow(RethrowingThrowableCollector.java:23)
	at io.cucumber.core.runtime.CucumberExecutionContext.runTestCase(CucumberExecutionContext.java:137)
	at io.cucumber.junit.PickleRunners$NoStepDescriptions.run(PickleRunners.java:148)
	at io.cucumber.junit.FeatureRunner.runChild(FeatureRunner.java:144)
	at io.cucumber.junit.FeatureRunner.runChild(FeatureRunner.java:28)
	at org.junit.runners.ParentRunner$4.run(ParentRunner.java:331)
	at org.junit.runners.ParentRunner$1.schedule(ParentRunner.java:79)
	at org.junit.runners.ParentRunner.runChildren(ParentRunner.java:329)
	at org.junit.runners.ParentRunner.access$100(ParentRunner.java:66)
	at org.junit.runners.ParentRunner$2.evaluate(ParentRunner.java:293)
	at org.junit.runners.ParentRunner$3.evaluate(ParentRunner.java:306)
	at org.junit.runners.ParentRunner.run(ParentRunner.java:413)
	at io.cucumber.junit.FeatureRunner.run(FeatureRunner.java:137)
	at io.cucumber.junit.Cucumber.runChild(Cucumber.java:196)
	at io.cucumber.junit.Cucumber.runChild(Cucumber.java:89)
	at org.junit.runners.ParentRunner$4.run(ParentRunner.java:331)
	at org.junit.runners.ParentRunner$1.schedule(ParentRunner.java:79)
	at org.junit.runners.ParentRunner.runChildren(ParentRunner.java:329)
	at org.junit.runners.ParentRunner.access$100(ParentRunner.java:66)
	at org.junit.runners.ParentRunner$2.evaluate(ParentRunner.java:293)
	at io.cucumber.core.runtime.CucumberExecutionContext.lambda$runFeatures$6(CucumberExecutionContext.java:148)
	at io.cucumber.core.runtime.CucumberExecutionContext.execute(CucumberExecutionContext.java:163)
	at io.cucumber.core.runtime.CucumberExecutionContext.runFeatures(CucumberExecutionContext.java:146)
	at io.cucumber.junit.Cucumber$StartAndFinishTestRun.evaluate(Cucumber.java:226)
	at org.junit.runners.ParentRunner$3.evaluate(ParentRunner.java:306)
	at org.junit.runners.ParentRunner.run(ParentRunner.java:413)
	at org.apache.maven.surefire.junit4.JUnit4Provider.execute(JUnit4Provider.java:316)
	at org.apache.maven.surefire.junit4.JUnit4Provider.executeWithRerun(JUnit4Provider.java:240)
	at org.apache.maven.surefire.junit4.JUnit4Provider.executeTestSet(JUnit4Provider.java:214)
	at org.apache.maven.surefire.junit4.JUnit4Provider.invoke(JUnit4Provider.java:155)
	at org.apache.maven.surefire.booter.ForkedBooter.runSuitesInProcess(ForkedBooter.java:385)
	at org.apache.maven.surefire.booter.ForkedBooter.execute(ForkedBooter.java:162)
	at org.apache.maven.surefire.booter.ForkedBooter.run(ForkedBooter.java:507)
	at org.apache.maven.surefire.booter.ForkedBooter.main(ForkedBooter.java:495)
]]>
</failure>
<system-out><![CDATA[
Given User is on login page.................................................passed
When User enters username and password from config file.....................passed
And User clicks on login button.............................................passed
Then User should land on dashboard..........................................passed
And User navigates to client creation page and adds new client..............failed
]]></system-out>
</testcase>
<testcase classname="clientInDetailView" name="Add a new note" time="13.728">
<system-out><![CDATA[
Given User is on login page.................................................passed
When User enters username and password from config file.....................passed
And User clicks on login button.............................................passed
Then User should land on dashboard..........................................passed
When user navigates to clientInDetailView...................................passed
When user navigates to engagement for client................................passed
And user adds a note for client.............................................passed
]]></system-out>
</testcase>
<testcase classname="clientInDetailView" name="Edit the existing note" time="13.389">
<system-out><![CDATA[
Given User is on login page.................................................passed
When User enters username and password from config file.....................passed
And User clicks on login button.............................................passed
Then User should land on dashboard..........................................passed
When user navigates to clientInDetailView...................................passed
When user navigates to engagement for client................................passed
And user edits the note for client..........................................passed
]]></system-out>
</testcase>
<testcase classname="clientInDetailView" name="Delete the note" time="11.478">
<system-out><![CDATA[
Given User is on login page.................................................passed
When User enters username and password from config file.....................passed
And User clicks on login button.............................................passed
Then User should land on dashboard..........................................passed
When user navigates to clientInDetailView...................................passed
When user navigates to engagement for client................................passed
And user deletes the note for client........................................passed
]]></system-out>
</testcase>
<testcase classname="clientInDetailView" name="Upload a new document" time="12.112">
<system-out><![CDATA[
Given User is on login page.................................................passed
When User enters username and password from config file.....................passed
And User clicks on login button.............................................passed
Then User should land on dashboard..........................................passed
When user navigates to clientInDetailView...................................passed
When user navigates to engagement for client................................passed
And user uploads a document for client......................................passed
]]></system-out>
</testcase>
<testcase classname="clientInDetailView" name="Delete the uploaded document" time="11.301">
<system-out><![CDATA[
Given User is on login page.................................................passed
When User enters username and password from config file.....................passed
And User clicks on login button.............................................passed
Then User should land on dashboard..........................................passed
When user navigates to clientInDetailView...................................passed
When user navigates to engagement for client................................passed
And user deletes the document for client....................................passed
]]></system-out>
</testcase>
<testcase classname="Client Edit" name="Navigate to client and edit two fields" time="17.773">
<system-out><![CDATA[
Given User is on login page.................................................passed
When User enters username and password from config file.....................passed
And User clicks on login button.............................................passed
Then User should land on dashboard..........................................passed
When user navigates to first client.........................................passed
And user clicks edit button on client.......................................passed
And user edits two fields of client.........................................passed
And user scrolls and saves client changes...................................passed
]]></system-out>
</testcase>
<testcase classname="Client Search and Filter Functionality" name="Search clients with valid keyword" time="10.741">
<system-out><![CDATA[
Given User is on login page.................................................passed
When User enters username and password from config file.....................passed
And User clicks on login button.............................................passed
Then User should land on dashboard..........................................passed
When User navigates to clients tab..........................................passed
And User searches for a client by valid keyword.............................passed
Then Client search results should be visible................................passed
]]></system-out>
</testcase>
<testcase classname="Client Search and Filter Functionality" name="Search clients with invalid keyword" time="18.872">
<system-out><![CDATA[
Given User is on login page.................................................passed
When User enters username and password from config file.....................passed
And User clicks on login button.............................................passed
Then User should land on dashboard..........................................passed
When User navigates to clients tab..........................................passed
And User searches for a client by invalid keyword...........................passed
Then No client results should be displayed..................................passed
]]></system-out>
</testcase>
<testcase classname="Client Search and Filter Functionality" name="Clear client search to restore list" time="14.968">
<system-out><![CDATA[
Given User is on login page.................................................passed
When User enters username and password from config file.....................passed
And User clicks on login button.............................................passed
Then User should land on dashboard..........................................passed
When User navigates to clients tab..........................................passed
And User searches for a client by valid keyword.............................passed
And User clears the client search...........................................passed
Then Client search results should be visible................................passed
]]></system-out>
</testcase>
<testcase classname="Client Search and Filter Functionality" name="Filter clients by Status" time="8.798">
<system-out><![CDATA[
Given User is on login page.................................................passed
When User enters username and password from config file.....................passed
And User clicks on login button.............................................passed
Then User should land on dashboard..........................................passed
When User navigates to clients tab..........................................passed
And User filters clients by status..........................................passed
Then Filtered client results should match the status filter.................passed
]]></system-out>
</testcase>
<testcase classname="Job Creation" name="Create a new Job" time="37.184">
<system-out><![CDATA[
Given User is on login page.................................................passed
When User enters username and password from config file.....................passed
And User clicks on login button.............................................passed
Then User should land on dashboard..........................................passed
When User navigates to job section and adds a new job.......................passed
]]></system-out>
</testcase>
<testcase classname="Job In Detail View Actions" name="Navigate to job detail view" time="12.097">
<system-out><![CDATA[
Given User is on login page.................................................passed
When User enters username and password from config file.....................passed
And User clicks on login button.............................................passed
When user navigates to job detail view......................................passed
]]></system-out>
</testcase>
<testcase classname="Job In Detail View Actions" name="Create a task in Task Manager" time="32.954">
<system-out><![CDATA[
Given User is on login page.................................................passed
When User enters username and password from config file.....................passed
And User clicks on login button.............................................passed
When user navigates to job detail view......................................passed
When user navigates to engagement tab.......................................passed
And user create a task......................................................passed
]]></system-out>
</testcase>
<testcase classname="Job In Detail View Actions" name="Edit a task in Task Manager" time="71.997">
<failure type="org.openqa.selenium.TimeoutException" message="Expected condition failed: waiting for visibility of element located by By.xpath: /html/body/div[5]/div[2]/div/div[2]/div/div/div/div[2]/div[1] (tried for 25 second(s) with 500 milliseconds interval)
Build info: version: '4.25.0', revision: '8a8aea2337'
System info: os.name: 'Linux', os.arch: 'amd64', os.version: '6.8.0-124-generic', java.version: '17.0.20'
Driver info: org.openqa.selenium.chrome.ChromeDriver
Capabilities {acceptInsecureCerts: false, browserName: chrome, browserVersion: 143.0.7499.40, chrome: {chromedriverVersion: 143.0.7499.192 (be2c1f4fd45..., userDataDir: /tmp/.org.chromium.Chromium...}, fedcm:accounts: true, goog:chromeOptions: {debuggerAddress: localhost:34869}, goog:processID: 4834, networkConnectionEnabled: false, pageLoadStrategy: normal, platformName: linux, proxy: Proxy(), se:cdp: ws://localhost:34869/devtoo..., se:cdpVersion: 143.0.7499.40, setWindowRect: true, strictFileInteractability: false, timeouts: {implicit: 0, pageLoad: 300000, script: 30000}, unhandledPromptBehavior: dismiss and notify, webauthn:extension:credBlob: true, webauthn:extension:largeBlob: true, webauthn:extension:minPinLength: true, webauthn:extension:prf: true, webauthn:virtualAuthenticators: true}
Session ID: 6bbaf1a61a1ec8eda6da69acfcd68bce">
<![CDATA[org.openqa.selenium.TimeoutException: Expected condition failed: waiting for visibility of element located by By.xpath: /html/body/div[5]/div[2]/div/div[2]/div/div/div/div[2]/div[1] (tried for 25 second(s) with 500 milliseconds interval)
Build info: version: '4.25.0', revision: '8a8aea2337'
System info: os.name: 'Linux', os.arch: 'amd64', os.version: '6.8.0-124-generic', java.version: '17.0.20'
Driver info: org.openqa.selenium.chrome.ChromeDriver
Capabilities {acceptInsecureCerts: false, browserName: chrome, browserVersion: 143.0.7499.40, chrome: {chromedriverVersion: 143.0.7499.192 (be2c1f4fd45..., userDataDir: /tmp/.org.chromium.Chromium...}, fedcm:accounts: true, goog:chromeOptions: {debuggerAddress: localhost:34869}, goog:processID: 4834, networkConnectionEnabled: false, pageLoadStrategy: normal, platformName: linux, proxy: Proxy(), se:cdp: ws://localhost:34869/devtoo..., se:cdpVersion: 143.0.7499.40, setWindowRect: true, strictFileInteractability: false, timeouts: {implicit: 0, pageLoad: 300000, script: 30000}, unhandledPromptBehavior: dismiss and notify, webauthn:extension:credBlob: true, webauthn:extension:largeBlob: true, webauthn:extension:minPinLength: true, webauthn:extension:prf: true, webauthn:virtualAuthenticators: true}
Session ID: 6bbaf1a61a1ec8eda6da69acfcd68bce
	at org.openqa.selenium.support.ui.WebDriverWait.timeoutException(WebDriverWait.java:84)
	at org.openqa.selenium.support.ui.FluentWait.until(FluentWait.java:228)
	at com.xats.automation.tests.pages.job.JobInDetailViewPage.editTask(JobInDetailViewPage.java:518)
	at com.xats.automation.tests.stepdefinitions.job.JobSteps.user_edits_the_task(JobSteps.java:114)
	at ?.user edits the task(file:///runner/_work/automation/automation/src/test/resources/features/3.job/09_JobEngagement.feature:29)
]]>
</failure>
<system-out><![CDATA[
Given User is on login page.................................................passed
When User enters username and password from config file.....................passed
And User clicks on login button.............................................passed
When user navigates to job detail view......................................passed
When user navigates to engagement tab.......................................passed
And user edits the task.....................................................failed
]]></system-out>
</testcase>
<testcase classname="Job In Detail View Actions" name="Delete a task in Task Manager" time="74.381">
<system-out><![CDATA[
Given User is on login page.................................................passed
When User enters username and password from config file.....................passed
And User clicks on login button.............................................passed
When user navigates to job detail view......................................passed
When user navigates to engagement tab.......................................passed
And user deletes the task...................................................passed
]]></system-out>
</testcase>
<testcase classname="Job In Detail View Actions" name="Create notes" time="23.191">
<system-out><![CDATA[
Given User is on login page.................................................passed
When User enters username and password from config file.....................passed
And User clicks on login button.............................................passed
When user navigates to job detail view......................................passed
When user navigates to engagement tab.......................................passed
And user adds a note........................................................passed
]]></system-out>
</testcase>
<testcase classname="Job In Detail View Actions" name="Note edit" time="34.567">
<system-out><![CDATA[
Given User is on login page.................................................passed
When User enters username and password from config file.....................passed
And User clicks on login button.............................................passed
When user navigates to job detail view......................................passed
When user navigates to engagement tab.......................................passed
And user edits the note.....................................................passed
]]></system-out>
</testcase>
<testcase classname="Job In Detail View Actions" name="User delete the note" time="19.661">
<system-out><![CDATA[
Given User is on login page.................................................passed
When User enters username and password from config file.....................passed
And User clicks on login button.............................................passed
When user navigates to job detail view......................................passed
When user navigates to engagement tab.......................................passed
And user deletes the note...................................................passed
]]></system-out>
</testcase>
<testcase classname="Job In Detail View Actions" name="Upload documents" time="21.84">
<system-out><![CDATA[
Given User is on login page.................................................passed
When User enters username and password from config file.....................passed
And User clicks on login button.............................................passed
When user navigates to job detail view......................................passed
When user navigates to engagement tab.......................................passed
And user uploads a document.................................................passed
]]></system-out>
</testcase>
<testcase classname="Job In Detail View Actions" name="Delete document" time="20.37">
<system-out><![CDATA[
Given User is on login page.................................................passed
When User enters username and password from config file.....................passed
And User clicks on login button.............................................passed
When user navigates to job detail view......................................passed
When user navigates to engagement tab.......................................passed
And user deletes the document...............................................passed
]]></system-out>
</testcase>
<testcase classname="Job Edit" name="Navigate to job and edit two fields" time="24.527">
<system-out><![CDATA[
Given User is on login page.................................................passed
When User enters username and password from config file.....................passed
And User clicks on login button.............................................passed
Then User should land on dashboard..........................................passed
When user navigates to first job............................................passed
And user clicks edit button on job..........................................passed
And user edits two fields of job............................................passed
And user scrolls and saves job changes......................................passed
]]></system-out>
</testcase>
<testcase classname="Job Bulk Upload" name="Upload a CSV file with 2 jobs and verify they are created" time="20.914">
<failure type="java.lang.AssertionError" message="❌ Expected 2 created, but got: 0. Banner: [Upload complete: 0 created, 2 skipped, 0 failed.]">
<![CDATA[java.lang.AssertionError: ? Expected 2 created, but got: 0. Banner: [Upload complete: 0 created, 2 skipped, 0 failed.]
	at com.xats.automation.tests.pages.job.JobBulkUploadPage.waitForUploadAndVerifyCreated(JobBulkUploadPage.java:316)
	at com.xats.automation.tests.stepdefinitions.job.JobBulkUploadSteps.upload_should_complete_with_jobs_created(JobBulkUploadSteps.java:34)
	at ?.Upload should complete with 2 jobs created(file:///runner/_work/automation/automation/src/test/resources/features/3.job/22_JobBulkUpload.feature:13)
]]>
</failure>
<system-out><![CDATA[
Given User is on login page.................................................passed
When User enters username and password from config file.....................passed
And User clicks on login button.............................................passed
Then User should land on dashboard..........................................passed
When User navigates to Settings and opens Job Bulk Upload page..............passed
And User uploads a job CSV file.............................................passed
And User clicks the Upload button for bulk jobs.............................passed
Then Upload should complete with 2 jobs created.............................failed
]]></system-out>
</testcase>
<testcase classname="Job Bulk Upload" name="Navigate to jobs and delete multiple jobs" time="12.198">
<system-out><![CDATA[
Given User is on login page.................................................passed
When User enters username and password from config file.....................passed
And User clicks on login button.............................................passed
Then User should land on dashboard..........................................passed
When User navigates to Jobs page............................................passed
And User selects the first two jobs from the list...........................passed
And User clicks the Delete Job button.......................................passed
And User confirms the deletion of selected jobs.............................passed
Then A toast message confirming job deletion should be displayed............passed
]]></system-out>
</testcase>
<testcase classname="Job Search and Filter Functionality" name="Search jobs with valid keyword" time="10.464">
<system-out><![CDATA[
Given User is on login page.................................................passed
When User enters username and password from config file.....................passed
And User clicks on login button.............................................passed
Then User should land on dashboard..........................................passed
When User navigates to jobs tab.............................................passed
And User searches for a job by valid keyword................................passed
Then Job search results should be visible...................................passed
]]></system-out>
</testcase>
<testcase classname="Job Search and Filter Functionality" name="Search jobs with invalid keyword" time="19.778">
<system-out><![CDATA[
Given User is on login page.................................................passed
When User enters username and password from config file.....................passed
And User clicks on login button.............................................passed
Then User should land on dashboard..........................................passed
When User navigates to jobs tab.............................................passed
And User searches for a job by invalid keyword..............................passed
Then No job results should be displayed.....................................passed
]]></system-out>
</testcase>
<testcase classname="Job Search and Filter Functionality" name="Clear job search to restore list" time="14.491">
<system-out><![CDATA[
Given User is on login page.................................................passed
When User enters username and password from config file.....................passed
And User clicks on login button.............................................passed
Then User should land on dashboard..........................................passed
When User navigates to jobs tab.............................................passed
And User searches for a job by valid keyword................................passed
And User clears the job search..............................................passed
Then Job search results should be visible...................................passed
]]></system-out>
</testcase>
<testcase classname="Job Search and Filter Functionality" name="Filter jobs by Status" time="9.862">
<system-out><![CDATA[
Given User is on login page.................................................passed
When User enters username and password from config file.....................passed
And User clicks on login button.............................................passed
Then User should land on dashboard..........................................passed
When User navigates to jobs tab.............................................passed
And User filters jobs by status.............................................passed
Then Filtered job results should match the status filter....................passed
]]></system-out>
</testcase>
<testcase classname="Job Search and Filter Functionality" name="Filter jobs by Priority" time="21.478">
<system-out><![CDATA[
Given User is on login page.................................................passed
When User enters username and password from config file.....................passed
And User clicks on login button.............................................passed
Then User should land on dashboard..........................................passed
When User navigates to jobs tab.............................................passed
And User filters jobs by priority...........................................passed
Then Filtered job results should match the priority filter..................passed
]]></system-out>
</testcase>
<testcase classname="Candidate Creation" name="Create a new candidate using the quick modal" time="15.7">
<system-out><![CDATA[
Given User is on login page.................................................passed
When User enters username and password from config file.....................passed
And User clicks on login button.............................................passed
Then User creates a new candidate via quick modal...........................passed
Then New candidate should be created successfully...........................passed
]]></system-out>
</testcase>
<testcase classname="candidateInDetailView" name="Create a Task" time="19.49">
<system-out><![CDATA[
Given User is on login page.................................................passed
When User enters username and password from config file.....................passed
And User clicks on login button.............................................passed
Then User should land on dashboard..........................................passed
When user navigates to candidateInDetailView................................passed
When user navigates to engagement...........................................passed
When user create a task for can.............................................passed
]]></system-out>
</testcase>
<testcase classname="candidateInDetailView" name="Edit a Task" time="23.157">
<system-out><![CDATA[
Given User is on login page.................................................passed
When User enters username and password from config file.....................passed
And User clicks on login button.............................................passed
Then User should land on dashboard..........................................passed
When user navigates to candidateInDetailView................................passed
When user navigates to engagement...........................................passed
And user edits the task for can.............................................passed
]]></system-out>
</testcase>
<testcase classname="candidateInDetailView" name="Delete the task" time="12.608">
<system-out><![CDATA[
Given User is on login page.................................................passed
When User enters username and password from config file.....................passed
And User clicks on login button.............................................passed
Then User should land on dashboard..........................................passed
When user navigates to candidateInDetailView................................passed
When user navigates to engagement...........................................passed
And user deletes the task for can...........................................passed
]]></system-out>
</testcase>
<testcase classname="candidateInDetailView" name="Add a new note" time="14.703">
<system-out><![CDATA[
Given User is on login page.................................................passed
When User enters username and password from config file.....................passed
And User clicks on login button.............................................passed
Then User should land on dashboard..........................................passed
When user navigates to candidateInDetailView................................passed
When user navigates to engagement...........................................passed
And user adds a note for can................................................passed
]]></system-out>
</testcase>
<testcase classname="candidateInDetailView" name="Edit the existing note" time="20.34">
<system-out><![CDATA[
Given User is on login page.................................................passed
When User enters username and password from config file.....................passed
And User clicks on login button.............................................passed
Then User should land on dashboard..........................................passed
When user navigates to candidateInDetailView................................passed
When user navigates to engagement...........................................passed
And user edits the note for can.............................................passed
]]></system-out>
</testcase>
<testcase classname="candidateInDetailView" name="Delete the note" time="10.943">
<system-out><![CDATA[
Given User is on login page.................................................passed
When User enters username and password from config file.....................passed
And User clicks on login button.............................................passed
Then User should land on dashboard..........................................passed
When user navigates to candidateInDetailView................................passed
When user navigates to engagement...........................................passed
And user deletes the note for can...........................................passed
]]></system-out>
</testcase>
<testcase classname="candidateInDetailView" name="Upload a new document" time="10.944">
<system-out><![CDATA[
Given User is on login page.................................................passed
When User enters username and password from config file.....................passed
And User clicks on login button.............................................passed
Then User should land on dashboard..........................................passed
When user navigates to candidateInDetailView................................passed
When user navigates to engagement...........................................passed
And user uploads a document for can.........................................passed
]]></system-out>
</testcase>
<testcase classname="candidateInDetailView" name="Delete the uploaded document" time="11.298">
<system-out><![CDATA[
Given User is on login page.................................................passed
When User enters username and password from config file.....................passed
And User clicks on login button.............................................passed
Then User should land on dashboard..........................................passed
When user navigates to candidateInDetailView................................passed
When user navigates to engagement...........................................passed
And user deletes the document for can.......................................passed
]]></system-out>
</testcase>
<testcase classname="candidateInDetailView" name="Create a Call Log" time="21.065">
<system-out><![CDATA[
Given User is on login page.................................................passed
When User enters username and password from config file.....................passed
And User clicks on login button.............................................passed
Then User should land on dashboard..........................................passed
When user navigates to candidateInDetailView................................passed
When User adds a call logs..................................................passed
]]></system-out>
</testcase>
<testcase classname="Candidate Edit" name="Navigate to candidate and edit two fields" time="24.31">
<system-out><![CDATA[
Given User is on login page.................................................passed
When User enters username and password from config file.....................passed
And User clicks on login button.............................................passed
Then User should land on dashboard..........................................passed
When user navigates to first candidate......................................passed
And user clicks edit button on candidate....................................passed
And user edits two fields of candidate......................................passed
And user scrolls and saves candidate changes................................passed
]]></system-out>
</testcase>
<testcase classname="Candidate Submission Flow" name="Submit a candidate to a job from the three-dot menu" time="28.901">
<failure type="java.lang.AssertionError" message="❌ Unexpected toast message: Error
All candidates have already applied to this job">
<![CDATA[java.lang.AssertionError: ? Unexpected toast message: Error
All candidates have already applied to this job
	at com.xats.automation.tests.pages.candidate.SubmitCandidatePage.validateSuccessToast(SubmitCandidatePage.java:510)
	at com.xats.automation.tests.pages.candidate.SubmitCandidatePage.completeFinalSubmission(SubmitCandidatePage.java:162)
	at com.xats.automation.tests.stepdefinitions.candidate.CandidateSteps.completeSubmission(CandidateSteps.java:160)
	at ?.user completes the final submission(file:///runner/_work/automation/automation/src/test/resources/features/4.candidate/14_SubmitCandidate.feature:15)
]]>
</failure>
<system-out><![CDATA[
Given User is on login page.................................................passed
When User enters username and password from config file.....................passed
And User clicks on login button.............................................passed
When user navigates to submit candidate from job three dots.................passed
And user selects a candidate and clicks next................................passed
And user fills the candidate submission form................................passed
Then user completes the final submission....................................failed
]]></system-out>
</testcase>
<testcase classname="Candidate Submission Flow" name="Edit Submission Metadata" time="31.938">
<failure type="org.openqa.selenium.TimeoutException" message="Expected condition failed: waiting for element to be clickable: By.xpath: //table//tbody//tr[1]//td//a[not(contains(@class, 'hidden'))] (tried for 10 second(s) with 500 milliseconds interval)
Build info: version: '4.25.0', revision: '8a8aea2337'
System info: os.name: 'Linux', os.arch: 'amd64', os.version: '6.8.0-124-generic', java.version: '17.0.20'
Driver info: org.openqa.selenium.chrome.ChromeDriver
Capabilities {acceptInsecureCerts: false, browserName: chrome, browserVersion: 143.0.7499.40, chrome: {chromedriverVersion: 143.0.7499.192 (be2c1f4fd45..., userDataDir: /tmp/.org.chromium.Chromium...}, fedcm:accounts: true, goog:chromeOptions: {debuggerAddress: localhost:33143}, goog:processID: 11637, networkConnectionEnabled: false, pageLoadStrategy: normal, platformName: linux, proxy: Proxy(), se:cdp: ws://localhost:33143/devtoo..., se:cdpVersion: 143.0.7499.40, setWindowRect: true, strictFileInteractability: false, timeouts: {implicit: 0, pageLoad: 300000, script: 30000}, unhandledPromptBehavior: dismiss and notify, webauthn:extension:credBlob: true, webauthn:extension:largeBlob: true, webauthn:extension:minPinLength: true, webauthn:extension:prf: true, webauthn:virtualAuthenticators: true}
Session ID: dde510082683d506ab0c882b93c17086">
<![CDATA[org.openqa.selenium.TimeoutException: Expected condition failed: waiting for element to be clickable: By.xpath: //table//tbody//tr[1]//td//a[not(contains(@class, 'hidden'))] (tried for 10 second(s) with 500 milliseconds interval)
Build info: version: '4.25.0', revision: '8a8aea2337'
System info: os.name: 'Linux', os.arch: 'amd64', os.version: '6.8.0-124-generic', java.version: '17.0.20'
Driver info: org.openqa.selenium.chrome.ChromeDriver
Capabilities {acceptInsecureCerts: false, browserName: chrome, browserVersion: 143.0.7499.40, chrome: {chromedriverVersion: 143.0.7499.192 (be2c1f4fd45..., userDataDir: /tmp/.org.chromium.Chromium...}, fedcm:accounts: true, goog:chromeOptions: {debuggerAddress: localhost:33143}, goog:processID: 11637, networkConnectionEnabled: false, pageLoadStrategy: normal, platformName: linux, proxy: Proxy(), se:cdp: ws://localhost:33143/devtoo..., se:cdpVersion: 143.0.7499.40, setWindowRect: true, strictFileInteractability: false, timeouts: {implicit: 0, pageLoad: 300000, script: 30000}, unhandledPromptBehavior: dismiss and notify, webauthn:extension:credBlob: true, webauthn:extension:largeBlob: true, webauthn:extension:minPinLength: true, webauthn:extension:prf: true, webauthn:virtualAuthenticators: true}
Session ID: dde510082683d506ab0c882b93c17086
	at org.openqa.selenium.support.ui.WebDriverWait.timeoutException(WebDriverWait.java:84)
	at org.openqa.selenium.support.ui.FluentWait.until(FluentWait.java:228)
	at com.xats.automation.tests.pages.candidate.SubmissionEngagementPage.click(SubmissionEngagementPage.java:65)
	at com.xats.automation.tests.pages.candidate.SubmissionEngagementPage.navigateToSubmissionPage(SubmissionEngagementPage.java:82)
	at com.xats.automation.tests.stepdefinitions.candidate.SubmissionEngagementSteps.navigateToSubmissionPageAlias1(SubmissionEngagementSteps.java:14)
	at ?.user navigates to submissionPage(file:///runner/_work/automation/automation/src/test/resources/features/4.candidate/14_SubmitCandidate.feature:20)
]]>
</failure>
<system-out><![CDATA[
Given User is on login page.................................................passed
When User enters username and password from config file.....................passed
And User clicks on login button.............................................passed
When user navigates to job detail view......................................passed
When user navigates to submissionPage.......................................failed
And user edits the submission metadata expected ctc.........................skipped
]]></system-out>
</testcase>
<testcase classname="Submission page" name="Navigate to submission page" time="32.195">
<failure type="org.openqa.selenium.TimeoutException" message="Expected condition failed: waiting for element to be clickable: By.xpath: //table//tbody//tr[1]//td//a[not(contains(@class, 'hidden'))] (tried for 10 second(s) with 500 milliseconds interval)
Build info: version: '4.25.0', revision: '8a8aea2337'
System info: os.name: 'Linux', os.arch: 'amd64', os.version: '6.8.0-124-generic', java.version: '17.0.20'
Driver info: org.openqa.selenium.chrome.ChromeDriver
Capabilities {acceptInsecureCerts: false, browserName: chrome, browserVersion: 143.0.7499.40, chrome: {chromedriverVersion: 143.0.7499.192 (be2c1f4fd45..., userDataDir: /tmp/.org.chromium.Chromium...}, fedcm:accounts: true, goog:chromeOptions: {debuggerAddress: localhost:43983}, goog:processID: 11895, networkConnectionEnabled: false, pageLoadStrategy: normal, platformName: linux, proxy: Proxy(), se:cdp: ws://localhost:43983/devtoo..., se:cdpVersion: 143.0.7499.40, setWindowRect: true, strictFileInteractability: false, timeouts: {implicit: 0, pageLoad: 300000, script: 30000}, unhandledPromptBehavior: dismiss and notify, webauthn:extension:credBlob: true, webauthn:extension:largeBlob: true, webauthn:extension:minPinLength: true, webauthn:extension:prf: true, webauthn:virtualAuthenticators: true}
Session ID: cc6d823f677e6cc1b134a84ca305f926">
<![CDATA[org.openqa.selenium.TimeoutException: Expected condition failed: waiting for element to be clickable: By.xpath: //table//tbody//tr[1]//td//a[not(contains(@class, 'hidden'))] (tried for 10 second(s) with 500 milliseconds interval)
Build info: version: '4.25.0', revision: '8a8aea2337'
System info: os.name: 'Linux', os.arch: 'amd64', os.version: '6.8.0-124-generic', java.version: '17.0.20'
Driver info: org.openqa.selenium.chrome.ChromeDriver
Capabilities {acceptInsecureCerts: false, browserName: chrome, browserVersion: 143.0.7499.40, chrome: {chromedriverVersion: 143.0.7499.192 (be2c1f4fd45..., userDataDir: /tmp/.org.chromium.Chromium...}, fedcm:accounts: true, goog:chromeOptions: {debuggerAddress: localhost:43983}, goog:processID: 11895, networkConnectionEnabled: false, pageLoadStrategy: normal, platformName: linux, proxy: Proxy(), se:cdp: ws://localhost:43983/devtoo..., se:cdpVersion: 143.0.7499.40, setWindowRect: true, strictFileInteractability: false, timeouts: {implicit: 0, pageLoad: 300000, script: 30000}, unhandledPromptBehavior: dismiss and notify, webauthn:extension:credBlob: true, webauthn:extension:largeBlob: true, webauthn:extension:minPinLength: true, webauthn:extension:prf: true, webauthn:virtualAuthenticators: true}
Session ID: cc6d823f677e6cc1b134a84ca305f926
	at org.openqa.selenium.support.ui.WebDriverWait.timeoutException(WebDriverWait.java:84)
	at org.openqa.selenium.support.ui.FluentWait.until(FluentWait.java:228)
	at com.xats.automation.tests.pages.candidate.SubmissionEngagementPage.click(SubmissionEngagementPage.java:65)
	at com.xats.automation.tests.pages.candidate.SubmissionEngagementPage.navigateToSubmissionPage(SubmissionEngagementPage.java:82)
	at com.xats.automation.tests.stepdefinitions.candidate.SubmissionEngagementSteps.navigateToSubmissionPageAlias1(SubmissionEngagementSteps.java:14)
	at ?.user navigates to submissionPage(file:///runner/_work/automation/automation/src/test/resources/features/4.candidate/15_CandidateSubmission.feature:12)
]]>
</failure>
<system-out><![CDATA[
Given User is on login page.................................................passed
When User enters username and password from config file.....................passed
And User clicks on login button.............................................passed
When user navigates to job detail view......................................passed
When user navigates to submissionPage.......................................failed
]]></system-out>
</testcase>
<testcase classname="Submission page" name="Create a Task" time="32.001">
<failure type="org.openqa.selenium.TimeoutException" message="Expected condition failed: waiting for element to be clickable: By.xpath: //table//tbody//tr[1]//td//a[not(contains(@class, 'hidden'))] (tried for 10 second(s) with 500 milliseconds interval)
Build info: version: '4.25.0', revision: '8a8aea2337'
System info: os.name: 'Linux', os.arch: 'amd64', os.version: '6.8.0-124-generic', java.version: '17.0.20'
Driver info: org.openqa.selenium.chrome.ChromeDriver
Capabilities {acceptInsecureCerts: false, browserName: chrome, browserVersion: 143.0.7499.40, chrome: {chromedriverVersion: 143.0.7499.192 (be2c1f4fd45..., userDataDir: /tmp/.org.chromium.Chromium...}, fedcm:accounts: true, goog:chromeOptions: {debuggerAddress: localhost:42901}, goog:processID: 12153, networkConnectionEnabled: false, pageLoadStrategy: normal, platformName: linux, proxy: Proxy(), se:cdp: ws://localhost:42901/devtoo..., se:cdpVersion: 143.0.7499.40, setWindowRect: true, strictFileInteractability: false, timeouts: {implicit: 0, pageLoad: 300000, script: 30000}, unhandledPromptBehavior: dismiss and notify, webauthn:extension:credBlob: true, webauthn:extension:largeBlob: true, webauthn:extension:minPinLength: true, webauthn:extension:prf: true, webauthn:virtualAuthenticators: true}
Session ID: 02a876b762245a061f64f0727d732813">
<![CDATA[org.openqa.selenium.TimeoutException: Expected condition failed: waiting for element to be clickable: By.xpath: //table//tbody//tr[1]//td//a[not(contains(@class, 'hidden'))] (tried for 10 second(s) with 500 milliseconds interval)
Build info: version: '4.25.0', revision: '8a8aea2337'
System info: os.name: 'Linux', os.arch: 'amd64', os.version: '6.8.0-124-generic', java.version: '17.0.20'
Driver info: org.openqa.selenium.chrome.ChromeDriver
Capabilities {acceptInsecureCerts: false, browserName: chrome, browserVersion: 143.0.7499.40, chrome: {chromedriverVersion: 143.0.7499.192 (be2c1f4fd45..., userDataDir: /tmp/.org.chromium.Chromium...}, fedcm:accounts: true, goog:chromeOptions: {debuggerAddress: localhost:42901}, goog:processID: 12153, networkConnectionEnabled: false, pageLoadStrategy: normal, platformName: linux, proxy: Proxy(), se:cdp: ws://localhost:42901/devtoo..., se:cdpVersion: 143.0.7499.40, setWindowRect: true, strictFileInteractability: false, timeouts: {implicit: 0, pageLoad: 300000, script: 30000}, unhandledPromptBehavior: dismiss and notify, webauthn:extension:credBlob: true, webauthn:extension:largeBlob: true, webauthn:extension:minPinLength: true, webauthn:extension:prf: true, webauthn:virtualAuthenticators: true}
Session ID: 02a876b762245a061f64f0727d732813
	at org.openqa.selenium.support.ui.WebDriverWait.timeoutException(WebDriverWait.java:84)
	at org.openqa.selenium.support.ui.FluentWait.until(FluentWait.java:228)
	at com.xats.automation.tests.pages.candidate.SubmissionEngagementPage.click(SubmissionEngagementPage.java:65)
	at com.xats.automation.tests.pages.candidate.SubmissionEngagementPage.navigateToSubmissionPage(SubmissionEngagementPage.java:82)
	at com.xats.automation.tests.stepdefinitions.candidate.SubmissionEngagementSteps.navigateToSubmissionPageAlias2(SubmissionEngagementSteps.java:19)
	at ?.user navigates submission page(file:///runner/_work/automation/automation/src/test/resources/features/4.candidate/15_CandidateSubmission.feature:18)
]]>
</failure>
<system-out><![CDATA[
Given User is on login page.................................................passed
When User enters username and password from config file.....................passed
And User clicks on login button.............................................passed
When user navigates to job detail view......................................passed
When user navigates submission page.........................................failed
And user navigates to submission engagement tab.............................skipped
When user create a task in submission.......................................skipped
]]></system-out>
</testcase>
<testcase classname="Submission page" name="Edit a Task in submission" time="32.207">
<failure type="org.openqa.selenium.TimeoutException" message="Expected condition failed: waiting for element to be clickable: By.xpath: //table//tbody//tr[1]//td//a[not(contains(@class, 'hidden'))] (tried for 10 second(s) with 500 milliseconds interval)
Build info: version: '4.25.0', revision: '8a8aea2337'
System info: os.name: 'Linux', os.arch: 'amd64', os.version: '6.8.0-124-generic', java.version: '17.0.20'
Driver info: org.openqa.selenium.chrome.ChromeDriver
Capabilities {acceptInsecureCerts: false, browserName: chrome, browserVersion: 143.0.7499.40, chrome: {chromedriverVersion: 143.0.7499.192 (be2c1f4fd45..., userDataDir: /tmp/.org.chromium.Chromium...}, fedcm:accounts: true, goog:chromeOptions: {debuggerAddress: localhost:39757}, goog:processID: 12413, networkConnectionEnabled: false, pageLoadStrategy: normal, platformName: linux, proxy: Proxy(), se:cdp: ws://localhost:39757/devtoo..., se:cdpVersion: 143.0.7499.40, setWindowRect: true, strictFileInteractability: false, timeouts: {implicit: 0, pageLoad: 300000, script: 30000}, unhandledPromptBehavior: dismiss and notify, webauthn:extension:credBlob: true, webauthn:extension:largeBlob: true, webauthn:extension:minPinLength: true, webauthn:extension:prf: true, webauthn:virtualAuthenticators: true}
Session ID: e53e46451553ba1f740b81a4e884ed98">
<![CDATA[org.openqa.selenium.TimeoutException: Expected condition failed: waiting for element to be clickable: By.xpath: //table//tbody//tr[1]//td//a[not(contains(@class, 'hidden'))] (tried for 10 second(s) with 500 milliseconds interval)
Build info: version: '4.25.0', revision: '8a8aea2337'
System info: os.name: 'Linux', os.arch: 'amd64', os.version: '6.8.0-124-generic', java.version: '17.0.20'
Driver info: org.openqa.selenium.chrome.ChromeDriver
Capabilities {acceptInsecureCerts: false, browserName: chrome, browserVersion: 143.0.7499.40, chrome: {chromedriverVersion: 143.0.7499.192 (be2c1f4fd45..., userDataDir: /tmp/.org.chromium.Chromium...}, fedcm:accounts: true, goog:chromeOptions: {debuggerAddress: localhost:39757}, goog:processID: 12413, networkConnectionEnabled: false, pageLoadStrategy: normal, platformName: linux, proxy: Proxy(), se:cdp: ws://localhost:39757/devtoo..., se:cdpVersion: 143.0.7499.40, setWindowRect: true, strictFileInteractability: false, timeouts: {implicit: 0, pageLoad: 300000, script: 30000}, unhandledPromptBehavior: dismiss and notify, webauthn:extension:credBlob: true, webauthn:extension:largeBlob: true, webauthn:extension:minPinLength: true, webauthn:extension:prf: true, webauthn:virtualAuthenticators: true}
Session ID: e53e46451553ba1f740b81a4e884ed98
	at org.openqa.selenium.support.ui.WebDriverWait.timeoutException(WebDriverWait.java:84)
	at org.openqa.selenium.support.ui.FluentWait.until(FluentWait.java:228)
	at com.xats.automation.tests.pages.candidate.SubmissionEngagementPage.click(SubmissionEngagementPage.java:65)
	at com.xats.automation.tests.pages.candidate.SubmissionEngagementPage.navigateToSubmissionPage(SubmissionEngagementPage.java:82)
	at com.xats.automation.tests.stepdefinitions.candidate.SubmissionEngagementSteps.navigateToSubmissionPageAlias2(SubmissionEngagementSteps.java:19)
	at ?.user navigates submission page(file:///runner/_work/automation/automation/src/test/resources/features/4.candidate/15_CandidateSubmission.feature:25)
]]>
</failure>
<system-out><![CDATA[
Given User is on login page.................................................passed
When User enters username and password from config file.....................passed
And User clicks on login button.............................................passed
When user navigates to job detail view......................................passed
When user navigates submission page.........................................failed
And user navigates to submission engagement tab.............................skipped
And user edits the task in submission.......................................skipped
]]></system-out>
</testcase>
<testcase classname="Submission page" name="Delete the task in submission" time="32.059">
<failure type="org.openqa.selenium.TimeoutException" message="Expected condition failed: waiting for element to be clickable: By.xpath: //table//tbody//tr[1]//td//a[not(contains(@class, 'hidden'))] (tried for 10 second(s) with 500 milliseconds interval)
Build info: version: '4.25.0', revision: '8a8aea2337'
System info: os.name: 'Linux', os.arch: 'amd64', os.version: '6.8.0-124-generic', java.version: '17.0.20'
Driver info: org.openqa.selenium.chrome.ChromeDriver
Capabilities {acceptInsecureCerts: false, browserName: chrome, browserVersion: 143.0.7499.40, chrome: {chromedriverVersion: 143.0.7499.192 (be2c1f4fd45..., userDataDir: /tmp/.org.chromium.Chromium...}, fedcm:accounts: true, goog:chromeOptions: {debuggerAddress: localhost:33961}, goog:processID: 12673, networkConnectionEnabled: false, pageLoadStrategy: normal, platformName: linux, proxy: Proxy(), se:cdp: ws://localhost:33961/devtoo..., se:cdpVersion: 143.0.7499.40, setWindowRect: true, strictFileInteractability: false, timeouts: {implicit: 0, pageLoad: 300000, script: 30000}, unhandledPromptBehavior: dismiss and notify, webauthn:extension:credBlob: true, webauthn:extension:largeBlob: true, webauthn:extension:minPinLength: true, webauthn:extension:prf: true, webauthn:virtualAuthenticators: true}
Session ID: a23b51e31d60619f6ce77cc7785e0b46">
<![CDATA[org.openqa.selenium.TimeoutException: Expected condition failed: waiting for element to be clickable: By.xpath: //table//tbody//tr[1]//td//a[not(contains(@class, 'hidden'))] (tried for 10 second(s) with 500 milliseconds interval)
Build info: version: '4.25.0', revision: '8a8aea2337'
System info: os.name: 'Linux', os.arch: 'amd64', os.version: '6.8.0-124-generic', java.version: '17.0.20'
Driver info: org.openqa.selenium.chrome.ChromeDriver
Capabilities {acceptInsecureCerts: false, browserName: chrome, browserVersion: 143.0.7499.40, chrome: {chromedriverVersion: 143.0.7499.192 (be2c1f4fd45..., userDataDir: /tmp/.org.chromium.Chromium...}, fedcm:accounts: true, goog:chromeOptions: {debuggerAddress: localhost:33961}, goog:processID: 12673, networkConnectionEnabled: false, pageLoadStrategy: normal, platformName: linux, proxy: Proxy(), se:cdp: ws://localhost:33961/devtoo..., se:cdpVersion: 143.0.7499.40, setWindowRect: true, strictFileInteractability: false, timeouts: {implicit: 0, pageLoad: 300000, script: 30000}, unhandledPromptBehavior: dismiss and notify, webauthn:extension:credBlob: true, webauthn:extension:largeBlob: true, webauthn:extension:minPinLength: true, webauthn:extension:prf: true, webauthn:virtualAuthenticators: true}
Session ID: a23b51e31d60619f6ce77cc7785e0b46
	at org.openqa.selenium.support.ui.WebDriverWait.timeoutException(WebDriverWait.java:84)
	at org.openqa.selenium.support.ui.FluentWait.until(FluentWait.java:228)
	at com.xats.automation.tests.pages.candidate.SubmissionEngagementPage.click(SubmissionEngagementPage.java:65)
	at com.xats.automation.tests.pages.candidate.SubmissionEngagementPage.navigateToSubmissionPage(SubmissionEngagementPage.java:82)
	at com.xats.automation.tests.stepdefinitions.candidate.SubmissionEngagementSteps.navigateToSubmissionPageAlias2(SubmissionEngagementSteps.java:19)
	at ?.user navigates submission page(file:///runner/_work/automation/automation/src/test/resources/features/4.candidate/15_CandidateSubmission.feature:32)
]]>
</failure>
<system-out><![CDATA[
Given User is on login page.................................................passed
When User enters username and password from config file.....................passed
And User clicks on login button.............................................passed
When user navigates to job detail view......................................passed
When user navigates submission page.........................................failed
And user navigates to submission engagement tab.............................skipped
And user deletes the task in submission.....................................skipped
]]></system-out>
</testcase>
<testcase classname="Submission page" name="Add a new note" time="31.861">
<failure type="org.openqa.selenium.TimeoutException" message="Expected condition failed: waiting for element to be clickable: By.xpath: //table//tbody//tr[1]//td//a[not(contains(@class, 'hidden'))] (tried for 10 second(s) with 500 milliseconds interval)
Build info: version: '4.25.0', revision: '8a8aea2337'
System info: os.name: 'Linux', os.arch: 'amd64', os.version: '6.8.0-124-generic', java.version: '17.0.20'
Driver info: org.openqa.selenium.chrome.ChromeDriver
Capabilities {acceptInsecureCerts: false, browserName: chrome, browserVersion: 143.0.7499.40, chrome: {chromedriverVersion: 143.0.7499.192 (be2c1f4fd45..., userDataDir: /tmp/.org.chromium.Chromium...}, fedcm:accounts: true, goog:chromeOptions: {debuggerAddress: localhost:32823}, goog:processID: 12932, networkConnectionEnabled: false, pageLoadStrategy: normal, platformName: linux, proxy: Proxy(), se:cdp: ws://localhost:32823/devtoo..., se:cdpVersion: 143.0.7499.40, setWindowRect: true, strictFileInteractability: false, timeouts: {implicit: 0, pageLoad: 300000, script: 30000}, unhandledPromptBehavior: dismiss and notify, webauthn:extension:credBlob: true, webauthn:extension:largeBlob: true, webauthn:extension:minPinLength: true, webauthn:extension:prf: true, webauthn:virtualAuthenticators: true}
Session ID: 59541bfc8402ea040a6ff841ff2b189a">
<![CDATA[org.openqa.selenium.TimeoutException: Expected condition failed: waiting for element to be clickable: By.xpath: //table//tbody//tr[1]//td//a[not(contains(@class, 'hidden'))] (tried for 10 second(s) with 500 milliseconds interval)
Build info: version: '4.25.0', revision: '8a8aea2337'
System info: os.name: 'Linux', os.arch: 'amd64', os.version: '6.8.0-124-generic', java.version: '17.0.20'
Driver info: org.openqa.selenium.chrome.ChromeDriver
Capabilities {acceptInsecureCerts: false, browserName: chrome, browserVersion: 143.0.7499.40, chrome: {chromedriverVersion: 143.0.7499.192 (be2c1f4fd45..., userDataDir: /tmp/.org.chromium.Chromium...}, fedcm:accounts: true, goog:chromeOptions: {debuggerAddress: localhost:32823}, goog:processID: 12932, networkConnectionEnabled: false, pageLoadStrategy: normal, platformName: linux, proxy: Proxy(), se:cdp: ws://localhost:32823/devtoo..., se:cdpVersion: 143.0.7499.40, setWindowRect: true, strictFileInteractability: false, timeouts: {implicit: 0, pageLoad: 300000, script: 30000}, unhandledPromptBehavior: dismiss and notify, webauthn:extension:credBlob: true, webauthn:extension:largeBlob: true, webauthn:extension:minPinLength: true, webauthn:extension:prf: true, webauthn:virtualAuthenticators: true}
Session ID: 59541bfc8402ea040a6ff841ff2b189a
	at org.openqa.selenium.support.ui.WebDriverWait.timeoutException(WebDriverWait.java:84)
	at org.openqa.selenium.support.ui.FluentWait.until(FluentWait.java:228)
	at com.xats.automation.tests.pages.candidate.SubmissionEngagementPage.click(SubmissionEngagementPage.java:65)
	at com.xats.automation.tests.pages.candidate.SubmissionEngagementPage.navigateToSubmissionPage(SubmissionEngagementPage.java:82)
	at com.xats.automation.tests.stepdefinitions.candidate.SubmissionEngagementSteps.navigateToSubmissionPageAlias2(SubmissionEngagementSteps.java:19)
	at ?.user navigates submission page(file:///runner/_work/automation/automation/src/test/resources/features/4.candidate/15_CandidateSubmission.feature:39)
]]>
</failure>
<system-out><![CDATA[
Given User is on login page.................................................passed
When User enters username and password from config file.....................passed
And User clicks on login button.............................................passed
When user navigates to job detail view......................................passed
When user navigates submission page.........................................failed
And user navigates to submission engagement tab.............................skipped
And user adds a note in submission..........................................skipped
]]></system-out>
</testcase>
<testcase classname="Submission page" name="Edit the existing note" time="32.453">
<failure type="org.openqa.selenium.TimeoutException" message="Expected condition failed: waiting for element to be clickable: By.xpath: //table//tbody//tr[1]//td//a[not(contains(@class, 'hidden'))] (tried for 10 second(s) with 500 milliseconds interval)
Build info: version: '4.25.0', revision: '8a8aea2337'
System info: os.name: 'Linux', os.arch: 'amd64', os.version: '6.8.0-124-generic', java.version: '17.0.20'
Driver info: org.openqa.selenium.chrome.ChromeDriver
Capabilities {acceptInsecureCerts: false, browserName: chrome, browserVersion: 143.0.7499.40, chrome: {chromedriverVersion: 143.0.7499.192 (be2c1f4fd45..., userDataDir: /tmp/.org.chromium.Chromium...}, fedcm:accounts: true, goog:chromeOptions: {debuggerAddress: localhost:40577}, goog:processID: 13191, networkConnectionEnabled: false, pageLoadStrategy: normal, platformName: linux, proxy: Proxy(), se:cdp: ws://localhost:40577/devtoo..., se:cdpVersion: 143.0.7499.40, setWindowRect: true, strictFileInteractability: false, timeouts: {implicit: 0, pageLoad: 300000, script: 30000}, unhandledPromptBehavior: dismiss and notify, webauthn:extension:credBlob: true, webauthn:extension:largeBlob: true, webauthn:extension:minPinLength: true, webauthn:extension:prf: true, webauthn:virtualAuthenticators: true}
Session ID: a1fe82f16b8c5d6f808f55027ccc9776">
<![CDATA[org.openqa.selenium.TimeoutException: Expected condition failed: waiting for element to be clickable: By.xpath: //table//tbody//tr[1]//td//a[not(contains(@class, 'hidden'))] (tried for 10 second(s) with 500 milliseconds interval)
Build info: version: '4.25.0', revision: '8a8aea2337'
System info: os.name: 'Linux', os.arch: 'amd64', os.version: '6.8.0-124-generic', java.version: '17.0.20'
Driver info: org.openqa.selenium.chrome.ChromeDriver
Capabilities {acceptInsecureCerts: false, browserName: chrome, browserVersion: 143.0.7499.40, chrome: {chromedriverVersion: 143.0.7499.192 (be2c1f4fd45..., userDataDir: /tmp/.org.chromium.Chromium...}, fedcm:accounts: true, goog:chromeOptions: {debuggerAddress: localhost:40577}, goog:processID: 13191, networkConnectionEnabled: false, pageLoadStrategy: normal, platformName: linux, proxy: Proxy(), se:cdp: ws://localhost:40577/devtoo..., se:cdpVersion: 143.0.7499.40, setWindowRect: true, strictFileInteractability: false, timeouts: {implicit: 0, pageLoad: 300000, script: 30000}, unhandledPromptBehavior: dismiss and notify, webauthn:extension:credBlob: true, webauthn:extension:largeBlob: true, webauthn:extension:minPinLength: true, webauthn:extension:prf: true, webauthn:virtualAuthenticators: true}
Session ID: a1fe82f16b8c5d6f808f55027ccc9776
	at org.openqa.selenium.support.ui.WebDriverWait.timeoutException(WebDriverWait.java:84)
	at org.openqa.selenium.support.ui.FluentWait.until(FluentWait.java:228)
	at com.xats.automation.tests.pages.candidate.SubmissionEngagementPage.click(SubmissionEngagementPage.java:65)
	at com.xats.automation.tests.pages.candidate.SubmissionEngagementPage.navigateToSubmissionPage(SubmissionEngagementPage.java:82)
	at com.xats.automation.tests.stepdefinitions.candidate.SubmissionEngagementSteps.navigateToSubmissionPageAlias2(SubmissionEngagementSteps.java:19)
	at ?.user navigates submission page(file:///runner/_work/automation/automation/src/test/resources/features/4.candidate/15_CandidateSubmission.feature:46)
]]>
</failure>
<system-out><![CDATA[
Given User is on login page.................................................passed
When User enters username and password from config file.....................passed
And User clicks on login button.............................................passed
When user navigates to job detail view......................................passed
When user navigates submission page.........................................failed
And user navigates to submission engagement tab.............................skipped
And user edits the note in submission.......................................skipped
]]></system-out>
</testcase>
<testcase classname="Submission page" name="Delete the note" time="31.889">
<failure type="org.openqa.selenium.TimeoutException" message="Expected condition failed: waiting for element to be clickable: By.xpath: //table//tbody//tr[1]//td//a[not(contains(@class, 'hidden'))] (tried for 10 second(s) with 500 milliseconds interval)
Build info: version: '4.25.0', revision: '8a8aea2337'
System info: os.name: 'Linux', os.arch: 'amd64', os.version: '6.8.0-124-generic', java.version: '17.0.20'
Driver info: org.openqa.selenium.chrome.ChromeDriver
Capabilities {acceptInsecureCerts: false, browserName: chrome, browserVersion: 143.0.7499.40, chrome: {chromedriverVersion: 143.0.7499.192 (be2c1f4fd45..., userDataDir: /tmp/.org.chromium.Chromium...}, fedcm:accounts: true, goog:chromeOptions: {debuggerAddress: localhost:41475}, goog:processID: 13455, networkConnectionEnabled: false, pageLoadStrategy: normal, platformName: linux, proxy: Proxy(), se:cdp: ws://localhost:41475/devtoo..., se:cdpVersion: 143.0.7499.40, setWindowRect: true, strictFileInteractability: false, timeouts: {implicit: 0, pageLoad: 300000, script: 30000}, unhandledPromptBehavior: dismiss and notify, webauthn:extension:credBlob: true, webauthn:extension:largeBlob: true, webauthn:extension:minPinLength: true, webauthn:extension:prf: true, webauthn:virtualAuthenticators: true}
Session ID: 513969d3f057dea9490c346a8b868431">
<![CDATA[org.openqa.selenium.TimeoutException: Expected condition failed: waiting for element to be clickable: By.xpath: //table//tbody//tr[1]//td//a[not(contains(@class, 'hidden'))] (tried for 10 second(s) with 500 milliseconds interval)
Build info: version: '4.25.0', revision: '8a8aea2337'
System info: os.name: 'Linux', os.arch: 'amd64', os.version: '6.8.0-124-generic', java.version: '17.0.20'
Driver info: org.openqa.selenium.chrome.ChromeDriver
Capabilities {acceptInsecureCerts: false, browserName: chrome, browserVersion: 143.0.7499.40, chrome: {chromedriverVersion: 143.0.7499.192 (be2c1f4fd45..., userDataDir: /tmp/.org.chromium.Chromium...}, fedcm:accounts: true, goog:chromeOptions: {debuggerAddress: localhost:41475}, goog:processID: 13455, networkConnectionEnabled: false, pageLoadStrategy: normal, platformName: linux, proxy: Proxy(), se:cdp: ws://localhost:41475/devtoo..., se:cdpVersion: 143.0.7499.40, setWindowRect: true, strictFileInteractability: false, timeouts: {implicit: 0, pageLoad: 300000, script: 30000}, unhandledPromptBehavior: dismiss and notify, webauthn:extension:credBlob: true, webauthn:extension:largeBlob: true, webauthn:extension:minPinLength: true, webauthn:extension:prf: true, webauthn:virtualAuthenticators: true}
Session ID: 513969d3f057dea9490c346a8b868431
	at org.openqa.selenium.support.ui.WebDriverWait.timeoutException(WebDriverWait.java:84)
	at org.openqa.selenium.support.ui.FluentWait.until(FluentWait.java:228)
	at com.xats.automation.tests.pages.candidate.SubmissionEngagementPage.click(SubmissionEngagementPage.java:65)
	at com.xats.automation.tests.pages.candidate.SubmissionEngagementPage.navigateToSubmissionPage(SubmissionEngagementPage.java:82)
	at com.xats.automation.tests.stepdefinitions.candidate.SubmissionEngagementSteps.navigateToSubmissionPageAlias2(SubmissionEngagementSteps.java:19)
	at ?.user navigates submission page(file:///runner/_work/automation/automation/src/test/resources/features/4.candidate/15_CandidateSubmission.feature:60)
]]>
</failure>
<system-out><![CDATA[
Given User is on login page.................................................passed
When User enters username and password from config file.....................passed
And User clicks on login button.............................................passed
When user navigates to job detail view......................................passed
When user navigates submission page.........................................failed
And user navigates to submission engagement tab.............................skipped
And user deletes the note in the submission.................................skipped
]]></system-out>
</testcase>
<testcase classname="Submission page" name="Upload a new document" time="31.997">
<failure type="org.openqa.selenium.TimeoutException" message="Expected condition failed: waiting for element to be clickable: By.xpath: //table//tbody//tr[1]//td//a[not(contains(@class, 'hidden'))] (tried for 10 second(s) with 500 milliseconds interval)
Build info: version: '4.25.0', revision: '8a8aea2337'
System info: os.name: 'Linux', os.arch: 'amd64', os.version: '6.8.0-124-generic', java.version: '17.0.20'
Driver info: org.openqa.selenium.chrome.ChromeDriver
Capabilities {acceptInsecureCerts: false, browserName: chrome, browserVersion: 143.0.7499.40, chrome: {chromedriverVersion: 143.0.7499.192 (be2c1f4fd45..., userDataDir: /tmp/.org.chromium.Chromium...}, fedcm:accounts: true, goog:chromeOptions: {debuggerAddress: localhost:45815}, goog:processID: 13717, networkConnectionEnabled: false, pageLoadStrategy: normal, platformName: linux, proxy: Proxy(), se:cdp: ws://localhost:45815/devtoo..., se:cdpVersion: 143.0.7499.40, setWindowRect: true, strictFileInteractability: false, timeouts: {implicit: 0, pageLoad: 300000, script: 30000}, unhandledPromptBehavior: dismiss and notify, webauthn:extension:credBlob: true, webauthn:extension:largeBlob: true, webauthn:extension:minPinLength: true, webauthn:extension:prf: true, webauthn:virtualAuthenticators: true}
Session ID: efc5a524913462af4c8df492eb6d7cb8">
<![CDATA[org.openqa.selenium.TimeoutException: Expected condition failed: waiting for element to be clickable: By.xpath: //table//tbody//tr[1]//td//a[not(contains(@class, 'hidden'))] (tried for 10 second(s) with 500 milliseconds interval)
Build info: version: '4.25.0', revision: '8a8aea2337'
System info: os.name: 'Linux', os.arch: 'amd64', os.version: '6.8.0-124-generic', java.version: '17.0.20'
Driver info: org.openqa.selenium.chrome.ChromeDriver
Capabilities {acceptInsecureCerts: false, browserName: chrome, browserVersion: 143.0.7499.40, chrome: {chromedriverVersion: 143.0.7499.192 (be2c1f4fd45..., userDataDir: /tmp/.org.chromium.Chromium...}, fedcm:accounts: true, goog:chromeOptions: {debuggerAddress: localhost:45815}, goog:processID: 13717, networkConnectionEnabled: false, pageLoadStrategy: normal, platformName: linux, proxy: Proxy(), se:cdp: ws://localhost:45815/devtoo..., se:cdpVersion: 143.0.7499.40, setWindowRect: true, strictFileInteractability: false, timeouts: {implicit: 0, pageLoad: 300000, script: 30000}, unhandledPromptBehavior: dismiss and notify, webauthn:extension:credBlob: true, webauthn:extension:largeBlob: true, webauthn:extension:minPinLength: true, webauthn:extension:prf: true, webauthn:virtualAuthenticators: true}
Session ID: efc5a524913462af4c8df492eb6d7cb8
	at org.openqa.selenium.support.ui.WebDriverWait.timeoutException(WebDriverWait.java:84)
	at org.openqa.selenium.support.ui.FluentWait.until(FluentWait.java:228)
	at com.xats.automation.tests.pages.candidate.SubmissionEngagementPage.click(SubmissionEngagementPage.java:65)
	at com.xats.automation.tests.pages.candidate.SubmissionEngagementPage.navigateToSubmissionPage(SubmissionEngagementPage.java:82)
	at com.xats.automation.tests.stepdefinitions.candidate.SubmissionEngagementSteps.navigateToSubmissionPageAlias2(SubmissionEngagementSteps.java:19)
	at ?.user navigates submission page(file:///runner/_work/automation/automation/src/test/resources/features/4.candidate/15_CandidateSubmission.feature:67)
]]>
</failure>
<system-out><![CDATA[
Given User is on login page.................................................passed
When User enters username and password from config file.....................passed
And User clicks on login button.............................................passed
When user navigates to job detail view......................................passed
When user navigates submission page.........................................failed
And user navigates to submission engagement tab.............................skipped
And user uploads a document in submission...................................skipped
]]></system-out>
</testcase>
<testcase classname="Submission page" name="Delete the uploaded document" time="31.962">
<failure type="org.openqa.selenium.TimeoutException" message="Expected condition failed: waiting for element to be clickable: By.xpath: //table//tbody//tr[1]//td//a[not(contains(@class, 'hidden'))] (tried for 10 second(s) with 500 milliseconds interval)
Build info: version: '4.25.0', revision: '8a8aea2337'
System info: os.name: 'Linux', os.arch: 'amd64', os.version: '6.8.0-124-generic', java.version: '17.0.20'
Driver info: org.openqa.selenium.chrome.ChromeDriver
Capabilities {acceptInsecureCerts: false, browserName: chrome, browserVersion: 143.0.7499.40, chrome: {chromedriverVersion: 143.0.7499.192 (be2c1f4fd45..., userDataDir: /tmp/.org.chromium.Chromium...}, fedcm:accounts: true, goog:chromeOptions: {debuggerAddress: localhost:41621}, goog:processID: 13981, networkConnectionEnabled: false, pageLoadStrategy: normal, platformName: linux, proxy: Proxy(), se:cdp: ws://localhost:41621/devtoo..., se:cdpVersion: 143.0.7499.40, setWindowRect: true, strictFileInteractability: false, timeouts: {implicit: 0, pageLoad: 300000, script: 30000}, unhandledPromptBehavior: dismiss and notify, webauthn:extension:credBlob: true, webauthn:extension:largeBlob: true, webauthn:extension:minPinLength: true, webauthn:extension:prf: true, webauthn:virtualAuthenticators: true}
Session ID: 852334d44ef5c3da70d6faaf727bb9f1">
<![CDATA[org.openqa.selenium.TimeoutException: Expected condition failed: waiting for element to be clickable: By.xpath: //table//tbody//tr[1]//td//a[not(contains(@class, 'hidden'))] (tried for 10 second(s) with 500 milliseconds interval)
Build info: version: '4.25.0', revision: '8a8aea2337'
System info: os.name: 'Linux', os.arch: 'amd64', os.version: '6.8.0-124-generic', java.version: '17.0.20'
Driver info: org.openqa.selenium.chrome.ChromeDriver
[...]
Session ID: 2756959906a4fa4fe9edc322eb81aeb5
	at org.openqa.selenium.support.ui.WebDriverWait.timeoutException(WebDriverWait.java:84)
	at org.openqa.selenium.support.ui.FluentWait.until(FluentWait.java:228)
	at com.xats.automation.tests.pages.job.JobInDetailViewPage.expandInitializedCandidate(JobInDetailViewPage.java:144)
	at com.xats.automation.tests.stepdefinitions.job.InterviewPipelineSteps.user_expands_an_initialized_candidate_row(InterviewPipelineSteps.java:26)
	at ?.User expands an initialized candidate row(file:///runner/_work/automation/automation/src/test/resources/features/5.pipeline/19_InterviewPipeline.feature:29)
]]>
</failure>
<system-out><![CDATA[
Given User is on login page.................................................passed
When User enters username and password from config file.....................passed
And User clicks on login button.............................................passed
Then User should land on dashboard..........................................passed
When User navigates to the first job in Jobs list...........................passed
And User expands an initialized candidate row...............................failed
And User clicks on Revert Stage button......................................skipped
Then User should see success toast message "Stage Reverted".................skipped
]]></system-out>
</testcase>
<testcase classname="Interview Pipeline Management" name="Skip candidate stage successfully with feedback" time="37.355">
<failure type="org.openqa.selenium.TimeoutException" message="Expected condition failed: waiting for element to be clickable: By.cssSelector: body &gt; div.flex.h-full.min-h-screen.bg-\[\#F1F5F9\] &gt; div &gt; main &gt; div &gt; div.flex-1.min-h-0.w-full.mt-0 &gt; div &gt; div.flex-1.lg\:w-3\/4.flex.flex-col.min-h-0.overflow-hidden &gt; div &gt; div &gt; div &gt; div.relative.flex-1.flex.flex-col.min-h-0 &gt; div.flex-1.min-h-\[100px\].overflow-y-auto.custom-scrollbar.divide-y.divide-gray-100.bg-white &gt; div:nth-child(1) &gt; div &gt; div.w-8.flex.justify-end &gt; div &gt; svg (tried for 25 second(s) with 500 milliseconds interval)
Build info: version: '4.25.0', revision: '8a8aea2337'
System info: os.name: 'Linux', os.arch: 'amd64', os.version: '6.8.0-124-generic', java.version: '17.0.20'
Driver info: org.openqa.selenium.chrome.ChromeDriver
Capabilities {acceptInsecureCerts: false, browserName: chrome, browserVersion: 143.0.7499.40, chrome: {chromedriverVersion: 143.0.7499.192 (be2c1f4fd45..., userDataDir: /tmp/.org.chromium.Chromium...}, fedcm:accounts: true, goog:chromeOptions: {debuggerAddress: localhost:38091}, goog:processID: 15859, networkConnectionEnabled: false, pageLoadStrategy: normal, platformName: linux, proxy: Proxy(), se:cdp: ws://localhost:38091/devtoo..., se:cdpVersion: 143.0.7499.40, setWindowRect: true, strictFileInteractability: false, timeouts: {implicit: 0, pageLoad: 300000, script: 30000}, unhandledPromptBehavior: dismiss and notify, webauthn:extension:credBlob: true, webauthn:extension:largeBlob: true, webauthn:extension:minPinLength: true, webauthn:extension:prf: true, webauthn:virtualAuthenticators: true}
Session ID: 4b386e674cc019d2ee7fab5d837a98de">
<![CDATA[org.openqa.selenium.TimeoutException: Expected condition failed: waiting for element to be clickable: By.cssSelector: body > div.flex.h-full.min-h-screen.bg-\[\#F1F5F9\] > div > main > div > div.flex-1.min-h-0.w-full.mt-0 > div > div.flex-1.lg\:w-3\/4.flex.flex-col.min-h-0.overflow-hidden > div > div > div > div.relative.flex-1.flex.flex-col.min-h-0 > div.flex-1.min-h-\[100px\].overflow-y-auto.custom-scrollbar.divide-y.divide-gray-100.bg-white > div:nth-child(1) > div > div.w-8.flex.justify-end > div > svg (tried for 25 second(s) with 500 milliseconds interval)
Build info: version: '4.25.0', revision: '8a8aea2337'
System info: os.name: 'Linux', os.arch: 'amd64', os.version: '6.8.0-124-generic', java.version: '17.0.20'
Driver info: org.openqa.selenium.chrome.ChromeDriver
Capabilities {acceptInsecureCerts: false, browserName: chrome, browserVersion: 143.0.7499.40, chrome: {chromedriverVersion: 143.0.7499.192 (be2c1f4fd45..., userDataDir: /tmp/.org.chromium.Chromium...}, fedcm:accounts: true, goog:chromeOptions: {debuggerAddress: localhost:38091}, goog:processID: 15859, networkConnectionEnabled: false, pageLoadStrategy: normal, platformName: linux, proxy: Proxy(), se:cdp: ws://localhost:38091/devtoo..., se:cdpVersion: 143.0.7499.40, setWindowRect: true, strictFileInteractability: false, timeouts: {implicit: 0, pageLoad: 300000, script: 30000}, unhandledPromptBehavior: dismiss and notify, webauthn:extension:credBlob: true, webauthn:extension:largeBlob: true, webauthn:extension:minPinLength: true, webauthn:extension:prf: true, webauthn:virtualAuthenticators: true}
Session ID: 4b386e674cc019d2ee7fab5d837a98de
	at org.openqa.selenium.support.ui.WebDriverWait.timeoutException(WebDriverWait.java:84)
	at org.openqa.selenium.support.ui.FluentWait.until(FluentWait.java:228)
	at com.xats.automation.tests.pages.job.JobInDetailViewPage.expandInitializedCandidate(JobInDetailViewPage.java:144)
	at com.xats.automation.tests.stepdefinitions.job.InterviewPipelineSteps.user_expands_an_initialized_candidate_row(InterviewPipelineSteps.java:26)
	at ?.User expands an initialized candidate row(file:///runner/_work/automation/automation/src/test/resources/features/5.pipeline/19_InterviewPipeline.feature:39)
]]>
</failure>
<system-out><![CDATA[
Given User is on login page.................................................passed
When User enters username and password from config file.....................passed
And User clicks on login button.............................................passed
Then User should land on dashboard..........................................passed
When User navigates to the first job in Jobs list...........................passed
And User expands an initialized candidate row...............................failed
And User clicks on Skip Stage button........................................skipped
And User clicks Add Feedback Now, enters feedback "Candidate is ready to skip this stage", and saves.skipped
]]></system-out>
</testcase>
<testcase classname="Interview Pipeline Management" name="Interview creation" time="31.914">
<failure type="org.openqa.selenium.TimeoutException" message="Expected condition failed: waiting for element to be clickable: By.xpath: //table//tbody//tr[1]//td//a[not(contains(@class, 'hidden'))] (tried for 10 second(s) with 500 milliseconds interval)
Build info: version: '4.25.0', revision: '8a8aea2337'
System info: os.name: 'Linux', os.arch: 'amd64', os.version: '6.8.0-124-generic', java.version: '17.0.20'
Driver info: org.openqa.selenium.chrome.ChromeDriver
Capabilities {acceptInsecureCerts: false, browserName: chrome, browserVersion: 143.0.7499.40, chrome: {chromedriverVersion: 143.0.7499.192 (be2c1f4fd45..., userDataDir: /tmp/.org.chromium.Chromium...}, fedcm:accounts: true, goog:chromeOptions: {debuggerAddress: localhost:43837}, goog:processID: 16120, networkConnectionEnabled: false, pageLoadStrategy: normal, platformName: linux, proxy: Proxy(), se:cdp: ws://localhost:43837/devtoo..., se:cdpVersion: 143.0.7499.40, setWindowRect: true, strictFileInteractability: false, timeouts: {implicit: 0, pageLoad: 300000, script: 30000}, unhandledPromptBehavior: dismiss and notify, webauthn:extension:credBlob: true, webauthn:extension:largeBlob: true, webauthn:extension:minPinLength: true, webauthn:extension:prf: true, webauthn:virtualAuthenticators: true}
Session ID: 2a459b81fc2debeeebe86456cabfb3eb">
<![CDATA[org.openqa.selenium.TimeoutException: Expected condition failed: waiting for element to be clickable: By.xpath: //table//tbody//tr[1]//td//a[not(contains(@class, 'hidden'))] (tried for 10 second(s) with 500 milliseconds interval)
Build info: version: '4.25.0', revision: '8a8aea2337'
System info: os.name: 'Linux', os.arch: 'amd64', os.version: '6.8.0-124-generic', java.version: '17.0.20'
Driver info: org.openqa.selenium.chrome.ChromeDriver
Capabilities {acceptInsecureCerts: false, browserName: chrome, browserVersion: 143.0.7499.40, chrome: {chromedriverVersion: 143.0.7499.192 (be2c1f4fd45..., userDataDir: /tmp/.org.chromium.Chromium...}, fedcm:accounts: true, goog:chromeOptions: {debuggerAddress: localhost:43837}, goog:processID: 16120, networkConnectionEnabled: false, pageLoadStrategy: normal, platformName: linux, proxy: Proxy(), se:cdp: ws://localhost:43837/devtoo..., se:cdpVersion: 143.0.7499.40, setWindowRect: true, strictFileInteractability: false, timeouts: {implicit: 0, pageLoad: 300000, script: 30000}, unhandledPromptBehavior: dismiss and notify, webauthn:extension:credBlob: true, webauthn:extension:largeBlob: true, webauthn:extension:minPinLength: true, webauthn:extension:prf: true, webauthn:virtualAuthenticators: true}
Session ID: 2a459b81fc2debeeebe86456cabfb3eb
	at org.openqa.selenium.support.ui.WebDriverWait.timeoutException(WebDriverWait.java:84)
	at org.openqa.selenium.support.ui.FluentWait.until(FluentWait.java:228)
	at com.xats.automation.tests.pages.candidate.SubmissionEngagementPage.click(SubmissionEngagementPage.java:65)
	at com.xats.automation.tests.pages.candidate.SubmissionEngagementPage.navigateToSubmissionPage(SubmissionEngagementPage.java:82)
	at com.xats.automation.tests.stepdefinitions.candidate.SubmissionEngagementSteps.navigateToSubmissionPageAlias2(SubmissionEngagementSteps.java:19)
	at ?.user navigates submission page(file:///runner/_work/automation/automation/src/test/resources/features/5.pipeline/19_InterviewPipeline.feature:49)
]]>
</failure>
<system-out><![CDATA[
Given User is on login page.................................................passed
When User enters username and password from config file.....................passed
And User clicks on login button.............................................passed
When user navigates to job detail view......................................passed
When user navigates submission page.........................................failed
And User creates a interview................................................skipped
]]></system-out>
</testcase>
<testcase classname="Role Based Access Control" name="Create Permission Groups successfully" time="22.56">
<system-out><![CDATA[
Given User is on login page.................................................passed
When User enters username and password from config file.....................passed
And User clicks on login button.............................................passed
Then User should land on dashboard..........................................passed
When User navigates to Permission Groups in Settings........................passed
And User clicks on New Group button.........................................passed
And User enters permission group details from properties....................passed
And User selects two checkboxes from properties.............................passed
And User scrolls down and saves the permission group........................passed
]]></system-out>
</testcase>
<testcase classname="Role Based Access Control" name="Edit Permission Groups successfully" time="17.576">
<system-out><![CDATA[
Given User is on login page.................................................passed
When User enters username and password from config file.....................passed
And User clicks on login button.............................................passed
Then User should land on dashboard..........................................passed
When User navigates to Permission Groups in Settings........................passed
And User clicks edit for the created permission group.......................passed
And User changes the permission group name from properties..................passed
And User saves the edited permission group..................................passed
]]></system-out>
</testcase>
<testcase classname="Role Based Access Control" name="Delete Permission Groups successfully" time="12.657">
<system-out><![CDATA[
Given User is on login page.................................................passed
When User enters username and password from config file.....................passed
And User clicks on login button.............................................passed
Then User should land on dashboard..........................................passed
When User navigates to Permission Groups in Settings........................passed
And User deletes the created permission group...............................passed
]]></system-out>
</testcase>
<testcase classname="Roles Management" name="Create Role successfully" time="19.823">
<system-out><![CDATA[
Given User is on login page.................................................passed
When User enters username and password from config file.....................passed
And User clicks on login button.............................................passed
Then User should land on dashboard..........................................passed
When User navigates to Roles in Settings....................................passed
And User clicks on Create Role button.......................................passed
And User enters role details from properties................................passed
And User selects permission group from properties...........................passed
And User saves the role.....................................................passed
]]></system-out>
</testcase>
<testcase classname="Roles Management" name="Delete Role successfully" time="10.244">
<failure type="java.lang.AssertionError" message="❌ Unexpected toast message. Found: 'Deletion Failed
Role not found: AAA QA Role 1360', Expected: 'deleted'">
<![CDATA[java.lang.AssertionError: ? Unexpected toast message. Found: 'Deletion Failed
Role not found: AAA QA Role 1360', Expected: 'deleted'
	at com.xats.automation.tests.pages.settings.RolesPage.validateSuccessToast(RolesPage.java:222)
	at com.xats.automation.tests.pages.settings.RolesPage.clickDeleteForRole(RolesPage.java:209)
	at com.xats.automation.tests.stepdefinitions.settings.RolesSteps.user_deletes_a_role(RolesSteps.java:50)
	at ?.user deletes a role(file:///runner/_work/automation/automation/src/test/resources/features/6.settings/17_Roles.feature:21)
]]>
</failure>
<system-out><![CDATA[
Given User is on login page.................................................passed
When User enters username and password from config file.....................passed
And User clicks on login button.............................................passed
Then User should land on dashboard..........................................passed
When User navigates to Roles in Settings....................................passed
And user deletes a role.....................................................failed
]]></system-out>
</testcase>
<testcase classname="User Assignment Management" name="Invite User successfully" time="17.684">
<system-out><![CDATA[
Given User is on login page.................................................passed
When User enters username and password from config file.....................passed
And User clicks on login button.............................................passed
Then User should land on dashboard..........................................passed
When User navigates to User Assignment in Settings..........................passed
And User clicks on Invite User button.......................................passed
And User enters user invitation details.....................................passed
And User sends the invitation...............................................passed
]]></system-out>
</testcase>
<testcase classname="User Assignment Management" name="Edit User Profile successfully" time="15.813">
<system-out><![CDATA[
Given User is on login page.................................................passed
When User enters username and password from config file.....................passed
And User clicks on login button.............................................passed
Then User should land on dashboard..........................................passed
When User navigates to User Assignment in Settings..........................passed
And User clicks actions for the first user..................................passed
And User clicks on Edit Profile option......................................passed
And User enters updated profile details.....................................passed
And User saves the profile changes..........................................passed
]]></system-out>
</testcase>
<testcase classname="User Assignment Management" name="Delete User Account successfully" time="14.783">
<system-out><![CDATA[
Given User is on login page.................................................passed
When User enters username and password from config file.....................passed
And User clicks on login button.............................................passed
Then User should land on dashboard..........................................passed
When User navigates to User Assignment in Settings..........................passed
And User clicks actions for the first user..................................passed
And User clicks on Delete Account option....................................passed
And User confirms delete user action........................................passed
]]></system-out>
</testcase>
<testcase classname="Resume Parsing" name="Create candidate by uploading and parsing a resume" time="149.459">
<system-out><![CDATA[
Given User is on login page.................................................passed
When User enters username and password from config file.....................passed
And User clicks on login button.............................................passed
Then User navigates to candidates and uploads a resume......................passed
Then Resume should be parsed successfully...................................passed
]]></system-out>
</testcase>
<testcase classname="Resume Parsing" name="Delete a candidate from the candidates list" time="10.385">
<system-out><![CDATA[
Given User is on login page.................................................passed
When User enters username and password from config file.....................passed
And User clicks on login button.............................................passed
When User selects a candidate and clicks delete.............................passed
And User confirms the deletion..............................................passed
Then Candidates should be deleted successfully..............................passed
]]></system-out>
</testcase>
<testcase classname="Resume Parsing" name="Bulk upload and parse candidate resume" time="112.464">
<system-out><![CDATA[
Given User is on login page.................................................passed
When User enters username and password from config file.....................passed
And User clicks on login button.............................................passed
Then User navigates to settings and uploads a resume in bulk................passed
Then Bulk resumes should be processed successfully..........................passed
]]></system-out>
</testcase>
<testcase classname="Resume Parsing" name="Delete a candidate from the candidates list again" time="10.196">
<system-out><![CDATA[
Given User is on login page.................................................passed
When User enters username and password from config file.....................passed
And User clicks on login button.............................................passed
When User selects a candidate and clicks delete.............................passed
And User confirms the deletion..............................................passed
Then Candidates should be deleted successfully..............................passed
]]></system-out>
</testcase>
</testsuite>
