<?xml version="1.0" encoding="UTF-8"?>
<testsuite name="Cucumber" time="606.882" tests="30" skipped="0" failures="9" errors="0">
<testcase classname="Login Feature" name="Valid user logs in successfully" time="13.191">
<system-out><![CDATA[
Given User is on login page.................................................passed
When User enters username and password from config file.....................passed
And User clicks on login button.............................................passed
Then User should land on dashboard..........................................passed
]]></system-out>
</testcase>
<testcase classname="Client Creation" name="Valid user logs in and creates a new client" time="32.996">
<system-out><![CDATA[
Given User is on login page.................................................passed
When User enters username and password from config file.....................passed
And User clicks on login button.............................................passed
Then User should land on dashboard..........................................passed
And User navigates to client creation page and adds new client..............passed
]]></system-out>
</testcase>
<testcase classname="Contact Creation" name="Create a new contact under an existing client" time="36.412">
<system-out><![CDATA[
Given User is on login page.................................................passed
When User enters username and password from config file.....................passed
And User clicks on login button.............................................passed
Then User should land on dashboard..........................................passed
When User navigates to client section and adds a new contact................passed
Then New contact should be created successfully.............................passed
]]></system-out>
</testcase>
<testcase classname="Job Creation" name="Create a new Job" time="75.556">
<system-out><![CDATA[
Given User is on login page.................................................passed
When User enters username and password from config file.....................passed
And User clicks on login button.............................................passed
Then User should land on dashboard..........................................passed
When User navigates to job section and adds a new job.......................passed
Then New job should be created successfully.................................passed
]]></system-out>
</testcase>
<testcase classname="Candidate Creation" name="Create adds a new candidate" time="22.095">
<system-out><![CDATA[
Given User is on login page.................................................passed
When User enters username and password from config file.....................passed
And User clicks on login button.............................................passed
Then User adds a new candidate..............................................passed
Then New candidate should be created successfully...........................passed
]]></system-out>
</testcase>
<testcase classname="Job In Detail View Actions" name="Navigate to job detail view" time="10.439">
<system-out><![CDATA[
Given User is on login page.................................................passed
When User enters username and password from config file.....................passed
And User clicks on login button.............................................passed
When user navigates to job detail view......................................passed
]]></system-out>
</testcase>
<testcase classname="Job In Detail View Actions" name="Add a new note" time="20.579">
<system-out><![CDATA[
Given User is on login page.................................................passed
When User enters username and password from config file.....................passed
And User clicks on login button.............................................passed
When user navigates to job detail view......................................passed
And user adds a note........................................................passed
]]></system-out>
</testcase>
<testcase classname="Job In Detail View Actions" name="Edit the existing note" time="28.601">
<system-out><![CDATA[
Given User is on login page.................................................passed
When User enters username and password from config file.....................passed
And User clicks on login button.............................................passed
When user navigates to job detail view......................................passed
And user edits the note.....................................................passed
]]></system-out>
</testcase>
<testcase classname="Job In Detail View Actions" name="Pin the note" time="16.967">
<system-out><![CDATA[
Given User is on login page.................................................passed
When User enters username and password from config file.....................passed
And User clicks on login button.............................................passed
When user navigates to job detail view......................................passed
And user pins the note......................................................passed
]]></system-out>
</testcase>
<testcase classname="Job In Detail View Actions" name="Delete the note" time="17.29">
<system-out><![CDATA[
Given User is on login page.................................................passed
When User enters username and password from config file.....................passed
And User clicks on login button.............................................passed
When user navigates to job detail view......................................passed
And user deletes the note...................................................passed
]]></system-out>
</testcase>
<testcase classname="Job In Detail View Actions" name="Upload a new document" time="19.3">
<system-out><![CDATA[
Given User is on login page.................................................passed
When User enters username and password from config file.....................passed
And User clicks on login button.............................................passed
When user navigates to job detail view......................................passed
And user uploads a document.................................................passed
]]></system-out>
</testcase>
<testcase classname="Job In Detail View Actions" name="Delete the uploaded document" time="18.514">
<system-out><![CDATA[
Given User is on login page.................................................passed
When User enters username and password from config file.....................passed
And User clicks on login button.............................................passed
When user navigates to job detail view......................................passed
And user deletes the document...............................................passed
]]></system-out>
</testcase>
<testcase classname="Job In Detail View Actions" name="Submit a candidate" time="26.42">
<system-out><![CDATA[
Given User is on login page.................................................passed
When User enters username and password from config file.....................passed
And User clicks on login button.............................................passed
When user navigates to job detail view......................................passed
When user submit candidate..................................................passed
]]></system-out>
</testcase>
<testcase classname="Job In Detail View Actions" name="Create a Task" time="27.092">
<system-out><![CDATA[
Given User is on login page.................................................passed
When User enters username and password from config file.....................passed
And User clicks on login button.............................................passed
When user navigates to job detail view......................................passed
When user create a task.....................................................passed
]]></system-out>
</testcase>
<testcase classname="candidateInDetailView" name="user adds a cal logs" time="20.522">
<system-out><![CDATA[
Given User is on login page.................................................passed
When User enters username and password from config file.....................passed
And User clicks on login button.............................................passed
Then User should land on dashboard..........................................passed
When user navigates to candidateInDetailView................................passed
When User adds a call logs..................................................passed
]]></system-out>
</testcase>
<testcase classname="candidateInDetailView" name="Add a new note" time="22.361">
<system-out><![CDATA[
Given User is on login page.................................................passed
When User enters username and password from config file.....................passed
And User clicks on login button.............................................passed
Then User should land on dashboard..........................................passed
When user navigates to candidateInDetailView................................passed
And user adds a note for can................................................passed
]]></system-out>
</testcase>
<testcase classname="candidateInDetailView" name="Edit the existing note" time="23.84">
<system-out><![CDATA[
Given User is on login page.................................................passed
When User enters username and password from config file.....................passed
And User clicks on login button.............................................passed
Then User should land on dashboard..........................................passed
When user navigates to candidateInDetailView................................passed
And user edits the note for can.............................................passed
]]></system-out>
</testcase>
<testcase classname="candidateInDetailView" name="Delete the note" time="17.446">
<system-out><![CDATA[
Given User is on login page.................................................passed
When User enters username and password from config file.....................passed
And User clicks on login button.............................................passed
Then User should land on dashboard..........................................passed
When user navigates to candidateInDetailView................................passed
And user deletes the note for can...........................................passed
]]></system-out>
</testcase>
<testcase classname="candidateInDetailView" name="Upload a new document" time="19.153">
<system-out><![CDATA[
Given User is on login page.................................................passed
When User enters username and password from config file.....................passed
And User clicks on login button.............................................passed
Then User should land on dashboard..........................................passed
When user navigates to candidateInDetailView................................passed
And user uploads a document for can.........................................passed
]]></system-out>
</testcase>
<testcase classname="candidateInDetailView" name="Delete the uploaded document" time="18.997">
<system-out><![CDATA[
Given User is on login page.................................................passed
When User enters username and password from config file.....................passed
And User clicks on login button.............................................passed
Then User should land on dashboard..........................................passed
When user navigates to candidateInDetailView................................passed
And user deletes the document for can.......................................passed
]]></system-out>
</testcase>
<testcase classname="candidateInDetailView" name="Create a Task" time="23.889">
<system-out><![CDATA[
Given User is on login page.................................................passed
When User enters username and password from config file.....................passed
And User clicks on login button.............................................passed
Then User should land on dashboard..........................................passed
When user navigates to candidateInDetailView................................passed
When user create a task for can.............................................passed
]]></system-out>
</testcase>
<testcase classname="Submission page" name="Navigate to submission page" time="10.545">
<failure type="org.openqa.selenium.StaleElementReferenceException" message="stale element reference: stale element not found in the current frame
  (Session info: chrome=143.0.7499.40)
For documentation on this error, please visit: https://www.selenium.dev/documentation/webdriver/troubleshooting/errors#stale-element-reference-exception
Build info: version: '4.25.0', revision: '8a8aea2337'
System info: os.name: 'Linux', os.arch: 'amd64', os.version: '6.8.0-60-generic', java.version: '21.0.9'
Driver info: org.openqa.selenium.chrome.ChromeDriver
Command: [533ea0b4e7db015d2d207821994eccdb, clickElement {id=f.FE07EC6B3844FEF9F8F41BBC4408C802.d.5D9F86865768235166AF6B0C86C0983D.e.46}]
Capabilities {acceptInsecureCerts: false, browserName: chrome, browserVersion: 143.0.7499.40, chrome: {chromedriverVersion: 143.0.7499.146 (c1224fc40c9..., userDataDir: /tmp/.org.chromium.Chromium...}, fedcm:accounts: true, goog:chromeOptions: {debuggerAddress: localhost:37443}, goog:processID: 5373, networkConnectionEnabled: false, pageLoadStrategy: normal, platformName: linux, proxy: Proxy(), se:cdp: ws://localhost:37443/devtoo..., se:cdpVersion: 143.0.7499.40, setWindowRect: true, strictFileInteractability: false, timeouts: {implicit: 0, pageLoad: 300000, script: 30000}, unhandledPromptBehavior: dismiss and notify, webauthn:extension:credBlob: true, webauthn:extension:largeBlob: true, webauthn:extension:minPinLength: true, webauthn:extension:prf: true, webauthn:virtualAuthenticators: true}
Element: [[ChromeDriver: chrome on linux (533ea0b4e7db015d2d207821994eccdb)] -&gt; xpath: /html/body/div[2]/main/div/div/div[4]/div[2]/div[2]/div[1]/a/span]
Session ID: 533ea0b4e7db015d2d207821994eccdb">
<![CDATA[org.openqa.selenium.StaleElementReferenceException: stale element reference: stale element not found in the current frame
  (Session info: chrome=143.0.7499.40)
For documentation on this error, please visit: https://www.selenium.dev/documentation/webdriver/troubleshooting/errors#stale-element-reference-exception
Build info: version: '4.25.0', revision: '8a8aea2337'
System info: os.name: 'Linux', os.arch: 'amd64', os.version: '6.8.0-60-generic', java.version: '21.0.9'
Driver info: org.openqa.selenium.chrome.ChromeDriver
Command: [533ea0b4e7db015d2d207821994eccdb, clickElement {id=f.FE07EC6B3844FEF9F8F41BBC4408C802.d.5D9F86865768235166AF6B0C86C0983D.e.46}]
Capabilities {acceptInsecureCerts: false, browserName: chrome, browserVersion: 143.0.7499.40, chrome: {chromedriverVersion: 143.0.7499.146 (c1224fc40c9..., userDataDir: /tmp/.org.chromium.Chromium...}, fedcm:accounts: true, goog:chromeOptions: {debuggerAddress: localhost:37443}, goog:processID: 5373, networkConnectionEnabled: false, pageLoadStrategy: normal, platformName: linux, proxy: Proxy(), se:cdp: ws://localhost:37443/devtoo..., se:cdpVersion: 143.0.7499.40, setWindowRect: true, strictFileInteractability: false, timeouts: {implicit: 0, pageLoad: 300000, script: 30000}, unhandledPromptBehavior: dismiss and notify, webauthn:extension:credBlob: true, webauthn:extension:largeBlob: true, webauthn:extension:minPinLength: true, webauthn:extension:prf: true, webauthn:virtualAuthenticators: true}
Element: [[ChromeDriver: chrome on linux (533ea0b4e7db015d2d207821994eccdb)] -> xpath: /html/body/div[2]/main/div/div/div[4]/div[2]/div[2]/div[1]/a/span]
Session ID: 533ea0b4e7db015d2d207821994eccdb
	at java.base/jdk.internal.reflect.DirectConstructorHandleAccessor.newInstance(DirectConstructorHandleAccessor.java:62)
	at java.base/java.lang.reflect.Constructor.newInstanceWithCaller(Constructor.java:502)
	at java.base/java.lang.reflect.Constructor.newInstance(Constructor.java:486)
	at org.openqa.selenium.remote.ErrorCodec.decode(ErrorCodec.java:167)
	at org.openqa.selenium.remote.codec.w3c.W3CHttpResponseCodec.decode(W3CHttpResponseCodec.java:138)
	at org.openqa.selenium.remote.codec.w3c.W3CHttpResponseCodec.decode(W3CHttpResponseCodec.java:50)
	at org.openqa.selenium.remote.HttpCommandExecutor.execute(HttpCommandExecutor.java:190)
	at org.openqa.selenium.remote.service.DriverCommandExecutor.invokeExecute(DriverCommandExecutor.java:216)
	at org.openqa.selenium.remote.service.DriverCommandExecutor.execute(DriverCommandExecutor.java:174)
	at org.openqa.selenium.remote.RemoteWebDriver.execute(RemoteWebDriver.java:545)
	at org.openqa.selenium.remote.RemoteWebElement.execute(RemoteWebElement.java:223)
	at org.openqa.selenium.remote.RemoteWebElement.click(RemoteWebElement.java:76)
	at com.xats.automation.tests.pages.CandidateSubmissionPage.submissionId(CandidateSubmissionPage.java:67)
	at com.xats.automation.tests.stepdefinitions.CandidateSubmissionSteps.user_navigates_to_submission_page(CandidateSubmissionSteps.java:17)
	at ✽.user navigates submission page(file:///runner/_work/automation/automation/src/test/resources/features/08_CandidateSubmission.feature:12)
]]>
</failure>
<system-out><![CDATA[
Given User is on login page.................................................passed
When User enters username and password from config file.....................passed
And User clicks on login button.............................................passed
When user navigates to job detail view......................................passed
When user navigates submission page.........................................failed
]]></system-out>
</testcase>
<testcase classname="Submission page" name="Add a new note" time="10.449">
<failure type="org.openqa.selenium.StaleElementReferenceException" message="stale element reference: stale element not found in the current frame
  (Session info: chrome=143.0.7499.40)
For documentation on this error, please visit: https://www.selenium.dev/documentation/webdriver/troubleshooting/errors#stale-element-reference-exception
Build info: version: '4.25.0', revision: '8a8aea2337'
System info: os.name: 'Linux', os.arch: 'amd64', os.version: '6.8.0-60-generic', java.version: '21.0.9'
Driver info: org.openqa.selenium.chrome.ChromeDriver
Command: [36911ee7c24861786bc4a63cf229b3a4, clickElement {id=f.A48BF2330C566BA6F4ABF9491865A7F2.d.F16F54DF084F37299D0C29EBDE9761C3.e.46}]
Capabilities {acceptInsecureCerts: false, browserName: chrome, browserVersion: 143.0.7499.40, chrome: {chromedriverVersion: 143.0.7499.146 (c1224fc40c9..., userDataDir: /tmp/.org.chromium.Chromium...}, fedcm:accounts: true, goog:chromeOptions: {debuggerAddress: localhost:37127}, goog:processID: 5519, networkConnectionEnabled: false, pageLoadStrategy: normal, platformName: linux, proxy: Proxy(), se:cdp: ws://localhost:37127/devtoo..., se:cdpVersion: 143.0.7499.40, setWindowRect: true, strictFileInteractability: false, timeouts: {implicit: 0, pageLoad: 300000, script: 30000}, unhandledPromptBehavior: dismiss and notify, webauthn:extension:credBlob: true, webauthn:extension:largeBlob: true, webauthn:extension:minPinLength: true, webauthn:extension:prf: true, webauthn:virtualAuthenticators: true}
Element: [[ChromeDriver: chrome on linux (36911ee7c24861786bc4a63cf229b3a4)] -&gt; xpath: /html/body/div[2]/main/div/div/div[4]/div[2]/div[2]/div[1]/a/span]
Session ID: 36911ee7c24861786bc4a63cf229b3a4">
<![CDATA[org.openqa.selenium.StaleElementReferenceException: stale element reference: stale element not found in the current frame
  (Session info: chrome=143.0.7499.40)
For documentation on this error, please visit: https://www.selenium.dev/documentation/webdriver/troubleshooting/errors#stale-element-reference-exception
Build info: version: '4.25.0', revision: '8a8aea2337'
System info: os.name: 'Linux', os.arch: 'amd64', os.version: '6.8.0-60-generic', java.version: '21.0.9'
Driver info: org.openqa.selenium.chrome.ChromeDriver
Command: [36911ee7c24861786bc4a63cf229b3a4, clickElement {id=f.A48BF2330C566BA6F4ABF9491865A7F2.d.F16F54DF084F37299D0C29EBDE9761C3.e.46}]
Capabilities {acceptInsecureCerts: false, browserName: chrome, browserVersion: 143.0.7499.40, chrome: {chromedriverVersion: 143.0.7499.146 (c1224fc40c9..., userDataDir: /tmp/.org.chromium.Chromium...}, fedcm:accounts: true, goog:chromeOptions: {debuggerAddress: localhost:37127}, goog:processID: 5519, networkConnectionEnabled: false, pageLoadStrategy: normal, platformName: linux, proxy: Proxy(), se:cdp: ws://localhost:37127/devtoo..., se:cdpVersion: 143.0.7499.40, setWindowRect: true, strictFileInteractability: false, timeouts: {implicit: 0, pageLoad: 300000, script: 30000}, unhandledPromptBehavior: dismiss and notify, webauthn:extension:credBlob: true, webauthn:extension:largeBlob: true, webauthn:extension:minPinLength: true, webauthn:extension:prf: true, webauthn:virtualAuthenticators: true}
Element: [[ChromeDriver: chrome on linux (36911ee7c24861786bc4a63cf229b3a4)] -> xpath: /html/body/div[2]/main/div/div/div[4]/div[2]/div[2]/div[1]/a/span]
Session ID: 36911ee7c24861786bc4a63cf229b3a4
	at java.base/jdk.internal.reflect.DirectConstructorHandleAccessor.newInstance(DirectConstructorHandleAccessor.java:62)
	at java.base/java.lang.reflect.Constructor.newInstanceWithCaller(Constructor.java:502)
	at java.base/java.lang.reflect.Constructor.newInstance(Constructor.java:486)
	at org.openqa.selenium.remote.ErrorCodec.decode(ErrorCodec.java:167)
	at org.openqa.selenium.remote.codec.w3c.W3CHttpResponseCodec.decode(W3CHttpResponseCodec.java:138)
	at org.openqa.selenium.remote.codec.w3c.W3CHttpResponseCodec.decode(W3CHttpResponseCodec.java:50)
	at org.openqa.selenium.remote.HttpCommandExecutor.execute(HttpCommandExecutor.java:190)
	at org.openqa.selenium.remote.service.DriverCommandExecutor.invokeExecute(DriverCommandExecutor.java:216)
	at org.openqa.selenium.remote.service.DriverCommandExecutor.execute(DriverCommandExecutor.java:174)
	at org.openqa.selenium.remote.RemoteWebDriver.execute(RemoteWebDriver.java:545)
	at org.openqa.selenium.remote.RemoteWebElement.execute(RemoteWebElement.java:223)
	at org.openqa.selenium.remote.RemoteWebElement.click(RemoteWebElement.java:76)
	at com.xats.automation.tests.pages.CandidateSubmissionPage.submissionId(CandidateSubmissionPage.java:67)
	at com.xats.automation.tests.stepdefinitions.CandidateSubmissionSteps.user_navigates_to_submission_page(CandidateSubmissionSteps.java:17)
	at ✽.user navigates submission page(file:///runner/_work/automation/automation/src/test/resources/features/08_CandidateSubmission.feature:17)
]]>
</failure>
<system-out><![CDATA[
Given User is on login page.................................................passed
When User enters username and password from config file.....................passed
And User clicks on login button.............................................passed
When user navigates to job detail view......................................passed
When user navigates submission page.........................................failed
And user adds a note in submission..........................................skipped
]]></system-out>
</testcase>
<testcase classname="Submission page" name="Edit the existing note" time="10.933">
<failure type="org.openqa.selenium.StaleElementReferenceException" message="stale element reference: stale element not found in the current frame
  (Session info: chrome=143.0.7499.40)
For documentation on this error, please visit: https://www.selenium.dev/documentation/webdriver/troubleshooting/errors#stale-element-reference-exception
Build info: version: '4.25.0', revision: '8a8aea2337'
System info: os.name: 'Linux', os.arch: 'amd64', os.version: '6.8.0-60-generic', java.version: '21.0.9'
Driver info: org.openqa.selenium.chrome.ChromeDriver
Command: [1208f91668e9a947ba89872d0b7e9a9d, clickElement {id=f.BAAEDD9F569900FF249C3269B943A2FC.d.EB418BF3BBE4550FA70005F6E576444C.e.49}]
Capabilities {acceptInsecureCerts: false, browserName: chrome, browserVersion: 143.0.7499.40, chrome: {chromedriverVersion: 143.0.7499.146 (c1224fc40c9..., userDataDir: /tmp/.org.chromium.Chromium...}, fedcm:accounts: true, goog:chromeOptions: {debuggerAddress: localhost:34425}, goog:processID: 5663, networkConnectionEnabled: false, pageLoadStrategy: normal, platformName: linux, proxy: Proxy(), se:cdp: ws://localhost:34425/devtoo..., se:cdpVersion: 143.0.7499.40, setWindowRect: true, strictFileInteractability: false, timeouts: {implicit: 0, pageLoad: 300000, script: 30000}, unhandledPromptBehavior: dismiss and notify, webauthn:extension:credBlob: true, webauthn:extension:largeBlob: true, webauthn:extension:minPinLength: true, webauthn:extension:prf: true, webauthn:virtualAuthenticators: true}
Element: [[ChromeDriver: chrome on linux (1208f91668e9a947ba89872d0b7e9a9d)] -&gt; xpath: /html/body/div[2]/main/div/div/div[4]/div[2]/div[2]/div[1]/a/span]
Session ID: 1208f91668e9a947ba89872d0b7e9a9d">
<![CDATA[org.openqa.selenium.StaleElementReferenceException: stale element reference: stale element not found in the current frame
  (Session info: chrome=143.0.7499.40)
For documentation on this error, please visit: https://www.selenium.dev/documentation/webdriver/troubleshooting/errors#stale-element-reference-exception
Build info: version: '4.25.0', revision: '8a8aea2337'
System info: os.name: 'Linux', os.arch: 'amd64', os.version: '6.8.0-60-generic', java.version: '21.0.9'
Driver info: org.openqa.selenium.chrome.ChromeDriver
Command: [1208f91668e9a947ba89872d0b7e9a9d, clickElement {id=f.BAAEDD9F569900FF249C3269B943A2FC.d.EB418BF3BBE4550FA70005F6E576444C.e.49}]
Capabilities {acceptInsecureCerts: false, browserName: chrome, browserVersion: 143.0.7499.40, chrome: {chromedriverVersion: 143.0.7499.146 (c1224fc40c9..., userDataDir: /tmp/.org.chromium.Chromium...}, fedcm:accounts: true, goog:chromeOptions: {debuggerAddress: localhost:34425}, goog:processID: 5663, networkConnectionEnabled: false, pageLoadStrategy: normal, platformName: linux, proxy: Proxy(), se:cdp: ws://localhost:34425/devtoo..., se:cdpVersion: 143.0.7499.40, setWindowRect: true, strictFileInteractability: false, timeouts: {implicit: 0, pageLoad: 300000, script: 30000}, unhandledPromptBehavior: dismiss and notify, webauthn:extension:credBlob: true, webauthn:extension:largeBlob: true, webauthn:extension:minPinLength: true, webauthn:extension:prf: true, webauthn:virtualAuthenticators: true}
Element: [[ChromeDriver: chrome on linux (1208f91668e9a947ba89872d0b7e9a9d)] -> xpath: /html/body/div[2]/main/div/div/div[4]/div[2]/div[2]/div[1]/a/span]
Session ID: 1208f91668e9a947ba89872d0b7e9a9d
	at java.base/jdk.internal.reflect.DirectConstructorHandleAccessor.newInstance(DirectConstructorHandleAccessor.java:62)
	at java.base/java.lang.reflect.Constructor.newInstanceWithCaller(Constructor.java:502)
	at java.base/java.lang.reflect.Constructor.newInstance(Constructor.java:486)
	at org.openqa.selenium.remote.ErrorCodec.decode(ErrorCodec.java:167)
	at org.openqa.selenium.remote.codec.w3c.W3CHttpResponseCodec.decode(W3CHttpResponseCodec.java:138)
	at org.openqa.selenium.remote.codec.w3c.W3CHttpResponseCodec.decode(W3CHttpResponseCodec.java:50)
	at org.openqa.selenium.remote.HttpCommandExecutor.execute(HttpCommandExecutor.java:190)
	at org.openqa.selenium.remote.service.DriverCommandExecutor.invokeExecute(DriverCommandExecutor.java:216)
	at org.openqa.selenium.remote.service.DriverCommandExecutor.execute(DriverCommandExecutor.java:174)
	at org.openqa.selenium.remote.RemoteWebDriver.execute(RemoteWebDriver.java:545)
	at org.openqa.selenium.remote.RemoteWebElement.execute(RemoteWebElement.java:223)
	at org.openqa.selenium.remote.RemoteWebElement.click(RemoteWebElement.java:76)
	at com.xats.automation.tests.pages.CandidateSubmissionPage.submissionId(CandidateSubmissionPage.java:67)
	at com.xats.automation.tests.stepdefinitions.CandidateSubmissionSteps.user_navigates_to_submission_page(CandidateSubmissionSteps.java:17)
	at ✽.user navigates submission page(file:///runner/_work/automation/automation/src/test/resources/features/08_CandidateSubmission.feature:23)
]]>
</failure>
<system-out><![CDATA[
Given User is on login page.................................................passed
When User enters username and password from config file.....................passed
And User clicks on login button.............................................passed
When user navigates to job detail view......................................passed
When user navigates submission page.........................................failed
And user edits the note in submission.......................................skipped
]]></system-out>
</testcase>
<testcase classname="Submission page" name="Pin the note" time="10.46">
<failure type="org.openqa.selenium.StaleElementReferenceException" message="stale element reference: stale element not found in the current frame
  (Session info: chrome=143.0.7499.40)
For documentation on this error, please visit: https://www.selenium.dev/documentation/webdriver/troubleshooting/errors#stale-element-reference-exception
Build info: version: '4.25.0', revision: '8a8aea2337'
System info: os.name: 'Linux', os.arch: 'amd64', os.version: '6.8.0-60-generic', java.version: '21.0.9'
Driver info: org.openqa.selenium.chrome.ChromeDriver
Command: [d09c8ad203601fd734e43398cea7b335, clickElement {id=f.056C69E1A31999F81C1B750D9C7C31EB.d.C4D80AFC4389446DD37B92A052533C17.e.46}]
Capabilities {acceptInsecureCerts: false, browserName: chrome, browserVersion: 143.0.7499.40, chrome: {chromedriverVersion: 143.0.7499.146 (c1224fc40c9..., userDataDir: /tmp/.org.chromium.Chromium...}, fedcm:accounts: true, goog:chromeOptions: {debuggerAddress: localhost:37359}, goog:processID: 5807, networkConnectionEnabled: false, pageLoadStrategy: normal, platformName: linux, proxy: Proxy(), se:cdp: ws://localhost:37359/devtoo..., se:cdpVersion: 143.0.7499.40, setWindowRect: true, strictFileInteractability: false, timeouts: {implicit: 0, pageLoad: 300000, script: 30000}, unhandledPromptBehavior: dismiss and notify, webauthn:extension:credBlob: true, webauthn:extension:largeBlob: true, webauthn:extension:minPinLength: true, webauthn:extension:prf: true, webauthn:virtualAuthenticators: true}
Element: [[ChromeDriver: chrome on linux (d09c8ad203601fd734e43398cea7b335)] -&gt; xpath: /html/body/div[2]/main/div/div/div[4]/div[2]/div[2]/div[1]/a/span]
Session ID: d09c8ad203601fd734e43398cea7b335">
<![CDATA[org.openqa.selenium.StaleElementReferenceException: stale element reference: stale element not found in the current frame
  (Session info: chrome=143.0.7499.40)
For documentation on this error, please visit: https://www.selenium.dev/documentation/webdriver/troubleshooting/errors#stale-element-reference-exception
Build info: version: '4.25.0', revision: '8a8aea2337'
System info: os.name: 'Linux', os.arch: 'amd64', os.version: '6.8.0-60-generic', java.version: '21.0.9'
Driver info: org.openqa.selenium.chrome.ChromeDriver
Command: [d09c8ad203601fd734e43398cea7b335, clickElement {id=f.056C69E1A31999F81C1B750D9C7C31EB.d.C4D80AFC4389446DD37B92A052533C17.e.46}]
Capabilities {acceptInsecureCerts: false, browserName: chrome, browserVersion: 143.0.7499.40, chrome: {chromedriverVersion: 143.0.7499.146 (c1224fc40c9..., userDataDir: /tmp/.org.chromium.Chromium...}, fedcm:accounts: true, goog:chromeOptions: {debuggerAddress: localhost:37359}, goog:processID: 5807, networkConnectionEnabled: false, pageLoadStrategy: normal, platformName: linux, proxy: Proxy(), se:cdp: ws://localhost:37359/devtoo..., se:cdpVersion: 143.0.7499.40, setWindowRect: true, strictFileInteractability: false, timeouts: {implicit: 0, pageLoad: 300000, script: 30000}, unhandledPromptBehavior: dismiss and notify, webauthn:extension:credBlob: true, webauthn:extension:largeBlob: true, webauthn:extension:minPinLength: true, webauthn:extension:prf: true, webauthn:virtualAuthenticators: true}
Element: [[ChromeDriver: chrome on linux (d09c8ad203601fd734e43398cea7b335)] -> xpath: /html/body/div[2]/main/div/div/div[4]/div[2]/div[2]/div[1]/a/span]
Session ID: d09c8ad203601fd734e43398cea7b335
	at java.base/jdk.internal.reflect.DirectConstructorHandleAccessor.newInstance(DirectConstructorHandleAccessor.java:62)
	at java.base/java.lang.reflect.Constructor.newInstanceWithCaller(Constructor.java:502)
	at java.base/java.lang.reflect.Constructor.newInstance(Constructor.java:486)
	at org.openqa.selenium.remote.ErrorCodec.decode(ErrorCodec.java:167)
	at org.openqa.selenium.remote.codec.w3c.W3CHttpResponseCodec.decode(W3CHttpResponseCodec.java:138)
	at org.openqa.selenium.remote.codec.w3c.W3CHttpResponseCodec.decode(W3CHttpResponseCodec.java:50)
	at org.openqa.selenium.remote.HttpCommandExecutor.execute(HttpCommandExecutor.java:190)
	at org.openqa.selenium.remote.service.DriverCommandExecutor.invokeExecute(DriverCommandExecutor.java:216)
	at org.openqa.selenium.remote.service.DriverCommandExecutor.execute(DriverCommandExecutor.java:174)
	at org.openqa.selenium.remote.RemoteWebDriver.execute(RemoteWebDriver.java:545)
	at org.openqa.selenium.remote.RemoteWebElement.execute(RemoteWebElement.java:223)
	at org.openqa.selenium.remote.RemoteWebElement.click(RemoteWebElement.java:76)
	at com.xats.automation.tests.pages.CandidateSubmissionPage.submissionId(CandidateSubmissionPage.java:67)
	at com.xats.automation.tests.stepdefinitions.CandidateSubmissionSteps.user_navigates_to_submission_page(CandidateSubmissionSteps.java:17)
	at ✽.user navigates submission page(file:///runner/_work/automation/automation/src/test/resources/features/08_CandidateSubmission.feature:29)
]]>
</failure>
<system-out><![CDATA[
Given User is on login page.................................................passed
When User enters username and password from config file.....................passed
And User clicks on login button.............................................passed
When user navigates to job detail view......................................passed
When user navigates submission page.........................................failed
And user pins the note in submission........................................skipped
]]></system-out>
</testcase>
<testcase classname="Submission page" name="Delete the note" time="10.497">
<failure type="org.openqa.selenium.StaleElementReferenceException" message="stale element reference: stale element not found in the current frame
  (Session info: chrome=143.0.7499.40)
For documentation on this error, please visit: https://www.selenium.dev/documentation/webdriver/troubleshooting/errors#stale-element-reference-exception
Build info: version: '4.25.0', revision: '8a8aea2337'
System info: os.name: 'Linux', os.arch: 'amd64', os.version: '6.8.0-60-generic', java.version: '21.0.9'
Driver info: org.openqa.selenium.chrome.ChromeDriver
Command: [0d97e09a09872cc8dc4af15cb1d89032, clickElement {id=f.E2CB493AFA64CA8418C92110ACBAFAC9.d.E7CE418078F2353CD4405A5A40667ED0.e.46}]
Capabilities {acceptInsecureCerts: false, browserName: chrome, browserVersion: 143.0.7499.40, chrome: {chromedriverVersion: 143.0.7499.146 (c1224fc40c9..., userDataDir: /tmp/.org.chromium.Chromium...}, fedcm:accounts: true, goog:chromeOptions: {debuggerAddress: localhost:40983}, goog:processID: 5959, networkConnectionEnabled: false, pageLoadStrategy: normal, platformName: linux, proxy: Proxy(), se:cdp: ws://localhost:40983/devtoo..., se:cdpVersion: 143.0.7499.40, setWindowRect: true, strictFileInteractability: false, timeouts: {implicit: 0, pageLoad: 300000, script: 30000}, unhandledPromptBehavior: dismiss and notify, webauthn:extension:credBlob: true, webauthn:extension:largeBlob: true, webauthn:extension:minPinLength: true, webauthn:extension:prf: true, webauthn:virtualAuthenticators: true}
Element: [[ChromeDriver: chrome on linux (0d97e09a09872cc8dc4af15cb1d89032)] -&gt; xpath: /html/body/div[2]/main/div/div/div[4]/div[2]/div[2]/div[1]/a/span]
Session ID: 0d97e09a09872cc8dc4af15cb1d89032">
<![CDATA[org.openqa.selenium.StaleElementReferenceException: stale element reference: stale element not found in the current frame
  (Session info: chrome=143.0.7499.40)
For documentation on this error, please visit: https://www.selenium.dev/documentation/webdriver/troubleshooting/errors#stale-element-reference-exception
Build info: version: '4.25.0', revision: '8a8aea2337'
System info: os.name: 'Linux', os.arch: 'amd64', os.version: '6.8.0-60-generic', java.version: '21.0.9'
Driver info: org.openqa.selenium.chrome.ChromeDriver
Command: [0d97e09a09872cc8dc4af15cb1d89032, clickElement {id=f.E2CB493AFA64CA8418C92110ACBAFAC9.d.E7CE418078F2353CD4405A5A40667ED0.e.46}]
Capabilities {acceptInsecureCerts: false, browserName: chrome, browserVersion: 143.0.7499.40, chrome: {chromedriverVersion: 143.0.7499.146 (c1224fc40c9..., userDataDir: /tmp/.org.chromium.Chromium...}, fedcm:accounts: true, goog:chromeOptions: {debuggerAddress: localhost:40983}, goog:processID: 5959, networkConnectionEnabled: false, pageLoadStrategy: normal, platformName: linux, proxy: Proxy(), se:cdp: ws://localhost:40983/devtoo..., se:cdpVersion: 143.0.7499.40, setWindowRect: true, strictFileInteractability: false, timeouts: {implicit: 0, pageLoad: 300000, script: 30000}, unhandledPromptBehavior: dismiss and notify, webauthn:extension:credBlob: true, webauthn:extension:largeBlob: true, webauthn:extension:minPinLength: true, webauthn:extension:prf: true, webauthn:virtualAuthenticators: true}
Element: [[ChromeDriver: chrome on linux (0d97e09a09872cc8dc4af15cb1d89032)] -> xpath: /html/body/div[2]/main/div/div/div[4]/div[2]/div[2]/div[1]/a/span]
Session ID: 0d97e09a09872cc8dc4af15cb1d89032
	at java.base/jdk.internal.reflect.DirectConstructorHandleAccessor.newInstance(DirectConstructorHandleAccessor.java:62)
	at java.base/java.lang.reflect.Constructor.newInstanceWithCaller(Constructor.java:502)
	at java.base/java.lang.reflect.Constructor.newInstance(Constructor.java:486)
	at org.openqa.selenium.remote.ErrorCodec.decode(ErrorCodec.java:167)
	at org.openqa.selenium.remote.codec.w3c.W3CHttpResponseCodec.decode(W3CHttpResponseCodec.java:138)
	at org.openqa.selenium.remote.codec.w3c.W3CHttpResponseCodec.decode(W3CHttpResponseCodec.java:50)
	at org.openqa.selenium.remote.HttpCommandExecutor.execute(HttpCommandExecutor.java:190)
	at org.openqa.selenium.remote.service.DriverCommandExecutor.invokeExecute(DriverCommandExecutor.java:216)
	at org.openqa.selenium.remote.service.DriverCommandExecutor.execute(DriverCommandExecutor.java:174)
	at org.openqa.selenium.remote.RemoteWebDriver.execute(RemoteWebDriver.java:545)
	at org.openqa.selenium.remote.RemoteWebElement.execute(RemoteWebElement.java:223)
	at org.openqa.selenium.remote.RemoteWebElement.click(RemoteWebElement.java:76)
	at com.xats.automation.tests.pages.CandidateSubmissionPage.submissionId(CandidateSubmissionPage.java:67)
	at com.xats.automation.tests.stepdefinitions.CandidateSubmissionSteps.user_navigates_to_submission_page(CandidateSubmissionSteps.java:17)
	at ✽.user navigates submission page(file:///runner/_work/automation/automation/src/test/resources/features/08_CandidateSubmission.feature:35)
]]>
</failure>
<system-out><![CDATA[
Given User is on login page.................................................passed
When User enters username and password from config file.....................passed
And User clicks on login button.............................................passed
When user navigates to job detail view......................................passed
When user navigates submission page.........................................failed
And user deletes the note in the submission.................................skipped
]]></system-out>
</testcase>
<testcase classname="Submission page" name="Upload a new document" time="10.54">
<failure type="org.openqa.selenium.StaleElementReferenceException" message="stale element reference: stale element not found in the current frame
  (Session info: chrome=143.0.7499.40)
For documentation on this error, please visit: https://www.selenium.dev/documentation/webdriver/troubleshooting/errors#stale-element-reference-exception
Build info: version: '4.25.0', revision: '8a8aea2337'
System info: os.name: 'Linux', os.arch: 'amd64', os.version: '6.8.0-60-generic', java.version: '21.0.9'
Driver info: org.openqa.selenium.chrome.ChromeDriver
Command: [a7f76bda4e1da5b4ae0050c05a52aafb, clickElement {id=f.A9613CAB80651ACE75D581F09108E9CC.d.1A0D1BA4B9013B59FE9865C414E0FA1A.e.46}]
Capabilities {acceptInsecureCerts: false, browserName: chrome, browserVersion: 143.0.7499.40, chrome: {chromedriverVersion: 143.0.7499.146 (c1224fc40c9..., userDataDir: /tmp/.org.chromium.Chromium...}, fedcm:accounts: true, goog:chromeOptions: {debuggerAddress: localhost:44243}, goog:processID: 6102, networkConnectionEnabled: false, pageLoadStrategy: normal, platformName: linux, proxy: Proxy(), se:cdp: ws://localhost:44243/devtoo..., se:cdpVersion: 143.0.7499.40, setWindowRect: true, strictFileInteractability: false, timeouts: {implicit: 0, pageLoad: 300000, script: 30000}, unhandledPromptBehavior: dismiss and notify, webauthn:extension:credBlob: true, webauthn:extension:largeBlob: true, webauthn:extension:minPinLength: true, webauthn:extension:prf: true, webauthn:virtualAuthenticators: true}
Element: [[ChromeDriver: chrome on linux (a7f76bda4e1da5b4ae0050c05a52aafb)] -&gt; xpath: /html/body/div[2]/main/div/div/div[4]/div[2]/div[2]/div[1]/a/span]
Session ID: a7f76bda4e1da5b4ae0050c05a52aafb">
<![CDATA[org.openqa.selenium.StaleElementReferenceException: stale element reference: stale element not found in the current frame
  (Session info: chrome=143.0.7499.40)
For documentation on this error, please visit: https://www.selenium.dev/documentation/webdriver/troubleshooting/errors#stale-element-reference-exception
Build info: version: '4.25.0', revision: '8a8aea2337'
System info: os.name: 'Linux', os.arch: 'amd64', os.version: '6.8.0-60-generic', java.version: '21.0.9'
Driver info: org.openqa.selenium.chrome.ChromeDriver
Command: [a7f76bda4e1da5b4ae0050c05a52aafb, clickElement {id=f.A9613CAB80651ACE75D581F09108E9CC.d.1A0D1BA4B9013B59FE9865C414E0FA1A.e.46}]
Capabilities {acceptInsecureCerts: false, browserName: chrome, browserVersion: 143.0.7499.40, chrome: {chromedriverVersion: 143.0.7499.146 (c1224fc40c9..., userDataDir: /tmp/.org.chromium.Chromium...}, fedcm:accounts: true, goog:chromeOptions: {debuggerAddress: localhost:44243}, goog:processID: 6102, networkConnectionEnabled: false, pageLoadStrategy: normal, platformName: linux, proxy: Proxy(), se:cdp: ws://localhost:44243/devtoo..., se:cdpVersion: 143.0.7499.40, setWindowRect: true, strictFileInteractability: false, timeouts: {implicit: 0, pageLoad: 300000, script: 30000}, unhandledPromptBehavior: dismiss and notify, webauthn:extension:credBlob: true, webauthn:extension:largeBlob: true, webauthn:extension:minPinLength: true, webauthn:extension:prf: true, webauthn:virtualAuthenticators: true}
Element: [[ChromeDriver: chrome on linux (a7f76bda4e1da5b4ae0050c05a52aafb)] -> xpath: /html/body/div[2]/main/div/div/div[4]/div[2]/div[2]/div[1]/a/span]
Session ID: a7f76bda4e1da5b4ae0050c05a52aafb
	at java.base/jdk.internal.reflect.DirectConstructorHandleAccessor.newInstance(DirectConstructorHandleAccessor.java:62)
	at java.base/java.lang.reflect.Constructor.newInstanceWithCaller(Constructor.java:502)
	at java.base/java.lang.reflect.Constructor.newInstance(Constructor.java:486)
	at org.openqa.selenium.remote.ErrorCodec.decode(ErrorCodec.java:167)
	at org.openqa.selenium.remote.codec.w3c.W3CHttpResponseCodec.decode(W3CHttpResponseCodec.java:138)
	at org.openqa.selenium.remote.codec.w3c.W3CHttpResponseCodec.decode(W3CHttpResponseCodec.java:50)
	at org.openqa.selenium.remote.HttpCommandExecutor.execute(HttpCommandExecutor.java:190)
	at org.openqa.selenium.remote.service.DriverCommandExecutor.invokeExecute(DriverCommandExecutor.java:216)
	at org.openqa.selenium.remote.service.DriverCommandExecutor.execute(DriverCommandExecutor.java:174)
	at org.openqa.selenium.remote.RemoteWebDriver.execute(RemoteWebDriver.java:545)
	at org.openqa.selenium.remote.RemoteWebElement.execute(RemoteWebElement.java:223)
	at org.openqa.selenium.remote.RemoteWebElement.click(RemoteWebElement.java:76)
	at com.xats.automation.tests.pages.CandidateSubmissionPage.submissionId(CandidateSubmissionPage.java:67)
	at com.xats.automation.tests.stepdefinitions.CandidateSubmissionSteps.user_navigates_to_submission_page(CandidateSubmissionSteps.java:17)
	at ✽.user navigates submission page(file:///runner/_work/automation/automation/src/test/resources/features/08_CandidateSubmission.feature:41)
]]>
</failure>
<system-out><![CDATA[
Given User is on login page.................................................passed
When User enters username and password from config file.....................passed
And User clicks on login button.............................................passed
When user navigates to job detail view......................................passed
When user navigates submission page.........................................failed
And user uploads a document in submission...................................skipped
]]></system-out>
</testcase>
<testcase classname="Submission page" name="Delete the uploaded document" time="10.597">
<failure type="org.openqa.selenium.StaleElementReferenceException" message="stale element reference: stale element not found in the current frame
  (Session info: chrome=143.0.7499.40)
For documentation on this error, please visit: https://www.selenium.dev/documentation/webdriver/troubleshooting/errors#stale-element-reference-exception
Build info: version: '4.25.0', revision: '8a8aea2337'
System info: os.name: 'Linux', os.arch: 'amd64', os.version: '6.8.0-60-generic', java.version: '21.0.9'
Driver info: org.openqa.selenium.chrome.ChromeDriver
Command: [1f1306eaffcdb17126ca72e84746a773, clickElement {id=f.F0F4D41DB04B7A392F6E4642F7CD3D82.d.1152DD104E0BC80DE98A0FAEA6C8420F.e.46}]
Capabilities {acceptInsecureCerts: false, browserName: chrome, browserVersion: 143.0.7499.40, chrome: {chromedriverVersion: 143.0.7499.146 (c1224fc40c9..., userDataDir: /tmp/.org.chromium.Chromium...}, fedcm:accounts: true, goog:chromeOptions: {debuggerAddress: localhost:45999}, goog:processID: 6246, networkConnectionEnabled: false, pageLoadStrategy: normal, platformName: linux, proxy: Proxy(), se:cdp: ws://localhost:45999/devtoo..., se:cdpVersion: 143.0.7499.40, setWindowRect: true, strictFileInteractability: false, timeouts: {implicit: 0, pageLoad: 300000, script: 30000}, unhandledPromptBehavior: dismiss and notify, webauthn:extension:credBlob: true, webauthn:extension:largeBlob: true, webauthn:extension:minPinLength: true, webauthn:extension:prf: true, webauthn:virtualAuthenticators: true}
Element: [[ChromeDriver: chrome on linux (1f1306eaffcdb17126ca72e84746a773)] -&gt; xpath: /html/body/div[2]/main/div/div/div[4]/div[2]/div[2]/div[1]/a/span]
Session ID: 1f1306eaffcdb17126ca72e84746a773">
<![CDATA[org.openqa.selenium.StaleElementReferenceException: stale element reference: stale element not found in the current frame
  (Session info: chrome=143.0.7499.40)
For documentation on this error, please visit: https://www.selenium.dev/documentation/webdriver/troubleshooting/errors#stale-element-reference-exception
Build info: version: '4.25.0', revision: '8a8aea2337'
System info: os.name: 'Linux', os.arch: 'amd64', os.version: '6.8.0-60-generic', java.version: '21.0.9'
Driver info: org.openqa.selenium.chrome.ChromeDriver
Command: [1f1306eaffcdb17126ca72e84746a773, clickElement {id=f.F0F4D41DB04B7A392F6E4642F7CD3D82.d.1152DD104E0BC80DE98A0FAEA6C8420F.e.46}]
Capabilities {acceptInsecureCerts: false, browserName: chrome, browserVersion: 143.0.7499.40, chrome: {chromedriverVersion: 143.0.7499.146 (c1224fc40c9..., userDataDir: /tmp/.org.chromium.Chromium...}, fedcm:accounts: true, goog:chromeOptions: {debuggerAddress: localhost:45999}, goog:processID: 6246, networkConnectionEnabled: false, pageLoadStrategy: normal, platformName: linux, proxy: Proxy(), se:cdp: ws://localhost:45999/devtoo..., se:cdpVersion: 143.0.7499.40, setWindowRect: true, strictFileInteractability: false, timeouts: {implicit: 0, pageLoad: 300000, script: 30000}, unhandledPromptBehavior: dismiss and notify, webauthn:extension:credBlob: true, webauthn:extension:largeBlob: true, webauthn:extension:minPinLength: true, webauthn:extension:prf: true, webauthn:virtualAuthenticators: true}
Element: [[ChromeDriver: chrome on linux (1f1306eaffcdb17126ca72e84746a773)] -> xpath: /html/body/div[2]/main/div/div/div[4]/div[2]/div[2]/div[1]/a/span]
Session ID: 1f1306eaffcdb17126ca72e84746a773
	at java.base/jdk.internal.reflect.DirectConstructorHandleAccessor.newInstance(DirectConstructorHandleAccessor.java:62)
	at java.base/java.lang.reflect.Constructor.newInstanceWithCaller(Constructor.java:502)
	at java.base/java.lang.reflect.Constructor.newInstance(Constructor.java:486)
	at org.openqa.selenium.remote.ErrorCodec.decode(ErrorCodec.java:167)
	at org.openqa.selenium.remote.codec.w3c.W3CHttpResponseCodec.decode(W3CHttpResponseCodec.java:138)
	at org.openqa.selenium.remote.codec.w3c.W3CHttpResponseCodec.decode(W3CHttpResponseCodec.java:50)
	at org.openqa.selenium.remote.HttpCommandExecutor.execute(HttpCommandExecutor.java:190)
	at org.openqa.selenium.remote.service.DriverCommandExecutor.invokeExecute(DriverCommandExecutor.java:216)
	at org.openqa.selenium.remote.service.DriverCommandExecutor.execute(DriverCommandExecutor.java:174)
	at org.openqa.selenium.remote.RemoteWebDriver.execute(RemoteWebDriver.java:545)
	at org.openqa.selenium.remote.RemoteWebElement.execute(RemoteWebElement.java:223)
	at org.openqa.selenium.remote.RemoteWebElement.click(RemoteWebElement.java:76)
	at com.xats.automation.tests.pages.CandidateSubmissionPage.submissionId(CandidateSubmissionPage.java:67)
	at com.xats.automation.tests.stepdefinitions.CandidateSubmissionSteps.user_navigates_to_submission_page(CandidateSubmissionSteps.java:17)
	at ✽.user navigates submission page(file:///runner/_work/automation/automation/src/test/resources/features/08_CandidateSubmission.feature:47)
]]>
</failure>
<system-out><![CDATA[
Given User is on login page.................................................passed
When User enters username and password from config file.....................passed
And User clicks on login button.............................................passed
When user navigates to job detail view......................................passed
When user navigates submission page.........................................failed
And user deletes the document in submission.................................skipped
]]></system-out>
</testcase>
<testcase classname="Submission page" name="Interview creation" time="10.458">
<failure type="org.openqa.selenium.StaleElementReferenceException" message="stale element reference: stale element not found in the current frame
  (Session info: chrome=143.0.7499.40)
For documentation on this error, please visit: https://www.selenium.dev/documentation/webdriver/troubleshooting/errors#stale-element-reference-exception
Build info: version: '4.25.0', revision: '8a8aea2337'
System info: os.name: 'Linux', os.arch: 'amd64', os.version: '6.8.0-60-generic', java.version: '21.0.9'
Driver info: org.openqa.selenium.chrome.ChromeDriver
Command: [e37c1668baeef4a3cfa1a97df401788e, clickElement {id=f.5DBFFCA86DAC8B75BA355864EACA2F67.d.786F54486EE70C4C7BF61A89501C7B62.e.46}]
Capabilities {acceptInsecureCerts: false, browserName: chrome, browserVersion: 143.0.7499.40, chrome: {chromedriverVersion: 143.0.7499.146 (c1224fc40c9..., userDataDir: /tmp/.org.chromium.Chromium...}, fedcm:accounts: true, goog:chromeOptions: {debuggerAddress: localhost:34171}, goog:processID: 6391, networkConnectionEnabled: false, pageLoadStrategy: normal, platformName: linux, proxy: Proxy(), se:cdp: ws://localhost:34171/devtoo..., se:cdpVersion: 143.0.7499.40, setWindowRect: true, strictFileInteractability: false, timeouts: {implicit: 0, pageLoad: 300000, script: 30000}, unhandledPromptBehavior: dismiss and notify, webauthn:extension:credBlob: true, webauthn:extension:largeBlob: true, webauthn:extension:minPinLength: true, webauthn:extension:prf: true, webauthn:virtualAuthenticators: true}
Element: [[ChromeDriver: chrome on linux (e37c1668baeef4a3cfa1a97df401788e)] -&gt; xpath: /html/body/div[2]/main/div/div/div[4]/div[2]/div[2]/div[1]/a/span]
Session ID: e37c1668baeef4a3cfa1a97df401788e">
<![CDATA[org.openqa.selenium.StaleElementReferenceException: stale element reference: stale element not found in the current frame
  (Session info: chrome=143.0.7499.40)
For documentation on this error, please visit: https://www.selenium.dev/documentation/webdriver/troubleshooting/errors#stale-element-reference-exception
Build info: version: '4.25.0', revision: '8a8aea2337'
System info: os.name: 'Linux', os.arch: 'amd64', os.version: '6.8.0-60-generic', java.version: '21.0.9'
Driver info: org.openqa.selenium.chrome.ChromeDriver
Command: [e37c1668baeef4a3cfa1a97df401788e, clickElement {id=f.5DBFFCA86DAC8B75BA355864EACA2F67.d.786F54486EE70C4C7BF61A89501C7B62.e.46}]
Capabilities {acceptInsecureCerts: false, browserName: chrome, browserVersion: 143.0.7499.40, chrome: {chromedriverVersion: 143.0.7499.146 (c1224fc40c9..., userDataDir: /tmp/.org.chromium.Chromium...}, fedcm:accounts: true, goog:chromeOptions: {debuggerAddress: localhost:34171}, goog:processID: 6391, networkConnectionEnabled: false, pageLoadStrategy: normal, platformName: linux, proxy: Proxy(), se:cdp: ws://localhost:34171/devtoo..., se:cdpVersion: 143.0.7499.40, setWindowRect: true, strictFileInteractability: false, timeouts: {implicit: 0, pageLoad: 300000, script: 30000}, unhandledPromptBehavior: dismiss and notify, webauthn:extension:credBlob: true, webauthn:extension:largeBlob: true, webauthn:extension:minPinLength: true, webauthn:extension:prf: true, webauthn:virtualAuthenticators: true}
Element: [[ChromeDriver: chrome on linux (e37c1668baeef4a3cfa1a97df401788e)] -> xpath: /html/body/div[2]/main/div/div/div[4]/div[2]/div[2]/div[1]/a/span]
Session ID: e37c1668baeef4a3cfa1a97df401788e
	at java.base/jdk.internal.reflect.DirectConstructorHandleAccessor.newInstance(DirectConstructorHandleAccessor.java:62)
	at java.base/java.lang.reflect.Constructor.newInstanceWithCaller(Constructor.java:502)
	at java.base/java.lang.reflect.Constructor.newInstance(Constructor.java:486)
	at org.openqa.selenium.remote.ErrorCodec.decode(ErrorCodec.java:167)
	at org.openqa.selenium.remote.codec.w3c.W3CHttpResponseCodec.decode(W3CHttpResponseCodec.java:138)
	at org.openqa.selenium.remote.codec.w3c.W3CHttpResponseCodec.decode(W3CHttpResponseCodec.java:50)
	at org.openqa.selenium.remote.HttpCommandExecutor.execute(HttpCommandExecutor.java:190)
	at org.openqa.selenium.remote.service.DriverCommandExecutor.invokeExecute(DriverCommandExecutor.java:216)
	at org.openqa.selenium.remote.service.DriverCommandExecutor.execute(DriverCommandExecutor.java:174)
	at org.openqa.selenium.remote.RemoteWebDriver.execute(RemoteWebDriver.java:545)
	at org.openqa.selenium.remote.RemoteWebElement.execute(RemoteWebElement.java:223)
	at org.openqa.selenium.remote.RemoteWebElement.click(RemoteWebElement.java:76)
	at com.xats.automation.tests.pages.CandidateSubmissionPage.submissionId(CandidateSubmissionPage.java:67)
	at com.xats.automation.tests.stepdefinitions.CandidateSubmissionSteps.user_navigates_to_submission_page(CandidateSubmissionSteps.java:17)
	at ✽.user navigates submission page(file:///runner/_work/automation/automation/src/test/resources/features/08_CandidateSubmission.feature:53)
]]>
</failure>
<system-out><![CDATA[
Given User is on login page.................................................passed
When User enters username and password from config file.....................passed
And User clicks on login button.............................................passed
When user navigates to job detail view......................................passed
When user navigates submission page.........................................failed
And User creates a interview................................................skipped
]]></system-out>
</testcase>
<testcase classname="Submission page" name="Create a Task" time="10.484">
<failure type="org.openqa.selenium.StaleElementReferenceException" message="stale element reference: stale element not found in the current frame
  (Session info: chrome=143.0.7499.40)
For documentation on this error, please visit: https://www.selenium.dev/documentation/webdriver/troubleshooting/errors#stale-element-reference-exception
Build info: version: '4.25.0', revision: '8a8aea2337'
System info: os.name: 'Linux', os.arch: 'amd64', os.version: '6.8.0-60-generic', java.version: '21.0.9'
Driver info: org.openqa.selenium.chrome.ChromeDriver
Command: [31ba137bc27c2f478f500e734b5ecd3c, clickElement {id=f.F461911050D157F73DBEB179169E1881.d.1FC7123EC61C259234DA5ADEEE4C029F.e.46}]
Capabilities {acceptInsecureCerts: false, browserName: chrome, browserVersion: 143.0.7499.40, chrome: {chromedriverVersion: 143.0.7499.146 (c1224fc40c9..., userDataDir: /tmp/.org.chromium.Chromium...}, fedcm:accounts: true, goog:chromeOptions: {debuggerAddress: localhost:35581}, goog:processID: 6535, networkConnectionEnabled: false, pageLoadStrategy: normal, platformName: linux, proxy: Proxy(), se:cdp: ws://localhost:35581/devtoo..., se:cdpVersion: 143.0.7499.40, setWindowRect: true, strictFileInteractability: false, timeouts: {implicit: 0, pageLoad: 300000, script: 30000}, unhandledPromptBehavior: dismiss and notify, webauthn:extension:credBlob: true, webauthn:extension:largeBlob: true, webauthn:extension:minPinLength: true, webauthn:extension:prf: true, webauthn:virtualAuthenticators: true}
Element: [[ChromeDriver: chrome on linux (31ba137bc27c2f478f500e734b5ecd3c)] -&gt; xpath: /html/body/div[2]/main/div/div/div[4]/div[2]/div[2]/div[1]/a/span]
Session ID: 31ba137bc27c2f478f500e734b5ecd3c">
<![CDATA[org.openqa.selenium.StaleElementReferenceException: stale element reference: stale element not found in the current frame
  (Session info: chrome=143.0.7499.40)
For documentation on this error, please visit: https://www.selenium.dev/documentation/webdriver/troubleshooting/errors#stale-element-reference-exception
Build info: version: '4.25.0', revision: '8a8aea2337'
System info: os.name: 'Linux', os.arch: 'amd64', os.version: '6.8.0-60-generic', java.version: '21.0.9'
Driver info: org.openqa.selenium.chrome.ChromeDriver
Command: [31ba137bc27c2f478f500e734b5ecd3c, clickElement {id=f.F461911050D157F73DBEB179169E1881.d.1FC7123EC61C259234DA5ADEEE4C029F.e.46}]
Capabilities {acceptInsecureCerts: false, browserName: chrome, browserVersion: 143.0.7499.40, chrome: {chromedriverVersion: 143.0.7499.146 (c1224fc40c9..., userDataDir: /tmp/.org.chromium.Chromium...}, fedcm:accounts: true, goog:chromeOptions: {debuggerAddress: localhost:35581}, goog:processID: 6535, networkConnectionEnabled: false, pageLoadStrategy: normal, platformName: linux, proxy: Proxy(), se:cdp: ws://localhost:35581/devtoo..., se:cdpVersion: 143.0.7499.40, setWindowRect: true, strictFileInteractability: false, timeouts: {implicit: 0, pageLoad: 300000, script: 30000}, unhandledPromptBehavior: dismiss and notify, webauthn:extension:credBlob: true, webauthn:extension:largeBlob: true, webauthn:extension:minPinLength: true, webauthn:extension:prf: true, webauthn:virtualAuthenticators: true}
Element: [[ChromeDriver: chrome on linux (31ba137bc27c2f478f500e734b5ecd3c)] -> xpath: /html/body/div[2]/main/div/div/div[4]/div[2]/div[2]/div[1]/a/span]
Session ID: 31ba137bc27c2f478f500e734b5ecd3c
	at java.base/jdk.internal.reflect.DirectConstructorHandleAccessor.newInstance(DirectConstructorHandleAccessor.java:62)
	at java.base/java.lang.reflect.Constructor.newInstanceWithCaller(Constructor.java:502)
	at java.base/java.lang.reflect.Constructor.newInstance(Constructor.java:486)
	at org.openqa.selenium.remote.ErrorCodec.decode(ErrorCodec.java:167)
	at org.openqa.selenium.remote.codec.w3c.W3CHttpResponseCodec.decode(W3CHttpResponseCodec.java:138)
	at org.openqa.selenium.remote.codec.w3c.W3CHttpResponseCodec.decode(W3CHttpResponseCodec.java:50)
	at org.openqa.selenium.remote.HttpCommandExecutor.execute(HttpCommandExecutor.java:190)
	at org.openqa.selenium.remote.service.DriverCommandExecutor.invokeExecute(DriverCommandExecutor.java:216)
	at org.openqa.selenium.remote.service.DriverCommandExecutor.execute(DriverCommandExecutor.java:174)
	at org.openqa.selenium.remote.RemoteWebDriver.execute(RemoteWebDriver.java:545)
	at org.openqa.selenium.remote.RemoteWebElement.execute(RemoteWebElement.java:223)
	at org.openqa.selenium.remote.RemoteWebElement.click(RemoteWebElement.java:76)
	at com.xats.automation.tests.pages.CandidateSubmissionPage.submissionId(CandidateSubmissionPage.java:67)
	at com.xats.automation.tests.stepdefinitions.CandidateSubmissionSteps.user_navigates_to_submission_page(CandidateSubmissionSteps.java:17)
	at ✽.user navigates submission page(file:///runner/_work/automation/automation/src/test/resources/features/08_CandidateSubmission.feature:60)
]]>
</failure>
<system-out><![CDATA[
Given User is on login page.................................................passed
When User enters username and password from config file.....................passed
And User clicks on login button.............................................passed
When user navigates to job detail view......................................passed
When user navigates submission page.........................................failed
When user create a task in submission.......................................skipped
]]></system-out>
</testcase>
</testsuite>
