<?xml version="1.0" encoding="UTF-8"?>
<testng-results ignored="0" total="0" passed="0" failed="0" skipped="0">
  <reporter-output>
  </reporter-output>
  <suite started-at="2026-06-16T03:57:25 GMT" name="Surefire suite" finished-at="2026-06-16T04:19:00 GMT" duration-ms="1295017">
    <groups>
    </groups>
    <test started-at="2026-06-16T03:57:25 GMT" name="Surefire test" finished-at="2026-06-16T04:19:00 GMT" duration-ms="1295017">
    </test> <!-- Surefire test -->
  </suite> <!-- Surefire suite -->
</testng-results>
