-------------------------------------------------------------------------------
Test set: com.xats.automation.tests.runner.TestRunner
-------------------------------------------------------------------------------
Tests run: 75, Failures: 5, Errors: 3, Skipped: 0, Time elapsed: 1800 s <<< FAILURE! -- in com.xats.automation.tests.runner.TestRunner
User Registration.Successfully register a new user -- Time elapsed: 94.27 s <<< ERROR!
org.openqa.selenium.TimeoutException: 
Expected condition failed: waiting for element to be clickable: By.id: terms (tried for 15 second(s) with 500 milliseconds interval)
Build info: version: '4.25.0', revision: '8a8aea2337'
System info: os.name: 'Linux', os.arch: 'amd64', os.version: '6.8.0-124-generic', java.version: '17.0.19'
Driver info: org.openqa.selenium.chrome.ChromeDriver
Capabilities {acceptInsecureCerts: false, browserName: chrome, browserVersion: 143.0.7499.40, chrome: {chromedriverVersion: 143.0.7499.192 (be2c1f4fd45..., userDataDir: /tmp/.org.chromium.Chromium...}, fedcm:accounts: true, goog:chromeOptions: {debuggerAddress: localhost:33495}, goog:processID: 918, networkConnectionEnabled: false, pageLoadStrategy: normal, platformName: linux, proxy: Proxy(), se:cdp: ws://localhost:33495/devtoo..., se:cdpVersion: 143.0.7499.40, setWindowRect: true, strictFileInteractability: false, timeouts: {implicit: 0, pageLoad: 300000, script: 30000}, unhandledPromptBehavior: dismiss and notify, webauthn:extension:credBlob: true, webauthn:extension:largeBlob: true, webauthn:extension:minPinLength: true, webauthn:extension:prf: true, webauthn:virtualAuthenticators: true}
Session ID: 047ad840dddb06fab401295085c07a13
	at org.openqa.selenium.support.ui.WebDriverWait.timeoutException(WebDriverWait.java:84)
	at org.openqa.selenium.support.ui.FluentWait.until(FluentWait.java:228)
	at com.xats.automation.tests.pages.auth.SignUpPage.clickButton(SignUpPage.java:96)
	at com.xats.automation.tests.pages.auth.SignUpPage.acceptTermsAndSubmit(SignUpPage.java:64)
	at com.xats.automation.tests.stepdefinitions.auth.AuthSteps.acceptTermsAndSubmit(AuthSteps.java:75)
	at ✽.User accepts the terms and clicks Create Account(file:///runner/_work/automation/automation/src/test/resources/features/1.auth/01_SignUp.feature:9)

Client Search and Filter Functionality.Filter clients by Status -- Time elapsed: 8.705 s <<< FAILURE!
java.lang.AssertionError: ❌ Row does not match the filtered status: No data found
	at com.xats.automation.tests.pages.client.ClientPage.verifyClientStatusFilterResults(ClientPage.java:729)
	at com.xats.automation.tests.stepdefinitions.client.ClientSteps.filtered_client_results_should_match_the_status_filter(ClientSteps.java:189)
	at ✽.Filtered client results should match the status filter(file:///runner/_work/automation/automation/src/test/resources/features/2.client/23_ClientSearch.feature:29)

Job Creation.Create a new Job -- Time elapsed: 26.05 s <<< FAILURE!
java.lang.AssertionError: 
❌ Unexpected toast message: Error
A job with this title already exists for this client.
	at com.xats.automation.tests.pages.job.JobCreationPage.validateSuccessToast(JobCreationPage.java:423)
	at com.xats.automation.tests.pages.job.JobCreationPage.createNewJob(JobCreationPage.java:183)
	at com.xats.automation.tests.stepdefinitions.job.JobSteps.user_navigates_to_Job_and_adds_job(JobSteps.java:20)
	at ✽.User navigates to job section and adds a new job(file:///runner/_work/automation/automation/src/test/resources/features/3.job/08_JobCreation.feature:10)

Job Bulk Upload.Upload a CSV file with 2 jobs and verify they are created -- Time elapsed: 20.47 s <<< FAILURE!
java.lang.AssertionError: ❌ Expected 2 created, but got: 0. Banner: [Upload complete: 0 created, 0 skipped, 2 failed.]
	at com.xats.automation.tests.pages.job.JobBulkUploadPage.waitForUploadAndVerifyCreated(JobBulkUploadPage.java:316)
	at com.xats.automation.tests.stepdefinitions.job.JobBulkUploadSteps.upload_should_complete_with_jobs_created(JobBulkUploadSteps.java:34)
	at ✽.Upload should complete with 2 jobs created(file:///runner/_work/automation/automation/src/test/resources/features/3.job/22_JobBulkUpload.feature:13)

Candidate Submission Flow.Submit a candidate to a job from the three-dot menu -- Time elapsed: 30.52 s <<< FAILURE!
java.lang.AssertionError: 
❌ Unexpected toast message: Error
All candidates have already applied to this job
	at com.xats.automation.tests.pages.candidate.SubmitCandidatePage.validateSuccessToast(SubmitCandidatePage.java:488)
	at com.xats.automation.tests.pages.candidate.SubmitCandidatePage.completeFinalSubmission(SubmitCandidatePage.java:140)
	at com.xats.automation.tests.stepdefinitions.candidate.CandidateSteps.completeSubmission(CandidateSteps.java:160)
	at ✽.user completes the final submission(file:///runner/_work/automation/automation/src/test/resources/features/4.candidate/14_SubmitCandidate.feature:15)

Interview Pipeline Management.Initialize candidate interview pipeline successfully -- Time elapsed: 39.25 s <<< ERROR!
org.openqa.selenium.TimeoutException: 
Expected condition failed: waiting for element to be clickable: By.xpath: //button[contains(., 'Initialize Pipeline') or contains(text(), 'Initialize')] (tried for 25 second(s) with 500 milliseconds interval)
Build info: version: '4.25.0', revision: '8a8aea2337'
System info: os.name: 'Linux', os.arch: 'amd64', os.version: '6.8.0-124-generic', java.version: '17.0.19'
Driver info: org.openqa.selenium.chrome.ChromeDriver
Capabilities {acceptInsecureCerts: false, browserName: chrome, browserVersion: 143.0.7499.40, chrome: {chromedriverVersion: 143.0.7499.192 (be2c1f4fd45..., userDataDir: /tmp/.org.chromium.Chromium...}, fedcm:accounts: true, goog:chromeOptions: {debuggerAddress: localhost:42875}, goog:processID: 15193, networkConnectionEnabled: false, pageLoadStrategy: normal, platformName: linux, proxy: Proxy(), se:cdp: ws://localhost:42875/devtoo..., se:cdpVersion: 143.0.7499.40, setWindowRect: true, strictFileInteractability: false, timeouts: {implicit: 0, pageLoad: 300000, script: 30000}, unhandledPromptBehavior: dismiss and notify, webauthn:extension:credBlob: true, webauthn:extension:largeBlob: true, webauthn:extension:minPinLength: true, webauthn:extension:prf: true, webauthn:virtualAuthenticators: true}
Session ID: 04fbdaaf398ac362a82b67bae357218a
	at org.openqa.selenium.support.ui.WebDriverWait.timeoutException(WebDriverWait.java:84)
	at org.openqa.selenium.support.ui.FluentWait.until(FluentWait.java:228)
	at com.xats.automation.tests.pages.job.JobInDetailViewPage.clickInitializePipeline(JobInDetailViewPage.java:157)
	at com.xats.automation.tests.stepdefinitions.job.InterviewPipelineSteps.user_clicks_on_initialize_pipeline_button(InterviewPipelineSteps.java:31)
	at ✽.User clicks on Initialize Pipeline button(file:///runner/_work/automation/automation/src/test/resources/features/5.pipeline/19_InterviewPipeline.feature:11)

Interview Pipeline Management.Interview creation -- Time elapsed: 19.70 s <<< FAILURE!
java.lang.AssertionError: 
❌ Unexpected toast message: Error
Invalid input: Meeting time conflicts with existing scheduled meeting.
	at com.xats.automation.tests.pages.candidate.SubmissionEngagementPage.validateSuccessToast(SubmissionEngagementPage.java:510)
	at com.xats.automation.tests.pages.candidate.SubmissionEngagementPage.scheduleInterview(SubmissionEngagementPage.java:365)
	at com.xats.automation.tests.stepdefinitions.candidate.SubmissionEngagementSteps.userCreatesInterview(SubmissionEngagementSteps.java:71)
	at ✽.User creates a interview(file:///runner/_work/automation/automation/src/test/resources/features/5.pipeline/19_InterviewPipeline.feature:50)

Role Based Access Control.Edit Permission Groups successfully -- Time elapsed: 55.44 s <<< ERROR!
org.openqa.selenium.TimeoutException: 
Expected condition failed: waiting for visibility of element located by By.xpath: /html/body/div[2]/div/div[2]/div/div/div/div/div[2]/form/div[1]/div[1]/div/input (tried for 10 second(s) with 500 milliseconds interval)
Build info: version: '4.25.0', revision: '8a8aea2337'
System info: os.name: 'Linux', os.arch: 'amd64', os.version: '6.8.0-124-generic', java.version: '17.0.19'
Driver info: org.openqa.selenium.chrome.ChromeDriver
Capabilities {acceptInsecureCerts: false, browserName: chrome, browserVersion: 143.0.7499.40, chrome: {chromedriverVersion: 143.0.7499.192 (be2c1f4fd45..., userDataDir: /tmp/.org.chromium.Chromium...}, fedcm:accounts: true, goog:chromeOptions: {debuggerAddress: localhost:44235}, goog:processID: 16753, networkConnectionEnabled: false, pageLoadStrategy: normal, platformName: linux, proxy: Proxy(), se:cdp: ws://localhost:44235/devtoo..., se:cdpVersion: 143.0.7499.40, setWindowRect: true, strictFileInteractability: false, timeouts: {implicit: 0, pageLoad: 300000, script: 30000}, unhandledPromptBehavior: dismiss and notify, webauthn:extension:credBlob: true, webauthn:extension:largeBlob: true, webauthn:extension:minPinLength: true, webauthn:extension:prf: true, webauthn:virtualAuthenticators: true}
Session ID: 7d5afe0d55022252dd3e49ad6a714742
	at org.openqa.selenium.support.ui.WebDriverWait.timeoutException(WebDriverWait.java:84)
	at org.openqa.selenium.support.ui.FluentWait.until(FluentWait.java:228)
	at com.xats.automation.tests.pages.auth.LoginPage.waitForLoginPageToLoad(LoginPage.java:46)
	at com.xats.automation.tests.stepdefinitions.auth.AuthSteps.user_is_on_login_page(AuthSteps.java:33)
	at ✽.User is on login page(file:///runner/_work/automation/automation/src/test/resources/features/6.settings/16_PermissionGroups.feature:16)

